[2025-06-18 17:23:02,763] INFO [deepethogram.gui.main.initialize_project:1021] loaded project configuration: split:
  reload: true
  file: null
  train_val_test:
  - 0.9
  - 0.1
  - 0.0
compute:
  fp16: false
  num_workers: 3
  batch_size: 8
  min_batch_size: 8
  max_batch_size: 128
  distributed: false
  gpu_id: 0
  dali: false
  metrics_workers: 0
reload:
  overwrite_cfg: false
  latest: false
notes: null
log:
  level: info
run:
  type: gui
  model: null
  dir: D:\LBN\Maternal_auto_classification_train_deepethogram\gui_logs\250618_172302
label_view_width: 31
control_arrow_jump: 31
vertical_arrow_jump: 3
cmap: deepethogram
unlabeled_alpha: 0.1
prediction_opacity: 0.2
postprocessor:
  type: min_bout_per_behavior
  min_bout_length: 10
augs:
  LR: 0.5
  UD: 0.0
  brightness: 0.25
  contrast: 0.1
  crop_size: null
  degrees: 10
  grayscale: 0.5
  hue: 0.1
  normalization:
    'N': 618077952000
    mean:
    - 0.42517412266678273
    - 0.43137161373889366
    - 0.36341115380866434
    std:
    - 0.21811947189196618
    - 0.22076338169887563
    - 0.21714027118257334
  pad: null
  random_resize: false
  resize:
  - 224
  - 224
  saturation: 0.1
project:
  class_names:
  - background
  - Onnest
  - Offnest
  - ABN
  - Carryingpups
  - Selfgrooming
  - Eat_drink
  - Kicking
  - Groomingpups
  - Build
  config_file: project_config.yaml
  data_path: D:\LBN\Maternal_auto_classification_train_deepethogram\DATA
  labeler: null
  model_path: D:\LBN\Maternal_auto_classification_train_deepethogram\models
  name: Maternal_auto_classification
  path: D:\LBN\Maternal_auto_classification_train_deepethogram
  pretrained_path: D:\LBN\Maternal_auto_classification_train_deepethogram\models\pretrained_models
sequence:
  filter_length: 15
train:
  loss_weight_exp: 1.0

[2025-06-18 17:23:02,770] INFO [deepethogram.gui.main.initialize_project:1022] cwd: D:\LBN\Maternal_auto_classification_train_deepethogram\gui_logs\250618_172302
[2025-06-18 17:23:09,169] INFO [deepethogram.gui.main.project_loaded_buttons:175] Number finalized labels: 577
[2025-06-18 17:23:20,901] INFO [deepethogram.gui.main.initialize_video:226] Record for loaded video: {'flow': None, 'label': 'D:\\LBN\\Maternal_auto_classification_train_deepethogram\\DATA\\CageK2-LBN-2024-09-18_20-55-56\\CageK2-LBN-2024-09-18_20-55-56_labels.csv', 'output': 'D:\\LBN\\Maternal_auto_classification_train_deepethogram\\DATA\\CageK2-LBN-2024-09-18_20-55-56\\CageK2-LBN-2024-09-18_20-55-56_outputs.h5', 'rgb': 'D:\\LBN\\Maternal_auto_classification_train_deepethogram\\DATA\\CageK2-LBN-2024-09-18_20-55-56\\CageK2-LBN-2024-09-18_20-55-56.mp4', 'keypoint': None, 'key': 'CageK2-LBN-2024-09-18_20-55-56'}
[2025-06-18 17:23:20,958] INFO [deepethogram.projects.import_outputfile:791] Key used to load outputfile: tgmj
[2025-06-18 17:23:23,662] INFO [deepethogram.gui.main.import_outputfile:886] CHANGING LATENT NAME TO : tgmj
[2025-06-18 17:23:23,664] INFO [deepethogram.gui.main.user_did_something:138] User restarted labeling
[2025-06-18 17:23:59,648] INFO [deepethogram.gui.main.initialize_video:226] Record for loaded video: {'flow': None, 'label': 'D:/LBN/Maternal_auto_classification_train_deepethogram/DATA/Cage6-CONT-2024-12-20_05-05-14\\Cage6-CONT-2024-12-20_05-05-14_labels.csv', 'output': 'D:/LBN/Maternal_auto_classification_train_deepethogram/DATA/Cage6-CONT-2024-12-20_05-05-14\\Cage6-CONT-2024-12-20_05-05-14_outputs.h5', 'rgb': 'D:/LBN/Maternal_auto_classification_train_deepethogram/DATA/Cage6-CONT-2024-12-20_05-05-14\\Cage6-CONT-2024-12-20_05-05-14.mp4', 'keypoint': None, 'key': 'Cage6-CONT-2024-12-20_05-05-14'}
[2025-06-18 17:23:59,687] INFO [deepethogram.projects.import_outputfile:791] Key used to load outputfile: tgmj
[2025-06-18 17:24:01,363] INFO [deepethogram.gui.main.import_outputfile:886] CHANGING LATENT NAME TO : tgmj
[2025-06-18 17:24:28,110] INFO [deepethogram.gui.main.initialize_video:226] Record for loaded video: {'flow': None, 'label': 'D:/LBN/Maternal_auto_classification_train_deepethogram/DATA/Cage8-CONT-2024-12-16_20-23-51\\Cage8-CONT-2024-12-16_20-23-51_labels.csv', 'output': 'D:/LBN/Maternal_auto_classification_train_deepethogram/DATA/Cage8-CONT-2024-12-16_20-23-51\\Cage8-CONT-2024-12-16_20-23-51_outputs.h5', 'rgb': 'D:/LBN/Maternal_auto_classification_train_deepethogram/DATA/Cage8-CONT-2024-12-16_20-23-51\\Cage8-CONT-2024-12-16_20-23-51.mp4', 'keypoint': None, 'key': 'Cage8-CONT-2024-12-16_20-23-51'}
[2025-06-18 17:24:28,160] INFO [deepethogram.projects.import_outputfile:791] Key used to load outputfile: tgmj
[2025-06-18 17:24:29,788] INFO [deepethogram.gui.main.import_outputfile:886] CHANGING LATENT NAME TO : tgmj
[2025-06-18 17:24:49,715] INFO [deepethogram.gui.main.initialize_video:226] Record for loaded video: {'flow': None, 'label': 'D:/LBN/Maternal_auto_classification_train_deepethogram/DATA/Cage6-CONT-2024-12-12_22-02-17\\Cage6-CONT-2024-12-12_22-02-17_labels.csv', 'output': 'D:/LBN/Maternal_auto_classification_train_deepethogram/DATA/Cage6-CONT-2024-12-12_22-02-17\\Cage6-CONT-2024-12-12_22-02-17_outputs.h5', 'rgb': 'D:/LBN/Maternal_auto_classification_train_deepethogram/DATA/Cage6-CONT-2024-12-12_22-02-17\\Cage6-CONT-2024-12-12_22-02-17.mp4', 'keypoint': None, 'key': 'Cage6-CONT-2024-12-12_22-02-17'}
[2025-06-18 17:24:49,780] INFO [deepethogram.projects.import_outputfile:791] Key used to load outputfile: tgmj
[2025-06-18 17:24:51,353] INFO [deepethogram.gui.main.import_outputfile:886] CHANGING LATENT NAME TO : tgmj
[2025-06-18 17:25:40,370] INFO [deepethogram.gui.main.initialize_video:226] Record for loaded video: {'flow': None, 'label': 'D:/LBN/Maternal_auto_classification_train_deepethogram/DATA/Cage6-CONT-2024-12-12_20-22-17\\Cage6-CONT-2024-12-12_20-22-17_labels.csv', 'output': 'D:/LBN/Maternal_auto_classification_train_deepethogram/DATA/Cage6-CONT-2024-12-12_20-22-17\\Cage6-CONT-2024-12-12_20-22-17_outputs.h5', 'rgb': 'D:/LBN/Maternal_auto_classification_train_deepethogram/DATA/Cage6-CONT-2024-12-12_20-22-17\\Cage6-CONT-2024-12-12_20-22-17.mp4', 'keypoint': None, 'key': 'Cage6-CONT-2024-12-12_20-22-17'}
[2025-06-18 17:25:40,421] INFO [deepethogram.projects.import_outputfile:791] Key used to load outputfile: tgmj
[2025-06-18 17:25:42,239] INFO [deepethogram.gui.main.import_outputfile:886] CHANGING LATENT NAME TO : tgmj
[2025-06-18 17:26:42,790] INFO [deepethogram.gui.main.log_idle:151] User has been idle for 60.0 seconds...
[2025-06-18 17:26:50,706] INFO [deepethogram.gui.main.initialize_video:226] Record for loaded video: {'flow': None, 'label': 'D:/LBN/Maternal_auto_classification_train_deepethogram/DATA/Cage1-LBN-2024-08-30_22-14-40_bright_contrast\\Cage1-LBN-2024-08-30_22-14-40_labels.csv', 'output': 'D:/LBN/Maternal_auto_classification_train_deepethogram/DATA/Cage1-LBN-2024-08-30_22-14-40_bright_contrast\\Cage1-LBN-2024-08-30_22-14-40_bright_contrast_outputs.h5', 'rgb': 'D:/LBN/Maternal_auto_classification_train_deepethogram/DATA/Cage1-LBN-2024-08-30_22-14-40_bright_contrast\\Cage1-LBN-2024-08-30_22-14-40_bright_contrast.mp4', 'keypoint': None, 'key': 'Cage1-LBN-2024-08-30_22-14-40_bright_contrast'}
[2025-06-18 17:26:50,756] INFO [deepethogram.projects.import_outputfile:791] Key used to load outputfile: tgmj
[2025-06-18 17:26:52,480] INFO [deepethogram.gui.main.import_outputfile:886] CHANGING LATENT NAME TO : tgmj
[2025-06-18 17:26:52,480] INFO [deepethogram.gui.main.user_did_something:138] User restarted labeling
[2025-06-18 17:27:12,718] INFO [deepethogram.gui.main.initialize_video:226] Record for loaded video: {'flow': None, 'label': 'D:/LBN/Maternal_auto_classification_train_deepethogram/DATA/CONT-2024-05-08_06-36-21\\CONT-2024-05-08_06-36-21_labels.csv', 'output': 'D:/LBN/Maternal_auto_classification_train_deepethogram/DATA/CONT-2024-05-08_06-36-21\\CONT-2024-05-08_06-36-21_outputs.h5', 'rgb': 'D:/LBN/Maternal_auto_classification_train_deepethogram/DATA/CONT-2024-05-08_06-36-21\\CONT-2024-05-08_06-36-21.mp4', 'keypoint': None, 'key': 'CONT-2024-05-08_06-36-21'}
[2025-06-18 17:27:12,756] INFO [deepethogram.projects.import_outputfile:791] Key used to load outputfile: tgmj
[2025-06-18 17:27:14,598] INFO [deepethogram.gui.main.import_outputfile:886] CHANGING LATENT NAME TO : tgmj
[2025-06-18 17:28:15,091] INFO [deepethogram.gui.main.log_idle:151] User has been idle for 60.0 seconds...
[2025-06-18 17:28:57,685] INFO [deepethogram.projects.import_outputfile:791] Key used to load outputfile: resnet18
[2025-06-18 17:28:59,346] INFO [deepethogram.gui.main.import_outputfile:886] CHANGING LATENT NAME TO : resnet18
[2025-06-18 17:28:59,346] INFO [deepethogram.gui.main.user_did_something:138] User restarted labeling
[2025-06-18 17:30:16,420] INFO [deepethogram.gui.main.log_idle:151] User has been idle for 60.0 seconds...
