[2025-06-06 15:33:23,932] INFO [deepethogram.gui.main.initialize_project:1021] loaded project configuration: split:
  reload: true
  file: null
  train_val_test:
  - 0.9
  - 0.1
  - 0.0
compute:
  fp16: false
  num_workers: 3
  batch_size: 8
  min_batch_size: 8
  max_batch_size: 128
  distributed: false
  gpu_id: 0
  dali: false
  metrics_workers: 0
reload:
  overwrite_cfg: false
  latest: false
notes: null
log:
  level: info
run:
  type: gui
  model: null
  dir: D:\LBN\Maternal_auto_classification_TS7_deepethogram\gui_logs\250606_153323
label_view_width: 31
control_arrow_jump: 31
vertical_arrow_jump: 3
cmap: deepethogram
unlabeled_alpha: 0.1
prediction_opacity: 0.2
postprocessor:
  type: min_bout_per_behavior
  min_bout_length: 10
augs:
  LR: 0.5
  UD: 0.0
  brightness: 0.25
  contrast: 0.1
  crop_size: null
  degrees: 10
  grayscale: 0.5
  hue: 0.1
  normalization:
    'N': 1276852377600
    mean:
    - 0.40560616330988664
    - 0.40903226014977145
    - 0.3720154588275182
    std:
    - 0.24422178855813376
    - 0.24576464877583507
    - 0.24317006853183584
  pad: null
  random_resize: false
  resize:
  - 224
  - 224
  saturation: 0.1
project:
  class_names:
  - background
  - Onnest
  - Offnest
  - ABN
  - Carryingpups
  - Selfgrooming
  - Eat_drink
  - Kicking
  - Groomingpups
  - Build
  config_file: project_config.yaml
  data_path: D:\LBN\Maternal_auto_classification_TS7_deepethogram\DATA
  labeler: null
  model_path: D:\LBN\Maternal_auto_classification_TS7_deepethogram\models
  name: Maternal_auto_classification
  path: D:\LBN\Maternal_auto_classification_TS7_deepethogram
  pretrained_path: D:\LBN\Maternal_auto_classification_TS7_deepethogram\models\pretrained_models
sequence:
  filter_length: 15
train:
  loss_weight_exp: 1.0

[2025-06-06 15:33:23,944] INFO [deepethogram.gui.main.initialize_project:1022] cwd: D:\LBN\Maternal_auto_classification_TS7_deepethogram\gui_logs\250606_153323
[2025-06-06 15:33:25,939] INFO [deepethogram.gui.main.project_loaded_buttons:175] Number finalized labels: 0
[2025-06-06 15:33:38,363] INFO [deepethogram.gui.main.initialize_video:226] Record for loaded video: {'flow': None, 'label': None, 'output': 'D:\\LBN\\Maternal_auto_classification_TS7_deepethogram\\DATA\\Cage1-CONT-2024-12-08_20-08-34\\Cage1-CONT-2024-12-08_20-08-34_outputs.h5', 'rgb': 'D:\\LBN\\Maternal_auto_classification_TS7_deepethogram\\DATA\\Cage1-CONT-2024-12-08_20-08-34\\Cage1-CONT-2024-12-08_20-08-34.mp4', 'keypoint': None, 'key': 'Cage1-CONT-2024-12-08_20-08-34'}
[2025-06-06 15:33:38,406] INFO [deepethogram.projects.import_outputfile:791] Key used to load outputfile: tgmj
[2025-06-06 15:33:40,487] INFO [deepethogram.gui.main.import_outputfile:886] CHANGING LATENT NAME TO : tgmj
[2025-06-06 15:34:06,098] INFO [deepethogram.gui.main.initialize_video:226] Record for loaded video: {'flow': None, 'label': None, 'output': 'D:/LBN/Maternal_auto_classification_TS7_deepethogram/DATA/Cage1-CONT-2024-12-08_20-08-34\\Cage1-CONT-2024-12-08_20-08-34_outputs.h5', 'rgb': 'D:/LBN/Maternal_auto_classification_TS7_deepethogram/DATA/Cage1-CONT-2024-12-08_20-08-34\\Cage1-CONT-2024-12-08_20-08-34.mp4', 'keypoint': None, 'key': 'Cage1-CONT-2024-12-08_20-08-34'}
[2025-06-06 15:34:06,127] INFO [deepethogram.projects.import_outputfile:791] Key used to load outputfile: tgmj
[2025-06-06 15:34:07,007] INFO [deepethogram.gui.main.import_outputfile:886] CHANGING LATENT NAME TO : tgmj
[2025-06-06 15:34:16,110] INFO [deepethogram.gui.main.initialize_video:226] Record for loaded video: {'flow': None, 'label': None, 'output': 'D:/LBN/Maternal_auto_classification_TS7_deepethogram/DATA/Cage1-CONT-2024-12-08_21-08-34\\Cage1-CONT-2024-12-08_21-08-34_outputs.h5', 'rgb': 'D:/LBN/Maternal_auto_classification_TS7_deepethogram/DATA/Cage1-CONT-2024-12-08_21-08-34\\Cage1-CONT-2024-12-08_21-08-34.mp4', 'keypoint': None, 'key': 'Cage1-CONT-2024-12-08_21-08-34'}
[2025-06-06 15:34:16,184] INFO [deepethogram.projects.import_outputfile:791] Key used to load outputfile: tgmj
[2025-06-06 15:34:17,160] INFO [deepethogram.gui.main.import_outputfile:886] CHANGING LATENT NAME TO : tgmj
[2025-06-06 15:34:27,074] INFO [deepethogram.gui.main.initialize_video:226] Record for loaded video: {'flow': None, 'label': None, 'output': 'D:/LBN/Maternal_auto_classification_TS7_deepethogram/DATA/Cage1-CONT-2024-12-10_04-38-38\\Cage1-CONT-2024-12-10_04-38-38_outputs.h5', 'rgb': 'D:/LBN/Maternal_auto_classification_TS7_deepethogram/DATA/Cage1-CONT-2024-12-10_04-38-38\\Cage1-CONT-2024-12-10_04-38-38.mp4', 'keypoint': None, 'key': 'Cage1-CONT-2024-12-10_04-38-38'}
[2025-06-06 15:34:27,148] INFO [deepethogram.projects.import_outputfile:791] Key used to load outputfile: tgmj
[2025-06-06 15:34:28,113] INFO [deepethogram.gui.main.import_outputfile:886] CHANGING LATENT NAME TO : tgmj
[2025-06-06 15:35:06,153] INFO [deepethogram.gui.main.initialize_video:226] Record for loaded video: {'flow': None, 'label': None, 'output': 'D:/LBN/Maternal_auto_classification_TS7_deepethogram/DATA/Cage1-CONT-2024-12-09_07-18-34\\Cage1-CONT-2024-12-09_07-18-34_outputs.h5', 'rgb': 'D:/LBN/Maternal_auto_classification_TS7_deepethogram/DATA/Cage1-CONT-2024-12-09_07-18-34\\Cage1-CONT-2024-12-09_07-18-34.mp4', 'keypoint': None, 'key': 'Cage1-CONT-2024-12-09_07-18-34'}
[2025-06-06 15:35:06,207] INFO [deepethogram.projects.import_outputfile:791] Key used to load outputfile: tgmj
[2025-06-06 15:35:07,198] INFO [deepethogram.gui.main.import_outputfile:886] CHANGING LATENT NAME TO : tgmj
[2025-06-06 15:35:28,679] INFO [deepethogram.gui.main.initialize_project:1017] cwd: D:\LBN\Maternal_auto_classification_TS7_deepethogram\gui_logs\250606_153323
[2025-06-06 15:35:28,679] INFO [deepethogram.gui.main.initialize_project:1019] cwd: D:\LBN\Maternal_auto_classification_TS7_deepethogram\gui_logs\250606_153323
