[2025-06-19 15:11:21,642] INFO [deepethogram.gui.main.initialize_project:1021] loaded project configuration: split:
  reload: true
  file: null
  train_val_test:
  - 0.9
  - 0.1
  - 0.0
compute:
  fp16: false
  num_workers: 3
  batch_size: 8
  min_batch_size: 8
  max_batch_size: 128
  distributed: false
  gpu_id: 0
  dali: false
  metrics_workers: 0
reload:
  overwrite_cfg: false
  latest: false
notes: null
log:
  level: info
run:
  type: gui
  model: null
  dir: D:\LBN\Maternal_auto_classification_train_deepethogram\gui_logs\250619_151121
label_view_width: 31
control_arrow_jump: 31
vertical_arrow_jump: 3
cmap: deepethogram
unlabeled_alpha: 0.1
prediction_opacity: 0.2
postprocessor:
  type: min_bout_per_behavior
  min_bout_length: 10
augs:
  LR: 0.5
  UD: 0.0
  brightness: 0.25
  contrast: 0.1
  crop_size: null
  degrees: 10
  grayscale: 0.5
  hue: 0.1
  normalization:
    'N': 675269913600
    mean:
    - 0.4222093413583818
    - 0.4279406932145969
    - 0.36511059715897476
    std:
    - 0.2231115239390951
    - 0.22555331806847045
    - 0.22208480446455378
  pad: null
  random_resize: false
  resize:
  - 224
  - 224
  saturation: 0.1
project:
  class_names:
  - background
  - Onnest
  - Offnest
  - ABN
  - Carryingpups
  - Selfgrooming
  - Eat_drink
  - Kicking
  - Groomingpups
  - Build
  config_file: project_config.yaml
  data_path: D:\LBN\Maternal_auto_classification_train_deepethogram\DATA
  labeler: null
  model_path: D:\LBN\Maternal_auto_classification_train_deepethogram\models
  name: Maternal_auto_classification
  path: D:\LBN\Maternal_auto_classification_train_deepethogram
  pretrained_path: D:\LBN\Maternal_auto_classification_train_deepethogram\models\pretrained_models
sequence:
  filter_length: 15
train:
  loss_weight_exp: 1.0

[2025-06-19 15:11:21,656] INFO [deepethogram.gui.main.initialize_project:1022] cwd: D:\LBN\Maternal_auto_classification_train_deepethogram\gui_logs\250619_151121
[2025-06-19 15:11:23,753] INFO [deepethogram.gui.main.project_loaded_buttons:175] Number finalized labels: 652
[2025-06-19 15:11:31,534] INFO [deepethogram.gui.main.initialize_video:226] Record for loaded video: {'flow': None, 'label': None, 'output': 'D:\\LBN\\Maternal_auto_classification_train_deepethogram\\DATA\\Cage1-LBN-2024-09-01_20-15-28\\Cage1-LBN-2024-09-01_20-15-28_outputs.h5', 'rgb': 'D:\\LBN\\Maternal_auto_classification_train_deepethogram\\DATA\\Cage1-LBN-2024-09-01_20-15-28\\Cage1-LBN-2024-09-01_20-15-28.mp4', 'keypoint': None, 'key': 'Cage1-LBN-2024-09-01_20-15-28'}
[2025-06-19 15:11:31,570] INFO [deepethogram.projects.import_outputfile:791] Key used to load outputfile: tgmj
[2025-06-19 15:11:34,254] INFO [deepethogram.gui.main.import_outputfile:886] CHANGING LATENT NAME TO : tgmj
[2025-06-19 15:13:32,372] INFO [deepethogram.gui.main.save:800] saving...
[2025-06-19 15:13:32,388] INFO [deepethogram.gui.main.finalize:771] finalizing labels for file D:\LBN\Maternal_auto_classification_train_deepethogram\DATA\Cage1-LBN-2024-09-01_20-15-28\Cage1-LBN-2024-09-01_20-15-28.mp4
[2025-06-19 15:13:32,497] INFO [deepethogram.gui.main.initialize_video:226] Record for loaded video: {'flow': None, 'label': None, 'output': 'D:\\LBN\\Maternal_auto_classification_train_deepethogram\\DATA\\Cage1-LBN-2024-09-01_20-25-28\\Cage1-LBN-2024-09-01_20-25-28_outputs.h5', 'rgb': 'D:\\LBN\\Maternal_auto_classification_train_deepethogram\\DATA\\Cage1-LBN-2024-09-01_20-25-28\\Cage1-LBN-2024-09-01_20-25-28.mp4', 'keypoint': None, 'key': 'Cage1-LBN-2024-09-01_20-25-28'}
[2025-06-19 15:13:32,538] INFO [deepethogram.projects.import_outputfile:791] Key used to load outputfile: tgmj
[2025-06-19 15:13:34,158] INFO [deepethogram.gui.main.import_outputfile:886] CHANGING LATENT NAME TO : tgmj
[2025-06-19 15:15:04,807] INFO [deepethogram.gui.main.save:800] saving...
[2025-06-19 15:15:04,819] INFO [deepethogram.gui.main.finalize:771] finalizing labels for file D:\LBN\Maternal_auto_classification_train_deepethogram\DATA\Cage1-LBN-2024-09-01_20-25-28\Cage1-LBN-2024-09-01_20-25-28.mp4
[2025-06-19 15:15:04,887] INFO [deepethogram.gui.main.initialize_video:226] Record for loaded video: {'flow': None, 'label': None, 'output': 'D:\\LBN\\Maternal_auto_classification_train_deepethogram\\DATA\\Cage1-LBN-2024-09-01_20-35-28\\Cage1-LBN-2024-09-01_20-35-28_outputs.h5', 'rgb': 'D:\\LBN\\Maternal_auto_classification_train_deepethogram\\DATA\\Cage1-LBN-2024-09-01_20-35-28\\Cage1-LBN-2024-09-01_20-35-28.mp4', 'keypoint': None, 'key': 'Cage1-LBN-2024-09-01_20-35-28'}
[2025-06-19 15:15:04,908] INFO [deepethogram.projects.import_outputfile:791] Key used to load outputfile: tgmj
[2025-06-19 15:15:06,543] INFO [deepethogram.gui.main.import_outputfile:886] CHANGING LATENT NAME TO : tgmj
[2025-06-19 15:16:01,946] INFO [deepethogram.gui.main.save:800] saving...
[2025-06-19 15:16:01,964] INFO [deepethogram.gui.main.finalize:771] finalizing labels for file D:\LBN\Maternal_auto_classification_train_deepethogram\DATA\Cage1-LBN-2024-09-01_20-35-28\Cage1-LBN-2024-09-01_20-35-28.mp4
[2025-06-19 15:16:02,041] INFO [deepethogram.gui.main.initialize_video:226] Record for loaded video: {'flow': None, 'label': None, 'output': 'D:\\LBN\\Maternal_auto_classification_train_deepethogram\\DATA\\Cage1-LBN-2024-09-01_20-45-28\\Cage1-LBN-2024-09-01_20-45-28_outputs.h5', 'rgb': 'D:\\LBN\\Maternal_auto_classification_train_deepethogram\\DATA\\Cage1-LBN-2024-09-01_20-45-28\\Cage1-LBN-2024-09-01_20-45-28.mp4', 'keypoint': None, 'key': 'Cage1-LBN-2024-09-01_20-45-28'}
[2025-06-19 15:16:02,061] INFO [deepethogram.projects.import_outputfile:791] Key used to load outputfile: tgmj
[2025-06-19 15:16:03,705] INFO [deepethogram.gui.main.import_outputfile:886] CHANGING LATENT NAME TO : tgmj
[2025-06-19 15:16:33,741] INFO [deepethogram.gui.main.save:800] saving...
[2025-06-19 15:16:33,759] INFO [deepethogram.gui.main.finalize:771] finalizing labels for file D:\LBN\Maternal_auto_classification_train_deepethogram\DATA\Cage1-LBN-2024-09-01_20-45-28\Cage1-LBN-2024-09-01_20-45-28.mp4
[2025-06-19 15:16:33,822] INFO [deepethogram.gui.main.initialize_video:226] Record for loaded video: {'flow': None, 'label': None, 'output': 'D:\\LBN\\Maternal_auto_classification_train_deepethogram\\DATA\\Cage1-LBN-2024-09-01_20-55-28\\Cage1-LBN-2024-09-01_20-55-28_outputs.h5', 'rgb': 'D:\\LBN\\Maternal_auto_classification_train_deepethogram\\DATA\\Cage1-LBN-2024-09-01_20-55-28\\Cage1-LBN-2024-09-01_20-55-28.mp4', 'keypoint': None, 'key': 'Cage1-LBN-2024-09-01_20-55-28'}
[2025-06-19 15:16:33,842] INFO [deepethogram.projects.import_outputfile:791] Key used to load outputfile: tgmj
[2025-06-19 15:16:35,540] INFO [deepethogram.gui.main.import_outputfile:886] CHANGING LATENT NAME TO : tgmj
[2025-06-19 15:18:16,519] INFO [deepethogram.gui.main.save:800] saving...
[2025-06-19 15:18:16,535] INFO [deepethogram.gui.main.finalize:771] finalizing labels for file D:\LBN\Maternal_auto_classification_train_deepethogram\DATA\Cage1-LBN-2024-09-01_20-55-28\Cage1-LBN-2024-09-01_20-55-28.mp4
[2025-06-19 15:18:16,671] INFO [deepethogram.gui.main.initialize_video:226] Record for loaded video: {'flow': None, 'label': None, 'output': 'D:\\LBN\\Maternal_auto_classification_train_deepethogram\\DATA\\Cage1-LBN-2024-09-01_21-05-28\\Cage1-LBN-2024-09-01_21-05-28_outputs.h5', 'rgb': 'D:\\LBN\\Maternal_auto_classification_train_deepethogram\\DATA\\Cage1-LBN-2024-09-01_21-05-28\\Cage1-LBN-2024-09-01_21-05-28.mp4', 'keypoint': None, 'key': 'Cage1-LBN-2024-09-01_21-05-28'}
[2025-06-19 15:18:16,696] INFO [deepethogram.projects.import_outputfile:791] Key used to load outputfile: tgmj
[2025-06-19 15:18:18,314] INFO [deepethogram.gui.main.import_outputfile:886] CHANGING LATENT NAME TO : tgmj
