[2025-06-11 14:23:31,087] INFO [deepethogram.gui.main.initialize_project:1021] loaded project configuration: split:
  reload: true
  file: null
  train_val_test:
  - 0.9
  - 0.1
  - 0.0
compute:
  fp16: false
  num_workers: 3
  batch_size: 8
  min_batch_size: 8
  max_batch_size: 128
  distributed: false
  gpu_id: 0
  dali: false
  metrics_workers: 0
reload:
  overwrite_cfg: false
  latest: false
notes: null
log:
  level: info
run:
  type: gui
  model: null
  dir: D:\LBN\Maternal_auto_classification_train_deepethogram\gui_logs\250611_142331
label_view_width: 31
control_arrow_jump: 31
vertical_arrow_jump: 3
cmap: deepethogram
unlabeled_alpha: 0.1
prediction_opacity: 0.2
postprocessor:
  type: min_bout_per_behavior
  min_bout_length: 10
augs:
  LR: 0.5
  UD: 0.0
  brightness: 0.25
  contrast: 0.1
  crop_size: null
  degrees: 10
  grayscale: 0.5
  hue: 0.1
  normalization:
    'N': 618077952000
    mean:
    - 0.42517412266678273
    - 0.43137161373889366
    - 0.36341115380866434
    std:
    - 0.21811947189196618
    - 0.22076338169887563
    - 0.21714027118257334
  pad: null
  random_resize: false
  resize:
  - 224
  - 224
  saturation: 0.1
project:
  class_names:
  - background
  - Onnest
  - Offnest
  - ABN
  - Carryingpups
  - Selfgrooming
  - Eat_drink
  - Kicking
  - Groomingpups
  - Build
  config_file: project_config.yaml
  data_path: D:\LBN\Maternal_auto_classification_train_deepethogram\DATA
  labeler: null
  model_path: D:\LBN\Maternal_auto_classification_train_deepethogram\models
  name: Maternal_auto_classification
  path: D:\LBN\Maternal_auto_classification_train_deepethogram
  pretrained_path: D:\LBN\Maternal_auto_classification_train_deepethogram\models\pretrained_models
sequence:
  filter_length: 15
train:
  loss_weight_exp: 1.0

[2025-06-11 14:23:31,089] INFO [deepethogram.gui.main.initialize_project:1022] cwd: D:\LBN\Maternal_auto_classification_train_deepethogram\gui_logs\250611_142331
[2025-06-11 14:23:32,052] INFO [deepethogram.gui.main.project_loaded_buttons:175] Number finalized labels: 402
[2025-06-11 14:23:34,702] INFO [deepethogram.gui.main.initialize_video:226] Record for loaded video: {'flow': None, 'label': None, 'output': None, 'rgb': 'D:\\LBN\\Maternal_auto_classification_train_deepethogram\\DATA\\CONT-2024-05-06_20-00-34\\CONT-2024-05-06_20-00-34.mp4', 'keypoint': None, 'key': 'CONT-2024-05-06_20-00-34'}
[2025-06-11 14:25:24,236] INFO [deepethogram.gui.main.save:800] saving...
[2025-06-11 14:25:24,257] INFO [deepethogram.gui.main.finalize:771] finalizing labels for file D:\LBN\Maternal_auto_classification_train_deepethogram\DATA\CONT-2024-05-06_20-00-34\CONT-2024-05-06_20-00-34.mp4
[2025-06-11 14:25:24,332] INFO [deepethogram.gui.main.initialize_video:226] Record for loaded video: {'flow': None, 'label': None, 'output': None, 'rgb': 'D:\\LBN\\Maternal_auto_classification_train_deepethogram\\DATA\\CONT-2024-05-06_20-10-34\\CONT-2024-05-06_20-10-34.mp4', 'keypoint': None, 'key': 'CONT-2024-05-06_20-10-34'}
[2025-06-11 14:26:20,160] INFO [deepethogram.gui.main.initialize_video:226] Record for loaded video: {'flow': None, 'label': 'D:/LBN/Maternal_auto_classification_train_deepethogram/DATA/Cage1-LBN-2024-08-30_20-14-40\\Cage1-LBN-2024-08-30_20-14-40_labels.csv', 'output': 'D:/LBN/Maternal_auto_classification_train_deepethogram/DATA/Cage1-LBN-2024-08-30_20-14-40\\Cage1-LBN-2024-08-30_20-14-40_outputs.h5', 'rgb': 'D:/LBN/Maternal_auto_classification_train_deepethogram/DATA/Cage1-LBN-2024-08-30_20-14-40\\Cage1-LBN-2024-08-30_20-14-40.mp4', 'keypoint': None, 'key': 'Cage1-LBN-2024-08-30_20-14-40'}
[2025-06-11 14:26:20,206] WARNING [deepethogram.projects.import_outputfile:788] No default latent names found, using the first one instead. Keys: ['resnet3d_34']
[2025-06-11 14:26:20,207] INFO [deepethogram.projects.import_outputfile:791] Key used to load outputfile: resnet3d_34
[2025-06-11 14:26:21,062] INFO [deepethogram.gui.main.import_outputfile:886] CHANGING LATENT NAME TO : resnet3d_34
[2025-06-11 14:27:35,002] INFO [deepethogram.gui.main.log_idle:151] User has been idle for 60.0 seconds...
[2025-06-11 14:27:50,497] INFO [deepethogram.gui.main.user_did_something:138] User restarted labeling
[2025-06-11 14:29:09,433] INFO [deepethogram.gui.main.save:800] saving...
[2025-06-11 14:29:09,448] INFO [deepethogram.gui.main.finalize:771] finalizing labels for file D:/LBN/Maternal_auto_classification_train_deepethogram/DATA/Cage1-LBN-2024-08-30_20-14-40/Cage1-LBN-2024-08-30_20-14-40.mp4
[2025-06-11 14:29:09,527] INFO [deepethogram.gui.main.initialize_video:226] Record for loaded video: {'flow': None, 'label': None, 'output': None, 'rgb': 'D:\\LBN\\Maternal_auto_classification_train_deepethogram\\DATA\\CONT-2024-05-06_20-20-34\\CONT-2024-05-06_20-20-34.mp4', 'keypoint': None, 'key': 'CONT-2024-05-06_20-20-34'}
[2025-06-11 14:29:46,332] INFO [deepethogram.gui.main.initialize_video:226] Record for loaded video: {'flow': None, 'label': 'D:/LBN/Maternal_auto_classification_train_deepethogram/DATA/Cage1-LBN-2024-08-30_22-14-40\\Cage1-LBN-2024-08-30_22-14-40_labels.csv', 'output': 'D:/LBN/Maternal_auto_classification_train_deepethogram/DATA/Cage1-LBN-2024-08-30_22-14-40\\Cage1-LBN-2024-08-30_22-14-40_outputs.h5', 'rgb': 'D:/LBN/Maternal_auto_classification_train_deepethogram/DATA/Cage1-LBN-2024-08-30_22-14-40\\Cage1-LBN-2024-08-30_22-14-40.mp4', 'keypoint': None, 'key': 'Cage1-LBN-2024-08-30_22-14-40'}
[2025-06-11 14:29:46,385] WARNING [deepethogram.projects.import_outputfile:788] No default latent names found, using the first one instead. Keys: ['resnet3d_34']
[2025-06-11 14:29:46,385] INFO [deepethogram.projects.import_outputfile:791] Key used to load outputfile: resnet3d_34
[2025-06-11 14:29:47,213] INFO [deepethogram.gui.main.import_outputfile:886] CHANGING LATENT NAME TO : resnet3d_34
