[2025-06-06 15:23:47,671] INFO [deepethogram.flow_generator.train.flow_generator_train:54] args: d:/LBN/complexTraining_FG.py
[2025-06-06 15:23:47,671] INFO [deepethogram.flow_generator.train.flow_generator_train:62] configuration used ~~~~~
[2025-06-06 15:23:47,671] INFO [deepethogram.flow_generator.train.flow_generator_train:63] split:
  reload: true
  file: null
  train_val_test:
  - 0.9
  - 0.1
  - 0.0
compute:
  fp16: false
  num_workers: 3
  batch_size: 8
  min_batch_size: 8
  max_batch_size: 128
  distributed: false
  gpu_id: 0
  dali: false
  metrics_workers: 0
reload:
  overwrite_cfg: false
  latest: false
notes: null
log:
  level: info
augs:
  brightness: 0.25
  contrast: 0.1
  hue: 0.1
  saturation: 0.1
  color_p: 0.5
  grayscale: 0.5
  crop_size: null
  resize:
  - 224
  - 224
  dali: false
  random_resize: false
  pad: null
  LR: 0.5
  UD: 0.0
  degrees: 10
  normalization:
    'N': 618077952000
    mean:
    - 0.42517412266678273
    - 0.43137161373889366
    - 0.36341115380866434
    std:
    - 0.21811947189196618
    - 0.22076338169887563
    - 0.21714027118257334
flow_generator:
  type: flow_generator
  flow_loss: MotionNet
  flow_max: 10
  input_images: 11
  flow_sparsity: true
  smooth_weight_multiplier: 0.25
  sparsity_weight: 0.05
  loss: MotionNet
  max: 5
  n_rgb: 11
  arch: TinyMotionNet3D
  weights: D:\LBN\Maternal_auto_classification_train_deepethogram\models\pretrained_models\200313_125331_TinyMotionNet3D_kinetics\checkpoint.pt
  'n': 10
train:
  steps_per_epoch:
    train: 1000
    val: 1000
    test: 20
  num_epochs: 100
  lr: 0.0001
  scheduler: plateau
  min_lr: 5.0e-07
  stopping_type: learning_rate
  milestones:
  - 50
  - 100
  - 150
  - 200
  - 250
  - 300
  weight_loss: true
  patience: 3
  early_stopping_begins: 0
  viz_metrics: true
  viz_examples: 10
  reduction_factor: 0.1
  loss_weight_exp: 1.0
  loss_gamma: 1.0
  label_smoothing: 0.05
  oversampling_exp: 0.0
  regularization:
    style: l2_sp
    alpha: 1.0e-05
    beta: 0.001
feature_extractor:
  arch: resnet3d_34
  n_flow: 10
  n_rgb: 11
cmap: deepethogram
control_arrow_jump: 31
label_view_width: 31
postprocessor:
  min_bout_length: 10
  type: min_bout_per_behavior
prediction_opacity: 0.2
project:
  class_names:
  - background
  - Onnest
  - Offnest
  - ABN
  - Carryingpups
  - Selfgrooming
  - Eat_drink
  - Kicking
  - Groomingpups
  - Build
  config_file: project_config.yaml
  data_path: D:\LBN\Maternal_auto_classification_train_deepethogram\DATA
  labeler: null
  model_path: D:\LBN\Maternal_auto_classification_train_deepethogram\models
  name: Maternal_auto_classification
  path: D:\LBN\Maternal_auto_classification_train_deepethogram
  pretrained_path: D:\LBN\Maternal_auto_classification_train_deepethogram\models\pretrained_models
run:
  type: train
  model: flow_generator
  dir: D:\LBN\Maternal_auto_classification_train_deepethogram\models\250606_152347_flow_generator_train
sequence:
  filter_length: 15
unlabeled_alpha: 0.1
vertical_arrow_jump: 3

[2025-06-06 15:23:48,090] INFO [deepethogram.data.utils.update_split:451] file CONT-2024-05-06_20-00-34 assigned to split train
[2025-06-06 15:23:48,090] INFO [deepethogram.data.utils.update_split:451] file CONT-2024-05-06_20-10-34 assigned to split train
[2025-06-06 15:23:48,090] INFO [deepethogram.data.utils.update_split:451] file CONT-2024-05-06_20-20-34 assigned to split train
[2025-06-06 15:23:48,090] INFO [deepethogram.data.utils.update_split:451] file CONT-2024-05-06_20-30-34 assigned to split train
[2025-06-06 15:24:09,567] INFO [deepethogram.flow_generator.train.flow_generator_train:67] Total trainable params: 437,738
[2025-06-06 15:24:10,144] INFO [deepethogram.projects.get_weightfile_from_cfg:1079] loading specified weights: D:\LBN\Maternal_auto_classification_train_deepethogram\models\pretrained_models\200313_125331_TinyMotionNet3D_kinetics\checkpoint.pt
[2025-06-06 15:24:10,144] INFO [deepethogram.utils.load_state:341] loading from checkpoint file D:\LBN\Maternal_auto_classification_train_deepethogram\models\pretrained_models\200313_125331_TinyMotionNet3D_kinetics\checkpoint.pt...
[2025-06-06 15:24:10,165] INFO [deepethogram.flow_generator.train.get_metrics:364] key metric is SSIM
[2025-06-06 15:24:10,178] INFO [deepethogram.data.augs.get_gpu_transforms:246] GPU transforms: {'train': Sequential(
  (0): ToFloat()
  (1): VideoSequential(
    (RandomHorizontalFlip_0): RandomHorizontalFlip(p=0.5, p_batch=1.0, same_on_batch=False)
    (RandomRotation_1): RandomRotation(degrees=10, p=0.5, p_batch=1.0, same_on_batch=False, resample=bilinear, align_corners=True)
    (ColorJitter_2): ColorJitter(brightness=0.25, contrast=0.1, saturation=0.1, hue=0.1, p=0.5, p_batch=1.0, same_on_batch=False)
    (RandomGrayscale_3): RandomGrayscale(p=0.5, p_batch=1.0, same_on_batch=False)
  )
  (2): NormalizeVideo()
), 'val': Sequential(
  (0): ToFloat()
  (1): NormalizeVideo()
), 'test': Sequential(
  (0): ToFloat()
  (1): NormalizeVideo()
), 'denormalize': Sequential(
  (0): DenormalizeVideo()
)}
[2025-06-06 15:24:10,178] INFO [deepethogram.base.__init__:95] scheduler mode: min
[2025-06-06 15:24:10,261] INFO [deepethogram.losses.get_regularization_loss:205] Regularization: L2_SP. Pretrained file: D:\LBN\Maternal_auto_classification_train_deepethogram\models\pretrained_models\200313_125331_TinyMotionNet3D_kinetics\checkpoint.pt alpha: 1e-05 beta: 0.001
[2025-06-06 15:24:10,261] INFO [deepethogram.flow_generator.losses.__init__:179] Using MotionNet Loss with settings: smooth_weights: [0.0025, 0.005, 0.01, 0.02, 0.04] flow_sparsity: True sparsity_weight: 0.05
[2025-06-06 15:24:10,457] INFO [deepethogram.base.configure_optimizers:227] learning rate: 0.0001
[2025-06-06 23:06:09,643] INFO [deepethogram.callbacks.on_train_epoch_end:257] Stopping criterion reached! setting trainer.should_stop=True
