[2025-07-08 11:19:15,704] INFO [deepethogram.gui.main.initialize_project:1021] loaded project configuration: split:
  reload: true
  file: null
  train_val_test:
  - 0.9
  - 0.1
  - 0.0
compute:
  fp16: false
  num_workers: 3
  batch_size: 8
  min_batch_size: 8
  max_batch_size: 128
  distributed: false
  gpu_id: 0
  dali: false
  metrics_workers: 0
reload:
  overwrite_cfg: false
  latest: false
notes: null
log:
  level: info
run:
  type: gui
  model: null
  dir: D:\LBN\Maternal_auto_classification_train_deepethogram\gui_logs\250708_111915
label_view_width: 31
control_arrow_jump: 31
vertical_arrow_jump: 3
cmap: deepethogram
unlabeled_alpha: 0.1
prediction_opacity: 0.2
postprocessor:
  type: min_bout_per_behavior
  min_bout_length: 10
augs:
  LR: 0.5
  UD: 0.0
  brightness: 0.25
  contrast: 0.1
  crop_size: null
  degrees: 10
  grayscale: 0.5
  hue: 0.1
  normalization:
    'N': 694834329600
    mean:
    - 0.4213915600330549
    - 0.426960783932345
    - 0.365874038370559
    std:
    - 0.224414912593986
    - 0.2267886049471975
    - 0.22340896343317201
  pad: null
  random_resize: false
  resize:
  - 224
  - 224
  saturation: 0.1
project:
  class_names:
  - background
  - Onnest
  - Offnest
  - ABN
  - Carryingpups
  - Selfgrooming
  - Eat_drink
  - Kicking
  - Groomingpups
  - Build
  config_file: project_config.yaml
  data_path: D:\LBN\Maternal_auto_classification_train_deepethogram\DATA
  labeler: null
  model_path: D:\LBN\Maternal_auto_classification_train_deepethogram\models
  name: Maternal_auto_classification
  path: D:\LBN\Maternal_auto_classification_train_deepethogram
  pretrained_path: D:\LBN\Maternal_auto_classification_train_deepethogram\models\pretrained_models
sequence:
  filter_length: 15
train:
  loss_weight_exp: 1.0

[2025-07-08 11:19:15,718] INFO [deepethogram.gui.main.initialize_project:1022] cwd: D:\LBN\Maternal_auto_classification_train_deepethogram\gui_logs\250708_111915
[2025-07-08 11:19:19,944] INFO [deepethogram.gui.main.project_loaded_buttons:175] Number finalized labels: 838
[2025-07-08 11:19:31,638] INFO [deepethogram.gui.main.initialize_video:226] Record for loaded video: {'flow': None, 'label': None, 'output': 'D:\\LBN\\Maternal_auto_classification_train_deepethogram\\DATA\\Cage1-LBN-2024-09-01_21-05-28\\Cage1-LBN-2024-09-01_21-05-28_outputs.h5', 'rgb': 'D:\\LBN\\Maternal_auto_classification_train_deepethogram\\DATA\\Cage1-LBN-2024-09-01_21-05-28\\Cage1-LBN-2024-09-01_21-05-28.mp4', 'keypoint': None, 'key': 'Cage1-LBN-2024-09-01_21-05-28'}
[2025-07-08 11:19:31,678] INFO [deepethogram.projects.import_outputfile:791] Key used to load outputfile: tgmj
[2025-07-08 11:19:33,494] INFO [deepethogram.gui.main.import_outputfile:886] CHANGING LATENT NAME TO : tgmj
[2025-07-08 11:21:11,350] INFO [deepethogram.gui.main.get_selected_models:1136] {'flow_generator': {'no pretrained weights': None, '200221_115158_TinyMotionNet': 'D:\\LBN\\Maternal_auto_classification_train_deepethogram\\models\\pretrained_models\\200221_115158_TinyMotionNet\\checkpoint.pt', '250507_172617_flow_generator_train': 'D:\\LBN\\Maternal_auto_classification_train_deepethogram\\models\\250507_172617_flow_generator_train\\lightning_checkpoints\\epoch=0-step=999.ckpt', '250602_134424_flow_generator_train': 'D:\\LBN\\Maternal_auto_classification_train_deepethogram\\models\\250602_134424_flow_generator_train\\lightning_checkpoints\\epoch=0-step=999.ckpt'}, 'feature_extractor': {'no pretrained weights': None, '200415_125824_hidden_two_stream_kinetics_degf': 'D:\\LBN\\Maternal_auto_classification_train_deepethogram\\models\\pretrained_models\\200415_125824_hidden_two_stream_kinetics_degf\\checkpoint.pt', '250515_172551_feature_extractor_train': 'D:\\LBN\\Maternal_auto_classification_train_deepethogram\\models\\250515_172551_feature_extractor_train\\lightning_checkpoints\\epoch=16-step=16999.ckpt', '250602_161402_feature_extractor_train': 'D:\\LBN\\Maternal_auto_classification_train_deepethogram\\models\\250602_161402_feature_extractor_train\\checkpoint.pt', '250602_161815_feature_extractor_train': 'D:\\LBN\\Maternal_auto_classification_train_deepethogram\\models\\250602_161815_feature_extractor_train\\lightning_checkpoints\\epoch=14-step=14999.ckpt', '250603_092630_feature_extractor_train': 'D:\\LBN\\Maternal_auto_classification_train_deepethogram\\models\\250603_092630_feature_extractor_train\\lightning_checkpoints\\epoch=17-step=17999.ckpt', '250612_101251_feature_extractor_train': 'D:\\LBN\\Maternal_auto_classification_train_deepethogram\\models\\250612_101251_feature_extractor_train\\lightning_checkpoints\\epoch=7-step=7999.ckpt', '250619_164645_feature_extractor_train': 'D:\\LBN\\Maternal_auto_classification_train_deepethogram\\models\\250619_164645_feature_extractor_train\\lightning_checkpoints\\epoch=0-step=999.ckpt', '250620_091727_feature_extractor_train': 'D:\\LBN\\Maternal_auto_classification_train_deepethogram\\models\\250620_091727_feature_extractor_train\\lightning_checkpoints\\epoch=0-step=999.ckpt', '250620_095137_feature_extractor_train': 'D:\\LBN\\Maternal_auto_classification_train_deepethogram\\models\\250620_095137_feature_extractor_train\\lightning_checkpoints\\epoch=3-step=3999.ckpt', '250620_115626_feature_extractor_train': 'D:\\LBN\\Maternal_auto_classification_train_deepethogram\\models\\250620_115626_feature_extractor_train\\lightning_checkpoints\\epoch=18-step=18999.ckpt'}, 'sequence': {'': None, 'no pretrained weights': None, '250603_145653_sequence_train': 'D:\\LBN\\Maternal_auto_classification_train_deepethogram\\models\\250603_145653_sequence_train\\lightning_checkpoints\\epoch=28-step=9685.ckpt', '250616_145332_sequence_train': 'D:\\LBN\\Maternal_auto_classification_train_deepethogram\\models\\250616_145332_sequence_train\\lightning_checkpoints\\epoch=24-step=16349.ckpt', '250624_142846_sequence_train': 'D:\\LBN\\Maternal_auto_classification_train_deepethogram\\models\\250624_142846_sequence_train\\lightning_checkpoints\\epoch=28-step=22793.ckpt'}}
[2025-07-08 11:21:11,350] INFO [deepethogram.gui.main.get_selected_models:1136] {'flow_generator': {'no pretrained weights': None, '200221_115158_TinyMotionNet': 'D:\\LBN\\Maternal_auto_classification_train_deepethogram\\models\\pretrained_models\\200221_115158_TinyMotionNet\\checkpoint.pt', '250507_172617_flow_generator_train': 'D:\\LBN\\Maternal_auto_classification_train_deepethogram\\models\\250507_172617_flow_generator_train\\lightning_checkpoints\\epoch=0-step=999.ckpt', '250602_134424_flow_generator_train': 'D:\\LBN\\Maternal_auto_classification_train_deepethogram\\models\\250602_134424_flow_generator_train\\lightning_checkpoints\\epoch=0-step=999.ckpt'}, 'feature_extractor': {'no pretrained weights': None, '200415_125824_hidden_two_stream_kinetics_degf': 'D:\\LBN\\Maternal_auto_classification_train_deepethogram\\models\\pretrained_models\\200415_125824_hidden_two_stream_kinetics_degf\\checkpoint.pt', '250515_172551_feature_extractor_train': 'D:\\LBN\\Maternal_auto_classification_train_deepethogram\\models\\250515_172551_feature_extractor_train\\lightning_checkpoints\\epoch=16-step=16999.ckpt', '250602_161402_feature_extractor_train': 'D:\\LBN\\Maternal_auto_classification_train_deepethogram\\models\\250602_161402_feature_extractor_train\\checkpoint.pt', '250602_161815_feature_extractor_train': 'D:\\LBN\\Maternal_auto_classification_train_deepethogram\\models\\250602_161815_feature_extractor_train\\lightning_checkpoints\\epoch=14-step=14999.ckpt', '250603_092630_feature_extractor_train': 'D:\\LBN\\Maternal_auto_classification_train_deepethogram\\models\\250603_092630_feature_extractor_train\\lightning_checkpoints\\epoch=17-step=17999.ckpt', '250612_101251_feature_extractor_train': 'D:\\LBN\\Maternal_auto_classification_train_deepethogram\\models\\250612_101251_feature_extractor_train\\lightning_checkpoints\\epoch=7-step=7999.ckpt', '250619_164645_feature_extractor_train': 'D:\\LBN\\Maternal_auto_classification_train_deepethogram\\models\\250619_164645_feature_extractor_train\\lightning_checkpoints\\epoch=0-step=999.ckpt', '250620_091727_feature_extractor_train': 'D:\\LBN\\Maternal_auto_classification_train_deepethogram\\models\\250620_091727_feature_extractor_train\\lightning_checkpoints\\epoch=0-step=999.ckpt', '250620_095137_feature_extractor_train': 'D:\\LBN\\Maternal_auto_classification_train_deepethogram\\models\\250620_095137_feature_extractor_train\\lightning_checkpoints\\epoch=3-step=3999.ckpt', '250620_115626_feature_extractor_train': 'D:\\LBN\\Maternal_auto_classification_train_deepethogram\\models\\250620_115626_feature_extractor_train\\lightning_checkpoints\\epoch=18-step=18999.ckpt'}, 'sequence': {'': None, 'no pretrained weights': None, '250603_145653_sequence_train': 'D:\\LBN\\Maternal_auto_classification_train_deepethogram\\models\\250603_145653_sequence_train\\lightning_checkpoints\\epoch=28-step=9685.ckpt', '250616_145332_sequence_train': 'D:\\LBN\\Maternal_auto_classification_train_deepethogram\\models\\250616_145332_sequence_train\\lightning_checkpoints\\epoch=24-step=16349.ckpt', '250624_142846_sequence_train': 'D:\\LBN\\Maternal_auto_classification_train_deepethogram\\models\\250624_142846_sequence_train\\lightning_checkpoints\\epoch=28-step=22793.ckpt'}}
[2025-07-08 11:21:11,350] INFO [deepethogram.gui.main.get_selected_models:1136] {'flow_generator': {'no pretrained weights': None, '200221_115158_TinyMotionNet': 'D:\\LBN\\Maternal_auto_classification_train_deepethogram\\models\\pretrained_models\\200221_115158_TinyMotionNet\\checkpoint.pt', '250507_172617_flow_generator_train': 'D:\\LBN\\Maternal_auto_classification_train_deepethogram\\models\\250507_172617_flow_generator_train\\lightning_checkpoints\\epoch=0-step=999.ckpt', '250602_134424_flow_generator_train': 'D:\\LBN\\Maternal_auto_classification_train_deepethogram\\models\\250602_134424_flow_generator_train\\lightning_checkpoints\\epoch=0-step=999.ckpt'}, 'feature_extractor': {'no pretrained weights': None, '200415_125824_hidden_two_stream_kinetics_degf': 'D:\\LBN\\Maternal_auto_classification_train_deepethogram\\models\\pretrained_models\\200415_125824_hidden_two_stream_kinetics_degf\\checkpoint.pt', '250515_172551_feature_extractor_train': 'D:\\LBN\\Maternal_auto_classification_train_deepethogram\\models\\250515_172551_feature_extractor_train\\lightning_checkpoints\\epoch=16-step=16999.ckpt', '250602_161402_feature_extractor_train': 'D:\\LBN\\Maternal_auto_classification_train_deepethogram\\models\\250602_161402_feature_extractor_train\\checkpoint.pt', '250602_161815_feature_extractor_train': 'D:\\LBN\\Maternal_auto_classification_train_deepethogram\\models\\250602_161815_feature_extractor_train\\lightning_checkpoints\\epoch=14-step=14999.ckpt', '250603_092630_feature_extractor_train': 'D:\\LBN\\Maternal_auto_classification_train_deepethogram\\models\\250603_092630_feature_extractor_train\\lightning_checkpoints\\epoch=17-step=17999.ckpt', '250612_101251_feature_extractor_train': 'D:\\LBN\\Maternal_auto_classification_train_deepethogram\\models\\250612_101251_feature_extractor_train\\lightning_checkpoints\\epoch=7-step=7999.ckpt', '250619_164645_feature_extractor_train': 'D:\\LBN\\Maternal_auto_classification_train_deepethogram\\models\\250619_164645_feature_extractor_train\\lightning_checkpoints\\epoch=0-step=999.ckpt', '250620_091727_feature_extractor_train': 'D:\\LBN\\Maternal_auto_classification_train_deepethogram\\models\\250620_091727_feature_extractor_train\\lightning_checkpoints\\epoch=0-step=999.ckpt', '250620_095137_feature_extractor_train': 'D:\\LBN\\Maternal_auto_classification_train_deepethogram\\models\\250620_095137_feature_extractor_train\\lightning_checkpoints\\epoch=3-step=3999.ckpt', '250620_115626_feature_extractor_train': 'D:\\LBN\\Maternal_auto_classification_train_deepethogram\\models\\250620_115626_feature_extractor_train\\lightning_checkpoints\\epoch=18-step=18999.ckpt'}, 'sequence': {'': None, 'no pretrained weights': None, '250603_145653_sequence_train': 'D:\\LBN\\Maternal_auto_classification_train_deepethogram\\models\\250603_145653_sequence_train\\lightning_checkpoints\\epoch=28-step=9685.ckpt', '250616_145332_sequence_train': 'D:\\LBN\\Maternal_auto_classification_train_deepethogram\\models\\250616_145332_sequence_train\\lightning_checkpoints\\epoch=24-step=16349.ckpt', '250624_142846_sequence_train': 'D:\\LBN\\Maternal_auto_classification_train_deepethogram\\models\\250624_142846_sequence_train\\lightning_checkpoints\\epoch=28-step=22793.ckpt'}}
[2025-07-08 11:21:11,362] INFO [deepethogram.gui.main.featureextractor_train:385] feature extractor train called with args: ['python', '-m', 'deepethogram.feature_extractor.train', 'project.path=D:\\LBN\\Maternal_auto_classification_train_deepethogram', 'feature_extractor.weights=D:\\LBN\\Maternal_auto_classification_train_deepethogram\\models\\250612_101251_feature_extractor_train\\lightning_checkpoints\\epoch=7-step=7999.ckpt', 'flow_generator.weights=D:\\LBN\\Maternal_auto_classification_train_deepethogram\\models\\250602_134424_flow_generator_train\\lightning_checkpoints\\epoch=0-step=999.ckpt']
[2025-07-08 11:21:16,803] INFO [deepethogram.gui.main.log_idle:151] User has been idle for 60.0 seconds...
[2025-07-08 11:46:40,790] INFO [deepethogram.gui.main.user_did_something:138] User restarted labeling
[2025-07-08 11:47:10,059] INFO [deepethogram.projects.import_outputfile:791] Key used to load outputfile: resnet18
[2025-07-08 11:47:13,544] INFO [deepethogram.gui.main.import_outputfile:886] CHANGING LATENT NAME TO : resnet18
[2025-07-08 11:48:07,291] INFO [deepethogram.gui.main.save:800] saving...
[2025-07-08 11:48:07,326] INFO [deepethogram.gui.main.finalize:771] finalizing labels for file D:\LBN\Maternal_auto_classification_train_deepethogram\DATA\Cage1-LBN-2024-09-01_21-05-28\Cage1-LBN-2024-09-01_21-05-28.mp4
[2025-07-08 11:48:07,666] INFO [deepethogram.gui.main.initialize_video:226] Record for loaded video: {'flow': None, 'label': None, 'output': 'D:\\LBN\\Maternal_auto_classification_train_deepethogram\\DATA\\Cage8-CONT-2024-12-17_23-07-19\\Cage8-CONT-2024-12-17_23-07-19_outputs.h5', 'rgb': 'D:\\LBN\\Maternal_auto_classification_train_deepethogram\\DATA\\Cage8-CONT-2024-12-17_23-07-19\\Cage8-CONT-2024-12-17_23-07-19.mp4', 'keypoint': None, 'key': 'Cage8-CONT-2024-12-17_23-07-19'}
[2025-07-08 11:48:07,714] INFO [deepethogram.projects.import_outputfile:791] Key used to load outputfile: resnet18
[2025-07-08 11:48:11,092] INFO [deepethogram.gui.main.import_outputfile:886] CHANGING LATENT NAME TO : resnet18
[2025-07-08 11:49:20,678] INFO [deepethogram.gui.main.save:800] saving...
[2025-07-08 11:49:20,693] INFO [deepethogram.gui.main.finalize:771] finalizing labels for file D:\LBN\Maternal_auto_classification_train_deepethogram\DATA\Cage8-CONT-2024-12-17_23-07-19\Cage8-CONT-2024-12-17_23-07-19.mp4
[2025-07-08 11:49:21,037] INFO [deepethogram.gui.main.initialize_video:226] Record for loaded video: {'flow': None, 'label': None, 'output': 'D:\\LBN\\Maternal_auto_classification_train_deepethogram\\DATA\\Cage8-CONT-2024-12-19_20-00-00\\Cage8-CONT-2024-12-19_20-00-00_outputs.h5', 'rgb': 'D:\\LBN\\Maternal_auto_classification_train_deepethogram\\DATA\\Cage8-CONT-2024-12-19_20-00-00\\Cage8-CONT-2024-12-19_20-00-00.mp4', 'keypoint': None, 'key': 'Cage8-CONT-2024-12-19_20-00-00'}
[2025-07-08 11:49:21,102] INFO [deepethogram.projects.import_outputfile:791] Key used to load outputfile: resnet18
[2025-07-08 11:49:24,797] INFO [deepethogram.gui.main.import_outputfile:886] CHANGING LATENT NAME TO : resnet18
[2025-07-08 11:50:29,005] INFO [deepethogram.gui.main.log_idle:151] User has been idle for 60.0 seconds...
[2025-07-08 13:12:37,243] INFO [deepethogram.gui.main.user_did_something:138] User restarted labeling
[2025-07-08 13:13:37,237] INFO [deepethogram.gui.main.log_idle:151] User has been idle for 60.0 seconds...
[2025-07-08 19:28:07,971] INFO [deepethogram.gui.main.featureextractor_train:395] Training finished. If you see error messages above, training did not complete successfully.
[2025-07-08 19:28:07,971] INFO [deepethogram.gui.main.featureextractor_train:400] ~~~~~~~~~~~~~~~~~~~~~~~~~~~~~~~~~~~~~~~~~~~~~~~~~~~~~~~~~~~~~~~~~~~~~~~~~~~~~~~~~~~~~~~~~~~~~~~~~~~~
[2025-07-08 19:28:10,908] INFO [deepethogram.gui.main.project_loaded_buttons:175] Number finalized labels: 840
