[2025-06-03 16:04:37,007] INFO [__main__.sequence_inference:230] args: C:\Users\TeamGranon\anaconda3\envs\deg_env\lib\site-packages\deepethogram\sequence\inference.py project.path=D:\LBN\Maternal_auto_classification_train_deepethogram inference.overwrite=True sequence.weights=D:\LBN\Maternal_auto_classification_train_deepethogram\models\250603_145653_sequence_train\lightning_checkpoints\epoch=28-step=9685.ckpt inference.directory_list=[D:\LBN\Maternal_auto_classification_train_deepethogram\DATA\CONT-2024-05-06_21-00-34,D:\LBN\Maternal_auto_classification_train_deepethogram\DATA\CONT-2024-05-06_22-00-34,D:\LBN\Maternal_auto_classification_train_deepethogram\DATA\CONT-2024-05-06_22-10-34,D:\LBN\Maternal_auto_classification_train_deepethogram\DATA\CONT-2024-05-06_22-40-35,D:\LBN\Maternal_auto_classification_train_deepethogram\DATA\CONT-2024-05-06_23-20-35,D:\LBN\Maternal_auto_classification_train_deepethogram\DATA\CONT-2024-05-06_23-40-35,D:\LBN\Maternal_auto_classification_train_deepethogram\DATA\CONT-2024-05-07_04-00-35,D:\LBN\Maternal_auto_classification_train_deepethogram\DATA\CONT-2024-05-07_04-50-35,D:\LBN\Maternal_auto_classification_train_deepethogram\DATA\CONT-2024-05-07_05-30-35,D:\LBN\Maternal_auto_classification_train_deepethogram\DATA\CONT-2024-05-07_06-20-35,D:\LBN\Maternal_auto_classification_train_deepethogram\DATA\CONT-2024-05-07_06-50-35,D:\LBN\Maternal_auto_classification_train_deepethogram\DATA\CONT-2024-05-07_07-10-35,D:\LBN\Maternal_auto_classification_train_deepethogram\DATA\CONT-2024-05-07_07-20-35,D:\LBN\Maternal_auto_classification_train_deepethogram\DATA\CONT-2024-05-07_20-56-20,D:\LBN\Maternal_auto_classification_train_deepethogram\DATA\CONT-2024-05-07_22-06-20,D:\LBN\Maternal_auto_classification_train_deepethogram\DATA\CONT-2024-05-07_22-26-20,D:\LBN\Maternal_auto_classification_train_deepethogram\DATA\CONT-2024-05-07_22-46-20,D:\LBN\Maternal_auto_classification_train_deepethogram\DATA\CONT-2024-05-07_23-06-20,D:\LBN\Maternal_auto_classification_train_deepethogram\DATA\CONT-2024-05-07_23-36-20,D:\LBN\Maternal_auto_classification_train_deepethogram\DATA\CONT-2024-05-07_23-46-20,D:\LBN\Maternal_auto_classification_train_deepethogram\DATA\CONT-2024-05-08_04-06-21,D:\LBN\Maternal_auto_classification_train_deepethogram\DATA\CONT-2024-05-08_04-16-21,D:\LBN\Maternal_auto_classification_train_deepethogram\DATA\CONT-2024-05-08_04-46-21,D:\LBN\Maternal_auto_classification_train_deepethogram\DATA\CONT-2024-05-08_05-06-21,D:\LBN\Maternal_auto_classification_train_deepethogram\DATA\CONT-2024-05-08_06-36-21,D:\LBN\Maternal_auto_classification_train_deepethogram\DATA\CONT-2024-05-08_22-06-23,D:\LBN\Maternal_auto_classification_train_deepethogram\DATA\CONT-2024-05-08_23-46-23,D:\LBN\Maternal_auto_classification_train_deepethogram\DATA\CONT-2024-05-09_05-16-23,D:\LBN\Maternal_auto_classification_train_deepethogram\DATA\CONT-2024-05-09_06-56-23,D:\LBN\Maternal_auto_classification_train_deepethogram\DATA\Cage1-LBN-2024-08-30_20-14-40,D:\LBN\Maternal_auto_classification_train_deepethogram\DATA\Cage1-LBN-2024-08-30_20-24-40,D:\LBN\Maternal_auto_classification_train_deepethogram\DATA\Cage1-LBN-2024-08-30_20-34-40,D:\LBN\Maternal_auto_classification_train_deepethogram\DATA\Cage1-LBN-2024-08-30_21-44-40,D:\LBN\Maternal_auto_classification_train_deepethogram\DATA\Cage1-LBN-2024-08-30_21-44-40_blur,D:\LBN\Maternal_auto_classification_train_deepethogram\DATA\Cage1-LBN-2024-08-30_21-44-40_bright_contrast,D:\LBN\Maternal_auto_classification_train_deepethogram\DATA\Cage1-LBN-2024-08-30_21-44-40_combo123,D:\LBN\Maternal_auto_classification_train_deepethogram\DATA\Cage1-LBN-2024-08-30_21-44-40_combo124,D:\LBN\Maternal_auto_classification_train_deepethogram\DATA\Cage1-LBN-2024-08-30_21-44-40_combo234,D:\LBN\Maternal_auto_classification_train_deepethogram\DATA\Cage1-LBN-2024-08-30_21-44-40_flip,D:\LBN\Maternal_auto_classification_train_deepethogram\DATA\Cage1-LBN-2024-08-30_21-44-40_zoom_crop,D:\LBN\Maternal_auto_classification_train_deepethogram\DATA\Cage1-LBN-2024-08-30_22-14-40,D:\LBN\Maternal_auto_classification_train_deepethogram\DATA\Cage1-LBN-2024-08-30_22-14-40_blur,D:\LBN\Maternal_auto_classification_train_deepethogram\DATA\Cage1-LBN-2024-08-30_22-14-40_bright_contrast,D:\LBN\Maternal_auto_classification_train_deepethogram\DATA\Cage1-LBN-2024-08-30_22-14-40_combo123,D:\LBN\Maternal_auto_classification_train_deepethogram\DATA\Cage1-LBN-2024-08-30_22-14-40_combo124,D:\LBN\Maternal_auto_classification_train_deepethogram\DATA\Cage1-LBN-2024-08-30_22-14-40_combo234,D:\LBN\Maternal_auto_classification_train_deepethogram\DATA\Cage1-LBN-2024-08-30_22-14-40_flip,D:\LBN\Maternal_auto_classification_train_deepethogram\DATA\Cage1-LBN-2024-08-30_22-14-40_zoom_crop,D:\LBN\Maternal_auto_classification_train_deepethogram\DATA\Cage1-LBN-2024-08-30_22-54-40,D:\LBN\Maternal_auto_classification_train_deepethogram\DATA\Cage1-LBN-2024-08-30_23-24-40,D:\LBN\Maternal_auto_classification_train_deepethogram\DATA\Cage1-LBN-2024-08-31_04-44-40,D:\LBN\Maternal_auto_classification_train_deepethogram\DATA\Cage1-LBN-2024-08-31_05-04-40,D:\LBN\Maternal_auto_classification_train_deepethogram\DATA\Cage1-LBN-2024-08-31_05-24-40,D:\LBN\Maternal_auto_classification_train_deepethogram\DATA\Cage1-LBN-2024-08-31_07-14-40,D:\LBN\Maternal_auto_classification_train_deepethogram\DATA\Cage1-LBN-2024-09-03_22-21-56,D:\LBN\Maternal_auto_classification_train_deepethogram\DATA\Cage1-LBN-2024-09-03_23-41-56,D:\LBN\Maternal_auto_classification_train_deepethogram\DATA\Cage2-LBN-2024-12-08_20-38-34,D:\LBN\Maternal_auto_classification_train_deepethogram\DATA\Cage2-LBN-2024-12-08_22-48-35,D:\LBN\Maternal_auto_classification_train_deepethogram\DATA\Cage2-LBN-2024-12-08_22-58-35,D:\LBN\Maternal_auto_classification_train_deepethogram\DATA\Cage2-LBN-2024-12-08_22-58-35_blur,D:\LBN\Maternal_auto_classification_train_deepethogram\DATA\Cage2-LBN-2024-12-08_22-58-35_bright_contrast,D:\LBN\Maternal_auto_classification_train_deepethogram\DATA\Cage2-LBN-2024-12-08_22-58-35_combo123,D:\LBN\Maternal_auto_classification_train_deepethogram\DATA\Cage2-LBN-2024-12-08_22-58-35_combo124,D:\LBN\Maternal_auto_classification_train_deepethogram\DATA\Cage2-LBN-2024-12-08_22-58-35_combo234,D:\LBN\Maternal_auto_classification_train_deepethogram\DATA\Cage2-LBN-2024-12-08_22-58-35_flip,D:\LBN\Maternal_auto_classification_train_deepethogram\DATA\Cage2-LBN-2024-12-08_22-58-35_zoom_crop,D:\LBN\Maternal_auto_classification_train_deepethogram\DATA\Cage2-LBN-2024-12-09_05-48-35,D:\LBN\Maternal_auto_classification_train_deepethogram\DATA\Cage2-LBN-2024-12-09_07-08-35,D:\LBN\Maternal_auto_classification_train_deepethogram\DATA\Cage2-LBN-2024-12-09_20-48-38,D:\LBN\Maternal_auto_classification_train_deepethogram\DATA\Cage2-LBN-2024-12-09_21-48-38,D:\LBN\Maternal_auto_classification_train_deepethogram\DATA\Cage6-CONT-2024-12-12_20-02-17,D:\LBN\Maternal_auto_classification_train_deepethogram\DATA\Cage6-CONT-2024-12-12_20-12-17,D:\LBN\Maternal_auto_classification_train_deepethogram\DATA\Cage6-CONT-2024-12-12_20-22-17,D:\LBN\Maternal_auto_classification_train_deepethogram\DATA\Cage6-CONT-2024-12-12_20-32-17,D:\LBN\Maternal_auto_classification_train_deepethogram\DATA\Cage6-CONT-2024-12-12_20-42-17,D:\LBN\Maternal_auto_classification_train_deepethogram\DATA\Cage6-CONT-2024-12-12_20-52-17,D:\LBN\Maternal_auto_classification_train_deepethogram\DATA\Cage6-CONT-2024-12-12_21-02-17,D:\LBN\Maternal_auto_classification_train_deepethogram\DATA\Cage6-CONT-2024-12-12_21-12-17,D:\LBN\Maternal_auto_classification_train_deepethogram\DATA\Cage6-CONT-2024-12-12_21-22-17,D:\LBN\Maternal_auto_classification_train_deepethogram\DATA\Cage6-CONT-2024-12-12_21-32-17,D:\LBN\Maternal_auto_classification_train_deepethogram\DATA\Cage6-CONT-2024-12-12_21-42-17,D:\LBN\Maternal_auto_classification_train_deepethogram\DATA\Cage6-CONT-2024-12-12_21-52-17,D:\LBN\Maternal_auto_classification_train_deepethogram\DATA\Cage6-CONT-2024-12-12_22-02-17,D:\LBN\Maternal_auto_classification_train_deepethogram\DATA\Cage6-CONT-2024-12-12_22-12-17,D:\LBN\Maternal_auto_classification_train_deepethogram\DATA\Cage6-CONT-2024-12-12_22-22-17,D:\LBN\Maternal_auto_classification_train_deepethogram\DATA\Cage6-CONT-2024-12-12_22-32-17,D:\LBN\Maternal_auto_classification_train_deepethogram\DATA\Cage6-CONT-2024-12-12_22-42-17,D:\LBN\Maternal_auto_classification_train_deepethogram\DATA\Cage6-CONT-2024-12-12_22-52-17,D:\LBN\Maternal_auto_classification_train_deepethogram\DATA\Cage6-CONT-2024-12-12_23-02-17,D:\LBN\Maternal_auto_classification_train_deepethogram\DATA\Cage6-CONT-2024-12-12_23-12-17,D:\LBN\Maternal_auto_classification_train_deepethogram\DATA\Cage6-CONT-2024-12-12_23-22-17,D:\LBN\Maternal_auto_classification_train_deepethogram\DATA\Cage6-CONT-2024-12-12_23-32-17,D:\LBN\Maternal_auto_classification_train_deepethogram\DATA\Cage6-CONT-2024-12-12_23-42-17,D:\LBN\Maternal_auto_classification_train_deepethogram\DATA\Cage6-CONT-2024-12-12_23-52-17,D:\LBN\Maternal_auto_classification_train_deepethogram\DATA\Cage6-CONT-2024-12-13_00-02-17,D:\LBN\Maternal_auto_classification_train_deepethogram\DATA\Cage6-CONT-2024-12-13_04-02-17,D:\LBN\Maternal_auto_classification_train_deepethogram\DATA\Cage6-CONT-2024-12-13_04-12-17,D:\LBN\Maternal_auto_classification_train_deepethogram\DATA\Cage6-CONT-2024-12-13_04-22-17,D:\LBN\Maternal_auto_classification_train_deepethogram\DATA\Cage6-CONT-2024-12-13_04-32-17,D:\LBN\Maternal_auto_classification_train_deepethogram\DATA\Cage6-CONT-2024-12-13_04-42-17,D:\LBN\Maternal_auto_classification_train_deepethogram\DATA\Cage6-CONT-2024-12-13_04-52-17,D:\LBN\Maternal_auto_classification_train_deepethogram\DATA\Cage6-CONT-2024-12-13_05-02-17,D:\LBN\Maternal_auto_classification_train_deepethogram\DATA\Cage6-CONT-2024-12-13_05-12-17,D:\LBN\Maternal_auto_classification_train_deepethogram\DATA\Cage6-CONT-2024-12-13_05-22-17,D:\LBN\Maternal_auto_classification_train_deepethogram\DATA\Cage6-CONT-2024-12-13_05-32-17,D:\LBN\Maternal_auto_classification_train_deepethogram\DATA\Cage6-CONT-2024-12-13_05-42-17,D:\LBN\Maternal_auto_classification_train_deepethogram\DATA\Cage6-CONT-2024-12-13_05-52-17,D:\LBN\Maternal_auto_classification_train_deepethogram\DATA\CageA-LBN-2024-07-05_20-03-20,D:\LBN\Maternal_auto_classification_train_deepethogram\DATA\CageA-LBN-2024-07-05_20-23-20,D:\LBN\Maternal_auto_classification_train_deepethogram\DATA\CageA-LBN-2024-07-05_20-33-20,D:\LBN\Maternal_auto_classification_train_deepethogram\DATA\CageA-LBN-2024-07-05_20-43-20,D:\LBN\Maternal_auto_classification_train_deepethogram\DATA\CageA-LBN-2024-07-05_20-53-20,D:\LBN\Maternal_auto_classification_train_deepethogram\DATA\CageA-LBN-2024-07-05_21-03-20,D:\LBN\Maternal_auto_classification_train_deepethogram\DATA\CageA-LBN-2024-07-05_21-13-20,D:\LBN\Maternal_auto_classification_train_deepethogram\DATA\CageA-LBN-2024-07-05_21-23-20,D:\LBN\Maternal_auto_classification_train_deepethogram\DATA\CageA-LBN-2024-07-05_21-33-20,D:\LBN\Maternal_auto_classification_train_deepethogram\DATA\CageA-LBN-2024-07-05_21-43-20,D:\LBN\Maternal_auto_classification_train_deepethogram\DATA\CageA-LBN-2024-07-05_21-53-20,D:\LBN\Maternal_auto_classification_train_deepethogram\DATA\CageA-LBN-2024-07-05_22-03-20,D:\LBN\Maternal_auto_classification_train_deepethogram\DATA\CageA-LBN-2024-07-05_22-13-20,D:\LBN\Maternal_auto_classification_train_deepethogram\DATA\CageA-LBN-2024-07-05_22-23-20,D:\LBN\Maternal_auto_classification_train_deepethogram\DATA\CageA-LBN-2024-07-05_22-33-20,D:\LBN\Maternal_auto_classification_train_deepethogram\DATA\CageA-LBN-2024-07-05_22-43-20,D:\LBN\Maternal_auto_classification_train_deepethogram\DATA\CageA-LBN-2024-07-05_22-53-20,D:\LBN\Maternal_auto_classification_train_deepethogram\DATA\CageA-LBN-2024-07-05_23-03-20,D:\LBN\Maternal_auto_classification_train_deepethogram\DATA\CageA-LBN-2024-07-05_23-13-20,D:\LBN\Maternal_auto_classification_train_deepethogram\DATA\CageA-LBN-2024-07-05_23-23-20,D:\LBN\Maternal_auto_classification_train_deepethogram\DATA\CageA-LBN-2024-07-05_23-33-20,D:\LBN\Maternal_auto_classification_train_deepethogram\DATA\CageA-LBN-2024-07-05_23-43-20,D:\LBN\Maternal_auto_classification_train_deepethogram\DATA\CageA-LBN-2024-07-05_23-53-20,D:\LBN\Maternal_auto_classification_train_deepethogram\DATA\CageA-LBN-2024-07-06_04-03-20,D:\LBN\Maternal_auto_classification_train_deepethogram\DATA\CageA-LBN-2024-07-06_04-13-20,D:\LBN\Maternal_auto_classification_train_deepethogram\DATA\CageA-LBN-2024-07-06_04-23-20,D:\LBN\Maternal_auto_classification_train_deepethogram\DATA\CageA-LBN-2024-07-06_04-33-20,D:\LBN\Maternal_auto_classification_train_deepethogram\DATA\CageA-LBN-2024-07-06_04-43-20,D:\LBN\Maternal_auto_classification_train_deepethogram\DATA\CageA-LBN-2024-07-06_04-53-20,D:\LBN\Maternal_auto_classification_train_deepethogram\DATA\CageA-LBN-2024-07-06_05-03-20,D:\LBN\Maternal_auto_classification_train_deepethogram\DATA\CageA-LBN-2024-07-06_05-13-20,D:\LBN\Maternal_auto_classification_train_deepethogram\DATA\CageA-LBN-2024-07-06_05-23-20,D:\LBN\Maternal_auto_classification_train_deepethogram\DATA\CageA-LBN-2024-07-06_05-33-20,D:\LBN\Maternal_auto_classification_train_deepethogram\DATA\CageA-LBN-2024-07-06_05-33-20_blur,D:\LBN\Maternal_auto_classification_train_deepethogram\DATA\CageA-LBN-2024-07-06_05-33-20_bright_contrast,D:\LBN\Maternal_auto_classification_train_deepethogram\DATA\CageA-LBN-2024-07-06_05-33-20_combo123,D:\LBN\Maternal_auto_classification_train_deepethogram\DATA\CageA-LBN-2024-07-06_05-33-20_combo124,D:\LBN\Maternal_auto_classification_train_deepethogram\DATA\CageA-LBN-2024-07-06_05-33-20_combo234,D:\LBN\Maternal_auto_classification_train_deepethogram\DATA\CageA-LBN-2024-07-06_05-33-20_flip,D:\LBN\Maternal_auto_classification_train_deepethogram\DATA\CageA-LBN-2024-07-06_05-33-20_zoom_crop,D:\LBN\Maternal_auto_classification_train_deepethogram\DATA\CageA-LBN-2024-07-06_05-43-20,D:\LBN\Maternal_auto_classification_train_deepethogram\DATA\CageA-LBN-2024-07-06_05-53-21,D:\LBN\Maternal_auto_classification_train_deepethogram\DATA\CageA-LBN-2024-07-06_06-03-21,D:\LBN\Maternal_auto_classification_train_deepethogram\DATA\CageA-LBN-2024-07-06_06-13-21,D:\LBN\Maternal_auto_classification_train_deepethogram\DATA\CageA-LBN-2024-07-06_06-23-21,D:\LBN\Maternal_auto_classification_train_deepethogram\DATA\CageA-LBN-2024-07-06_06-33-21,D:\LBN\Maternal_auto_classification_train_deepethogram\DATA\CageA-LBN-2024-07-06_06-43-21,D:\LBN\Maternal_auto_classification_train_deepethogram\DATA\CageA-LBN-2024-07-06_06-53-21,D:\LBN\Maternal_auto_classification_train_deepethogram\DATA\CageA-LBN-2024-07-06_07-03-21,D:\LBN\Maternal_auto_classification_train_deepethogram\DATA\CageA-LBN-2024-07-06_07-13-21,D:\LBN\Maternal_auto_classification_train_deepethogram\DATA\CageA-LBN-2024-07-06_07-23-21,D:\LBN\Maternal_auto_classification_train_deepethogram\DATA\CageA-LBN-2024-07-06_07-33-21,D:\LBN\Maternal_auto_classification_train_deepethogram\DATA\CageA-LBN-2024-07-06_20-14-42,D:\LBN\Maternal_auto_classification_train_deepethogram\DATA\CageA-LBN-2024-07-06_21-54-42,D:\LBN\Maternal_auto_classification_train_deepethogram\DATA\CageA-LBN-2024-07-06_22-24-42,D:\LBN\Maternal_auto_classification_train_deepethogram\DATA\CageA-LBN-2024-07-06_23-04-42,D:\LBN\Maternal_auto_classification_train_deepethogram\DATA\CageA-LBN-2024-07-06_23-14-42,D:\LBN\Maternal_auto_classification_train_deepethogram\DATA\CageA-LBN-2024-07-07_04-54-43,D:\LBN\Maternal_auto_classification_train_deepethogram\DATA\CageA-LBN-2024-07-07_05-44-43,D:\LBN\Maternal_auto_classification_train_deepethogram\DATA\CageA-LBN-2024-07-07_06-14-43,D:\LBN\Maternal_auto_classification_train_deepethogram\DATA\CageA-LBN-2024-07-07_06-44-43,D:\LBN\Maternal_auto_classification_train_deepethogram\DATA\CageA-LBN-2024-07-07_06-54-43,D:\LBN\Maternal_auto_classification_train_deepethogram\DATA\CageA-LBN-2024-07-07_20-04-49,D:\LBN\Maternal_auto_classification_train_deepethogram\DATA\CageA-LBN-2024-07-07_20-24-49,D:\LBN\Maternal_auto_classification_train_deepethogram\DATA\CageA-LBN-2024-07-07_20-44-49,D:\LBN\Maternal_auto_classification_train_deepethogram\DATA\CageA-LBN-2024-07-07_21-04-49,D:\LBN\Maternal_auto_classification_train_deepethogram\DATA\CageA-LBN-2024-07-07_21-54-49,D:\LBN\Maternal_auto_classification_train_deepethogram\DATA\CageA-LBN-2024-07-07_22-54-49,D:\LBN\Maternal_auto_classification_train_deepethogram\DATA\CageA-LBN-2024-07-07_23-54-50,D:\LBN\Maternal_auto_classification_train_deepethogram\DATA\CageA-LBN-2024-07-07_23-54-50_blur,D:\LBN\Maternal_auto_classification_train_deepethogram\DATA\CageA-LBN-2024-07-07_23-54-50_bright_contrast]
[2025-06-03 16:04:37,007] INFO [__main__.sequence_inference:232] configuration used: 
[2025-06-03 16:04:37,027] INFO [__main__.sequence_inference:233] split:
  reload: true
  file: null
  train_val_test:
  - 0.9
  - 0.1
  - 0.0
compute:
  fp16: false
  num_workers: 3
  batch_size: 8
  min_batch_size: 8
  max_batch_size: 128
  distributed: false
  gpu_id: 0
  dali: false
  metrics_workers: 0
reload:
  overwrite_cfg: false
  latest: false
notes: null
log:
  level: info
augs:
  brightness: 0.25
  contrast: 0.1
  hue: 0.1
  saturation: 0.1
  color_p: 0.5
  grayscale: 0.5
  crop_size: null
  resize:
  - 224
  - 224
  dali: false
  random_resize: false
  pad: null
  LR: 0.5
  UD: 0.0
  degrees: 10
  normalization:
    'N': 616891852800
    mean:
    - 0.425280944716674
    - 0.43149049968550984
    - 0.3634010999177969
    std:
    - 0.2179858888556464
    - 0.2206349264361932
    - 0.21700557077024724
feature_extractor:
  arch: resnet18
  fusion: average
  sampler: null
  final_bn: false
  sampling_ratio: null
  final_activation: sigmoid
  dropout_p: 0.25
  n_flows: 10
  n_rgb: 1
  curriculum: false
  inputs: both
  weights: pretrained
train:
  steps_per_epoch:
    train: 1000
    val: 1000
    test: null
  num_epochs: 100
  regularization:
    style: l2
    alpha: 0.01
  patience: 5
  loss_weight_exp: 1.0
sequence:
  arch: tgmj
  latent_name: null
  output_name: null
  sequence_length: 180
  dropout_p: 0.5
  num_layers: 3
  hidden_size: 64
  nonoverlapping: true
  filter_length: 15
  input_dropout: 0.5
  n_filters: 8
  tgm_reduction: max
  c_in: 1
  c_out: 8
  soft_attn: true
  num_features: 128
  bidirectional: false
  rnn_style: lstm
  hidden_dropout: 0.0
  weights: D:\LBN\Maternal_auto_classification_train_deepethogram\models\250603_145653_sequence_train\lightning_checkpoints\epoch=28-step=9685.ckpt
  nonlinear_classification: true
  final_bn: true
  input_type: features
inference:
  directory_list:
  - D:\LBN\Maternal_auto_classification_train_deepethogram\DATA\CONT-2024-05-06_21-00-34
  - D:\LBN\Maternal_auto_classification_train_deepethogram\DATA\CONT-2024-05-06_22-00-34
  - D:\LBN\Maternal_auto_classification_train_deepethogram\DATA\CONT-2024-05-06_22-10-34
  - D:\LBN\Maternal_auto_classification_train_deepethogram\DATA\CONT-2024-05-06_22-40-35
  - D:\LBN\Maternal_auto_classification_train_deepethogram\DATA\CONT-2024-05-06_23-20-35
  - D:\LBN\Maternal_auto_classification_train_deepethogram\DATA\CONT-2024-05-06_23-40-35
  - D:\LBN\Maternal_auto_classification_train_deepethogram\DATA\CONT-2024-05-07_04-00-35
  - D:\LBN\Maternal_auto_classification_train_deepethogram\DATA\CONT-2024-05-07_04-50-35
  - D:\LBN\Maternal_auto_classification_train_deepethogram\DATA\CONT-2024-05-07_05-30-35
  - D:\LBN\Maternal_auto_classification_train_deepethogram\DATA\CONT-2024-05-07_06-20-35
  - D:\LBN\Maternal_auto_classification_train_deepethogram\DATA\CONT-2024-05-07_06-50-35
  - D:\LBN\Maternal_auto_classification_train_deepethogram\DATA\CONT-2024-05-07_07-10-35
  - D:\LBN\Maternal_auto_classification_train_deepethogram\DATA\CONT-2024-05-07_07-20-35
  - D:\LBN\Maternal_auto_classification_train_deepethogram\DATA\CONT-2024-05-07_20-56-20
  - D:\LBN\Maternal_auto_classification_train_deepethogram\DATA\CONT-2024-05-07_22-06-20
  - D:\LBN\Maternal_auto_classification_train_deepethogram\DATA\CONT-2024-05-07_22-26-20
  - D:\LBN\Maternal_auto_classification_train_deepethogram\DATA\CONT-2024-05-07_22-46-20
  - D:\LBN\Maternal_auto_classification_train_deepethogram\DATA\CONT-2024-05-07_23-06-20
  - D:\LBN\Maternal_auto_classification_train_deepethogram\DATA\CONT-2024-05-07_23-36-20
  - D:\LBN\Maternal_auto_classification_train_deepethogram\DATA\CONT-2024-05-07_23-46-20
  - D:\LBN\Maternal_auto_classification_train_deepethogram\DATA\CONT-2024-05-08_04-06-21
  - D:\LBN\Maternal_auto_classification_train_deepethogram\DATA\CONT-2024-05-08_04-16-21
  - D:\LBN\Maternal_auto_classification_train_deepethogram\DATA\CONT-2024-05-08_04-46-21
  - D:\LBN\Maternal_auto_classification_train_deepethogram\DATA\CONT-2024-05-08_05-06-21
  - D:\LBN\Maternal_auto_classification_train_deepethogram\DATA\CONT-2024-05-08_06-36-21
  - D:\LBN\Maternal_auto_classification_train_deepethogram\DATA\CONT-2024-05-08_22-06-23
  - D:\LBN\Maternal_auto_classification_train_deepethogram\DATA\CONT-2024-05-08_23-46-23
  - D:\LBN\Maternal_auto_classification_train_deepethogram\DATA\CONT-2024-05-09_05-16-23
  - D:\LBN\Maternal_auto_classification_train_deepethogram\DATA\CONT-2024-05-09_06-56-23
  - D:\LBN\Maternal_auto_classification_train_deepethogram\DATA\Cage1-LBN-2024-08-30_20-14-40
  - D:\LBN\Maternal_auto_classification_train_deepethogram\DATA\Cage1-LBN-2024-08-30_20-24-40
  - D:\LBN\Maternal_auto_classification_train_deepethogram\DATA\Cage1-LBN-2024-08-30_20-34-40
  - D:\LBN\Maternal_auto_classification_train_deepethogram\DATA\Cage1-LBN-2024-08-30_21-44-40
  - D:\LBN\Maternal_auto_classification_train_deepethogram\DATA\Cage1-LBN-2024-08-30_21-44-40_blur
  - D:\LBN\Maternal_auto_classification_train_deepethogram\DATA\Cage1-LBN-2024-08-30_21-44-40_bright_contrast
  - D:\LBN\Maternal_auto_classification_train_deepethogram\DATA\Cage1-LBN-2024-08-30_21-44-40_combo123
  - D:\LBN\Maternal_auto_classification_train_deepethogram\DATA\Cage1-LBN-2024-08-30_21-44-40_combo124
  - D:\LBN\Maternal_auto_classification_train_deepethogram\DATA\Cage1-LBN-2024-08-30_21-44-40_combo234
  - D:\LBN\Maternal_auto_classification_train_deepethogram\DATA\Cage1-LBN-2024-08-30_21-44-40_flip
  - D:\LBN\Maternal_auto_classification_train_deepethogram\DATA\Cage1-LBN-2024-08-30_21-44-40_zoom_crop
  - D:\LBN\Maternal_auto_classification_train_deepethogram\DATA\Cage1-LBN-2024-08-30_22-14-40
  - D:\LBN\Maternal_auto_classification_train_deepethogram\DATA\Cage1-LBN-2024-08-30_22-14-40_blur
  - D:\LBN\Maternal_auto_classification_train_deepethogram\DATA\Cage1-LBN-2024-08-30_22-14-40_bright_contrast
  - D:\LBN\Maternal_auto_classification_train_deepethogram\DATA\Cage1-LBN-2024-08-30_22-14-40_combo123
  - D:\LBN\Maternal_auto_classification_train_deepethogram\DATA\Cage1-LBN-2024-08-30_22-14-40_combo124
  - D:\LBN\Maternal_auto_classification_train_deepethogram\DATA\Cage1-LBN-2024-08-30_22-14-40_combo234
  - D:\LBN\Maternal_auto_classification_train_deepethogram\DATA\Cage1-LBN-2024-08-30_22-14-40_flip
  - D:\LBN\Maternal_auto_classification_train_deepethogram\DATA\Cage1-LBN-2024-08-30_22-14-40_zoom_crop
  - D:\LBN\Maternal_auto_classification_train_deepethogram\DATA\Cage1-LBN-2024-08-30_22-54-40
  - D:\LBN\Maternal_auto_classification_train_deepethogram\DATA\Cage1-LBN-2024-08-30_23-24-40
  - D:\LBN\Maternal_auto_classification_train_deepethogram\DATA\Cage1-LBN-2024-08-31_04-44-40
  - D:\LBN\Maternal_auto_classification_train_deepethogram\DATA\Cage1-LBN-2024-08-31_05-04-40
  - D:\LBN\Maternal_auto_classification_train_deepethogram\DATA\Cage1-LBN-2024-08-31_05-24-40
  - D:\LBN\Maternal_auto_classification_train_deepethogram\DATA\Cage1-LBN-2024-08-31_07-14-40
  - D:\LBN\Maternal_auto_classification_train_deepethogram\DATA\Cage1-LBN-2024-09-03_22-21-56
  - D:\LBN\Maternal_auto_classification_train_deepethogram\DATA\Cage1-LBN-2024-09-03_23-41-56
  - D:\LBN\Maternal_auto_classification_train_deepethogram\DATA\Cage2-LBN-2024-12-08_20-38-34
  - D:\LBN\Maternal_auto_classification_train_deepethogram\DATA\Cage2-LBN-2024-12-08_22-48-35
  - D:\LBN\Maternal_auto_classification_train_deepethogram\DATA\Cage2-LBN-2024-12-08_22-58-35
  - D:\LBN\Maternal_auto_classification_train_deepethogram\DATA\Cage2-LBN-2024-12-08_22-58-35_blur
  - D:\LBN\Maternal_auto_classification_train_deepethogram\DATA\Cage2-LBN-2024-12-08_22-58-35_bright_contrast
  - D:\LBN\Maternal_auto_classification_train_deepethogram\DATA\Cage2-LBN-2024-12-08_22-58-35_combo123
  - D:\LBN\Maternal_auto_classification_train_deepethogram\DATA\Cage2-LBN-2024-12-08_22-58-35_combo124
  - D:\LBN\Maternal_auto_classification_train_deepethogram\DATA\Cage2-LBN-2024-12-08_22-58-35_combo234
  - D:\LBN\Maternal_auto_classification_train_deepethogram\DATA\Cage2-LBN-2024-12-08_22-58-35_flip
  - D:\LBN\Maternal_auto_classification_train_deepethogram\DATA\Cage2-LBN-2024-12-08_22-58-35_zoom_crop
  - D:\LBN\Maternal_auto_classification_train_deepethogram\DATA\Cage2-LBN-2024-12-09_05-48-35
  - D:\LBN\Maternal_auto_classification_train_deepethogram\DATA\Cage2-LBN-2024-12-09_07-08-35
  - D:\LBN\Maternal_auto_classification_train_deepethogram\DATA\Cage2-LBN-2024-12-09_20-48-38
  - D:\LBN\Maternal_auto_classification_train_deepethogram\DATA\Cage2-LBN-2024-12-09_21-48-38
  - D:\LBN\Maternal_auto_classification_train_deepethogram\DATA\Cage6-CONT-2024-12-12_20-02-17
  - D:\LBN\Maternal_auto_classification_train_deepethogram\DATA\Cage6-CONT-2024-12-12_20-12-17
  - D:\LBN\Maternal_auto_classification_train_deepethogram\DATA\Cage6-CONT-2024-12-12_20-22-17
  - D:\LBN\Maternal_auto_classification_train_deepethogram\DATA\Cage6-CONT-2024-12-12_20-32-17
  - D:\LBN\Maternal_auto_classification_train_deepethogram\DATA\Cage6-CONT-2024-12-12_20-42-17
  - D:\LBN\Maternal_auto_classification_train_deepethogram\DATA\Cage6-CONT-2024-12-12_20-52-17
  - D:\LBN\Maternal_auto_classification_train_deepethogram\DATA\Cage6-CONT-2024-12-12_21-02-17
  - D:\LBN\Maternal_auto_classification_train_deepethogram\DATA\Cage6-CONT-2024-12-12_21-12-17
  - D:\LBN\Maternal_auto_classification_train_deepethogram\DATA\Cage6-CONT-2024-12-12_21-22-17
  - D:\LBN\Maternal_auto_classification_train_deepethogram\DATA\Cage6-CONT-2024-12-12_21-32-17
  - D:\LBN\Maternal_auto_classification_train_deepethogram\DATA\Cage6-CONT-2024-12-12_21-42-17
  - D:\LBN\Maternal_auto_classification_train_deepethogram\DATA\Cage6-CONT-2024-12-12_21-52-17
  - D:\LBN\Maternal_auto_classification_train_deepethogram\DATA\Cage6-CONT-2024-12-12_22-02-17
  - D:\LBN\Maternal_auto_classification_train_deepethogram\DATA\Cage6-CONT-2024-12-12_22-12-17
  - D:\LBN\Maternal_auto_classification_train_deepethogram\DATA\Cage6-CONT-2024-12-12_22-22-17
  - D:\LBN\Maternal_auto_classification_train_deepethogram\DATA\Cage6-CONT-2024-12-12_22-32-17
  - D:\LBN\Maternal_auto_classification_train_deepethogram\DATA\Cage6-CONT-2024-12-12_22-42-17
  - D:\LBN\Maternal_auto_classification_train_deepethogram\DATA\Cage6-CONT-2024-12-12_22-52-17
  - D:\LBN\Maternal_auto_classification_train_deepethogram\DATA\Cage6-CONT-2024-12-12_23-02-17
  - D:\LBN\Maternal_auto_classification_train_deepethogram\DATA\Cage6-CONT-2024-12-12_23-12-17
  - D:\LBN\Maternal_auto_classification_train_deepethogram\DATA\Cage6-CONT-2024-12-12_23-22-17
  - D:\LBN\Maternal_auto_classification_train_deepethogram\DATA\Cage6-CONT-2024-12-12_23-32-17
  - D:\LBN\Maternal_auto_classification_train_deepethogram\DATA\Cage6-CONT-2024-12-12_23-42-17
  - D:\LBN\Maternal_auto_classification_train_deepethogram\DATA\Cage6-CONT-2024-12-12_23-52-17
  - D:\LBN\Maternal_auto_classification_train_deepethogram\DATA\Cage6-CONT-2024-12-13_00-02-17
  - D:\LBN\Maternal_auto_classification_train_deepethogram\DATA\Cage6-CONT-2024-12-13_04-02-17
  - D:\LBN\Maternal_auto_classification_train_deepethogram\DATA\Cage6-CONT-2024-12-13_04-12-17
  - D:\LBN\Maternal_auto_classification_train_deepethogram\DATA\Cage6-CONT-2024-12-13_04-22-17
  - D:\LBN\Maternal_auto_classification_train_deepethogram\DATA\Cage6-CONT-2024-12-13_04-32-17
  - D:\LBN\Maternal_auto_classification_train_deepethogram\DATA\Cage6-CONT-2024-12-13_04-42-17
  - D:\LBN\Maternal_auto_classification_train_deepethogram\DATA\Cage6-CONT-2024-12-13_04-52-17
  - D:\LBN\Maternal_auto_classification_train_deepethogram\DATA\Cage6-CONT-2024-12-13_05-02-17
  - D:\LBN\Maternal_auto_classification_train_deepethogram\DATA\Cage6-CONT-2024-12-13_05-12-17
  - D:\LBN\Maternal_auto_classification_train_deepethogram\DATA\Cage6-CONT-2024-12-13_05-22-17
  - D:\LBN\Maternal_auto_classification_train_deepethogram\DATA\Cage6-CONT-2024-12-13_05-32-17
  - D:\LBN\Maternal_auto_classification_train_deepethogram\DATA\Cage6-CONT-2024-12-13_05-42-17
  - D:\LBN\Maternal_auto_classification_train_deepethogram\DATA\Cage6-CONT-2024-12-13_05-52-17
  - D:\LBN\Maternal_auto_classification_train_deepethogram\DATA\CageA-LBN-2024-07-05_20-03-20
  - D:\LBN\Maternal_auto_classification_train_deepethogram\DATA\CageA-LBN-2024-07-05_20-23-20
  - D:\LBN\Maternal_auto_classification_train_deepethogram\DATA\CageA-LBN-2024-07-05_20-33-20
  - D:\LBN\Maternal_auto_classification_train_deepethogram\DATA\CageA-LBN-2024-07-05_20-43-20
  - D:\LBN\Maternal_auto_classification_train_deepethogram\DATA\CageA-LBN-2024-07-05_20-53-20
  - D:\LBN\Maternal_auto_classification_train_deepethogram\DATA\CageA-LBN-2024-07-05_21-03-20
  - D:\LBN\Maternal_auto_classification_train_deepethogram\DATA\CageA-LBN-2024-07-05_21-13-20
  - D:\LBN\Maternal_auto_classification_train_deepethogram\DATA\CageA-LBN-2024-07-05_21-23-20
  - D:\LBN\Maternal_auto_classification_train_deepethogram\DATA\CageA-LBN-2024-07-05_21-33-20
  - D:\LBN\Maternal_auto_classification_train_deepethogram\DATA\CageA-LBN-2024-07-05_21-43-20
  - D:\LBN\Maternal_auto_classification_train_deepethogram\DATA\CageA-LBN-2024-07-05_21-53-20
  - D:\LBN\Maternal_auto_classification_train_deepethogram\DATA\CageA-LBN-2024-07-05_22-03-20
  - D:\LBN\Maternal_auto_classification_train_deepethogram\DATA\CageA-LBN-2024-07-05_22-13-20
  - D:\LBN\Maternal_auto_classification_train_deepethogram\DATA\CageA-LBN-2024-07-05_22-23-20
  - D:\LBN\Maternal_auto_classification_train_deepethogram\DATA\CageA-LBN-2024-07-05_22-33-20
  - D:\LBN\Maternal_auto_classification_train_deepethogram\DATA\CageA-LBN-2024-07-05_22-43-20
  - D:\LBN\Maternal_auto_classification_train_deepethogram\DATA\CageA-LBN-2024-07-05_22-53-20
  - D:\LBN\Maternal_auto_classification_train_deepethogram\DATA\CageA-LBN-2024-07-05_23-03-20
  - D:\LBN\Maternal_auto_classification_train_deepethogram\DATA\CageA-LBN-2024-07-05_23-13-20
  - D:\LBN\Maternal_auto_classification_train_deepethogram\DATA\CageA-LBN-2024-07-05_23-23-20
  - D:\LBN\Maternal_auto_classification_train_deepethogram\DATA\CageA-LBN-2024-07-05_23-33-20
  - D:\LBN\Maternal_auto_classification_train_deepethogram\DATA\CageA-LBN-2024-07-05_23-43-20
  - D:\LBN\Maternal_auto_classification_train_deepethogram\DATA\CageA-LBN-2024-07-05_23-53-20
  - D:\LBN\Maternal_auto_classification_train_deepethogram\DATA\CageA-LBN-2024-07-06_04-03-20
  - D:\LBN\Maternal_auto_classification_train_deepethogram\DATA\CageA-LBN-2024-07-06_04-13-20
  - D:\LBN\Maternal_auto_classification_train_deepethogram\DATA\CageA-LBN-2024-07-06_04-23-20
  - D:\LBN\Maternal_auto_classification_train_deepethogram\DATA\CageA-LBN-2024-07-06_04-33-20
  - D:\LBN\Maternal_auto_classification_train_deepethogram\DATA\CageA-LBN-2024-07-06_04-43-20
  - D:\LBN\Maternal_auto_classification_train_deepethogram\DATA\CageA-LBN-2024-07-06_04-53-20
  - D:\LBN\Maternal_auto_classification_train_deepethogram\DATA\CageA-LBN-2024-07-06_05-03-20
  - D:\LBN\Maternal_auto_classification_train_deepethogram\DATA\CageA-LBN-2024-07-06_05-13-20
  - D:\LBN\Maternal_auto_classification_train_deepethogram\DATA\CageA-LBN-2024-07-06_05-23-20
  - D:\LBN\Maternal_auto_classification_train_deepethogram\DATA\CageA-LBN-2024-07-06_05-33-20
  - D:\LBN\Maternal_auto_classification_train_deepethogram\DATA\CageA-LBN-2024-07-06_05-33-20_blur
  - D:\LBN\Maternal_auto_classification_train_deepethogram\DATA\CageA-LBN-2024-07-06_05-33-20_bright_contrast
  - D:\LBN\Maternal_auto_classification_train_deepethogram\DATA\CageA-LBN-2024-07-06_05-33-20_combo123
  - D:\LBN\Maternal_auto_classification_train_deepethogram\DATA\CageA-LBN-2024-07-06_05-33-20_combo124
  - D:\LBN\Maternal_auto_classification_train_deepethogram\DATA\CageA-LBN-2024-07-06_05-33-20_combo234
  - D:\LBN\Maternal_auto_classification_train_deepethogram\DATA\CageA-LBN-2024-07-06_05-33-20_flip
  - D:\LBN\Maternal_auto_classification_train_deepethogram\DATA\CageA-LBN-2024-07-06_05-33-20_zoom_crop
  - D:\LBN\Maternal_auto_classification_train_deepethogram\DATA\CageA-LBN-2024-07-06_05-43-20
  - D:\LBN\Maternal_auto_classification_train_deepethogram\DATA\CageA-LBN-2024-07-06_05-53-21
  - D:\LBN\Maternal_auto_classification_train_deepethogram\DATA\CageA-LBN-2024-07-06_06-03-21
  - D:\LBN\Maternal_auto_classification_train_deepethogram\DATA\CageA-LBN-2024-07-06_06-13-21
  - D:\LBN\Maternal_auto_classification_train_deepethogram\DATA\CageA-LBN-2024-07-06_06-23-21
  - D:\LBN\Maternal_auto_classification_train_deepethogram\DATA\CageA-LBN-2024-07-06_06-33-21
  - D:\LBN\Maternal_auto_classification_train_deepethogram\DATA\CageA-LBN-2024-07-06_06-43-21
  - D:\LBN\Maternal_auto_classification_train_deepethogram\DATA\CageA-LBN-2024-07-06_06-53-21
  - D:\LBN\Maternal_auto_classification_train_deepethogram\DATA\CageA-LBN-2024-07-06_07-03-21
  - D:\LBN\Maternal_auto_classification_train_deepethogram\DATA\CageA-LBN-2024-07-06_07-13-21
  - D:\LBN\Maternal_auto_classification_train_deepethogram\DATA\CageA-LBN-2024-07-06_07-23-21
  - D:\LBN\Maternal_auto_classification_train_deepethogram\DATA\CageA-LBN-2024-07-06_07-33-21
  - D:\LBN\Maternal_auto_classification_train_deepethogram\DATA\CageA-LBN-2024-07-06_20-14-42
  - D:\LBN\Maternal_auto_classification_train_deepethogram\DATA\CageA-LBN-2024-07-06_21-54-42
  - D:\LBN\Maternal_auto_classification_train_deepethogram\DATA\CageA-LBN-2024-07-06_22-24-42
  - D:\LBN\Maternal_auto_classification_train_deepethogram\DATA\CageA-LBN-2024-07-06_23-04-42
  - D:\LBN\Maternal_auto_classification_train_deepethogram\DATA\CageA-LBN-2024-07-06_23-14-42
  - D:\LBN\Maternal_auto_classification_train_deepethogram\DATA\CageA-LBN-2024-07-07_04-54-43
  - D:\LBN\Maternal_auto_classification_train_deepethogram\DATA\CageA-LBN-2024-07-07_05-44-43
  - D:\LBN\Maternal_auto_classification_train_deepethogram\DATA\CageA-LBN-2024-07-07_06-14-43
  - D:\LBN\Maternal_auto_classification_train_deepethogram\DATA\CageA-LBN-2024-07-07_06-44-43
  - D:\LBN\Maternal_auto_classification_train_deepethogram\DATA\CageA-LBN-2024-07-07_06-54-43
  - D:\LBN\Maternal_auto_classification_train_deepethogram\DATA\CageA-LBN-2024-07-07_20-04-49
  - D:\LBN\Maternal_auto_classification_train_deepethogram\DATA\CageA-LBN-2024-07-07_20-24-49
  - D:\LBN\Maternal_auto_classification_train_deepethogram\DATA\CageA-LBN-2024-07-07_20-44-49
  - D:\LBN\Maternal_auto_classification_train_deepethogram\DATA\CageA-LBN-2024-07-07_21-04-49
  - D:\LBN\Maternal_auto_classification_train_deepethogram\DATA\CageA-LBN-2024-07-07_21-54-49
  - D:\LBN\Maternal_auto_classification_train_deepethogram\DATA\CageA-LBN-2024-07-07_22-54-49
  - D:\LBN\Maternal_auto_classification_train_deepethogram\DATA\CageA-LBN-2024-07-07_23-54-50
  - D:\LBN\Maternal_auto_classification_train_deepethogram\DATA\CageA-LBN-2024-07-07_23-54-50_blur
  - D:\LBN\Maternal_auto_classification_train_deepethogram\DATA\CageA-LBN-2024-07-07_23-54-50_bright_contrast
  ignore_error: true
  overwrite: true
  use_loaded_model_cfg: true
cmap: deepethogram
control_arrow_jump: 31
label_view_width: 31
postprocessor:
  min_bout_length: 10
  type: min_bout_per_behavior
prediction_opacity: 0.2
project:
  class_names:
  - background
  - Onnest
  - Offnest
  - ABN
  - Carryingpups
  - Selfgrooming
  - Eat_drink
  - Kicking
  - Groomingpups
  - Build
  config_file: project_config.yaml
  data_path: D:\LBN\Maternal_auto_classification_train_deepethogram\DATA
  labeler: null
  model_path: D:\LBN\Maternal_auto_classification_train_deepethogram\models
  name: Maternal_auto_classification
  path: D:\LBN\Maternal_auto_classification_train_deepethogram
  pretrained_path: D:\LBN\Maternal_auto_classification_train_deepethogram\models\pretrained_models
run:
  type: inference
  model: sequence
  dir: D:\LBN\Maternal_auto_classification_train_deepethogram\models\250603_160436_sequence_inference
unlabeled_alpha: 0.1
vertical_arrow_jump: 3

[2025-06-03 16:04:37,187] INFO [deepethogram.projects.get_weightfile_from_cfg:1079] loading specified weights: D:\LBN\Maternal_auto_classification_train_deepethogram\models\250603_145653_sequence_train\lightning_checkpoints\epoch=28-step=9685.ckpt
[2025-06-03 16:04:37,255] INFO [__main__.sequence_inference:263] latent name used for running sequence inference: resnet18
[2025-06-03 16:04:37,359] INFO [__main__.sequence_inference:286] model: TGMJ(
  (input_dropout): Dropout(p=0.5, inplace=False)
  (output_dropout): Dropout(p=0.5, inplace=False)
  (tgm_layers): Sequential(
    (0): TGMLayer()
    (1): TGMLayer()
    (2): TGMLayer()
  )
  (h): Conv1d(1024, 128, kernel_size=(1,), stride=(1,))
  (h2): Conv1d(1024, 128, kernel_size=(1,), stride=(1,))
  (classify1): Sequential(
    (0): Conv1d(128, 10, kernel_size=(1,), stride=(1,), bias=False)
    (1): BatchNorm1d(10, eps=1e-05, momentum=0.1, affine=True, track_running_stats=True)
  )
  (classify2): Sequential(
    (0): Conv1d(128, 10, kernel_size=(1,), stride=(1,), bias=False)
    (1): BatchNorm1d(10, eps=1e-05, momentum=0.1, affine=True, track_running_stats=True)
  )
)
[2025-06-03 16:04:37,359] INFO [deepethogram.utils.load_state:341] loading from checkpoint file D:\LBN\Maternal_auto_classification_train_deepethogram\models\250603_145653_sequence_train\lightning_checkpoints\epoch=28-step=9685.ckpt...
[2025-06-03 16:04:37,378] INFO [__main__.sequence_inference:294] best epoch from loaded file: 28
[2025-06-03 16:04:37,379] INFO [__main__.sequence_inference:303] thresholds: [0.5        0.4774392  0.5226608  0.70354724 0.75379347 0.74876884
 0.62315327 0.5        0.84423668 0.5879809 ]
[2025-06-03 16:04:37,595] INFO [__main__.extract:196] running inference on D:\LBN\Maternal_auto_classification_train_deepethogram\DATA\CONT-2024-05-06_21-00-34\CONT-2024-05-06_21-00-34_outputs.h5. latent name: resnet18 output name: tgmj...
[2025-06-03 16:04:39,936] INFO [__main__.extract:196] running inference on D:\LBN\Maternal_auto_classification_train_deepethogram\DATA\CONT-2024-05-06_22-00-34\CONT-2024-05-06_22-00-34_outputs.h5. latent name: resnet18 output name: tgmj...
[2025-06-03 16:04:40,057] INFO [__main__.extract:196] running inference on D:\LBN\Maternal_auto_classification_train_deepethogram\DATA\CONT-2024-05-06_22-10-34\CONT-2024-05-06_22-10-34_outputs.h5. latent name: resnet18 output name: tgmj...
[2025-06-03 16:04:40,156] INFO [__main__.extract:196] running inference on D:\LBN\Maternal_auto_classification_train_deepethogram\DATA\CONT-2024-05-06_22-40-35\CONT-2024-05-06_22-40-35_outputs.h5. latent name: resnet18 output name: tgmj...
[2025-06-03 16:04:40,273] INFO [__main__.extract:196] running inference on D:\LBN\Maternal_auto_classification_train_deepethogram\DATA\CONT-2024-05-06_23-20-35\CONT-2024-05-06_23-20-35_outputs.h5. latent name: resnet18 output name: tgmj...
[2025-06-03 16:04:40,380] INFO [__main__.extract:196] running inference on D:\LBN\Maternal_auto_classification_train_deepethogram\DATA\CONT-2024-05-06_23-40-35\CONT-2024-05-06_23-40-35_outputs.h5. latent name: resnet18 output name: tgmj...
[2025-06-03 16:04:40,479] INFO [__main__.extract:196] running inference on D:\LBN\Maternal_auto_classification_train_deepethogram\DATA\CONT-2024-05-07_04-00-35\CONT-2024-05-07_04-00-35_outputs.h5. latent name: resnet18 output name: tgmj...
[2025-06-03 16:04:40,593] INFO [__main__.extract:196] running inference on D:\LBN\Maternal_auto_classification_train_deepethogram\DATA\CONT-2024-05-07_04-50-35\CONT-2024-05-07_04-50-35_outputs.h5. latent name: resnet18 output name: tgmj...
[2025-06-03 16:04:40,713] INFO [__main__.extract:196] running inference on D:\LBN\Maternal_auto_classification_train_deepethogram\DATA\CONT-2024-05-07_05-30-35\CONT-2024-05-07_05-30-35_outputs.h5. latent name: resnet18 output name: tgmj...
[2025-06-03 16:04:40,824] INFO [__main__.extract:196] running inference on D:\LBN\Maternal_auto_classification_train_deepethogram\DATA\CONT-2024-05-07_06-20-35\CONT-2024-05-07_06-20-35_outputs.h5. latent name: resnet18 output name: tgmj...
[2025-06-03 16:04:40,932] INFO [__main__.extract:196] running inference on D:\LBN\Maternal_auto_classification_train_deepethogram\DATA\CONT-2024-05-07_06-50-35\CONT-2024-05-07_06-50-35_outputs.h5. latent name: resnet18 output name: tgmj...
[2025-06-03 16:04:41,046] INFO [__main__.extract:196] running inference on D:\LBN\Maternal_auto_classification_train_deepethogram\DATA\CONT-2024-05-07_07-10-35\CONT-2024-05-07_07-10-35_outputs.h5. latent name: resnet18 output name: tgmj...
[2025-06-03 16:04:41,157] INFO [__main__.extract:196] running inference on D:\LBN\Maternal_auto_classification_train_deepethogram\DATA\CONT-2024-05-07_07-20-35\CONT-2024-05-07_07-20-35_outputs.h5. latent name: resnet18 output name: tgmj...
[2025-06-03 16:04:41,274] INFO [__main__.extract:196] running inference on D:\LBN\Maternal_auto_classification_train_deepethogram\DATA\CONT-2024-05-07_20-56-20\CONT-2024-05-07_20-56-20_outputs.h5. latent name: resnet18 output name: tgmj...
[2025-06-03 16:04:41,354] INFO [__main__.extract:196] running inference on D:\LBN\Maternal_auto_classification_train_deepethogram\DATA\CONT-2024-05-07_22-06-20\CONT-2024-05-07_22-06-20_outputs.h5. latent name: resnet18 output name: tgmj...
[2025-06-03 16:04:41,474] INFO [__main__.extract:196] running inference on D:\LBN\Maternal_auto_classification_train_deepethogram\DATA\CONT-2024-05-07_22-26-20\CONT-2024-05-07_22-26-20_outputs.h5. latent name: resnet18 output name: tgmj...
[2025-06-03 16:04:41,563] INFO [__main__.extract:196] running inference on D:\LBN\Maternal_auto_classification_train_deepethogram\DATA\CONT-2024-05-07_22-46-20\CONT-2024-05-07_22-46-20_outputs.h5. latent name: resnet18 output name: tgmj...
[2025-06-03 16:04:41,672] INFO [__main__.extract:196] running inference on D:\LBN\Maternal_auto_classification_train_deepethogram\DATA\CONT-2024-05-07_23-06-20\CONT-2024-05-07_23-06-20_outputs.h5. latent name: resnet18 output name: tgmj...
[2025-06-03 16:04:41,755] INFO [__main__.extract:196] running inference on D:\LBN\Maternal_auto_classification_train_deepethogram\DATA\CONT-2024-05-07_23-36-20\CONT-2024-05-07_23-36-20_outputs.h5. latent name: resnet18 output name: tgmj...
[2025-06-03 16:04:41,860] INFO [__main__.extract:196] running inference on D:\LBN\Maternal_auto_classification_train_deepethogram\DATA\CONT-2024-05-07_23-46-20\CONT-2024-05-07_23-46-20_outputs.h5. latent name: resnet18 output name: tgmj...
[2025-06-03 16:04:41,974] INFO [__main__.extract:196] running inference on D:\LBN\Maternal_auto_classification_train_deepethogram\DATA\CONT-2024-05-08_04-06-21\CONT-2024-05-08_04-06-21_outputs.h5. latent name: resnet18 output name: tgmj...
[2025-06-03 16:04:42,092] INFO [__main__.extract:196] running inference on D:\LBN\Maternal_auto_classification_train_deepethogram\DATA\CONT-2024-05-08_04-16-21\CONT-2024-05-08_04-16-21_outputs.h5. latent name: resnet18 output name: tgmj...
[2025-06-03 16:04:42,172] INFO [__main__.extract:196] running inference on D:\LBN\Maternal_auto_classification_train_deepethogram\DATA\CONT-2024-05-08_04-46-21\CONT-2024-05-08_04-46-21_outputs.h5. latent name: resnet18 output name: tgmj...
[2025-06-03 16:04:42,296] INFO [__main__.extract:196] running inference on D:\LBN\Maternal_auto_classification_train_deepethogram\DATA\CONT-2024-05-08_05-06-21\CONT-2024-05-08_05-06-21_outputs.h5. latent name: resnet18 output name: tgmj...
[2025-06-03 16:04:42,393] INFO [__main__.extract:196] running inference on D:\LBN\Maternal_auto_classification_train_deepethogram\DATA\CONT-2024-05-08_06-36-21\CONT-2024-05-08_06-36-21_outputs.h5. latent name: resnet18 output name: tgmj...
[2025-06-03 16:04:42,495] INFO [__main__.extract:196] running inference on D:\LBN\Maternal_auto_classification_train_deepethogram\DATA\CONT-2024-05-08_22-06-23\CONT-2024-05-08_22-06-23_outputs.h5. latent name: resnet18 output name: tgmj...
[2025-06-03 16:04:42,595] INFO [__main__.extract:196] running inference on D:\LBN\Maternal_auto_classification_train_deepethogram\DATA\CONT-2024-05-08_23-46-23\CONT-2024-05-08_23-46-23_outputs.h5. latent name: resnet18 output name: tgmj...
[2025-06-03 16:04:42,697] INFO [__main__.extract:196] running inference on D:\LBN\Maternal_auto_classification_train_deepethogram\DATA\CONT-2024-05-09_05-16-23\CONT-2024-05-09_05-16-23_outputs.h5. latent name: resnet18 output name: tgmj...
[2025-06-03 16:04:42,781] INFO [__main__.extract:196] running inference on D:\LBN\Maternal_auto_classification_train_deepethogram\DATA\CONT-2024-05-09_06-56-23\CONT-2024-05-09_06-56-23_outputs.h5. latent name: resnet18 output name: tgmj...
[2025-06-03 16:04:42,899] INFO [__main__.extract:196] running inference on D:\LBN\Maternal_auto_classification_train_deepethogram\DATA\Cage1-LBN-2024-08-30_20-14-40\Cage1-LBN-2024-08-30_20-14-40_outputs.h5. latent name: resnet18 output name: tgmj...
[2025-06-03 16:04:42,989] INFO [__main__.extract:196] running inference on D:\LBN\Maternal_auto_classification_train_deepethogram\DATA\Cage1-LBN-2024-08-30_20-24-40\Cage1-LBN-2024-08-30_20-24-40_outputs.h5. latent name: resnet18 output name: tgmj...
[2025-06-03 16:04:43,063] INFO [__main__.extract:196] running inference on D:\LBN\Maternal_auto_classification_train_deepethogram\DATA\Cage1-LBN-2024-08-30_20-34-40\Cage1-LBN-2024-08-30_20-34-40_outputs.h5. latent name: resnet18 output name: tgmj...
[2025-06-03 16:04:43,146] INFO [__main__.extract:196] running inference on D:\LBN\Maternal_auto_classification_train_deepethogram\DATA\Cage1-LBN-2024-08-30_21-44-40\Cage1-LBN-2024-08-30_21-44-40_outputs.h5. latent name: resnet18 output name: tgmj...
[2025-06-03 16:04:43,219] INFO [__main__.extract:196] running inference on D:\LBN\Maternal_auto_classification_train_deepethogram\DATA\Cage1-LBN-2024-08-30_21-44-40_blur\Cage1-LBN-2024-08-30_21-44-40_blur_outputs.h5. latent name: resnet18 output name: tgmj...
[2025-06-03 16:04:43,313] INFO [__main__.extract:196] running inference on D:\LBN\Maternal_auto_classification_train_deepethogram\DATA\Cage1-LBN-2024-08-30_21-44-40_bright_contrast\Cage1-LBN-2024-08-30_21-44-40_bright_contrast_outputs.h5. latent name: resnet18 output name: tgmj...
[2025-06-03 16:04:43,419] INFO [__main__.extract:196] running inference on D:\LBN\Maternal_auto_classification_train_deepethogram\DATA\Cage1-LBN-2024-08-30_21-44-40_combo123\Cage1-LBN-2024-08-30_21-44-40_combo123_outputs.h5. latent name: resnet18 output name: tgmj...
[2025-06-03 16:04:43,516] INFO [__main__.extract:196] running inference on D:\LBN\Maternal_auto_classification_train_deepethogram\DATA\Cage1-LBN-2024-08-30_21-44-40_combo124\Cage1-LBN-2024-08-30_21-44-40_combo124_outputs.h5. latent name: resnet18 output name: tgmj...
[2025-06-03 16:04:43,626] INFO [__main__.extract:196] running inference on D:\LBN\Maternal_auto_classification_train_deepethogram\DATA\Cage1-LBN-2024-08-30_21-44-40_combo234\Cage1-LBN-2024-08-30_21-44-40_combo234_outputs.h5. latent name: resnet18 output name: tgmj...
[2025-06-03 16:04:43,737] INFO [__main__.extract:196] running inference on D:\LBN\Maternal_auto_classification_train_deepethogram\DATA\Cage1-LBN-2024-08-30_21-44-40_flip\Cage1-LBN-2024-08-30_21-44-40_flip_outputs.h5. latent name: resnet18 output name: tgmj...
[2025-06-03 16:04:43,847] INFO [__main__.extract:196] running inference on D:\LBN\Maternal_auto_classification_train_deepethogram\DATA\Cage1-LBN-2024-08-30_21-44-40_zoom_crop\Cage1-LBN-2024-08-30_21-44-40_zoom_crop_outputs.h5. latent name: resnet18 output name: tgmj...
[2025-06-03 16:04:43,976] INFO [__main__.extract:196] running inference on D:\LBN\Maternal_auto_classification_train_deepethogram\DATA\Cage1-LBN-2024-08-30_22-14-40\Cage1-LBN-2024-08-30_22-14-40_outputs.h5. latent name: resnet18 output name: tgmj...
[2025-06-03 16:04:44,098] INFO [__main__.extract:196] running inference on D:\LBN\Maternal_auto_classification_train_deepethogram\DATA\Cage1-LBN-2024-08-30_22-14-40_blur\Cage1-LBN-2024-08-30_22-14-40_blur_outputs.h5. latent name: resnet18 output name: tgmj...
[2025-06-03 16:04:44,221] INFO [__main__.extract:196] running inference on D:\LBN\Maternal_auto_classification_train_deepethogram\DATA\Cage1-LBN-2024-08-30_22-14-40_bright_contrast\Cage1-LBN-2024-08-30_22-14-40_bright_contrast_outputs.h5. latent name: resnet18 output name: tgmj...
[2025-06-03 16:04:44,424] INFO [__main__.extract:196] running inference on D:\LBN\Maternal_auto_classification_train_deepethogram\DATA\Cage1-LBN-2024-08-30_22-14-40_combo123\Cage1-LBN-2024-08-30_22-14-40_combo123_outputs.h5. latent name: resnet18 output name: tgmj...
[2025-06-03 16:04:44,562] INFO [__main__.extract:196] running inference on D:\LBN\Maternal_auto_classification_train_deepethogram\DATA\Cage1-LBN-2024-08-30_22-14-40_combo124\Cage1-LBN-2024-08-30_22-14-40_combo124_outputs.h5. latent name: resnet18 output name: tgmj...
[2025-06-03 16:04:44,686] INFO [__main__.extract:196] running inference on D:\LBN\Maternal_auto_classification_train_deepethogram\DATA\Cage1-LBN-2024-08-30_22-14-40_combo234\Cage1-LBN-2024-08-30_22-14-40_combo234_outputs.h5. latent name: resnet18 output name: tgmj...
[2025-06-03 16:04:44,798] INFO [__main__.extract:196] running inference on D:\LBN\Maternal_auto_classification_train_deepethogram\DATA\Cage1-LBN-2024-08-30_22-14-40_flip\Cage1-LBN-2024-08-30_22-14-40_flip_outputs.h5. latent name: resnet18 output name: tgmj...
[2025-06-03 16:04:44,922] INFO [__main__.extract:196] running inference on D:\LBN\Maternal_auto_classification_train_deepethogram\DATA\Cage1-LBN-2024-08-30_22-14-40_zoom_crop\Cage1-LBN-2024-08-30_22-14-40_zoom_crop_outputs.h5. latent name: resnet18 output name: tgmj...
[2025-06-03 16:04:45,061] INFO [__main__.extract:196] running inference on D:\LBN\Maternal_auto_classification_train_deepethogram\DATA\Cage1-LBN-2024-08-30_22-54-40\Cage1-LBN-2024-08-30_22-54-40_outputs.h5. latent name: resnet18 output name: tgmj...
[2025-06-03 16:04:45,187] INFO [__main__.extract:196] running inference on D:\LBN\Maternal_auto_classification_train_deepethogram\DATA\Cage1-LBN-2024-08-30_23-24-40\Cage1-LBN-2024-08-30_23-24-40_outputs.h5. latent name: resnet18 output name: tgmj...
[2025-06-03 16:04:45,314] INFO [__main__.extract:196] running inference on D:\LBN\Maternal_auto_classification_train_deepethogram\DATA\Cage1-LBN-2024-08-31_04-44-40\Cage1-LBN-2024-08-31_04-44-40_outputs.h5. latent name: resnet18 output name: tgmj...
[2025-06-03 16:04:45,433] INFO [__main__.extract:196] running inference on D:\LBN\Maternal_auto_classification_train_deepethogram\DATA\Cage1-LBN-2024-08-31_05-04-40\Cage1-LBN-2024-08-31_05-04-40_outputs.h5. latent name: resnet18 output name: tgmj...
[2025-06-03 16:04:45,553] INFO [__main__.extract:196] running inference on D:\LBN\Maternal_auto_classification_train_deepethogram\DATA\Cage1-LBN-2024-08-31_05-24-40\Cage1-LBN-2024-08-31_05-24-40_outputs.h5. latent name: resnet18 output name: tgmj...
[2025-06-03 16:04:45,678] INFO [__main__.extract:196] running inference on D:\LBN\Maternal_auto_classification_train_deepethogram\DATA\Cage1-LBN-2024-08-31_07-14-40\Cage1-LBN-2024-08-31_07-14-40_outputs.h5. latent name: resnet18 output name: tgmj...
[2025-06-03 16:04:45,796] INFO [__main__.extract:196] running inference on D:\LBN\Maternal_auto_classification_train_deepethogram\DATA\Cage1-LBN-2024-09-03_22-21-56\Cage1-LBN-2024-09-03_22-21-56_outputs.h5. latent name: resnet18 output name: tgmj...
[2025-06-03 16:04:45,914] INFO [__main__.extract:196] running inference on D:\LBN\Maternal_auto_classification_train_deepethogram\DATA\Cage1-LBN-2024-09-03_23-41-56\Cage1-LBN-2024-09-03_23-41-56_outputs.h5. latent name: resnet18 output name: tgmj...
[2025-06-03 16:04:46,030] INFO [__main__.extract:196] running inference on D:\LBN\Maternal_auto_classification_train_deepethogram\DATA\Cage2-LBN-2024-12-08_20-38-34\Cage2-LBN-2024-12-08_20-38-34_outputs.h5. latent name: resnet18 output name: tgmj...
[2025-06-03 16:04:46,148] INFO [__main__.extract:196] running inference on D:\LBN\Maternal_auto_classification_train_deepethogram\DATA\Cage2-LBN-2024-12-08_22-48-35\Cage2-LBN-2024-12-08_22-48-35_outputs.h5. latent name: resnet18 output name: tgmj...
[2025-06-03 16:04:46,252] INFO [__main__.extract:196] running inference on D:\LBN\Maternal_auto_classification_train_deepethogram\DATA\Cage2-LBN-2024-12-08_22-58-35\Cage2-LBN-2024-12-08_22-58-35_outputs.h5. latent name: resnet18 output name: tgmj...
[2025-06-03 16:04:46,372] INFO [__main__.extract:196] running inference on D:\LBN\Maternal_auto_classification_train_deepethogram\DATA\Cage2-LBN-2024-12-08_22-58-35_blur\Cage2-LBN-2024-12-08_22-58-35_blur_outputs.h5. latent name: resnet18 output name: tgmj...
[2025-06-03 16:04:46,494] INFO [__main__.extract:196] running inference on D:\LBN\Maternal_auto_classification_train_deepethogram\DATA\Cage2-LBN-2024-12-08_22-58-35_bright_contrast\Cage2-LBN-2024-12-08_22-58-35_bright_contrast_outputs.h5. latent name: resnet18 output name: tgmj...
[2025-06-03 16:04:46,615] INFO [__main__.extract:196] running inference on D:\LBN\Maternal_auto_classification_train_deepethogram\DATA\Cage2-LBN-2024-12-08_22-58-35_combo123\Cage2-LBN-2024-12-08_22-58-35_combo123_outputs.h5. latent name: resnet18 output name: tgmj...
[2025-06-03 16:04:46,747] INFO [__main__.extract:196] running inference on D:\LBN\Maternal_auto_classification_train_deepethogram\DATA\Cage2-LBN-2024-12-08_22-58-35_combo124\Cage2-LBN-2024-12-08_22-58-35_combo124_outputs.h5. latent name: resnet18 output name: tgmj...
[2025-06-03 16:04:46,866] INFO [__main__.extract:196] running inference on D:\LBN\Maternal_auto_classification_train_deepethogram\DATA\Cage2-LBN-2024-12-08_22-58-35_combo234\Cage2-LBN-2024-12-08_22-58-35_combo234_outputs.h5. latent name: resnet18 output name: tgmj...
[2025-06-03 16:04:47,005] INFO [__main__.extract:196] running inference on D:\LBN\Maternal_auto_classification_train_deepethogram\DATA\Cage2-LBN-2024-12-08_22-58-35_flip\Cage2-LBN-2024-12-08_22-58-35_flip_outputs.h5. latent name: resnet18 output name: tgmj...
[2025-06-03 16:04:47,131] INFO [__main__.extract:196] running inference on D:\LBN\Maternal_auto_classification_train_deepethogram\DATA\Cage2-LBN-2024-12-08_22-58-35_zoom_crop\Cage2-LBN-2024-12-08_22-58-35_zoom_crop_outputs.h5. latent name: resnet18 output name: tgmj...
[2025-06-03 16:04:47,254] INFO [__main__.extract:196] running inference on D:\LBN\Maternal_auto_classification_train_deepethogram\DATA\Cage2-LBN-2024-12-09_05-48-35\Cage2-LBN-2024-12-09_05-48-35_outputs.h5. latent name: resnet18 output name: tgmj...
[2025-06-03 16:04:47,382] INFO [__main__.extract:196] running inference on D:\LBN\Maternal_auto_classification_train_deepethogram\DATA\Cage2-LBN-2024-12-09_07-08-35\Cage2-LBN-2024-12-09_07-08-35_outputs.h5. latent name: resnet18 output name: tgmj...
[2025-06-03 16:04:47,501] INFO [__main__.extract:196] running inference on D:\LBN\Maternal_auto_classification_train_deepethogram\DATA\Cage2-LBN-2024-12-09_20-48-38\Cage2-LBN-2024-12-09_20-48-38_outputs.h5. latent name: resnet18 output name: tgmj...
[2025-06-03 16:04:47,619] INFO [__main__.extract:196] running inference on D:\LBN\Maternal_auto_classification_train_deepethogram\DATA\Cage2-LBN-2024-12-09_21-48-38\Cage2-LBN-2024-12-09_21-48-38_outputs.h5. latent name: resnet18 output name: tgmj...
[2025-06-03 16:04:47,738] INFO [__main__.extract:196] running inference on D:\LBN\Maternal_auto_classification_train_deepethogram\DATA\Cage6-CONT-2024-12-12_20-02-17\Cage6-CONT-2024-12-12_20-02-17_outputs.h5. latent name: resnet18 output name: tgmj...
[2025-06-03 16:04:47,875] INFO [__main__.extract:196] running inference on D:\LBN\Maternal_auto_classification_train_deepethogram\DATA\Cage6-CONT-2024-12-12_20-12-17\Cage6-CONT-2024-12-12_20-12-17_outputs.h5. latent name: resnet18 output name: tgmj...
[2025-06-03 16:04:48,044] INFO [__main__.extract:196] running inference on D:\LBN\Maternal_auto_classification_train_deepethogram\DATA\Cage6-CONT-2024-12-12_20-22-17\Cage6-CONT-2024-12-12_20-22-17_outputs.h5. latent name: resnet18 output name: tgmj...
[2025-06-03 16:04:48,184] INFO [__main__.extract:196] running inference on D:\LBN\Maternal_auto_classification_train_deepethogram\DATA\Cage6-CONT-2024-12-12_20-32-17\Cage6-CONT-2024-12-12_20-32-17_outputs.h5. latent name: resnet18 output name: tgmj...
[2025-06-03 16:04:48,327] INFO [__main__.extract:196] running inference on D:\LBN\Maternal_auto_classification_train_deepethogram\DATA\Cage6-CONT-2024-12-12_20-42-17\Cage6-CONT-2024-12-12_20-42-17_outputs.h5. latent name: resnet18 output name: tgmj...
[2025-06-03 16:04:48,476] INFO [__main__.extract:196] running inference on D:\LBN\Maternal_auto_classification_train_deepethogram\DATA\Cage6-CONT-2024-12-12_20-52-17\Cage6-CONT-2024-12-12_20-52-17_outputs.h5. latent name: resnet18 output name: tgmj...
[2025-06-03 16:04:48,620] INFO [__main__.extract:196] running inference on D:\LBN\Maternal_auto_classification_train_deepethogram\DATA\Cage6-CONT-2024-12-12_21-02-17\Cage6-CONT-2024-12-12_21-02-17_outputs.h5. latent name: resnet18 output name: tgmj...
[2025-06-03 16:04:48,761] INFO [__main__.extract:196] running inference on D:\LBN\Maternal_auto_classification_train_deepethogram\DATA\Cage6-CONT-2024-12-12_21-12-17\Cage6-CONT-2024-12-12_21-12-17_outputs.h5. latent name: resnet18 output name: tgmj...
[2025-06-03 16:04:48,903] INFO [__main__.extract:196] running inference on D:\LBN\Maternal_auto_classification_train_deepethogram\DATA\Cage6-CONT-2024-12-12_21-22-17\Cage6-CONT-2024-12-12_21-22-17_outputs.h5. latent name: resnet18 output name: tgmj...
[2025-06-03 16:04:49,045] INFO [__main__.extract:196] running inference on D:\LBN\Maternal_auto_classification_train_deepethogram\DATA\Cage6-CONT-2024-12-12_21-32-17\Cage6-CONT-2024-12-12_21-32-17_outputs.h5. latent name: resnet18 output name: tgmj...
[2025-06-03 16:04:49,189] INFO [__main__.extract:196] running inference on D:\LBN\Maternal_auto_classification_train_deepethogram\DATA\Cage6-CONT-2024-12-12_21-42-17\Cage6-CONT-2024-12-12_21-42-17_outputs.h5. latent name: resnet18 output name: tgmj...
[2025-06-03 16:04:49,318] INFO [__main__.extract:196] running inference on D:\LBN\Maternal_auto_classification_train_deepethogram\DATA\Cage6-CONT-2024-12-12_21-52-17\Cage6-CONT-2024-12-12_21-52-17_outputs.h5. latent name: resnet18 output name: tgmj...
[2025-06-03 16:04:49,464] INFO [__main__.extract:196] running inference on D:\LBN\Maternal_auto_classification_train_deepethogram\DATA\Cage6-CONT-2024-12-12_22-02-17\Cage6-CONT-2024-12-12_22-02-17_outputs.h5. latent name: resnet18 output name: tgmj...
[2025-06-03 16:04:49,606] INFO [__main__.extract:196] running inference on D:\LBN\Maternal_auto_classification_train_deepethogram\DATA\Cage6-CONT-2024-12-12_22-12-17\Cage6-CONT-2024-12-12_22-12-17_outputs.h5. latent name: resnet18 output name: tgmj...
[2025-06-03 16:04:49,756] INFO [__main__.extract:196] running inference on D:\LBN\Maternal_auto_classification_train_deepethogram\DATA\Cage6-CONT-2024-12-12_22-22-17\Cage6-CONT-2024-12-12_22-22-17_outputs.h5. latent name: resnet18 output name: tgmj...
[2025-06-03 16:04:49,898] INFO [__main__.extract:196] running inference on D:\LBN\Maternal_auto_classification_train_deepethogram\DATA\Cage6-CONT-2024-12-12_22-32-17\Cage6-CONT-2024-12-12_22-32-17_outputs.h5. latent name: resnet18 output name: tgmj...
[2025-06-03 16:04:50,045] INFO [__main__.extract:196] running inference on D:\LBN\Maternal_auto_classification_train_deepethogram\DATA\Cage6-CONT-2024-12-12_22-42-17\Cage6-CONT-2024-12-12_22-42-17_outputs.h5. latent name: resnet18 output name: tgmj...
[2025-06-03 16:04:50,175] INFO [__main__.extract:196] running inference on D:\LBN\Maternal_auto_classification_train_deepethogram\DATA\Cage6-CONT-2024-12-12_22-52-17\Cage6-CONT-2024-12-12_22-52-17_outputs.h5. latent name: resnet18 output name: tgmj...
[2025-06-03 16:04:50,313] INFO [__main__.extract:196] running inference on D:\LBN\Maternal_auto_classification_train_deepethogram\DATA\Cage6-CONT-2024-12-12_23-02-17\Cage6-CONT-2024-12-12_23-02-17_outputs.h5. latent name: resnet18 output name: tgmj...
[2025-06-03 16:04:50,458] INFO [__main__.extract:196] running inference on D:\LBN\Maternal_auto_classification_train_deepethogram\DATA\Cage6-CONT-2024-12-12_23-12-17\Cage6-CONT-2024-12-12_23-12-17_outputs.h5. latent name: resnet18 output name: tgmj...
[2025-06-03 16:04:50,609] INFO [__main__.extract:196] running inference on D:\LBN\Maternal_auto_classification_train_deepethogram\DATA\Cage6-CONT-2024-12-12_23-22-17\Cage6-CONT-2024-12-12_23-22-17_outputs.h5. latent name: resnet18 output name: tgmj...
[2025-06-03 16:04:50,732] INFO [__main__.extract:196] running inference on D:\LBN\Maternal_auto_classification_train_deepethogram\DATA\Cage6-CONT-2024-12-12_23-32-17\Cage6-CONT-2024-12-12_23-32-17_outputs.h5. latent name: resnet18 output name: tgmj...
[2025-06-03 16:04:50,871] INFO [__main__.extract:196] running inference on D:\LBN\Maternal_auto_classification_train_deepethogram\DATA\Cage6-CONT-2024-12-12_23-42-17\Cage6-CONT-2024-12-12_23-42-17_outputs.h5. latent name: resnet18 output name: tgmj...
[2025-06-03 16:04:51,028] INFO [__main__.extract:196] running inference on D:\LBN\Maternal_auto_classification_train_deepethogram\DATA\Cage6-CONT-2024-12-12_23-52-17\Cage6-CONT-2024-12-12_23-52-17_outputs.h5. latent name: resnet18 output name: tgmj...
[2025-06-03 16:04:51,177] INFO [__main__.extract:196] running inference on D:\LBN\Maternal_auto_classification_train_deepethogram\DATA\Cage6-CONT-2024-12-13_00-02-17\Cage6-CONT-2024-12-13_00-02-17_outputs.h5. latent name: resnet18 output name: tgmj...
[2025-06-03 16:04:51,308] INFO [__main__.extract:196] running inference on D:\LBN\Maternal_auto_classification_train_deepethogram\DATA\Cage6-CONT-2024-12-13_04-02-17\Cage6-CONT-2024-12-13_04-02-17_outputs.h5. latent name: resnet18 output name: tgmj...
[2025-06-03 16:04:51,429] INFO [__main__.extract:196] running inference on D:\LBN\Maternal_auto_classification_train_deepethogram\DATA\Cage6-CONT-2024-12-13_04-12-17\Cage6-CONT-2024-12-13_04-12-17_outputs.h5. latent name: resnet18 output name: tgmj...
[2025-06-03 16:04:51,558] INFO [__main__.extract:196] running inference on D:\LBN\Maternal_auto_classification_train_deepethogram\DATA\Cage6-CONT-2024-12-13_04-22-17\Cage6-CONT-2024-12-13_04-22-17_outputs.h5. latent name: resnet18 output name: tgmj...
[2025-06-03 16:04:51,686] INFO [__main__.extract:196] running inference on D:\LBN\Maternal_auto_classification_train_deepethogram\DATA\Cage6-CONT-2024-12-13_04-32-17\Cage6-CONT-2024-12-13_04-32-17_outputs.h5. latent name: resnet18 output name: tgmj...
[2025-06-03 16:04:51,804] INFO [__main__.extract:196] running inference on D:\LBN\Maternal_auto_classification_train_deepethogram\DATA\Cage6-CONT-2024-12-13_04-42-17\Cage6-CONT-2024-12-13_04-42-17_outputs.h5. latent name: resnet18 output name: tgmj...
[2025-06-03 16:04:51,967] INFO [__main__.extract:196] running inference on D:\LBN\Maternal_auto_classification_train_deepethogram\DATA\Cage6-CONT-2024-12-13_04-52-17\Cage6-CONT-2024-12-13_04-52-17_outputs.h5. latent name: resnet18 output name: tgmj...
[2025-06-03 16:04:52,110] INFO [__main__.extract:196] running inference on D:\LBN\Maternal_auto_classification_train_deepethogram\DATA\Cage6-CONT-2024-12-13_05-02-17\Cage6-CONT-2024-12-13_05-02-17_outputs.h5. latent name: resnet18 output name: tgmj...
[2025-06-03 16:04:52,251] INFO [__main__.extract:196] running inference on D:\LBN\Maternal_auto_classification_train_deepethogram\DATA\Cage6-CONT-2024-12-13_05-12-17\Cage6-CONT-2024-12-13_05-12-17_outputs.h5. latent name: resnet18 output name: tgmj...
[2025-06-03 16:04:52,374] INFO [__main__.extract:196] running inference on D:\LBN\Maternal_auto_classification_train_deepethogram\DATA\Cage6-CONT-2024-12-13_05-22-17\Cage6-CONT-2024-12-13_05-22-17_outputs.h5. latent name: resnet18 output name: tgmj...
[2025-06-03 16:04:52,511] INFO [__main__.extract:196] running inference on D:\LBN\Maternal_auto_classification_train_deepethogram\DATA\Cage6-CONT-2024-12-13_05-32-17\Cage6-CONT-2024-12-13_05-32-17_outputs.h5. latent name: resnet18 output name: tgmj...
[2025-06-03 16:04:52,652] INFO [__main__.extract:196] running inference on D:\LBN\Maternal_auto_classification_train_deepethogram\DATA\Cage6-CONT-2024-12-13_05-42-17\Cage6-CONT-2024-12-13_05-42-17_outputs.h5. latent name: resnet18 output name: tgmj...
[2025-06-03 16:04:52,794] INFO [__main__.extract:196] running inference on D:\LBN\Maternal_auto_classification_train_deepethogram\DATA\Cage6-CONT-2024-12-13_05-52-17\Cage6-CONT-2024-12-13_05-52-17_outputs.h5. latent name: resnet18 output name: tgmj...
[2025-06-03 16:04:52,934] INFO [__main__.extract:196] running inference on D:\LBN\Maternal_auto_classification_train_deepethogram\DATA\CageA-LBN-2024-07-05_20-03-20\CageA-LBN-2024-07-05_20-03-20_outputs.h5. latent name: resnet18 output name: tgmj...
[2025-06-03 16:04:53,056] INFO [__main__.extract:196] running inference on D:\LBN\Maternal_auto_classification_train_deepethogram\DATA\CageA-LBN-2024-07-05_20-23-20\CageA-LBN-2024-07-05_20-23-20_outputs.h5. latent name: resnet18 output name: tgmj...
[2025-06-03 16:04:53,175] INFO [__main__.extract:196] running inference on D:\LBN\Maternal_auto_classification_train_deepethogram\DATA\CageA-LBN-2024-07-05_20-33-20\CageA-LBN-2024-07-05_20-33-20_outputs.h5. latent name: resnet18 output name: tgmj...
[2025-06-03 16:04:53,303] INFO [__main__.extract:196] running inference on D:\LBN\Maternal_auto_classification_train_deepethogram\DATA\CageA-LBN-2024-07-05_20-43-20\CageA-LBN-2024-07-05_20-43-20_outputs.h5. latent name: resnet18 output name: tgmj...
[2025-06-03 16:04:53,425] INFO [__main__.extract:196] running inference on D:\LBN\Maternal_auto_classification_train_deepethogram\DATA\CageA-LBN-2024-07-05_20-53-20\CageA-LBN-2024-07-05_20-53-20_outputs.h5. latent name: resnet18 output name: tgmj...
[2025-06-03 16:04:53,545] INFO [__main__.extract:196] running inference on D:\LBN\Maternal_auto_classification_train_deepethogram\DATA\CageA-LBN-2024-07-05_21-03-20\CageA-LBN-2024-07-05_21-03-20_outputs.h5. latent name: resnet18 output name: tgmj...
[2025-06-03 16:04:53,668] INFO [__main__.extract:196] running inference on D:\LBN\Maternal_auto_classification_train_deepethogram\DATA\CageA-LBN-2024-07-05_21-13-20\CageA-LBN-2024-07-05_21-13-20_outputs.h5. latent name: resnet18 output name: tgmj...
[2025-06-03 16:04:53,797] INFO [__main__.extract:196] running inference on D:\LBN\Maternal_auto_classification_train_deepethogram\DATA\CageA-LBN-2024-07-05_21-23-20\CageA-LBN-2024-07-05_21-23-20_outputs.h5. latent name: resnet18 output name: tgmj...
[2025-06-03 16:04:53,916] INFO [__main__.extract:196] running inference on D:\LBN\Maternal_auto_classification_train_deepethogram\DATA\CageA-LBN-2024-07-05_21-33-20\CageA-LBN-2024-07-05_21-33-20_outputs.h5. latent name: resnet18 output name: tgmj...
[2025-06-03 16:04:54,041] INFO [__main__.extract:196] running inference on D:\LBN\Maternal_auto_classification_train_deepethogram\DATA\CageA-LBN-2024-07-05_21-43-20\CageA-LBN-2024-07-05_21-43-20_outputs.h5. latent name: resnet18 output name: tgmj...
[2025-06-03 16:04:54,172] INFO [__main__.extract:196] running inference on D:\LBN\Maternal_auto_classification_train_deepethogram\DATA\CageA-LBN-2024-07-05_21-53-20\CageA-LBN-2024-07-05_21-53-20_outputs.h5. latent name: resnet18 output name: tgmj...
[2025-06-03 16:04:54,303] INFO [__main__.extract:196] running inference on D:\LBN\Maternal_auto_classification_train_deepethogram\DATA\CageA-LBN-2024-07-05_22-03-20\CageA-LBN-2024-07-05_22-03-20_outputs.h5. latent name: resnet18 output name: tgmj...
[2025-06-03 16:04:54,435] INFO [__main__.extract:196] running inference on D:\LBN\Maternal_auto_classification_train_deepethogram\DATA\CageA-LBN-2024-07-05_22-13-20\CageA-LBN-2024-07-05_22-13-20_outputs.h5. latent name: resnet18 output name: tgmj...
[2025-06-03 16:04:54,552] INFO [__main__.extract:196] running inference on D:\LBN\Maternal_auto_classification_train_deepethogram\DATA\CageA-LBN-2024-07-05_22-23-20\CageA-LBN-2024-07-05_22-23-20_outputs.h5. latent name: resnet18 output name: tgmj...
[2025-06-03 16:04:54,687] INFO [__main__.extract:196] running inference on D:\LBN\Maternal_auto_classification_train_deepethogram\DATA\CageA-LBN-2024-07-05_22-33-20\CageA-LBN-2024-07-05_22-33-20_outputs.h5. latent name: resnet18 output name: tgmj...
[2025-06-03 16:04:54,805] INFO [__main__.extract:196] running inference on D:\LBN\Maternal_auto_classification_train_deepethogram\DATA\CageA-LBN-2024-07-05_22-43-20\CageA-LBN-2024-07-05_22-43-20_outputs.h5. latent name: resnet18 output name: tgmj...
[2025-06-03 16:04:54,905] INFO [__main__.extract:196] running inference on D:\LBN\Maternal_auto_classification_train_deepethogram\DATA\CageA-LBN-2024-07-05_22-53-20\CageA-LBN-2024-07-05_22-53-20_outputs.h5. latent name: resnet18 output name: tgmj...
[2025-06-03 16:04:55,025] INFO [__main__.extract:196] running inference on D:\LBN\Maternal_auto_classification_train_deepethogram\DATA\CageA-LBN-2024-07-05_23-03-20\CageA-LBN-2024-07-05_23-03-20_outputs.h5. latent name: resnet18 output name: tgmj...
[2025-06-03 16:04:55,147] INFO [__main__.extract:196] running inference on D:\LBN\Maternal_auto_classification_train_deepethogram\DATA\CageA-LBN-2024-07-05_23-13-20\CageA-LBN-2024-07-05_23-13-20_outputs.h5. latent name: resnet18 output name: tgmj...
[2025-06-03 16:04:55,273] INFO [__main__.extract:196] running inference on D:\LBN\Maternal_auto_classification_train_deepethogram\DATA\CageA-LBN-2024-07-05_23-23-20\CageA-LBN-2024-07-05_23-23-20_outputs.h5. latent name: resnet18 output name: tgmj...
[2025-06-03 16:04:55,399] INFO [__main__.extract:196] running inference on D:\LBN\Maternal_auto_classification_train_deepethogram\DATA\CageA-LBN-2024-07-05_23-33-20\CageA-LBN-2024-07-05_23-33-20_outputs.h5. latent name: resnet18 output name: tgmj...
[2025-06-03 16:04:55,522] INFO [__main__.extract:196] running inference on D:\LBN\Maternal_auto_classification_train_deepethogram\DATA\CageA-LBN-2024-07-05_23-43-20\CageA-LBN-2024-07-05_23-43-20_outputs.h5. latent name: resnet18 output name: tgmj...
[2025-06-03 16:04:55,646] INFO [__main__.extract:196] running inference on D:\LBN\Maternal_auto_classification_train_deepethogram\DATA\CageA-LBN-2024-07-05_23-53-20\CageA-LBN-2024-07-05_23-53-20_outputs.h5. latent name: resnet18 output name: tgmj...
[2025-06-03 16:04:55,744] INFO [__main__.extract:196] running inference on D:\LBN\Maternal_auto_classification_train_deepethogram\DATA\CageA-LBN-2024-07-06_04-03-20\CageA-LBN-2024-07-06_04-03-20_outputs.h5. latent name: resnet18 output name: tgmj...
[2025-06-03 16:04:55,886] INFO [__main__.extract:196] running inference on D:\LBN\Maternal_auto_classification_train_deepethogram\DATA\CageA-LBN-2024-07-06_04-13-20\CageA-LBN-2024-07-06_04-13-20_outputs.h5. latent name: resnet18 output name: tgmj...
[2025-06-03 16:04:56,003] INFO [__main__.extract:196] running inference on D:\LBN\Maternal_auto_classification_train_deepethogram\DATA\CageA-LBN-2024-07-06_04-23-20\CageA-LBN-2024-07-06_04-23-20_outputs.h5. latent name: resnet18 output name: tgmj...
[2025-06-03 16:04:56,143] INFO [__main__.extract:196] running inference on D:\LBN\Maternal_auto_classification_train_deepethogram\DATA\CageA-LBN-2024-07-06_04-33-20\CageA-LBN-2024-07-06_04-33-20_outputs.h5. latent name: resnet18 output name: tgmj...
[2025-06-03 16:04:56,262] INFO [__main__.extract:196] running inference on D:\LBN\Maternal_auto_classification_train_deepethogram\DATA\CageA-LBN-2024-07-06_04-43-20\CageA-LBN-2024-07-06_04-43-20_outputs.h5. latent name: resnet18 output name: tgmj...
[2025-06-03 16:04:56,379] INFO [__main__.extract:196] running inference on D:\LBN\Maternal_auto_classification_train_deepethogram\DATA\CageA-LBN-2024-07-06_04-53-20\CageA-LBN-2024-07-06_04-53-20_outputs.h5. latent name: resnet18 output name: tgmj...
[2025-06-03 16:04:56,475] INFO [__main__.extract:196] running inference on D:\LBN\Maternal_auto_classification_train_deepethogram\DATA\CageA-LBN-2024-07-06_05-03-20\CageA-LBN-2024-07-06_05-03-20_outputs.h5. latent name: resnet18 output name: tgmj...
[2025-06-03 16:04:56,596] INFO [__main__.extract:196] running inference on D:\LBN\Maternal_auto_classification_train_deepethogram\DATA\CageA-LBN-2024-07-06_05-13-20\CageA-LBN-2024-07-06_05-13-20_outputs.h5. latent name: resnet18 output name: tgmj...
[2025-06-03 16:04:56,711] INFO [__main__.extract:196] running inference on D:\LBN\Maternal_auto_classification_train_deepethogram\DATA\CageA-LBN-2024-07-06_05-23-20\CageA-LBN-2024-07-06_05-23-20_outputs.h5. latent name: resnet18 output name: tgmj...
[2025-06-03 16:04:56,833] INFO [__main__.extract:196] running inference on D:\LBN\Maternal_auto_classification_train_deepethogram\DATA\CageA-LBN-2024-07-06_05-33-20\CageA-LBN-2024-07-06_05-33-20_outputs.h5. latent name: resnet18 output name: tgmj...
[2025-06-03 16:04:56,955] INFO [__main__.extract:196] running inference on D:\LBN\Maternal_auto_classification_train_deepethogram\DATA\CageA-LBN-2024-07-06_05-33-20_blur\CageA-LBN-2024-07-06_05-33-20_blur_outputs.h5. latent name: resnet18 output name: tgmj...
[2025-06-03 16:04:57,080] INFO [__main__.extract:196] running inference on D:\LBN\Maternal_auto_classification_train_deepethogram\DATA\CageA-LBN-2024-07-06_05-33-20_bright_contrast\CageA-LBN-2024-07-06_05-33-20_bright_contrast_outputs.h5. latent name: resnet18 output name: tgmj...
[2025-06-03 16:04:57,207] INFO [__main__.extract:196] running inference on D:\LBN\Maternal_auto_classification_train_deepethogram\DATA\CageA-LBN-2024-07-06_05-33-20_combo123\CageA-LBN-2024-07-06_05-33-20_combo123_outputs.h5. latent name: resnet18 output name: tgmj...
[2025-06-03 16:04:57,335] INFO [__main__.extract:196] running inference on D:\LBN\Maternal_auto_classification_train_deepethogram\DATA\CageA-LBN-2024-07-06_05-33-20_combo124\CageA-LBN-2024-07-06_05-33-20_combo124_outputs.h5. latent name: resnet18 output name: tgmj...
[2025-06-03 16:04:57,454] INFO [__main__.extract:196] running inference on D:\LBN\Maternal_auto_classification_train_deepethogram\DATA\CageA-LBN-2024-07-06_05-33-20_combo234\CageA-LBN-2024-07-06_05-33-20_combo234_outputs.h5. latent name: resnet18 output name: tgmj...
[2025-06-03 16:04:57,577] INFO [__main__.extract:196] running inference on D:\LBN\Maternal_auto_classification_train_deepethogram\DATA\CageA-LBN-2024-07-06_05-33-20_flip\CageA-LBN-2024-07-06_05-33-20_flip_outputs.h5. latent name: resnet18 output name: tgmj...
[2025-06-03 16:04:57,699] INFO [__main__.extract:196] running inference on D:\LBN\Maternal_auto_classification_train_deepethogram\DATA\CageA-LBN-2024-07-06_05-33-20_zoom_crop\CageA-LBN-2024-07-06_05-33-20_zoom_crop_outputs.h5. latent name: resnet18 output name: tgmj...
[2025-06-03 16:04:57,822] INFO [__main__.extract:196] running inference on D:\LBN\Maternal_auto_classification_train_deepethogram\DATA\CageA-LBN-2024-07-06_05-43-20\CageA-LBN-2024-07-06_05-43-20_outputs.h5. latent name: resnet18 output name: tgmj...
[2025-06-03 16:04:57,937] INFO [__main__.extract:196] running inference on D:\LBN\Maternal_auto_classification_train_deepethogram\DATA\CageA-LBN-2024-07-06_05-53-21\CageA-LBN-2024-07-06_05-53-21_outputs.h5. latent name: resnet18 output name: tgmj...
[2025-06-03 16:04:58,060] INFO [__main__.extract:196] running inference on D:\LBN\Maternal_auto_classification_train_deepethogram\DATA\CageA-LBN-2024-07-06_06-03-21\CageA-LBN-2024-07-06_06-03-21_outputs.h5. latent name: resnet18 output name: tgmj...
[2025-06-03 16:04:58,184] INFO [__main__.extract:196] running inference on D:\LBN\Maternal_auto_classification_train_deepethogram\DATA\CageA-LBN-2024-07-06_06-13-21\CageA-LBN-2024-07-06_06-13-21_outputs.h5. latent name: resnet18 output name: tgmj...
[2025-06-03 16:04:58,311] INFO [__main__.extract:196] running inference on D:\LBN\Maternal_auto_classification_train_deepethogram\DATA\CageA-LBN-2024-07-06_06-23-21\CageA-LBN-2024-07-06_06-23-21_outputs.h5. latent name: resnet18 output name: tgmj...
[2025-06-03 16:04:58,436] INFO [__main__.extract:196] running inference on D:\LBN\Maternal_auto_classification_train_deepethogram\DATA\CageA-LBN-2024-07-06_06-33-21\CageA-LBN-2024-07-06_06-33-21_outputs.h5. latent name: resnet18 output name: tgmj...
[2025-06-03 16:04:58,538] INFO [__main__.extract:196] running inference on D:\LBN\Maternal_auto_classification_train_deepethogram\DATA\CageA-LBN-2024-07-06_06-43-21\CageA-LBN-2024-07-06_06-43-21_outputs.h5. latent name: resnet18 output name: tgmj...
[2025-06-03 16:04:58,652] INFO [__main__.extract:196] running inference on D:\LBN\Maternal_auto_classification_train_deepethogram\DATA\CageA-LBN-2024-07-06_06-53-21\CageA-LBN-2024-07-06_06-53-21_outputs.h5. latent name: resnet18 output name: tgmj...
[2025-06-03 16:04:58,769] INFO [__main__.extract:196] running inference on D:\LBN\Maternal_auto_classification_train_deepethogram\DATA\CageA-LBN-2024-07-06_07-03-21\CageA-LBN-2024-07-06_07-03-21_outputs.h5. latent name: resnet18 output name: tgmj...
[2025-06-03 16:04:58,865] INFO [__main__.extract:196] running inference on D:\LBN\Maternal_auto_classification_train_deepethogram\DATA\CageA-LBN-2024-07-06_07-13-21\CageA-LBN-2024-07-06_07-13-21_outputs.h5. latent name: resnet18 output name: tgmj...
[2025-06-03 16:04:58,987] INFO [__main__.extract:196] running inference on D:\LBN\Maternal_auto_classification_train_deepethogram\DATA\CageA-LBN-2024-07-06_07-23-21\CageA-LBN-2024-07-06_07-23-21_outputs.h5. latent name: resnet18 output name: tgmj...
[2025-06-03 16:04:59,106] INFO [__main__.extract:196] running inference on D:\LBN\Maternal_auto_classification_train_deepethogram\DATA\CageA-LBN-2024-07-06_07-33-21\CageA-LBN-2024-07-06_07-33-21_outputs.h5. latent name: resnet18 output name: tgmj...
[2025-06-03 16:04:59,204] INFO [__main__.extract:196] running inference on D:\LBN\Maternal_auto_classification_train_deepethogram\DATA\CageA-LBN-2024-07-06_20-14-42\CageA-LBN-2024-07-06_20-14-42_outputs.h5. latent name: resnet18 output name: tgmj...
[2025-06-03 16:04:59,320] INFO [__main__.extract:196] running inference on D:\LBN\Maternal_auto_classification_train_deepethogram\DATA\CageA-LBN-2024-07-06_21-54-42\CageA-LBN-2024-07-06_21-54-42_outputs.h5. latent name: resnet18 output name: tgmj...
[2025-06-03 16:04:59,442] INFO [__main__.extract:196] running inference on D:\LBN\Maternal_auto_classification_train_deepethogram\DATA\CageA-LBN-2024-07-06_22-24-42\CageA-LBN-2024-07-06_22-24-42_outputs.h5. latent name: resnet18 output name: tgmj...
[2025-06-03 16:04:59,568] INFO [__main__.extract:196] running inference on D:\LBN\Maternal_auto_classification_train_deepethogram\DATA\CageA-LBN-2024-07-06_23-04-42\CageA-LBN-2024-07-06_23-04-42_outputs.h5. latent name: resnet18 output name: tgmj...
[2025-06-03 16:04:59,688] INFO [__main__.extract:196] running inference on D:\LBN\Maternal_auto_classification_train_deepethogram\DATA\CageA-LBN-2024-07-06_23-14-42\CageA-LBN-2024-07-06_23-14-42_outputs.h5. latent name: resnet18 output name: tgmj...
[2025-06-03 16:04:59,807] INFO [__main__.extract:196] running inference on D:\LBN\Maternal_auto_classification_train_deepethogram\DATA\CageA-LBN-2024-07-07_04-54-43\CageA-LBN-2024-07-07_04-54-43_outputs.h5. latent name: resnet18 output name: tgmj...
[2025-06-03 16:04:59,920] INFO [__main__.extract:196] running inference on D:\LBN\Maternal_auto_classification_train_deepethogram\DATA\CageA-LBN-2024-07-07_05-44-43\CageA-LBN-2024-07-07_05-44-43_outputs.h5. latent name: resnet18 output name: tgmj...
[2025-06-03 16:05:00,043] INFO [__main__.extract:196] running inference on D:\LBN\Maternal_auto_classification_train_deepethogram\DATA\CageA-LBN-2024-07-07_06-14-43\CageA-LBN-2024-07-07_06-14-43_outputs.h5. latent name: resnet18 output name: tgmj...
[2025-06-03 16:05:00,164] INFO [__main__.extract:196] running inference on D:\LBN\Maternal_auto_classification_train_deepethogram\DATA\CageA-LBN-2024-07-07_06-44-43\CageA-LBN-2024-07-07_06-44-43_outputs.h5. latent name: resnet18 output name: tgmj...
[2025-06-03 16:05:00,288] INFO [__main__.extract:196] running inference on D:\LBN\Maternal_auto_classification_train_deepethogram\DATA\CageA-LBN-2024-07-07_06-54-43\CageA-LBN-2024-07-07_06-54-43_outputs.h5. latent name: resnet18 output name: tgmj...
[2025-06-03 16:05:00,418] INFO [__main__.extract:196] running inference on D:\LBN\Maternal_auto_classification_train_deepethogram\DATA\CageA-LBN-2024-07-07_20-04-49\CageA-LBN-2024-07-07_20-04-49_outputs.h5. latent name: resnet18 output name: tgmj...
[2025-06-03 16:05:00,539] INFO [__main__.extract:196] running inference on D:\LBN\Maternal_auto_classification_train_deepethogram\DATA\CageA-LBN-2024-07-07_20-24-49\CageA-LBN-2024-07-07_20-24-49_outputs.h5. latent name: resnet18 output name: tgmj...
[2025-06-03 16:05:00,666] INFO [__main__.extract:196] running inference on D:\LBN\Maternal_auto_classification_train_deepethogram\DATA\CageA-LBN-2024-07-07_20-44-49\CageA-LBN-2024-07-07_20-44-49_outputs.h5. latent name: resnet18 output name: tgmj...
[2025-06-03 16:05:00,788] INFO [__main__.extract:196] running inference on D:\LBN\Maternal_auto_classification_train_deepethogram\DATA\CageA-LBN-2024-07-07_21-04-49\CageA-LBN-2024-07-07_21-04-49_outputs.h5. latent name: resnet18 output name: tgmj...
[2025-06-03 16:05:00,904] INFO [__main__.extract:196] running inference on D:\LBN\Maternal_auto_classification_train_deepethogram\DATA\CageA-LBN-2024-07-07_21-54-49\CageA-LBN-2024-07-07_21-54-49_outputs.h5. latent name: resnet18 output name: tgmj...
[2025-06-03 16:05:01,020] INFO [__main__.extract:196] running inference on D:\LBN\Maternal_auto_classification_train_deepethogram\DATA\CageA-LBN-2024-07-07_22-54-49\CageA-LBN-2024-07-07_22-54-49_outputs.h5. latent name: resnet18 output name: tgmj...
[2025-06-03 16:05:01,139] INFO [__main__.extract:196] running inference on D:\LBN\Maternal_auto_classification_train_deepethogram\DATA\CageA-LBN-2024-07-07_23-54-50\CageA-LBN-2024-07-07_23-54-50_outputs.h5. latent name: resnet18 output name: tgmj...
[2025-06-03 16:05:01,245] INFO [__main__.extract:196] running inference on D:\LBN\Maternal_auto_classification_train_deepethogram\DATA\CageA-LBN-2024-07-07_23-54-50_blur\CageA-LBN-2024-07-07_23-54-50_blur_outputs.h5. latent name: resnet18 output name: tgmj...
[2025-06-03 16:05:01,340] INFO [__main__.extract:196] running inference on D:\LBN\Maternal_auto_classification_train_deepethogram\DATA\CageA-LBN-2024-07-07_23-54-50_bright_contrast\CageA-LBN-2024-07-07_23-54-50_bright_contrast_outputs.h5. latent name: resnet18 output name: tgmj...
