[2025-06-19 13:19:05,982] INFO [deepethogram.gui.main.initialize_project:1021] loaded project configuration: split:
  reload: true
  file: null
  train_val_test:
  - 0.9
  - 0.1
  - 0.0
compute:
  fp16: false
  num_workers: 3
  batch_size: 8
  min_batch_size: 8
  max_batch_size: 128
  distributed: false
  gpu_id: 0
  dali: false
  metrics_workers: 0
reload:
  overwrite_cfg: false
  latest: false
notes: null
log:
  level: info
run:
  type: gui
  model: null
  dir: D:\LBN\Maternal_auto_classification_train_deepethogram\gui_logs\250619_131905
label_view_width: 31
control_arrow_jump: 31
vertical_arrow_jump: 3
cmap: deepethogram
unlabeled_alpha: 0.1
prediction_opacity: 0.2
postprocessor:
  type: min_bout_per_behavior
  min_bout_length: 10
augs:
  LR: 0.5
  UD: 0.0
  brightness: 0.25
  contrast: 0.1
  crop_size: null
  degrees: 10
  grayscale: 0.5
  hue: 0.1
  normalization:
    'N': 675269913600
    mean:
    - 0.4222093413583818
    - 0.4279406932145969
    - 0.36511059715897476
    std:
    - 0.2231115239390951
    - 0.22555331806847045
    - 0.22208480446455378
  pad: null
  random_resize: false
  resize:
  - 224
  - 224
  saturation: 0.1
project:
  class_names:
  - background
  - Onnest
  - Offnest
  - ABN
  - Carryingpups
  - Selfgrooming
  - Eat_drink
  - Kicking
  - Groomingpups
  - Build
  config_file: project_config.yaml
  data_path: D:\LBN\Maternal_auto_classification_train_deepethogram\DATA
  labeler: null
  model_path: D:\LBN\Maternal_auto_classification_train_deepethogram\models
  name: Maternal_auto_classification
  path: D:\LBN\Maternal_auto_classification_train_deepethogram
  pretrained_path: D:\LBN\Maternal_auto_classification_train_deepethogram\models\pretrained_models
sequence:
  filter_length: 15
train:
  loss_weight_exp: 1.0

[2025-06-19 13:19:05,982] INFO [deepethogram.gui.main.initialize_project:1022] cwd: D:\LBN\Maternal_auto_classification_train_deepethogram\gui_logs\250619_131905
[2025-06-19 13:19:12,316] INFO [deepethogram.gui.main.project_loaded_buttons:175] Number finalized labels: 577
[2025-06-19 13:19:21,867] INFO [deepethogram.gui.main.initialize_video:226] Record for loaded video: {'flow': None, 'label': None, 'output': None, 'rgb': 'D:\\LBN\\Maternal_auto_classification_train_deepethogram\\DATA\\Cage1-LBN-2024-08-30_20-04-40\\Cage1-LBN-2024-08-30_20-04-40.mp4', 'keypoint': None, 'key': 'Cage1-LBN-2024-08-30_20-04-40'}
[2025-06-19 13:20:24,700] INFO [deepethogram.gui.main.log_idle:151] User has been idle for 60.0 seconds...
[2025-06-19 13:21:53,553] INFO [deepethogram.gui.main.user_did_something:138] User restarted labeling
[2025-06-19 13:22:53,548] INFO [deepethogram.gui.main.log_idle:151] User has been idle for 60.0 seconds...
[2025-06-19 13:23:05,202] INFO [deepethogram.gui.main.user_did_something:138] User restarted labeling
[2025-06-19 13:23:40,408] INFO [deepethogram.gui.main.get_selected_models:1136] {'flow_generator': {'no pretrained weights': None, '200221_115158_TinyMotionNet': 'D:\\LBN\\Maternal_auto_classification_train_deepethogram\\models\\pretrained_models\\200221_115158_TinyMotionNet\\checkpoint.pt', '250507_172617_flow_generator_train': 'D:\\LBN\\Maternal_auto_classification_train_deepethogram\\models\\250507_172617_flow_generator_train\\lightning_checkpoints\\epoch=0-step=999.ckpt', '250602_134424_flow_generator_train': 'D:\\LBN\\Maternal_auto_classification_train_deepethogram\\models\\250602_134424_flow_generator_train\\lightning_checkpoints\\epoch=0-step=999.ckpt'}, 'feature_extractor': {'no pretrained weights': None, '200415_125824_hidden_two_stream_kinetics_degf': 'D:\\LBN\\Maternal_auto_classification_train_deepethogram\\models\\pretrained_models\\200415_125824_hidden_two_stream_kinetics_degf\\checkpoint.pt', '250515_172551_feature_extractor_train': 'D:\\LBN\\Maternal_auto_classification_train_deepethogram\\models\\250515_172551_feature_extractor_train\\lightning_checkpoints\\epoch=16-step=16999.ckpt', '250602_161402_feature_extractor_train': 'D:\\LBN\\Maternal_auto_classification_train_deepethogram\\models\\250602_161402_feature_extractor_train\\checkpoint.pt', '250602_161815_feature_extractor_train': 'D:\\LBN\\Maternal_auto_classification_train_deepethogram\\models\\250602_161815_feature_extractor_train\\lightning_checkpoints\\epoch=14-step=14999.ckpt', '250603_092630_feature_extractor_train': 'D:\\LBN\\Maternal_auto_classification_train_deepethogram\\models\\250603_092630_feature_extractor_train\\lightning_checkpoints\\epoch=17-step=17999.ckpt', '250612_101251_feature_extractor_train': 'D:\\LBN\\Maternal_auto_classification_train_deepethogram\\models\\250612_101251_feature_extractor_train\\lightning_checkpoints\\epoch=7-step=7999.ckpt'}, 'sequence': {'': None, 'no pretrained weights': None, '250603_145653_sequence_train': 'D:\\LBN\\Maternal_auto_classification_train_deepethogram\\models\\250603_145653_sequence_train\\lightning_checkpoints\\epoch=28-step=9685.ckpt', '250616_145332_sequence_train': 'D:\\LBN\\Maternal_auto_classification_train_deepethogram\\models\\250616_145332_sequence_train\\lightning_checkpoints\\epoch=24-step=16349.ckpt'}}
[2025-06-19 13:23:40,408] INFO [deepethogram.gui.main.get_selected_models:1136] {'flow_generator': {'no pretrained weights': None, '200221_115158_TinyMotionNet': 'D:\\LBN\\Maternal_auto_classification_train_deepethogram\\models\\pretrained_models\\200221_115158_TinyMotionNet\\checkpoint.pt', '250507_172617_flow_generator_train': 'D:\\LBN\\Maternal_auto_classification_train_deepethogram\\models\\250507_172617_flow_generator_train\\lightning_checkpoints\\epoch=0-step=999.ckpt', '250602_134424_flow_generator_train': 'D:\\LBN\\Maternal_auto_classification_train_deepethogram\\models\\250602_134424_flow_generator_train\\lightning_checkpoints\\epoch=0-step=999.ckpt'}, 'feature_extractor': {'no pretrained weights': None, '200415_125824_hidden_two_stream_kinetics_degf': 'D:\\LBN\\Maternal_auto_classification_train_deepethogram\\models\\pretrained_models\\200415_125824_hidden_two_stream_kinetics_degf\\checkpoint.pt', '250515_172551_feature_extractor_train': 'D:\\LBN\\Maternal_auto_classification_train_deepethogram\\models\\250515_172551_feature_extractor_train\\lightning_checkpoints\\epoch=16-step=16999.ckpt', '250602_161402_feature_extractor_train': 'D:\\LBN\\Maternal_auto_classification_train_deepethogram\\models\\250602_161402_feature_extractor_train\\checkpoint.pt', '250602_161815_feature_extractor_train': 'D:\\LBN\\Maternal_auto_classification_train_deepethogram\\models\\250602_161815_feature_extractor_train\\lightning_checkpoints\\epoch=14-step=14999.ckpt', '250603_092630_feature_extractor_train': 'D:\\LBN\\Maternal_auto_classification_train_deepethogram\\models\\250603_092630_feature_extractor_train\\lightning_checkpoints\\epoch=17-step=17999.ckpt', '250612_101251_feature_extractor_train': 'D:\\LBN\\Maternal_auto_classification_train_deepethogram\\models\\250612_101251_feature_extractor_train\\lightning_checkpoints\\epoch=7-step=7999.ckpt'}, 'sequence': {'': None, 'no pretrained weights': None, '250603_145653_sequence_train': 'D:\\LBN\\Maternal_auto_classification_train_deepethogram\\models\\250603_145653_sequence_train\\lightning_checkpoints\\epoch=28-step=9685.ckpt', '250616_145332_sequence_train': 'D:\\LBN\\Maternal_auto_classification_train_deepethogram\\models\\250616_145332_sequence_train\\lightning_checkpoints\\epoch=24-step=16349.ckpt'}}
[2025-06-19 13:23:40,413] INFO [deepethogram.gui.main.featureextractor_infer:452] inference running with args: python -m deepethogram.feature_extractor.inference project.path=D:\LBN\Maternal_auto_classification_train_deepethogram inference.overwrite=True feature_extractor.weights=D:\LBN\Maternal_auto_classification_train_deepethogram\models\250612_101251_feature_extractor_train\lightning_checkpoints\epoch=7-step=7999.ckpt flow_generator.weights=D:\LBN\Maternal_auto_classification_train_deepethogram\models\250602_134424_flow_generator_train\lightning_checkpoints\epoch=0-step=999.ckpt inference.directory_list=[D:\LBN\Maternal_auto_classification_train_deepethogram\DATA\Cage1-LBN-2024-08-30_20-04-40,D:\LBN\Maternal_auto_classification_train_deepethogram\DATA\Cage1-LBN-2024-08-30_20-44-40,D:\LBN\Maternal_auto_classification_train_deepethogram\DATA\Cage1-LBN-2024-08-30_20-54-40,D:\LBN\Maternal_auto_classification_train_deepethogram\DATA\Cage1-LBN-2024-08-30_21-04-40,D:\LBN\Maternal_auto_classification_train_deepethogram\DATA\Cage1-LBN-2024-08-30_21-14-40,D:\LBN\Maternal_auto_classification_train_deepethogram\DATA\Cage1-LBN-2024-08-30_21-24-40,D:\LBN\Maternal_auto_classification_train_deepethogram\DATA\Cage1-LBN-2024-08-30_21-54-40,D:\LBN\Maternal_auto_classification_train_deepethogram\DATA\Cage1-LBN-2024-08-30_22-04-40,D:\LBN\Maternal_auto_classification_train_deepethogram\DATA\Cage1-LBN-2024-08-30_22-24-40,D:\LBN\Maternal_auto_classification_train_deepethogram\DATA\Cage1-LBN-2024-08-30_22-34-40,D:\LBN\Maternal_auto_classification_train_deepethogram\DATA\Cage1-LBN-2024-08-30_22-44-40,D:\LBN\Maternal_auto_classification_train_deepethogram\DATA\Cage1-LBN-2024-08-30_23-04-40,D:\LBN\Maternal_auto_classification_train_deepethogram\DATA\Cage1-LBN-2024-08-30_23-14-40,D:\LBN\Maternal_auto_classification_train_deepethogram\DATA\Cage1-LBN-2024-08-30_23-34-40,D:\LBN\Maternal_auto_classification_train_deepethogram\DATA\Cage1-LBN-2024-08-30_23-44-40,D:\LBN\Maternal_auto_classification_train_deepethogram\DATA\Cage1-LBN-2024-08-30_23-54-40,D:\LBN\Maternal_auto_classification_train_deepethogram\DATA\Cage1-LBN-2024-08-31_00-04-40,D:\LBN\Maternal_auto_classification_train_deepethogram\DATA\Cage1-LBN-2024-08-31_04-04-40,D:\LBN\Maternal_auto_classification_train_deepethogram\DATA\Cage1-LBN-2024-08-31_04-14-40,D:\LBN\Maternal_auto_classification_train_deepethogram\DATA\Cage1-LBN-2024-08-31_04-24-40,D:\LBN\Maternal_auto_classification_train_deepethogram\DATA\Cage1-LBN-2024-08-31_04-34-40,D:\LBN\Maternal_auto_classification_train_deepethogram\DATA\Cage1-LBN-2024-08-31_04-54-40,D:\LBN\Maternal_auto_classification_train_deepethogram\DATA\Cage1-LBN-2024-08-31_05-14-40,D:\LBN\Maternal_auto_classification_train_deepethogram\DATA\Cage1-LBN-2024-08-31_05-34-40,D:\LBN\Maternal_auto_classification_train_deepethogram\DATA\Cage1-LBN-2024-08-31_05-44-40,D:\LBN\Maternal_auto_classification_train_deepethogram\DATA\Cage1-LBN-2024-08-31_05-54-40,D:\LBN\Maternal_auto_classification_train_deepethogram\DATA\Cage1-LBN-2024-08-31_06-04-40,D:\LBN\Maternal_auto_classification_train_deepethogram\DATA\Cage1-LBN-2024-08-31_06-14-40-stereotypie,D:\LBN\Maternal_auto_classification_train_deepethogram\DATA\Cage1-LBN-2024-08-31_06-24-40,D:\LBN\Maternal_auto_classification_train_deepethogram\DATA\Cage1-LBN-2024-08-31_06-34-40,D:\LBN\Maternal_auto_classification_train_deepethogram\DATA\Cage1-LBN-2024-08-31_06-44-40,D:\LBN\Maternal_auto_classification_train_deepethogram\DATA\Cage1-LBN-2024-08-31_06-54-40,D:\LBN\Maternal_auto_classification_train_deepethogram\DATA\Cage1-LBN-2024-08-31_07-04-40,D:\LBN\Maternal_auto_classification_train_deepethogram\DATA\Cage1-LBN-2024-08-31_07-24-40,D:\LBN\Maternal_auto_classification_train_deepethogram\DATA\Cage1-LBN-2024-08-31_07-34-40,D:\LBN\Maternal_auto_classification_train_deepethogram\DATA\Cage1-LBN-2024-08-31_07-44-40,D:\LBN\Maternal_auto_classification_train_deepethogram\DATA\Cage1-LBN-2024-08-31_07-54-40,D:\LBN\Maternal_auto_classification_train_deepethogram\DATA\Cage1-LBN-2024-08-31_20-15-28,D:\LBN\Maternal_auto_classification_train_deepethogram\DATA\Cage1-LBN-2024-08-31_20-25-28,D:\LBN\Maternal_auto_classification_train_deepethogram\DATA\Cage1-LBN-2024-08-31_20-35-28,D:\LBN\Maternal_auto_classification_train_deepethogram\DATA\Cage1-LBN-2024-08-31_20-45-28,D:\LBN\Maternal_auto_classification_train_deepethogram\DATA\Cage1-LBN-2024-08-31_20-55-28,D:\LBN\Maternal_auto_classification_train_deepethogram\DATA\Cage1-LBN-2024-08-31_21-15-28,D:\LBN\Maternal_auto_classification_train_deepethogram\DATA\Cage1-LBN-2024-08-31_21-35-28,D:\LBN\Maternal_auto_classification_train_deepethogram\DATA\Cage1-LBN-2024-08-31_21-45-28,D:\LBN\Maternal_auto_classification_train_deepethogram\DATA\Cage1-LBN-2024-08-31_21-55-28,D:\LBN\Maternal_auto_classification_train_deepethogram\DATA\Cage1-LBN-2024-08-31_22-05-28,D:\LBN\Maternal_auto_classification_train_deepethogram\DATA\Cage1-LBN-2024-08-31_22-15-28,D:\LBN\Maternal_auto_classification_train_deepethogram\DATA\Cage1-LBN-2024-08-31_22-25-28,D:\LBN\Maternal_auto_classification_train_deepethogram\DATA\Cage1-LBN-2024-08-31_22-45-28,D:\LBN\Maternal_auto_classification_train_deepethogram\DATA\Cage1-LBN-2024-08-31_22-55-28,D:\LBN\Maternal_auto_classification_train_deepethogram\DATA\Cage1-LBN-2024-08-31_23-05-28,D:\LBN\Maternal_auto_classification_train_deepethogram\DATA\Cage1-LBN-2024-08-31_23-15-28,D:\LBN\Maternal_auto_classification_train_deepethogram\DATA\Cage1-LBN-2024-08-31_23-25-28,D:\LBN\Maternal_auto_classification_train_deepethogram\DATA\Cage1-LBN-2024-08-31_23-35-28,D:\LBN\Maternal_auto_classification_train_deepethogram\DATA\Cage1-LBN-2024-08-31_23-45-28,D:\LBN\Maternal_auto_classification_train_deepethogram\DATA\Cage1-LBN-2024-08-31_23-55-28,D:\LBN\Maternal_auto_classification_train_deepethogram\DATA\Cage1-LBN-2024-09-01_00-05-28,D:\LBN\Maternal_auto_classification_train_deepethogram\DATA\Cage1-LBN-2024-09-01_00-15-28,D:\LBN\Maternal_auto_classification_train_deepethogram\DATA\Cage1-LBN-2024-09-01_04-15-28,D:\LBN\Maternal_auto_classification_train_deepethogram\DATA\Cage1-LBN-2024-09-01_04-25-28,D:\LBN\Maternal_auto_classification_train_deepethogram\DATA\Cage1-LBN-2024-09-01_04-35-28,D:\LBN\Maternal_auto_classification_train_deepethogram\DATA\Cage1-LBN-2024-09-01_04-45-28,D:\LBN\Maternal_auto_classification_train_deepethogram\DATA\Cage1-LBN-2024-09-01_04-55-28,D:\LBN\Maternal_auto_classification_train_deepethogram\DATA\Cage1-LBN-2024-09-01_05-05-28,D:\LBN\Maternal_auto_classification_train_deepethogram\DATA\Cage1-LBN-2024-09-01_05-15-28,D:\LBN\Maternal_auto_classification_train_deepethogram\DATA\Cage1-LBN-2024-09-01_05-25-28,D:\LBN\Maternal_auto_classification_train_deepethogram\DATA\Cage1-LBN-2024-09-01_05-35-28,D:\LBN\Maternal_auto_classification_train_deepethogram\DATA\Cage1-LBN-2024-09-01_05-45-28,D:\LBN\Maternal_auto_classification_train_deepethogram\DATA\Cage1-LBN-2024-09-01_05-55-28,D:\LBN\Maternal_auto_classification_train_deepethogram\DATA\Cage1-LBN-2024-09-01_06-05-28,D:\LBN\Maternal_auto_classification_train_deepethogram\DATA\Cage1-LBN-2024-09-01_06-15-28,D:\LBN\Maternal_auto_classification_train_deepethogram\DATA\Cage1-LBN-2024-09-01_06-25-28,D:\LBN\Maternal_auto_classification_train_deepethogram\DATA\Cage1-LBN-2024-09-01_06-35-28,D:\LBN\Maternal_auto_classification_train_deepethogram\DATA\Cage1-LBN-2024-09-01_06-45-28,D:\LBN\Maternal_auto_classification_train_deepethogram\DATA\Cage1-LBN-2024-09-01_06-55-28,D:\LBN\Maternal_auto_classification_train_deepethogram\DATA\Cage1-LBN-2024-09-01_07-05-28,D:\LBN\Maternal_auto_classification_train_deepethogram\DATA\Cage1-LBN-2024-09-01_07-15-28,D:\LBN\Maternal_auto_classification_train_deepethogram\DATA\Cage1-LBN-2024-09-01_07-25-28,D:\LBN\Maternal_auto_classification_train_deepethogram\DATA\Cage1-LBN-2024-09-01_07-35-28,D:\LBN\Maternal_auto_classification_train_deepethogram\DATA\Cage1-LBN-2024-09-01_07-45-28,D:\LBN\Maternal_auto_classification_train_deepethogram\DATA\Cage1-LBN-2024-09-01_07-55-28,D:\LBN\Maternal_auto_classification_train_deepethogram\DATA\Cage1-LBN-2024-09-01_20-15-28,D:\LBN\Maternal_auto_classification_train_deepethogram\DATA\Cage1-LBN-2024-09-01_20-25-28,D:\LBN\Maternal_auto_classification_train_deepethogram\DATA\Cage1-LBN-2024-09-01_20-35-28,D:\LBN\Maternal_auto_classification_train_deepethogram\DATA\Cage1-LBN-2024-09-01_20-45-28,D:\LBN\Maternal_auto_classification_train_deepethogram\DATA\Cage1-LBN-2024-09-01_20-55-28,D:\LBN\Maternal_auto_classification_train_deepethogram\DATA\Cage1-LBN-2024-09-01_21-05-28,D:\LBN\Maternal_auto_classification_train_deepethogram\DATA\Cage1-LBN-2024-09-01_21-15-28,D:\LBN\Maternal_auto_classification_train_deepethogram\DATA\Cage1-LBN-2024-09-01_21-25-28,D:\LBN\Maternal_auto_classification_train_deepethogram\DATA\Cage1-LBN-2024-09-01_21-35-28,D:\LBN\Maternal_auto_classification_train_deepethogram\DATA\Cage1-LBN-2024-09-01_21-45-28,D:\LBN\Maternal_auto_classification_train_deepethogram\DATA\Cage1-LBN-2024-09-01_21-55-28,D:\LBN\Maternal_auto_classification_train_deepethogram\DATA\Cage1-LBN-2024-09-01_22-05-28,D:\LBN\Maternal_auto_classification_train_deepethogram\DATA\Cage1-LBN-2024-09-01_22-15-28,D:\LBN\Maternal_auto_classification_train_deepethogram\DATA\Cage1-LBN-2024-09-01_22-25-28,D:\LBN\Maternal_auto_classification_train_deepethogram\DATA\Cage1-LBN-2024-09-01_22-35-28,D:\LBN\Maternal_auto_classification_train_deepethogram\DATA\Cage1-LBN-2024-09-01_22-45-28,D:\LBN\Maternal_auto_classification_train_deepethogram\DATA\Cage1-LBN-2024-09-01_22-55-29,D:\LBN\Maternal_auto_classification_train_deepethogram\DATA\Cage1-LBN-2024-09-01_23-05-29,D:\LBN\Maternal_auto_classification_train_deepethogram\DATA\Cage1-LBN-2024-09-01_23-15-29,D:\LBN\Maternal_auto_classification_train_deepethogram\DATA\Cage1-LBN-2024-09-01_23-25-29,D:\LBN\Maternal_auto_classification_train_deepethogram\DATA\Cage1-LBN-2024-09-01_23-35-29,D:\LBN\Maternal_auto_classification_train_deepethogram\DATA\Cage1-LBN-2024-09-01_23-45-29,D:\LBN\Maternal_auto_classification_train_deepethogram\DATA\Cage1-LBN-2024-09-01_23-55-29,D:\LBN\Maternal_auto_classification_train_deepethogram\DATA\Cage1-LBN-2024-09-02_00-05-29,D:\LBN\Maternal_auto_classification_train_deepethogram\DATA\Cage1-LBN-2024-09-02_00-15-29,D:\LBN\Maternal_auto_classification_train_deepethogram\DATA\Cage1-LBN-2024-09-02_20-12-56,D:\LBN\Maternal_auto_classification_train_deepethogram\DATA\Cage1-LBN-2024-09-02_20-22-56,D:\LBN\Maternal_auto_classification_train_deepethogram\DATA\Cage1-LBN-2024-09-02_20-32-56,D:\LBN\Maternal_auto_classification_train_deepethogram\DATA\Cage1-LBN-2024-09-02_20-42-56,D:\LBN\Maternal_auto_classification_train_deepethogram\DATA\Cage1-LBN-2024-09-02_20-52-56,D:\LBN\Maternal_auto_classification_train_deepethogram\DATA\Cage1-LBN-2024-09-02_21-02-56,D:\LBN\Maternal_auto_classification_train_deepethogram\DATA\Cage1-LBN-2024-09-02_21-12-56,D:\LBN\Maternal_auto_classification_train_deepethogram\DATA\Cage1-LBN-2024-09-02_21-22-56,D:\LBN\Maternal_auto_classification_train_deepethogram\DATA\Cage1-LBN-2024-09-02_21-32-56,D:\LBN\Maternal_auto_classification_train_deepethogram\DATA\Cage1-LBN-2024-09-02_21-42-56,D:\LBN\Maternal_auto_classification_train_deepethogram\DATA\Cage1-LBN-2024-09-02_21-52-56,D:\LBN\Maternal_auto_classification_train_deepethogram\DATA\Cage1-LBN-2024-09-02_22-02-56,D:\LBN\Maternal_auto_classification_train_deepethogram\DATA\Cage1-LBN-2024-09-02_22-12-56,D:\LBN\Maternal_auto_classification_train_deepethogram\DATA\Cage1-LBN-2024-09-02_22-22-56,D:\LBN\Maternal_auto_classification_train_deepethogram\DATA\Cage1-LBN-2024-09-02_22-32-56,D:\LBN\Maternal_auto_classification_train_deepethogram\DATA\Cage1-LBN-2024-09-02_22-42-56,D:\LBN\Maternal_auto_classification_train_deepethogram\DATA\Cage1-LBN-2024-09-02_22-52-56,D:\LBN\Maternal_auto_classification_train_deepethogram\DATA\Cage1-LBN-2024-09-02_23-02-56,D:\LBN\Maternal_auto_classification_train_deepethogram\DATA\Cage1-LBN-2024-09-02_23-12-56,D:\LBN\Maternal_auto_classification_train_deepethogram\DATA\Cage1-LBN-2024-09-02_23-22-56,D:\LBN\Maternal_auto_classification_train_deepethogram\DATA\Cage1-LBN-2024-09-02_23-32-56,D:\LBN\Maternal_auto_classification_train_deepethogram\DATA\Cage1-LBN-2024-09-02_23-42-56,D:\LBN\Maternal_auto_classification_train_deepethogram\DATA\Cage1-LBN-2024-09-02_23-52-56,D:\LBN\Maternal_auto_classification_train_deepethogram\DATA\Cage1-LBN-2024-09-03_00-02-56,D:\LBN\Maternal_auto_classification_train_deepethogram\DATA\Cage1-LBN-2024-09-03_00-12-56,D:\LBN\Maternal_auto_classification_train_deepethogram\DATA\Cage1-LBN-2024-09-03_04-12-56,D:\LBN\Maternal_auto_classification_train_deepethogram\DATA\Cage1-LBN-2024-09-03_04-22-56,D:\LBN\Maternal_auto_classification_train_deepethogram\DATA\Cage1-LBN-2024-09-03_04-32-56,D:\LBN\Maternal_auto_classification_train_deepethogram\DATA\Cage1-LBN-2024-09-03_04-42-56,D:\LBN\Maternal_auto_classification_train_deepethogram\DATA\Cage1-LBN-2024-09-03_04-52-56,D:\LBN\Maternal_auto_classification_train_deepethogram\DATA\Cage1-LBN-2024-09-03_05-02-56,D:\LBN\Maternal_auto_classification_train_deepethogram\DATA\Cage1-LBN-2024-09-03_05-12-56,D:\LBN\Maternal_auto_classification_train_deepethogram\DATA\Cage1-LBN-2024-09-03_05-22-56,D:\LBN\Maternal_auto_classification_train_deepethogram\DATA\Cage1-LBN-2024-09-03_05-32-56,D:\LBN\Maternal_auto_classification_train_deepethogram\DATA\Cage1-LBN-2024-09-03_05-42-56,D:\LBN\Maternal_auto_classification_train_deepethogram\DATA\Cage1-LBN-2024-09-03_05-52-56,D:\LBN\Maternal_auto_classification_train_deepethogram\DATA\Cage1-LBN-2024-09-03_06-02-56,D:\LBN\Maternal_auto_classification_train_deepethogram\DATA\Cage1-LBN-2024-09-03_06-12-56,D:\LBN\Maternal_auto_classification_train_deepethogram\DATA\Cage1-LBN-2024-09-03_06-22-56,D:\LBN\Maternal_auto_classification_train_deepethogram\DATA\Cage1-LBN-2024-09-03_06-32-56,D:\LBN\Maternal_auto_classification_train_deepethogram\DATA\Cage1-LBN-2024-09-03_06-42-56,D:\LBN\Maternal_auto_classification_train_deepethogram\DATA\Cage1-LBN-2024-09-03_06-52-56,D:\LBN\Maternal_auto_classification_train_deepethogram\DATA\Cage1-LBN-2024-09-03_07-02-56,D:\LBN\Maternal_auto_classification_train_deepethogram\DATA\Cage1-LBN-2024-09-03_07-12-56,D:\LBN\Maternal_auto_classification_train_deepethogram\DATA\Cage1-LBN-2024-09-03_07-22-56,D:\LBN\Maternal_auto_classification_train_deepethogram\DATA\Cage1-LBN-2024-09-03_07-32-56,D:\LBN\Maternal_auto_classification_train_deepethogram\DATA\Cage1-LBN-2024-09-03_07-42-56,D:\LBN\Maternal_auto_classification_train_deepethogram\DATA\Cage1-LBN-2024-09-03_07-52-56]
[2025-06-19 13:24:43,278] INFO [deepethogram.gui.main.log_idle:151] User has been idle for 60.0 seconds...
[2025-06-19 13:36:08,263] INFO [deepethogram.gui.main.user_did_something:138] User restarted labeling
[2025-06-19 13:36:32,729] INFO [deepethogram.gui.main.save:800] saving...
[2025-06-19 13:36:32,731] INFO [deepethogram.gui.main.finalize:771] finalizing labels for file D:\LBN\Maternal_auto_classification_train_deepethogram\DATA\Cage1-LBN-2024-08-30_20-04-40\Cage1-LBN-2024-08-30_20-04-40.mp4
[2025-06-19 13:36:32,889] INFO [deepethogram.gui.main.initialize_video:226] Record for loaded video: {'flow': None, 'label': None, 'output': 'D:\\LBN\\Maternal_auto_classification_train_deepethogram\\DATA\\Cage1-LBN-2024-08-30_20-44-40\\Cage1-LBN-2024-08-30_20-44-40_outputs.h5', 'rgb': 'D:\\LBN\\Maternal_auto_classification_train_deepethogram\\DATA\\Cage1-LBN-2024-08-30_20-44-40\\Cage1-LBN-2024-08-30_20-44-40.mp4', 'keypoint': None, 'key': 'Cage1-LBN-2024-08-30_20-44-40'}
[2025-06-19 13:36:32,943] INFO [deepethogram.projects.import_outputfile:791] Key used to load outputfile: resnet18
[2025-06-19 13:36:34,959] INFO [deepethogram.gui.main.import_outputfile:886] CHANGING LATENT NAME TO : resnet18
[2025-06-19 13:36:54,265] INFO [deepethogram.gui.main.save:800] saving...
[2025-06-19 13:40:17,906] INFO [deepethogram.gui.main.save:800] saving...
[2025-06-19 13:40:17,906] INFO [deepethogram.gui.main.finalize:771] finalizing labels for file D:\LBN\Maternal_auto_classification_train_deepethogram\DATA\Cage1-LBN-2024-08-30_20-44-40\Cage1-LBN-2024-08-30_20-44-40.mp4
[2025-06-19 13:40:17,998] INFO [deepethogram.gui.main.initialize_video:226] Record for loaded video: {'flow': None, 'label': None, 'output': 'D:\\LBN\\Maternal_auto_classification_train_deepethogram\\DATA\\Cage1-LBN-2024-08-30_20-54-40\\Cage1-LBN-2024-08-30_20-54-40_outputs.h5', 'rgb': 'D:\\LBN\\Maternal_auto_classification_train_deepethogram\\DATA\\Cage1-LBN-2024-08-30_20-54-40\\Cage1-LBN-2024-08-30_20-54-40.mp4', 'keypoint': None, 'key': 'Cage1-LBN-2024-08-30_20-54-40'}
[2025-06-19 13:40:18,025] INFO [deepethogram.projects.import_outputfile:791] Key used to load outputfile: resnet18
[2025-06-19 13:40:19,910] INFO [deepethogram.gui.main.import_outputfile:886] CHANGING LATENT NAME TO : resnet18
[2025-06-19 13:40:23,728] INFO [deepethogram.gui.main.save:800] saving...
[2025-06-19 13:40:34,372] INFO [deepethogram.gui.main.finalize:771] finalizing labels for file D:\LBN\Maternal_auto_classification_train_deepethogram\DATA\Cage1-LBN-2024-08-30_20-54-40\Cage1-LBN-2024-08-30_20-54-40.mp4
[2025-06-19 13:40:34,421] INFO [deepethogram.gui.main.initialize_video:226] Record for loaded video: {'flow': None, 'label': None, 'output': 'D:\\LBN\\Maternal_auto_classification_train_deepethogram\\DATA\\Cage1-LBN-2024-08-30_21-04-40\\Cage1-LBN-2024-08-30_21-04-40_outputs.h5', 'rgb': 'D:\\LBN\\Maternal_auto_classification_train_deepethogram\\DATA\\Cage1-LBN-2024-08-30_21-04-40\\Cage1-LBN-2024-08-30_21-04-40.mp4', 'keypoint': None, 'key': 'Cage1-LBN-2024-08-30_21-04-40'}
[2025-06-19 13:40:34,458] INFO [deepethogram.projects.import_outputfile:791] Key used to load outputfile: resnet18
[2025-06-19 13:40:36,352] INFO [deepethogram.gui.main.import_outputfile:886] CHANGING LATENT NAME TO : resnet18
[2025-06-19 13:40:40,139] INFO [deepethogram.gui.main.save:800] saving...
[2025-06-19 13:41:54,460] INFO [deepethogram.gui.main.finalize:771] finalizing labels for file D:\LBN\Maternal_auto_classification_train_deepethogram\DATA\Cage1-LBN-2024-08-30_21-04-40\Cage1-LBN-2024-08-30_21-04-40.mp4
[2025-06-19 13:41:54,542] INFO [deepethogram.gui.main.initialize_video:226] Record for loaded video: {'flow': None, 'label': None, 'output': 'D:\\LBN\\Maternal_auto_classification_train_deepethogram\\DATA\\Cage1-LBN-2024-08-30_21-14-40\\Cage1-LBN-2024-08-30_21-14-40_outputs.h5', 'rgb': 'D:\\LBN\\Maternal_auto_classification_train_deepethogram\\DATA\\Cage1-LBN-2024-08-30_21-14-40\\Cage1-LBN-2024-08-30_21-14-40.mp4', 'keypoint': None, 'key': 'Cage1-LBN-2024-08-30_21-14-40'}
[2025-06-19 13:41:54,564] INFO [deepethogram.projects.import_outputfile:791] Key used to load outputfile: resnet18
[2025-06-19 13:41:56,402] INFO [deepethogram.gui.main.import_outputfile:886] CHANGING LATENT NAME TO : resnet18
[2025-06-19 13:42:00,914] INFO [deepethogram.gui.main.save:800] saving...
[2025-06-19 13:45:10,837] INFO [deepethogram.gui.main.save:800] saving...
[2025-06-19 13:45:10,848] INFO [deepethogram.gui.main.finalize:771] finalizing labels for file D:\LBN\Maternal_auto_classification_train_deepethogram\DATA\Cage1-LBN-2024-08-30_21-14-40\Cage1-LBN-2024-08-30_21-14-40.mp4
[2025-06-19 13:45:10,955] INFO [deepethogram.gui.main.initialize_video:226] Record for loaded video: {'flow': None, 'label': None, 'output': 'D:\\LBN\\Maternal_auto_classification_train_deepethogram\\DATA\\Cage1-LBN-2024-08-30_21-24-40\\Cage1-LBN-2024-08-30_21-24-40_outputs.h5', 'rgb': 'D:\\LBN\\Maternal_auto_classification_train_deepethogram\\DATA\\Cage1-LBN-2024-08-30_21-24-40\\Cage1-LBN-2024-08-30_21-24-40.mp4', 'keypoint': None, 'key': 'Cage1-LBN-2024-08-30_21-24-40'}
[2025-06-19 13:45:10,985] INFO [deepethogram.projects.import_outputfile:791] Key used to load outputfile: resnet18
[2025-06-19 13:45:12,887] INFO [deepethogram.gui.main.import_outputfile:886] CHANGING LATENT NAME TO : resnet18
[2025-06-19 13:45:16,301] INFO [deepethogram.gui.main.save:800] saving...
[2025-06-19 13:48:28,260] INFO [deepethogram.gui.main.save:800] saving...
[2025-06-19 13:48:28,267] INFO [deepethogram.gui.main.finalize:771] finalizing labels for file D:\LBN\Maternal_auto_classification_train_deepethogram\DATA\Cage1-LBN-2024-08-30_21-24-40\Cage1-LBN-2024-08-30_21-24-40.mp4
[2025-06-19 13:48:28,402] INFO [deepethogram.gui.main.initialize_video:226] Record for loaded video: {'flow': None, 'label': None, 'output': 'D:\\LBN\\Maternal_auto_classification_train_deepethogram\\DATA\\Cage1-LBN-2024-08-30_21-54-40\\Cage1-LBN-2024-08-30_21-54-40_outputs.h5', 'rgb': 'D:\\LBN\\Maternal_auto_classification_train_deepethogram\\DATA\\Cage1-LBN-2024-08-30_21-54-40\\Cage1-LBN-2024-08-30_21-54-40.mp4', 'keypoint': None, 'key': 'Cage1-LBN-2024-08-30_21-54-40'}
[2025-06-19 13:48:28,418] INFO [deepethogram.projects.import_outputfile:791] Key used to load outputfile: resnet18
[2025-06-19 13:48:30,303] INFO [deepethogram.gui.main.import_outputfile:886] CHANGING LATENT NAME TO : resnet18
[2025-06-19 13:48:46,941] INFO [deepethogram.gui.main.save:800] saving...
[2025-06-19 13:49:38,439] INFO [deepethogram.gui.main.save:800] saving...
[2025-06-19 13:49:38,449] INFO [deepethogram.gui.main.finalize:771] finalizing labels for file D:\LBN\Maternal_auto_classification_train_deepethogram\DATA\Cage1-LBN-2024-08-30_21-54-40\Cage1-LBN-2024-08-30_21-54-40.mp4
[2025-06-19 13:49:38,517] INFO [deepethogram.gui.main.initialize_video:226] Record for loaded video: {'flow': None, 'label': None, 'output': 'D:\\LBN\\Maternal_auto_classification_train_deepethogram\\DATA\\Cage1-LBN-2024-08-30_22-04-40\\Cage1-LBN-2024-08-30_22-04-40_outputs.h5', 'rgb': 'D:\\LBN\\Maternal_auto_classification_train_deepethogram\\DATA\\Cage1-LBN-2024-08-30_22-04-40\\Cage1-LBN-2024-08-30_22-04-40.mp4', 'keypoint': None, 'key': 'Cage1-LBN-2024-08-30_22-04-40'}
[2025-06-19 13:49:38,541] INFO [deepethogram.projects.import_outputfile:791] Key used to load outputfile: resnet18
[2025-06-19 13:49:40,221] INFO [deepethogram.gui.main.import_outputfile:886] CHANGING LATENT NAME TO : resnet18
[2025-06-19 13:49:50,499] INFO [deepethogram.gui.main.save:800] saving...
[2025-06-19 13:55:09,478] INFO [deepethogram.gui.main.save:800] saving...
[2025-06-19 13:55:09,478] INFO [deepethogram.gui.main.finalize:771] finalizing labels for file D:\LBN\Maternal_auto_classification_train_deepethogram\DATA\Cage1-LBN-2024-08-30_22-04-40\Cage1-LBN-2024-08-30_22-04-40.mp4
[2025-06-19 13:55:09,542] INFO [deepethogram.gui.main.initialize_video:226] Record for loaded video: {'flow': None, 'label': None, 'output': 'D:\\LBN\\Maternal_auto_classification_train_deepethogram\\DATA\\Cage1-LBN-2024-08-30_22-24-40\\Cage1-LBN-2024-08-30_22-24-40_outputs.h5', 'rgb': 'D:\\LBN\\Maternal_auto_classification_train_deepethogram\\DATA\\Cage1-LBN-2024-08-30_22-24-40\\Cage1-LBN-2024-08-30_22-24-40.mp4', 'keypoint': None, 'key': 'Cage1-LBN-2024-08-30_22-24-40'}
[2025-06-19 13:55:09,574] INFO [deepethogram.projects.import_outputfile:791] Key used to load outputfile: resnet18
[2025-06-19 13:55:10,975] INFO [deepethogram.gui.main.import_outputfile:886] CHANGING LATENT NAME TO : resnet18
[2025-06-19 13:55:24,707] INFO [deepethogram.gui.main.save:800] saving...
[2025-06-19 13:59:59,999] INFO [deepethogram.gui.main.save:800] saving...
[2025-06-19 13:59:59,999] INFO [deepethogram.gui.main.finalize:771] finalizing labels for file D:\LBN\Maternal_auto_classification_train_deepethogram\DATA\Cage1-LBN-2024-08-30_22-24-40\Cage1-LBN-2024-08-30_22-24-40.mp4
[2025-06-19 14:00:00,078] INFO [deepethogram.gui.main.initialize_video:226] Record for loaded video: {'flow': None, 'label': None, 'output': 'D:\\LBN\\Maternal_auto_classification_train_deepethogram\\DATA\\Cage1-LBN-2024-08-30_22-34-40\\Cage1-LBN-2024-08-30_22-34-40_outputs.h5', 'rgb': 'D:\\LBN\\Maternal_auto_classification_train_deepethogram\\DATA\\Cage1-LBN-2024-08-30_22-34-40\\Cage1-LBN-2024-08-30_22-34-40.mp4', 'keypoint': None, 'key': 'Cage1-LBN-2024-08-30_22-34-40'}
[2025-06-19 14:00:00,096] INFO [deepethogram.projects.import_outputfile:791] Key used to load outputfile: resnet18
[2025-06-19 14:00:01,510] INFO [deepethogram.gui.main.import_outputfile:886] CHANGING LATENT NAME TO : resnet18
[2025-06-19 14:01:08,022] INFO [deepethogram.gui.main.save:800] saving...
[2025-06-19 14:01:20,477] INFO [deepethogram.gui.main.save:800] saving...
[2025-06-19 14:01:20,487] INFO [deepethogram.gui.main.finalize:771] finalizing labels for file D:\LBN\Maternal_auto_classification_train_deepethogram\DATA\Cage1-LBN-2024-08-30_22-34-40\Cage1-LBN-2024-08-30_22-34-40.mp4
[2025-06-19 14:01:20,585] INFO [deepethogram.gui.main.initialize_video:226] Record for loaded video: {'flow': None, 'label': None, 'output': 'D:\\LBN\\Maternal_auto_classification_train_deepethogram\\DATA\\Cage1-LBN-2024-08-30_22-44-40\\Cage1-LBN-2024-08-30_22-44-40_outputs.h5', 'rgb': 'D:\\LBN\\Maternal_auto_classification_train_deepethogram\\DATA\\Cage1-LBN-2024-08-30_22-44-40\\Cage1-LBN-2024-08-30_22-44-40.mp4', 'keypoint': None, 'key': 'Cage1-LBN-2024-08-30_22-44-40'}
[2025-06-19 14:01:20,623] INFO [deepethogram.projects.import_outputfile:791] Key used to load outputfile: resnet18
[2025-06-19 14:01:22,503] INFO [deepethogram.gui.main.import_outputfile:886] CHANGING LATENT NAME TO : resnet18
[2025-06-19 14:01:29,365] INFO [deepethogram.gui.main.save:800] saving...
[2025-06-19 14:01:40,647] INFO [deepethogram.gui.main.finalize:771] finalizing labels for file D:\LBN\Maternal_auto_classification_train_deepethogram\DATA\Cage1-LBN-2024-08-30_22-44-40\Cage1-LBN-2024-08-30_22-44-40.mp4
[2025-06-19 14:01:40,684] INFO [deepethogram.gui.main.initialize_video:226] Record for loaded video: {'flow': None, 'label': None, 'output': 'D:\\LBN\\Maternal_auto_classification_train_deepethogram\\DATA\\Cage1-LBN-2024-08-30_23-04-40\\Cage1-LBN-2024-08-30_23-04-40_outputs.h5', 'rgb': 'D:\\LBN\\Maternal_auto_classification_train_deepethogram\\DATA\\Cage1-LBN-2024-08-30_23-04-40\\Cage1-LBN-2024-08-30_23-04-40.mp4', 'keypoint': None, 'key': 'Cage1-LBN-2024-08-30_23-04-40'}
[2025-06-19 14:01:40,715] INFO [deepethogram.projects.import_outputfile:791] Key used to load outputfile: resnet18
[2025-06-19 14:01:42,411] INFO [deepethogram.gui.main.import_outputfile:886] CHANGING LATENT NAME TO : resnet18
[2025-06-19 14:03:07,267] INFO [deepethogram.gui.main.save:800] saving...
[2025-06-19 14:03:07,291] INFO [deepethogram.gui.main.finalize:771] finalizing labels for file D:\LBN\Maternal_auto_classification_train_deepethogram\DATA\Cage1-LBN-2024-08-30_23-04-40\Cage1-LBN-2024-08-30_23-04-40.mp4
[2025-06-19 14:03:07,348] INFO [deepethogram.gui.main.initialize_video:226] Record for loaded video: {'flow': None, 'label': None, 'output': 'D:\\LBN\\Maternal_auto_classification_train_deepethogram\\DATA\\Cage1-LBN-2024-08-30_23-14-40\\Cage1-LBN-2024-08-30_23-14-40_outputs.h5', 'rgb': 'D:\\LBN\\Maternal_auto_classification_train_deepethogram\\DATA\\Cage1-LBN-2024-08-30_23-14-40\\Cage1-LBN-2024-08-30_23-14-40.mp4', 'keypoint': None, 'key': 'Cage1-LBN-2024-08-30_23-14-40'}
[2025-06-19 14:03:07,394] INFO [deepethogram.projects.import_outputfile:791] Key used to load outputfile: resnet18
[2025-06-19 14:03:09,438] INFO [deepethogram.gui.main.import_outputfile:886] CHANGING LATENT NAME TO : resnet18
[2025-06-19 14:04:17,105] INFO [deepethogram.gui.main.save:800] saving...
[2025-06-19 14:04:17,115] INFO [deepethogram.gui.main.finalize:771] finalizing labels for file D:\LBN\Maternal_auto_classification_train_deepethogram\DATA\Cage1-LBN-2024-08-30_23-14-40\Cage1-LBN-2024-08-30_23-14-40.mp4
[2025-06-19 14:04:17,223] INFO [deepethogram.gui.main.initialize_video:226] Record for loaded video: {'flow': None, 'label': None, 'output': 'D:\\LBN\\Maternal_auto_classification_train_deepethogram\\DATA\\Cage1-LBN-2024-08-30_23-34-40\\Cage1-LBN-2024-08-30_23-34-40_outputs.h5', 'rgb': 'D:\\LBN\\Maternal_auto_classification_train_deepethogram\\DATA\\Cage1-LBN-2024-08-30_23-34-40\\Cage1-LBN-2024-08-30_23-34-40.mp4', 'keypoint': None, 'key': 'Cage1-LBN-2024-08-30_23-34-40'}
[2025-06-19 14:04:17,246] INFO [deepethogram.projects.import_outputfile:791] Key used to load outputfile: resnet18
[2025-06-19 14:04:19,217] INFO [deepethogram.gui.main.import_outputfile:886] CHANGING LATENT NAME TO : resnet18
[2025-06-19 14:06:14,491] INFO [deepethogram.gui.main.save:800] saving...
[2025-06-19 14:06:14,521] INFO [deepethogram.gui.main.finalize:771] finalizing labels for file D:\LBN\Maternal_auto_classification_train_deepethogram\DATA\Cage1-LBN-2024-08-30_23-34-40\Cage1-LBN-2024-08-30_23-34-40.mp4
[2025-06-19 14:06:14,699] INFO [deepethogram.gui.main.initialize_video:226] Record for loaded video: {'flow': None, 'label': None, 'output': 'D:\\LBN\\Maternal_auto_classification_train_deepethogram\\DATA\\Cage1-LBN-2024-08-30_23-44-40\\Cage1-LBN-2024-08-30_23-44-40_outputs.h5', 'rgb': 'D:\\LBN\\Maternal_auto_classification_train_deepethogram\\DATA\\Cage1-LBN-2024-08-30_23-44-40\\Cage1-LBN-2024-08-30_23-44-40.mp4', 'keypoint': None, 'key': 'Cage1-LBN-2024-08-30_23-44-40'}
[2025-06-19 14:06:14,749] INFO [deepethogram.projects.import_outputfile:791] Key used to load outputfile: resnet18
[2025-06-19 14:06:16,764] INFO [deepethogram.gui.main.import_outputfile:886] CHANGING LATENT NAME TO : resnet18
[2025-06-19 14:06:27,865] INFO [deepethogram.gui.main.save:800] saving...
[2025-06-19 14:06:27,878] INFO [deepethogram.gui.main.finalize:771] finalizing labels for file D:\LBN\Maternal_auto_classification_train_deepethogram\DATA\Cage1-LBN-2024-08-30_23-44-40\Cage1-LBN-2024-08-30_23-44-40.mp4
[2025-06-19 14:06:28,006] INFO [deepethogram.gui.main.initialize_video:226] Record for loaded video: {'flow': None, 'label': None, 'output': 'D:\\LBN\\Maternal_auto_classification_train_deepethogram\\DATA\\Cage1-LBN-2024-08-30_23-54-40\\Cage1-LBN-2024-08-30_23-54-40_outputs.h5', 'rgb': 'D:\\LBN\\Maternal_auto_classification_train_deepethogram\\DATA\\Cage1-LBN-2024-08-30_23-54-40\\Cage1-LBN-2024-08-30_23-54-40.mp4', 'keypoint': None, 'key': 'Cage1-LBN-2024-08-30_23-54-40'}
[2025-06-19 14:06:28,028] INFO [deepethogram.projects.import_outputfile:791] Key used to load outputfile: resnet18
[2025-06-19 14:06:29,696] INFO [deepethogram.gui.main.import_outputfile:886] CHANGING LATENT NAME TO : resnet18
[2025-06-19 14:06:42,690] INFO [deepethogram.gui.main.save:800] saving...
[2025-06-19 14:06:42,719] INFO [deepethogram.gui.main.finalize:771] finalizing labels for file D:\LBN\Maternal_auto_classification_train_deepethogram\DATA\Cage1-LBN-2024-08-30_23-54-40\Cage1-LBN-2024-08-30_23-54-40.mp4
[2025-06-19 14:06:42,802] INFO [deepethogram.gui.main.initialize_video:226] Record for loaded video: {'flow': None, 'label': None, 'output': 'D:\\LBN\\Maternal_auto_classification_train_deepethogram\\DATA\\Cage1-LBN-2024-08-31_00-04-40\\Cage1-LBN-2024-08-31_00-04-40_outputs.h5', 'rgb': 'D:\\LBN\\Maternal_auto_classification_train_deepethogram\\DATA\\Cage1-LBN-2024-08-31_00-04-40\\Cage1-LBN-2024-08-31_00-04-40.mp4', 'keypoint': None, 'key': 'Cage1-LBN-2024-08-31_00-04-40'}
[2025-06-19 14:06:42,827] INFO [deepethogram.projects.import_outputfile:791] Key used to load outputfile: resnet18
[2025-06-19 14:06:44,501] INFO [deepethogram.gui.main.import_outputfile:886] CHANGING LATENT NAME TO : resnet18
[2025-06-19 14:07:28,045] INFO [deepethogram.gui.main.featureextractor_infer:463] Inference finished. If you see error messages above, inference did not complete successfully.
[2025-06-19 14:07:28,045] INFO [deepethogram.gui.main.featureextractor_infer:468] ~~~~~~~~~~~~~~~~~~~~~~~~~~~~~~~~~~~~~~~~~~~~~~~~~~~~~~~~~~~~~~~~~~~~~~~~~~~~~~~~~~~~~~~~~~~~~~~~~~~~
[2025-06-19 14:07:29,253] INFO [deepethogram.gui.main.project_loaded_buttons:175] Number finalized labels: 593
[2025-06-19 14:07:35,237] INFO [deepethogram.projects.import_outputfile:791] Key used to load outputfile: resnet18
[2025-06-19 14:07:36,957] INFO [deepethogram.gui.main.import_outputfile:886] CHANGING LATENT NAME TO : resnet18
[2025-06-19 14:07:55,314] INFO [deepethogram.gui.main.save:800] saving...
[2025-06-19 14:07:55,320] INFO [deepethogram.gui.main.finalize:771] finalizing labels for file D:\LBN\Maternal_auto_classification_train_deepethogram\DATA\Cage1-LBN-2024-08-31_00-04-40\Cage1-LBN-2024-08-31_00-04-40.mp4
[2025-06-19 14:07:55,384] INFO [deepethogram.gui.main.initialize_video:226] Record for loaded video: {'flow': None, 'label': None, 'output': 'D:\\LBN\\Maternal_auto_classification_train_deepethogram\\DATA\\Cage1-LBN-2024-08-31_04-04-40\\Cage1-LBN-2024-08-31_04-04-40_outputs.h5', 'rgb': 'D:\\LBN\\Maternal_auto_classification_train_deepethogram\\DATA\\Cage1-LBN-2024-08-31_04-04-40\\Cage1-LBN-2024-08-31_04-04-40.mp4', 'keypoint': None, 'key': 'Cage1-LBN-2024-08-31_04-04-40'}
[2025-06-19 14:07:55,405] INFO [deepethogram.projects.import_outputfile:791] Key used to load outputfile: resnet18
[2025-06-19 14:07:56,675] INFO [deepethogram.gui.main.import_outputfile:886] CHANGING LATENT NAME TO : resnet18
[2025-06-19 14:08:06,048] INFO [deepethogram.gui.main.save:800] saving...
[2025-06-19 14:08:06,069] INFO [deepethogram.gui.main.finalize:771] finalizing labels for file D:\LBN\Maternal_auto_classification_train_deepethogram\DATA\Cage1-LBN-2024-08-31_04-04-40\Cage1-LBN-2024-08-31_04-04-40.mp4
[2025-06-19 14:08:06,174] INFO [deepethogram.gui.main.initialize_video:226] Record for loaded video: {'flow': None, 'label': None, 'output': 'D:\\LBN\\Maternal_auto_classification_train_deepethogram\\DATA\\Cage1-LBN-2024-08-31_04-14-40\\Cage1-LBN-2024-08-31_04-14-40_outputs.h5', 'rgb': 'D:\\LBN\\Maternal_auto_classification_train_deepethogram\\DATA\\Cage1-LBN-2024-08-31_04-14-40\\Cage1-LBN-2024-08-31_04-14-40.mp4', 'keypoint': None, 'key': 'Cage1-LBN-2024-08-31_04-14-40'}
[2025-06-19 14:08:06,194] INFO [deepethogram.projects.import_outputfile:791] Key used to load outputfile: resnet18
[2025-06-19 14:08:07,469] INFO [deepethogram.gui.main.import_outputfile:886] CHANGING LATENT NAME TO : resnet18
[2025-06-19 14:08:17,281] INFO [deepethogram.gui.main.save:800] saving...
[2025-06-19 14:08:17,289] INFO [deepethogram.gui.main.finalize:771] finalizing labels for file D:\LBN\Maternal_auto_classification_train_deepethogram\DATA\Cage1-LBN-2024-08-31_04-14-40\Cage1-LBN-2024-08-31_04-14-40.mp4
[2025-06-19 14:08:17,386] INFO [deepethogram.gui.main.initialize_video:226] Record for loaded video: {'flow': None, 'label': None, 'output': 'D:\\LBN\\Maternal_auto_classification_train_deepethogram\\DATA\\Cage1-LBN-2024-08-31_04-24-40\\Cage1-LBN-2024-08-31_04-24-40_outputs.h5', 'rgb': 'D:\\LBN\\Maternal_auto_classification_train_deepethogram\\DATA\\Cage1-LBN-2024-08-31_04-24-40\\Cage1-LBN-2024-08-31_04-24-40.mp4', 'keypoint': None, 'key': 'Cage1-LBN-2024-08-31_04-24-40'}
[2025-06-19 14:08:17,407] INFO [deepethogram.projects.import_outputfile:791] Key used to load outputfile: resnet18
[2025-06-19 14:08:18,656] INFO [deepethogram.gui.main.import_outputfile:886] CHANGING LATENT NAME TO : resnet18
[2025-06-19 14:08:53,576] INFO [deepethogram.gui.main.save:800] saving...
[2025-06-19 14:08:53,591] INFO [deepethogram.gui.main.finalize:771] finalizing labels for file D:\LBN\Maternal_auto_classification_train_deepethogram\DATA\Cage1-LBN-2024-08-31_04-24-40\Cage1-LBN-2024-08-31_04-24-40.mp4
[2025-06-19 14:08:53,656] INFO [deepethogram.gui.main.initialize_video:226] Record for loaded video: {'flow': None, 'label': None, 'output': 'D:\\LBN\\Maternal_auto_classification_train_deepethogram\\DATA\\Cage1-LBN-2024-08-31_04-34-40\\Cage1-LBN-2024-08-31_04-34-40_outputs.h5', 'rgb': 'D:\\LBN\\Maternal_auto_classification_train_deepethogram\\DATA\\Cage1-LBN-2024-08-31_04-34-40\\Cage1-LBN-2024-08-31_04-34-40.mp4', 'keypoint': None, 'key': 'Cage1-LBN-2024-08-31_04-34-40'}
[2025-06-19 14:08:53,663] INFO [deepethogram.projects.import_outputfile:791] Key used to load outputfile: resnet18
[2025-06-19 14:08:54,957] INFO [deepethogram.gui.main.import_outputfile:886] CHANGING LATENT NAME TO : resnet18
[2025-06-19 14:09:10,045] INFO [deepethogram.gui.main.save:800] saving...
[2025-06-19 14:09:10,045] INFO [deepethogram.gui.main.finalize:771] finalizing labels for file D:\LBN\Maternal_auto_classification_train_deepethogram\DATA\Cage1-LBN-2024-08-31_04-34-40\Cage1-LBN-2024-08-31_04-34-40.mp4
[2025-06-19 14:09:10,122] INFO [deepethogram.gui.main.initialize_video:226] Record for loaded video: {'flow': None, 'label': None, 'output': 'D:\\LBN\\Maternal_auto_classification_train_deepethogram\\DATA\\Cage1-LBN-2024-08-31_04-54-40\\Cage1-LBN-2024-08-31_04-54-40_outputs.h5', 'rgb': 'D:\\LBN\\Maternal_auto_classification_train_deepethogram\\DATA\\Cage1-LBN-2024-08-31_04-54-40\\Cage1-LBN-2024-08-31_04-54-40.mp4', 'keypoint': None, 'key': 'Cage1-LBN-2024-08-31_04-54-40'}
[2025-06-19 14:09:10,142] INFO [deepethogram.projects.import_outputfile:791] Key used to load outputfile: resnet18
[2025-06-19 14:09:11,410] INFO [deepethogram.gui.main.import_outputfile:886] CHANGING LATENT NAME TO : resnet18
[2025-06-19 14:09:28,403] INFO [deepethogram.gui.main.save:800] saving...
[2025-06-19 14:09:28,418] INFO [deepethogram.gui.main.finalize:771] finalizing labels for file D:\LBN\Maternal_auto_classification_train_deepethogram\DATA\Cage1-LBN-2024-08-31_04-54-40\Cage1-LBN-2024-08-31_04-54-40.mp4
[2025-06-19 14:09:28,497] INFO [deepethogram.gui.main.initialize_video:226] Record for loaded video: {'flow': None, 'label': None, 'output': 'D:\\LBN\\Maternal_auto_classification_train_deepethogram\\DATA\\Cage1-LBN-2024-08-31_05-14-40\\Cage1-LBN-2024-08-31_05-14-40_outputs.h5', 'rgb': 'D:\\LBN\\Maternal_auto_classification_train_deepethogram\\DATA\\Cage1-LBN-2024-08-31_05-14-40\\Cage1-LBN-2024-08-31_05-14-40.mp4', 'keypoint': None, 'key': 'Cage1-LBN-2024-08-31_05-14-40'}
[2025-06-19 14:09:28,519] INFO [deepethogram.projects.import_outputfile:791] Key used to load outputfile: resnet18
[2025-06-19 14:09:29,810] INFO [deepethogram.gui.main.import_outputfile:886] CHANGING LATENT NAME TO : resnet18
[2025-06-19 14:09:36,434] INFO [deepethogram.gui.main.initialize_project:1017] cwd: D:\LBN\Maternal_auto_classification_train_deepethogram\gui_logs\250619_131905
[2025-06-19 14:09:36,434] INFO [deepethogram.gui.main.initialize_project:1019] cwd: D:\LBN\Maternal_auto_classification_train_deepethogram\gui_logs\250619_131905
