[2025-06-27 15:59:48,839] INFO [deepethogram.feature_extractor.train.feature_extractor_train:66] args: d:/LBN/Maternal_auto_classification_train_deepethogram/SimpleTraining.py
[2025-06-27 15:59:48,839] INFO [deepethogram.feature_extractor.train.feature_extractor_train:71] configuration used ~~~~~
[2025-06-27 15:59:48,839] INFO [deepethogram.feature_extractor.train.feature_extractor_train:72] split:
  reload: true
  file: D:\LBN\Maternal_auto_classification_train_deepethogram\SPLITS\split_4.yaml
  train_val_test:
  - 0.9
  - 0.1
  - 0.0
compute:
  fp16: false
  num_workers: 3
  batch_size: 8
  min_batch_size: 8
  max_batch_size: 128
  distributed: false
  gpu_id: 0
  dali: false
  metrics_workers: 0
reload:
  overwrite_cfg: false
  latest: false
notes: null
log:
  level: info
augs:
  brightness: 0.25
  contrast: 0.1
  hue: 0.1
  saturation: 0.1
  color_p: 0.5
  grayscale: 0.5
  crop_size: null
  resize:
  - 224
  - 224
  dali: false
  random_resize: false
  pad: null
  LR: 0.5
  UD: 0.0
  degrees: 10
  normalization:
    'N': 694834329600
    mean:
    - 0.4213915600330549
    - 0.426960783932345
    - 0.365874038370559
    std:
    - 0.224414912593986
    - 0.2267886049471975
    - 0.22340896343317201
feature_extractor:
  arch: resnet50
  fusion: average
  sampler: null
  final_bn: false
  sampling_ratio: null
  final_activation: sigmoid
  dropout_p: 0.25
  n_flows: 10
  n_rgb: 1
  curriculum: false
  inputs: both
  weights: D:\LBN\Maternal_auto_classification_train_deepethogram\models\250627_092814_feature_extractor_train\lightning_checkpoints\epoch=11-step=11999.ckpt
  n_flow: 10
train:
  steps_per_epoch:
    train: 1000
    val: 1000
    test: 20
  num_epochs: 100
  lr: 0.0001
  scheduler: plateau
  min_lr: 5.0e-07
  stopping_type: learning_rate
  milestones:
  - 50
  - 100
  - 150
  - 200
  - 250
  - 300
  weight_loss: true
  patience: 3
  early_stopping_begins: 0
  viz_metrics: true
  viz_examples: 10
  reduction_factor: 0.1
  loss_weight_exp: 1.0
  loss_gamma: 1.0
  label_smoothing: 0.05
  oversampling_exp: 0.0
  regularization:
    style: l2_sp
    alpha: 1.0e-05
    beta: 0.001
flow_generator:
  type: flow_generator
  flow_loss: MotionNet
  flow_max: 10
  input_images: 11
  flow_sparsity: false
  smooth_weight_multiplier: 1.0
  sparsity_weight: 0.0
  loss: MotionNet
  max: 5
  n_rgb: 11
  arch: MotionNet
  weights: D:\LBN\Maternal_auto_classification_train_deepethogram\models\250616_164900_flow_generator_train\lightning_checkpoints\epoch=1-step=1999.ckpt
  'n': 10
postprocessor:
  type: min_bout_per_behavior
  min_bout_length: 10
inference:
  directory_list: all
  ignore_error: true
  overwrite: false
  use_loaded_model_cfg: true
cmap: deepethogram
control_arrow_jump: 31
label_view_width: 31
prediction_opacity: 0.2
project:
  class_names:
  - background
  - Onnest
  - Offnest
  - ABN
  - Carryingpups
  - Selfgrooming
  - Eat_drink
  - Kicking
  - Groomingpups
  - Build
  config_file: project_config.yaml
  data_path: D:\LBN\Maternal_auto_classification_train_deepethogram\DATA
  labeler: null
  model_path: D:\LBN\Maternal_auto_classification_train_deepethogram\models
  name: Maternal_auto_classification
  path: D:\LBN\Maternal_auto_classification_train_deepethogram
  pretrained_path: D:\LBN\Maternal_auto_classification_train_deepethogram\models\pretrained_models
run:
  type: train
  model: feature_extractor
  dir: D:\LBN\Maternal_auto_classification_train_deepethogram\models\250627_155948_feature_extractor_train
sequence:
  filter_length: 15
unlabeled_alpha: 0.1
vertical_arrow_jump: 3

[2025-06-27 15:59:50,692] INFO [deepethogram.projects.get_weightfile_from_cfg:1081] loading specified weights: D:\LBN\Maternal_auto_classification_train_deepethogram\models\250616_164900_flow_generator_train\lightning_checkpoints\epoch=1-step=1999.ckpt
[2025-06-27 15:59:50,692] INFO [deepethogram.feature_extractor.train.feature_extractor_train:79] loading flow generator from file D:\LBN\Maternal_auto_classification_train_deepethogram\models\250616_164900_flow_generator_train\lightning_checkpoints\epoch=1-step=1999.ckpt
[2025-06-27 15:59:50,692] INFO [deepethogram.utils.load_state:341] loading from checkpoint file D:\LBN\Maternal_auto_classification_train_deepethogram\models\250616_164900_flow_generator_train\lightning_checkpoints\epoch=1-step=1999.ckpt...
[2025-06-27 15:59:51,308] WARNING [deepethogram.projects.filter_records_for_filetypes:663] No label file found in record: Cage8-CONT-2024-12-17_23-07-19
[2025-06-27 15:59:51,308] WARNING [deepethogram.projects.filter_records_for_filetypes:663] No label file found in record: Cage8-CONT-2024-12-19_20-00-00
[2025-06-27 15:59:51,308] WARNING [deepethogram.projects.filter_records_for_filetypes:663] No label file found in record: Cage8-CONT-2024-12-19_20-10-00
[2025-06-27 15:59:51,308] WARNING [deepethogram.projects.filter_records_for_filetypes:663] No label file found in record: Cage8-CONT-2024-12-19_20-50-00
[2025-06-27 15:59:51,308] WARNING [deepethogram.projects.filter_records_for_filetypes:663] No label file found in record: Cage8-CONT-2024-12-19_21-00-00
[2025-06-27 15:59:51,308] WARNING [deepethogram.projects.filter_records_for_filetypes:663] No label file found in record: Cage8-CONT-2024-12-19_22-10-01
[2025-06-27 15:59:51,308] WARNING [deepethogram.projects.filter_records_for_filetypes:663] No label file found in record: Cage8-CONT-2024-12-19_22-30-01
[2025-06-27 15:59:51,308] WARNING [deepethogram.projects.filter_records_for_filetypes:663] No label file found in record: Cage8-CONT-2024-12-19_23-00-01
[2025-06-27 15:59:51,308] WARNING [deepethogram.projects.filter_records_for_filetypes:663] No label file found in record: Cage8-CONT-2024-12-20_02-10-06
[2025-06-27 15:59:52,131] INFO [deepethogram.data.utils.get_split_from_records:488] Getting split from records...D:\LBN\Maternal_auto_classification_train_deepethogram\SPLITS\split_4.yaml
[2025-06-27 15:59:52,143] INFO [deepethogram.data.utils.update_split:452] file CONT-2024-05-06_20-00-34 assigned to split train
[2025-06-27 15:59:52,143] INFO [deepethogram.data.utils.update_split:452] file CONT-2024-05-06_20-30-34 assigned to split val
[2025-06-27 15:59:52,143] INFO [deepethogram.data.utils.update_split:452] file CONT-2024-05-06_21-00-34 assigned to split train
[2025-06-27 15:59:52,143] INFO [deepethogram.data.utils.update_split:452] file CONT-2024-05-06_22-40-35 assigned to split train
[2025-06-27 15:59:52,143] INFO [deepethogram.data.utils.update_split:452] file CONT-2024-05-07_04-00-35 assigned to split train
[2025-06-27 15:59:52,143] INFO [deepethogram.data.utils.update_split:452] file CONT-2024-05-07_06-20-35 assigned to split train
[2025-06-27 15:59:52,143] INFO [deepethogram.data.utils.update_split:452] file CONT-2024-05-08_04-16-21 assigned to split train
[2025-06-27 15:59:52,143] INFO [deepethogram.data.utils.update_split:452] file CONT-2024-05-08_23-46-23 assigned to split train
[2025-06-27 15:59:52,143] INFO [deepethogram.data.utils.update_split:452] file Cage1-CONT-2024-12-08_20-08-34 assigned to split train
[2025-06-27 15:59:52,143] INFO [deepethogram.data.utils.update_split:452] file Cage1-CONT-2024-12-08_20-38-34 assigned to split train
[2025-06-27 15:59:52,143] INFO [deepethogram.data.utils.update_split:452] file Cage1-CONT-2024-12-08_20-48-34 assigned to split train
[2025-06-27 15:59:52,143] INFO [deepethogram.data.utils.update_split:452] file Cage1-CONT-2024-12-08_22-28-34 assigned to split val
[2025-06-27 15:59:52,143] INFO [deepethogram.data.utils.update_split:452] file Cage1-CONT-2024-12-08_22-48-34 assigned to split train
[2025-06-27 15:59:52,143] INFO [deepethogram.data.utils.update_split:452] file Cage1-CONT-2024-12-08_22-58-34 assigned to split train
[2025-06-27 15:59:52,143] INFO [deepethogram.data.utils.update_split:452] file Cage1-CONT-2024-12-09_04-38-34 assigned to split train
[2025-06-27 15:59:52,143] INFO [deepethogram.data.utils.update_split:452] file Cage1-CONT-2024-12-09_04-58-34 assigned to split train
[2025-06-27 15:59:52,143] INFO [deepethogram.data.utils.update_split:452] file Cage1-CONT-2024-12-09_06-48-34 assigned to split train
[2025-06-27 15:59:52,143] INFO [deepethogram.data.utils.update_split:452] file Cage1-LBN-2024-08-30_20-24-40 assigned to split train
[2025-06-27 15:59:52,143] INFO [deepethogram.data.utils.update_split:452] file Cage1-LBN-2024-08-30_21-24-40 assigned to split val
[2025-06-27 15:59:52,143] INFO [deepethogram.data.utils.update_split:452] file Cage1-LBN-2024-08-30_21-44-40_zoom_crop assigned to split val
[2025-06-27 15:59:52,143] INFO [deepethogram.data.utils.update_split:452] file Cage1-LBN-2024-08-30_22-14-40 assigned to split train
[2025-06-27 15:59:52,143] INFO [deepethogram.data.utils.update_split:452] file Cage1-LBN-2024-08-30_22-54-40 assigned to split train
[2025-06-27 15:59:52,143] INFO [deepethogram.data.utils.update_split:452] file Cage1-LBN-2024-08-30_23-44-40 assigned to split val
[2025-06-27 15:59:52,143] INFO [deepethogram.data.utils.update_split:452] file Cage1-LBN-2024-08-31_00-04-40 assigned to split train
[2025-06-27 15:59:52,143] INFO [deepethogram.data.utils.update_split:452] file Cage1-LBN-2024-08-31_05-34-40 assigned to split train
[2025-06-27 15:59:52,143] INFO [deepethogram.data.utils.update_split:452] file Cage1-LBN-2024-08-31_07-14-40 assigned to split val
[2025-06-27 15:59:52,143] INFO [deepethogram.data.utils.update_split:452] file Cage1-LBN-2024-08-31_22-25-28 assigned to split train
[2025-06-27 15:59:52,143] INFO [deepethogram.data.utils.update_split:452] file Cage1-LBN-2024-08-31_22-55-28 assigned to split train
[2025-06-27 15:59:52,143] INFO [deepethogram.data.utils.update_split:452] file Cage1-LBN-2024-08-31_23-45-28 assigned to split train
[2025-06-27 15:59:52,143] INFO [deepethogram.data.utils.update_split:452] file Cage1-LBN-2024-09-01_04-25-28 assigned to split train
[2025-06-27 15:59:52,143] INFO [deepethogram.data.utils.update_split:452] file Cage1-LBN-2024-09-01_04-45-28 assigned to split val
[2025-06-27 15:59:52,143] INFO [deepethogram.data.utils.update_split:452] file Cage1-LBN-2024-09-01_05-05-28 assigned to split train
[2025-06-27 15:59:52,143] INFO [deepethogram.data.utils.update_split:452] file Cage1-LBN-2024-09-01_06-45-28 assigned to split train
[2025-06-27 15:59:52,143] INFO [deepethogram.data.utils.update_split:452] file Cage1-LBN-2024-09-03_22-21-56 assigned to split train
[2025-06-27 15:59:52,143] INFO [deepethogram.data.utils.update_split:452] file Cage2-LBN-2024-12-08_22-58-35 assigned to split val
[2025-06-27 15:59:52,143] INFO [deepethogram.data.utils.update_split:452] file Cage2-LBN-2024-12-08_22-58-35_combo124 assigned to split train
[2025-06-27 15:59:52,143] INFO [deepethogram.data.utils.update_split:452] file Cage2-LBN-2024-12-09_21-38-38 assigned to split train
[2025-06-27 15:59:52,143] INFO [deepethogram.data.utils.update_split:452] file Cage2-LBN-2024-12-09_21-48-38 assigned to split train
[2025-06-27 15:59:52,143] INFO [deepethogram.data.utils.update_split:452] file Cage2-LBN-2024-12-10_05-38-39 assigned to split train
[2025-06-27 15:59:52,143] INFO [deepethogram.data.utils.update_split:452] file Cage2-LBN-2024-12-10_06-28-39 assigned to split train
[2025-06-27 15:59:52,143] INFO [deepethogram.data.utils.update_split:452] file Cage2-LBN-2024-12-10_20-28-40 assigned to split train
[2025-06-27 15:59:52,143] INFO [deepethogram.data.utils.update_split:452] file Cage2-LBN-2024-12-10_22-58-40 assigned to split train
[2025-06-27 15:59:52,159] INFO [deepethogram.data.utils.update_split:452] file Cage2-LBN-2024-12-11_20-42-14_combo234 assigned to split train
[2025-06-27 15:59:52,159] INFO [deepethogram.data.utils.update_split:452] file Cage2-LBN-2024-12-11_22-52-14 assigned to split train
[2025-06-27 15:59:52,159] INFO [deepethogram.data.utils.update_split:452] file Cage2-LBN-2024-12-11_22-52-14_bright_contrast assigned to split train
[2025-06-27 15:59:52,159] INFO [deepethogram.data.utils.update_split:452] file Cage2-LBN-2024-12-11_22-52-14_combo124 assigned to split train
[2025-06-27 15:59:52,159] INFO [deepethogram.data.utils.update_split:452] file Cage2-LBN-2024-12-11_22-52-14_combo234 assigned to split train
[2025-06-27 15:59:52,159] INFO [deepethogram.data.utils.update_split:452] file Cage2-LBN-2024-12-11_22-52-14_flip assigned to split train
[2025-06-27 15:59:52,159] INFO [deepethogram.data.utils.update_split:452] file Cage2-LBN-2024-12-11_22-52-14_zoom_crop assigned to split val
[2025-06-27 15:59:52,159] INFO [deepethogram.data.utils.update_split:452] file Cage2-LBN-2024-12-12_20-12-15 assigned to split train
[2025-06-27 15:59:52,159] INFO [deepethogram.data.utils.update_split:452] file Cage2-LBN-2024-12-12_22-52-15 assigned to split train
[2025-06-27 15:59:52,161] INFO [deepethogram.data.utils.update_split:452] file Cage3-LBN-2024-12-08_21-38-35_blur assigned to split val
[2025-06-27 15:59:52,161] INFO [deepethogram.data.utils.update_split:452] file Cage3-LBN-2024-12-08_22-28-35 assigned to split train
[2025-06-27 15:59:52,161] INFO [deepethogram.data.utils.update_split:452] file Cage3-LBN-2024-12-10_20-08-42 assigned to split val
[2025-06-27 15:59:52,161] INFO [deepethogram.data.utils.update_split:452] file Cage3-LBN-2024-12-10_20-08-42_bright_contrast assigned to split train
[2025-06-27 15:59:52,161] INFO [deepethogram.data.utils.update_split:452] file Cage3-LBN-2024-12-10_20-08-42_zoom_crop assigned to split train
[2025-06-27 15:59:52,161] INFO [deepethogram.data.utils.update_split:452] file Cage3-LBN-2024-12-10_21-28-42_combo124 assigned to split train
[2025-06-27 15:59:52,161] INFO [deepethogram.data.utils.update_split:452] file Cage3-LBN-2024-12-10_21-28-42_combo234 assigned to split train
[2025-06-27 15:59:52,161] INFO [deepethogram.data.utils.update_split:452] file Cage3-LBN-2024-12-10_22-38-42 assigned to split train
[2025-06-27 15:59:52,161] INFO [deepethogram.data.utils.update_split:452] file Cage3-LBN-2024-12-11_04-38-42_flip assigned to split train
[2025-06-27 15:59:52,161] INFO [deepethogram.data.utils.update_split:452] file Cage3-LBN-2024-12-11_04-38-42_zoom_crop assigned to split train
[2025-06-27 15:59:52,161] INFO [deepethogram.data.utils.update_split:452] file Cage3-LBN-2024-12-12_04-12-15_bright_contrast assigned to split train
[2025-06-27 15:59:52,161] INFO [deepethogram.data.utils.update_split:452] file Cage3-LBN-2024-12-12_04-52-15_bright_contrast assigned to split train
[2025-06-27 15:59:52,161] INFO [deepethogram.data.utils.update_split:452] file Cage3-LBN-2024-12-12_04-52-15_combo123 assigned to split train
[2025-06-27 15:59:52,162] INFO [deepethogram.data.utils.update_split:452] file Cage3-LBN-2024-12-12_04-52-15_combo124 assigned to split train
[2025-06-27 15:59:52,162] INFO [deepethogram.data.utils.update_split:452] file Cage3-LBN-2024-12-13_20-03-40 assigned to split train
[2025-06-27 15:59:52,162] INFO [deepethogram.data.utils.update_split:452] file Cage3-LBN-2024-12-13_22-03-41 assigned to split train
[2025-06-27 15:59:52,162] INFO [deepethogram.data.utils.update_split:452] file Cage3-LBN-2024-12-14_06-23-41_combo123 assigned to split val
[2025-06-27 15:59:52,162] INFO [deepethogram.data.utils.update_split:452] file Cage3-LBN-2024-12-14_06-23-41_combo124 assigned to split val
[2025-06-27 15:59:52,162] INFO [deepethogram.data.utils.update_split:452] file Cage3-LBN-2024-12-14_06-23-41_zoom_crop assigned to split train
[2025-06-27 15:59:52,162] INFO [deepethogram.data.utils.update_split:452] file Cage6-CONT-2024-12-12_20-12-17 assigned to split train
[2025-06-27 15:59:52,162] INFO [deepethogram.data.utils.update_split:452] file Cage6-CONT-2024-12-12_20-32-17 assigned to split train
[2025-06-27 15:59:52,162] INFO [deepethogram.data.utils.update_split:452] file Cage6-CONT-2024-12-12_21-02-17 assigned to split train
[2025-06-27 15:59:52,162] INFO [deepethogram.data.utils.update_split:452] file Cage6-CONT-2024-12-12_21-22-17 assigned to split train
[2025-06-27 15:59:52,163] INFO [deepethogram.data.utils.update_split:452] file Cage6-CONT-2024-12-12_22-02-17 assigned to split train
[2025-06-27 15:59:52,163] INFO [deepethogram.data.utils.update_split:452] file Cage6-CONT-2024-12-12_22-12-17 assigned to split train
[2025-06-27 15:59:52,163] INFO [deepethogram.data.utils.update_split:452] file Cage6-CONT-2024-12-12_22-32-17 assigned to split train
[2025-06-27 15:59:52,163] INFO [deepethogram.data.utils.update_split:452] file Cage6-CONT-2024-12-12_22-42-17 assigned to split val
[2025-06-27 15:59:52,163] INFO [deepethogram.data.utils.update_split:452] file Cage6-CONT-2024-12-12_23-52-17 assigned to split train
[2025-06-27 15:59:52,163] INFO [deepethogram.data.utils.update_split:452] file Cage6-CONT-2024-12-13_05-12-17 assigned to split train
[2025-06-27 15:59:52,163] INFO [deepethogram.data.utils.update_split:452] file Cage6-CONT-2024-12-13_05-42-17 assigned to split train
[2025-06-27 15:59:52,163] INFO [deepethogram.data.utils.update_split:452] file Cage6-CONT-2024-12-13_07-22-17 assigned to split train
[2025-06-27 15:59:52,163] INFO [deepethogram.data.utils.update_split:452] file Cage6-CONT-2024-12-13_21-53-41 assigned to split train
[2025-06-27 15:59:52,163] INFO [deepethogram.data.utils.update_split:452] file Cage6-CONT-2024-12-14_06-13-42 assigned to split train
[2025-06-27 15:59:52,163] INFO [deepethogram.data.utils.update_split:452] file Cage6-CONT-2024-12-15_20-01-54 assigned to split train
[2025-06-27 15:59:52,163] INFO [deepethogram.data.utils.update_split:452] file Cage6-CONT-2024-12-15_22-41-54 assigned to split val
[2025-06-27 15:59:52,163] INFO [deepethogram.data.utils.update_split:452] file Cage6-CONT-2024-12-15_23-11-54 assigned to split train
[2025-06-27 15:59:52,163] INFO [deepethogram.data.utils.update_split:452] file Cage6-CONT-2024-12-15_23-41-54 assigned to split train
[2025-06-27 15:59:52,164] INFO [deepethogram.data.utils.update_split:452] file Cage6-CONT-2024-12-16_20-34-36 assigned to split val
[2025-06-27 15:59:52,164] INFO [deepethogram.data.utils.update_split:452] file Cage6-CONT-2024-12-16_21-54-36 assigned to split train
[2025-06-27 15:59:52,164] INFO [deepethogram.data.utils.update_split:452] file Cage6-CONT-2024-12-17_06-14-36 assigned to split train
[2025-06-27 15:59:52,164] INFO [deepethogram.data.utils.update_split:452] file Cage6-CONT-2024-12-18_21-44-46 assigned to split train
[2025-06-27 15:59:52,164] INFO [deepethogram.data.utils.update_split:452] file Cage6-CONT-2024-12-19_07-14-46 assigned to split train
[2025-06-27 15:59:52,164] INFO [deepethogram.data.utils.update_split:452] file Cage6-CONT-2024-12-20_02-45-14 assigned to split train
[2025-06-27 15:59:52,164] INFO [deepethogram.data.utils.update_split:452] file Cage6-CONT-2024-12-20_04-15-14 assigned to split train
[2025-06-27 15:59:52,164] INFO [deepethogram.data.utils.update_split:452] file Cage6-CONT-2024-12-20_04-45-14 assigned to split train
[2025-06-27 15:59:52,164] INFO [deepethogram.data.utils.update_split:452] file Cage6-CONT-2024-12-20_05-05-14 assigned to split train
[2025-06-27 15:59:52,164] INFO [deepethogram.data.utils.update_split:452] file Cage6-CONT-2024-12-20_05-25-14 assigned to split train
[2025-06-27 15:59:52,164] INFO [deepethogram.data.utils.update_split:452] file Cage8-CONT-2024-12-13_04-07-32 assigned to split train
[2025-06-27 15:59:52,164] INFO [deepethogram.data.utils.update_split:452] file Cage8-CONT-2024-12-13_06-07-33 assigned to split train
[2025-06-27 15:59:52,164] INFO [deepethogram.data.utils.update_split:452] file Cage8-CONT-2024-12-15_04-13-47 assigned to split train
[2025-06-27 15:59:52,165] INFO [deepethogram.data.utils.update_split:452] file Cage8-CONT-2024-12-16_20-13-51 assigned to split train
[2025-06-27 15:59:52,165] INFO [deepethogram.data.utils.update_split:452] file Cage8-CONT-2024-12-16_20-23-51 assigned to split train
[2025-06-27 15:59:52,165] INFO [deepethogram.data.utils.update_split:452] file Cage8-CONT-2024-12-16_20-43-51 assigned to split train
[2025-06-27 15:59:52,165] INFO [deepethogram.data.utils.update_split:452] file Cage8-CONT-2024-12-16_21-03-51 assigned to split train
[2025-06-27 15:59:52,165] INFO [deepethogram.data.utils.update_split:452] file Cage8-CONT-2024-12-16_22-13-51 assigned to split train
[2025-06-27 15:59:52,165] INFO [deepethogram.data.utils.update_split:452] file Cage8-CONT-2024-12-16_23-03-51 assigned to split val
[2025-06-27 15:59:52,165] INFO [deepethogram.data.utils.update_split:452] file Cage8-CONT-2024-12-16_23-23-51 assigned to split train
[2025-06-27 15:59:52,165] INFO [deepethogram.data.utils.update_split:452] file Cage8-CONT-2024-12-16_23-53-51 assigned to split train
[2025-06-27 15:59:52,165] INFO [deepethogram.data.utils.update_split:452] file Cage8-CONT-2024-12-17_04-03-51 assigned to split train
[2025-06-27 15:59:52,165] INFO [deepethogram.data.utils.update_split:452] file Cage8-CONT-2024-12-17_21-37-19 assigned to split train
[2025-06-27 15:59:52,165] INFO [deepethogram.data.utils.update_split:452] file Cage8-CONT-2024-12-18_20-07-22 assigned to split val
[2025-06-27 15:59:52,165] INFO [deepethogram.data.utils.update_split:452] file Cage8-CONT-2024-12-19_05-37-23 assigned to split train
[2025-06-27 15:59:52,165] INFO [deepethogram.data.utils.update_split:452] file Cage8-CONT-2024-12-19_06-07-23 assigned to split train
[2025-06-27 15:59:52,165] INFO [deepethogram.data.utils.update_split:452] file Cage8-CONT-2024-12-19_20-20-00 assigned to split train
[2025-06-27 15:59:52,165] INFO [deepethogram.data.utils.update_split:452] file CageA-LBN-2024-07-05_20-03-20 assigned to split train
[2025-06-27 15:59:52,165] INFO [deepethogram.data.utils.update_split:452] file CageA-LBN-2024-07-05_20-43-20 assigned to split train
[2025-06-27 15:59:52,165] INFO [deepethogram.data.utils.update_split:452] file CageA-LBN-2024-07-05_20-53-20 assigned to split train
[2025-06-27 15:59:52,165] INFO [deepethogram.data.utils.update_split:452] file CageA-LBN-2024-07-05_21-33-20 assigned to split train
[2025-06-27 15:59:52,165] INFO [deepethogram.data.utils.update_split:452] file CageA-LBN-2024-07-05_22-33-20 assigned to split train
[2025-06-27 15:59:52,165] INFO [deepethogram.data.utils.update_split:452] file CageA-LBN-2024-07-05_22-43-20 assigned to split train
[2025-06-27 15:59:52,165] INFO [deepethogram.data.utils.update_split:452] file CageA-LBN-2024-07-05_23-03-20 assigned to split train
[2025-06-27 15:59:52,165] INFO [deepethogram.data.utils.update_split:452] file CageA-LBN-2024-07-05_23-23-20 assigned to split train
[2025-06-27 15:59:52,165] INFO [deepethogram.data.utils.update_split:452] file CageA-LBN-2024-07-05_23-33-20 assigned to split train
[2025-06-27 15:59:52,165] INFO [deepethogram.data.utils.update_split:452] file CageA-LBN-2024-07-06_04-53-20 assigned to split train
[2025-06-27 15:59:52,165] INFO [deepethogram.data.utils.update_split:452] file CageA-LBN-2024-07-06_05-03-20 assigned to split train
[2025-06-27 15:59:52,165] INFO [deepethogram.data.utils.update_split:452] file CageA-LBN-2024-07-06_05-13-20 assigned to split train
[2025-06-27 15:59:52,165] INFO [deepethogram.data.utils.update_split:452] file CageA-LBN-2024-07-06_05-33-20_combo123 assigned to split train
[2025-06-27 15:59:52,165] INFO [deepethogram.data.utils.update_split:452] file CageA-LBN-2024-07-06_05-33-20_zoom_crop assigned to split train
[2025-06-27 15:59:52,165] INFO [deepethogram.data.utils.update_split:452] file CageA-LBN-2024-07-06_05-53-21 assigned to split val
[2025-06-27 15:59:52,165] INFO [deepethogram.data.utils.update_split:452] file CageA-LBN-2024-07-06_06-03-21 assigned to split train
[2025-06-27 15:59:52,167] INFO [deepethogram.data.utils.update_split:452] file CageA-LBN-2024-07-06_06-33-21 assigned to split train
[2025-06-27 15:59:52,167] INFO [deepethogram.data.utils.update_split:452] file CageA-LBN-2024-07-06_06-53-21 assigned to split train
[2025-06-27 15:59:52,167] INFO [deepethogram.data.utils.update_split:452] file CageA-LBN-2024-07-07_20-04-49 assigned to split train
[2025-06-27 15:59:52,167] INFO [deepethogram.data.utils.update_split:452] file CageA-LBN-2024-07-08_05-54-50 assigned to split train
[2025-06-27 15:59:52,167] INFO [deepethogram.data.utils.update_split:452] file CageA-LBN-2024-07-08_07-34-50 assigned to split train
[2025-06-27 15:59:52,167] INFO [deepethogram.data.utils.update_split:452] file CageA-LBN-2024-07-09_23-06-36 assigned to split train
[2025-06-27 15:59:52,167] INFO [deepethogram.data.utils.update_split:452] file CageA-LBN-2024-07-10_05-26-37 assigned to split train
[2025-06-27 15:59:52,168] INFO [deepethogram.data.utils.update_split:452] file CageA-LBN-2024-07-10_06-16-37 assigned to split train
[2025-06-27 15:59:52,168] INFO [deepethogram.data.utils.update_split:452] file CageA-LBN-2024-07-10_22-46-39 assigned to split train
[2025-06-27 15:59:52,169] INFO [deepethogram.data.utils.update_split:452] file CageA-LBN-2024-07-12_04-06-42 assigned to split train
[2025-06-27 15:59:52,169] INFO [deepethogram.data.utils.update_split:452] file CageA-LBN-2024-07-12_04-16-42 assigned to split train
[2025-06-27 15:59:52,169] INFO [deepethogram.data.utils.update_split:452] file CageA-LBN-2024-07-12_05-06-42 assigned to split train
[2025-06-27 15:59:52,169] INFO [deepethogram.data.utils.update_split:452] file CageA-LBN-2024-07-12_05-56-42 assigned to split val
[2025-06-27 15:59:52,169] INFO [deepethogram.data.utils.update_split:452] file CageA-LBN-2024-07-12_06-06-42 assigned to split train
[2025-06-27 15:59:52,169] INFO [deepethogram.data.utils.update_split:452] file CageA-LBN-2024-07-12_06-46-42 assigned to split val
[2025-06-27 15:59:52,169] INFO [deepethogram.data.utils.update_split:452] file CageA-LBN-2024-07-12_06-56-42 assigned to split train
[2025-06-27 15:59:52,169] INFO [deepethogram.data.utils.update_split:452] file CageC-LBN-2024-07-06_20-04-40 assigned to split train
[2025-06-27 15:59:52,169] INFO [deepethogram.data.utils.update_split:452] file CageC-LBN-2024-07-06_20-14-40 assigned to split train
[2025-06-27 15:59:52,169] INFO [deepethogram.data.utils.update_split:452] file CageC-LBN-2024-07-06_20-54-40 assigned to split train
[2025-06-27 15:59:52,169] INFO [deepethogram.data.utils.update_split:452] file CageC-LBN-2024-07-06_21-04-40 assigned to split train
[2025-06-27 15:59:52,169] INFO [deepethogram.data.utils.update_split:452] file CageC-LBN-2024-07-06_21-14-40 assigned to split train
[2025-06-27 15:59:52,169] INFO [deepethogram.data.utils.update_split:452] file CageC-LBN-2024-07-06_21-24-40 assigned to split train
[2025-06-27 15:59:52,169] INFO [deepethogram.data.utils.update_split:452] file CageC-LBN-2024-07-06_21-34-40 assigned to split train
[2025-06-27 15:59:52,169] INFO [deepethogram.data.utils.update_split:452] file CageC-LBN-2024-07-06_21-54-40 assigned to split train
[2025-06-27 15:59:52,169] INFO [deepethogram.data.utils.update_split:452] file CageC-LBN-2024-07-06_23-34-41_combo124 assigned to split train
[2025-06-27 15:59:52,169] INFO [deepethogram.data.utils.update_split:452] file CageC-LBN-2024-07-06_23-34-41_combo234 assigned to split val
[2025-06-27 15:59:52,171] INFO [deepethogram.data.utils.update_split:452] file CageD-CONT-2024-07-06_20-04-39 assigned to split val
[2025-06-27 15:59:52,171] INFO [deepethogram.data.utils.update_split:452] file CageD-CONT-2024-07-06_20-24-39 assigned to split train
[2025-06-27 15:59:52,171] INFO [deepethogram.data.utils.update_split:452] file CageD-CONT-2024-07-06_21-14-39 assigned to split train
[2025-06-27 15:59:52,171] INFO [deepethogram.data.utils.update_split:452] file CageD-CONT-2024-07-06_21-24-39 assigned to split train
[2025-06-27 15:59:52,171] INFO [deepethogram.data.utils.update_split:452] file CageD-CONT-2024-07-06_22-04-40 assigned to split train
[2025-06-27 15:59:52,171] INFO [deepethogram.data.utils.update_split:452] file CageD-CONT-2024-07-06_22-34-40 assigned to split train
[2025-06-27 15:59:52,171] INFO [deepethogram.data.utils.update_split:452] file CageD-CONT-2024-07-06_22-54-40 assigned to split train
[2025-06-27 15:59:52,171] INFO [deepethogram.data.utils.update_split:452] file CageD-CONT-2024-07-06_23-34-40 assigned to split train
[2025-06-27 15:59:52,171] INFO [deepethogram.data.utils.update_split:452] file CageD-CONT-2024-07-07_04-44-40 assigned to split train
[2025-06-27 15:59:52,172] INFO [deepethogram.data.utils.update_split:452] file CageD-CONT-2024-07-07_05-34-40 assigned to split train
[2025-06-27 15:59:52,172] INFO [deepethogram.data.utils.update_split:452] file CageD-CONT-2024-07-07_06-24-40 assigned to split val
[2025-06-27 15:59:52,172] INFO [deepethogram.data.utils.update_split:452] file CageD-CONT-2024-07-07_06-34-40 assigned to split train
[2025-06-27 15:59:52,172] INFO [deepethogram.data.utils.update_split:452] file CageD-CONT-2024-07-09_22-42-16 assigned to split train
[2025-06-27 15:59:52,172] INFO [deepethogram.data.utils.update_split:452] file CageD-CONT-2024-07-10_21-32-14 assigned to split train
[2025-06-27 15:59:52,172] INFO [deepethogram.data.utils.update_split:452] file CageD-CONT-2024-07-12_22-32-20 assigned to split train
[2025-06-27 15:59:52,172] INFO [deepethogram.data.utils.update_split:452] file CageD-CONT-2024-07-13_06-22-20 assigned to split train
[2025-06-27 15:59:52,172] INFO [deepethogram.data.utils.update_split:452] file CageK1-CONT-2024-09-03_20-11-56 assigned to split val
[2025-06-27 15:59:52,172] INFO [deepethogram.data.utils.update_split:452] file CageK1-CONT-2024-09-05_20-27-43 assigned to split train
[2025-06-27 15:59:52,173] INFO [deepethogram.data.utils.update_split:452] file CageK1-CONT-2024-09-05_20-37-43 assigned to split train
[2025-06-27 15:59:52,173] INFO [deepethogram.data.utils.update_split:452] file CageK1-CONT-2024-09-05_20-47-43 assigned to split train
[2025-06-27 15:59:52,173] INFO [deepethogram.data.utils.update_split:452] file CageK1-CONT-2024-09-05_20-57-43 assigned to split train
[2025-06-27 15:59:52,173] INFO [deepethogram.data.utils.update_split:452] file CageK1-CONT-2024-09-06_06-17-43 assigned to split train
[2025-06-27 15:59:52,173] INFO [deepethogram.data.utils.update_split:452] file CageK1-CONT-2024-09-06_20-26-43 assigned to split val
[2025-06-27 15:59:52,173] INFO [deepethogram.data.utils.update_split:452] file CageK1-CONT-2024-09-09_20-16-49 assigned to split train
[2025-06-27 15:59:52,173] INFO [deepethogram.data.utils.update_split:452] file CageK1-CONT-2024-09-10_00-06-49 assigned to split train
[2025-06-27 15:59:52,173] INFO [deepethogram.data.utils.update_split:452] file CageK2-LBN-2024-09-16_21-55-50_blur assigned to split train
[2025-06-27 15:59:52,173] INFO [deepethogram.data.utils.update_split:452] file CageK2-LBN-2024-09-16_21-55-50_combo123 assigned to split train
[2025-06-27 15:59:52,173] INFO [deepethogram.data.utils.update_split:452] file CageK2-LBN-2024-09-16_21-55-50_combo124 assigned to split val
[2025-06-27 15:59:52,173] INFO [deepethogram.data.utils.update_split:452] file CageK2-LBN-2024-09-17_05-55-50_blur assigned to split train
[2025-06-27 15:59:52,173] INFO [deepethogram.data.utils.update_split:452] file CageK2-LBN-2024-09-17_05-55-50_combo123 assigned to split train
[2025-06-27 15:59:52,174] INFO [deepethogram.data.utils.update_split:452] file CageK2-LBN-2024-09-17_05-55-50_combo234 assigned to split train
[2025-06-27 15:59:52,174] INFO [deepethogram.data.utils.update_split:452] file CageK2-LBN-2024-09-17_05-55-50_zoom_crop assigned to split train
[2025-06-27 16:00:19,760] INFO [deepethogram.data.utils.make_loss_weight:116] Class counts: [     0 698917 377628 246691  11551  79510 235334    503  33930  54428]
[2025-06-27 16:00:19,760] INFO [deepethogram.data.utils.make_loss_weight:117] Pos weight: [          inf    0.53958911    1.84948415    3.3619143    92.15600381
   12.53345491    3.57241623 2138.25447316   30.71367521   18.7700632 ]
[2025-06-27 16:00:19,776] INFO [deepethogram.data.utils.make_loss_weight:118] Pos weight, weighted: [   0.           0.5395891    1.8494842    3.3619144   92.156006
   12.533455     3.5724163 2138.2544      30.713675    18.770063 ]
[2025-06-27 16:00:19,776] INFO [deepethogram.data.utils.make_loss_weight:119] Softmax weight: [0.         0.00066627 0.00123314 0.00188766 0.04031417 0.00585673
 0.00197876 0.92578318 0.0137244  0.00855569]
[2025-06-27 16:00:19,776] INFO [deepethogram.data.utils.make_loss_weight:120] Softmax weight transformed: [0.         0.00066627 0.00123314 0.00188766 0.04031417 0.00585673
 0.00197876 0.92578316 0.0137244  0.00855569]
[2025-06-27 16:00:21,417] INFO [deepethogram.projects.get_weightfile_from_cfg:1081] loading specified weights: D:\LBN\Maternal_auto_classification_train_deepethogram\models\250627_092814_feature_extractor_train\lightning_checkpoints\epoch=11-step=11999.ckpt
[2025-06-27 16:00:21,417] INFO [deepethogram.feature_extractor.train.build_model_from_cfg:220] feature extractor weightfile: D:\LBN\Maternal_auto_classification_train_deepethogram\models\250627_092814_feature_extractor_train\lightning_checkpoints\epoch=11-step=11999.ckpt
[2025-06-27 16:00:21,559] INFO [deepethogram.feature_extractor.models.CNN.get_cnn:91] Custom bias: Parameter containing:
tensor([ 0.0000,  0.6169, -0.6149, -1.2125, -4.5235, -2.5284, -1.2732, -7.6677,
        -3.4247, -2.9323], requires_grad=True)
[2025-06-27 16:00:21,559] INFO [deepethogram.utils.load_feature_extractor_components:630] loading component spatial from file D:\LBN\Maternal_auto_classification_train_deepethogram\models\250627_092814_feature_extractor_train\lightning_checkpoints\epoch=11-step=11999.ckpt
[2025-06-27 16:00:21,886] INFO [deepethogram.feature_extractor.models.CNN.get_cnn:91] Custom bias: Parameter containing:
tensor([ 0.0000,  0.6169, -0.6149, -1.2125, -4.5235, -2.5284, -1.2732, -7.6677,
        -3.4247, -2.9323], requires_grad=True)
[2025-06-27 16:00:21,902] INFO [deepethogram.utils.load_feature_extractor_components:630] loading component flow from file D:\LBN\Maternal_auto_classification_train_deepethogram\models\250627_092814_feature_extractor_train\lightning_checkpoints\epoch=11-step=11999.ckpt
[2025-06-27 16:00:23,993] INFO [deepethogram.projects.get_weightfile_from_cfg:1081] loading specified weights: D:\LBN\Maternal_auto_classification_train_deepethogram\models\250616_164900_flow_generator_train\lightning_checkpoints\epoch=1-step=1999.ckpt
[2025-06-27 16:00:23,993] INFO [deepethogram.utils.load_state:341] loading from checkpoint file D:\LBN\Maternal_auto_classification_train_deepethogram\models\250616_164900_flow_generator_train\lightning_checkpoints\epoch=1-step=1999.ckpt...
[2025-06-27 16:00:24,119] INFO [deepethogram.utils.load_feature_extractor_components:630] loading component fusion from file D:\LBN\Maternal_auto_classification_train_deepethogram\models\250627_092814_feature_extractor_train\lightning_checkpoints\epoch=11-step=11999.ckpt
[2025-06-27 16:00:24,604] INFO [deepethogram.feature_extractor.train.get_metrics:632] key metric: f1_class_mean_nobg
[2025-06-27 16:00:25,119] WARNING [deepethogram.projects.filter_records_for_filetypes:663] No label file found in record: Cage8-CONT-2024-12-17_23-07-19
[2025-06-27 16:00:25,119] WARNING [deepethogram.projects.filter_records_for_filetypes:663] No label file found in record: Cage8-CONT-2024-12-19_20-00-00
[2025-06-27 16:00:25,119] WARNING [deepethogram.projects.filter_records_for_filetypes:663] No label file found in record: Cage8-CONT-2024-12-19_20-10-00
[2025-06-27 16:00:25,119] WARNING [deepethogram.projects.filter_records_for_filetypes:663] No label file found in record: Cage8-CONT-2024-12-19_20-50-00
[2025-06-27 16:00:25,119] WARNING [deepethogram.projects.filter_records_for_filetypes:663] No label file found in record: Cage8-CONT-2024-12-19_21-00-00
[2025-06-27 16:00:25,119] WARNING [deepethogram.projects.filter_records_for_filetypes:663] No label file found in record: Cage8-CONT-2024-12-19_22-10-01
[2025-06-27 16:00:25,119] WARNING [deepethogram.projects.filter_records_for_filetypes:663] No label file found in record: Cage8-CONT-2024-12-19_22-30-01
[2025-06-27 16:00:25,119] WARNING [deepethogram.projects.filter_records_for_filetypes:663] No label file found in record: Cage8-CONT-2024-12-19_23-00-01
[2025-06-27 16:00:25,119] WARNING [deepethogram.projects.filter_records_for_filetypes:663] No label file found in record: Cage8-CONT-2024-12-20_02-10-06
[2025-06-27 16:00:25,963] INFO [deepethogram.data.utils.get_split_from_records:488] Getting split from records...D:\LBN\Maternal_auto_classification_train_deepethogram\SPLITS\split_4.yaml
[2025-06-27 16:00:51,982] INFO [deepethogram.data.utils.make_loss_weight:116] Class counts: [     0 698917 377628 246691  11551  79510 235334    503  33930  54428]
[2025-06-27 16:00:51,982] INFO [deepethogram.data.utils.make_loss_weight:117] Pos weight: [          inf    0.53958911    1.84948415    3.3619143    92.15600381
   12.53345491    3.57241623 2138.25447316   30.71367521   18.7700632 ]
[2025-06-27 16:00:51,982] INFO [deepethogram.data.utils.make_loss_weight:118] Pos weight, weighted: [   0.           0.5395891    1.8494842    3.3619144   92.156006
   12.533455     3.5724163 2138.2544      30.713675    18.770063 ]
[2025-06-27 16:00:51,982] INFO [deepethogram.data.utils.make_loss_weight:119] Softmax weight: [0.         0.00066627 0.00123314 0.00188766 0.04031417 0.00585673
 0.00197876 0.92578318 0.0137244  0.00855569]
[2025-06-27 16:00:51,982] INFO [deepethogram.data.utils.make_loss_weight:120] Softmax weight transformed: [0.         0.00066627 0.00123314 0.00188766 0.04031417 0.00585673
 0.00197876 0.92578316 0.0137244  0.00855569]
[2025-06-27 16:00:51,982] INFO [deepethogram.feature_extractor.losses.__init__:100] Focal loss: gamma 1.00 smoothing: 0.05
[2025-06-27 16:00:52,011] INFO [deepethogram.losses.get_regularization_loss:205] Regularization: L2_SP. Pretrained file: D:\LBN\Maternal_auto_classification_train_deepethogram\models\pretrained_models\200410_142156_hidden_two_stream_kinetics_degm\checkpoint.pt alpha: 1e-05 beta: 0.001
[2025-06-27 16:00:52,153] INFO [deepethogram.data.augs.get_gpu_transforms:246] GPU transforms: {'train': Sequential(
  (0): ToFloat()
  (1): VideoSequential(
    (RandomHorizontalFlip_0): RandomHorizontalFlip(p=0.5, p_batch=1.0, same_on_batch=False)
    (RandomRotation_1): RandomRotation(degrees=10, p=0.5, p_batch=1.0, same_on_batch=False, resample=bilinear, align_corners=True)
    (ColorJitter_2): ColorJitter(brightness=0.25, contrast=0.1, saturation=0.1, hue=0.1, p=0.5, p_batch=1.0, same_on_batch=False)
    (RandomGrayscale_3): RandomGrayscale(p=0.5, p_batch=1.0, same_on_batch=False)
  )
  (2): NormalizeVideo()
  (3): StackClipInChannels()
), 'val': Sequential(
  (0): ToFloat()
  (1): NormalizeVideo()
  (2): StackClipInChannels()
), 'test': Sequential(
  (0): ToFloat()
  (1): NormalizeVideo()
  (2): StackClipInChannels()
), 'denormalize': Sequential(
  (0): UnstackClip()
  (1): DenormalizeVideo()
)}
[2025-06-27 16:00:52,154] INFO [deepethogram.base.__init__:95] scheduler mode: max
[2025-06-27 16:00:52,154] INFO [deepethogram.base.get_train_sampler:171] not using oversampling
[2025-06-27 16:00:52,526] INFO [deepethogram.base.configure_optimizers:227] learning rate: 0.0001
