[2025-06-24 16:14:53,810] INFO [deepethogram.feature_extractor.train.feature_extractor_train:66] args: d:/LBN/Maternal_auto_classification_train_deepethogram/complexTraining_FE.py
[2025-06-24 16:14:53,810] INFO [deepethogram.feature_extractor.train.feature_extractor_train:71] configuration used ~~~~~
[2025-06-24 16:14:53,863] INFO [deepethogram.feature_extractor.train.feature_extractor_train:72] split:
  reload: true
  file: null
  train_val_test:
  - 0.9
  - 0.1
  - 0.0
compute:
  fp16: false
  num_workers: 3
  batch_size: 8
  min_batch_size: 8
  max_batch_size: 128
  distributed: false
  gpu_id: 0
  dali: false
  metrics_workers: 0
reload:
  overwrite_cfg: false
  latest: false
notes: null
log:
  level: info
augs:
  brightness: 0.25
  contrast: 0.1
  hue: 0.1
  saturation: 0.1
  color_p: 0.5
  grayscale: 0.5
  crop_size: null
  resize:
  - 224
  - 224
  dali: false
  random_resize: false
  pad: null
  LR: 0.5
  UD: 0.0
  degrees: 10
  normalization:
    'N': 694834329600
    mean:
    - 0.4213915600330549
    - 0.426960783932345
    - 0.365874038370559
    std:
    - 0.224414912593986
    - 0.2267886049471975
    - 0.22340896343317201
feature_extractor:
  arch: resnet50
  fusion: average
  sampler: null
  final_bn: false
  sampling_ratio: null
  final_activation: sigmoid
  dropout_p: 0.25
  n_flows: 10
  n_rgb: 1
  curriculum: false
  inputs: both
  weights: D:\LBN\Maternal_auto_classification_train_deepethogram\models\250617_091936_feature_extractor_train\lightning_checkpoints\epoch=0-step=999.ckpt
  n_flow: 10
train:
  steps_per_epoch:
    train: 1000
    val: 1000
    test: 20
  num_epochs: 100
  lr: 0.0001
  scheduler: plateau
  min_lr: 5.0e-07
  stopping_type: learning_rate
  milestones:
  - 50
  - 100
  - 150
  - 200
  - 250
  - 300
  weight_loss: true
  patience: 3
  early_stopping_begins: 0
  viz_metrics: true
  viz_examples: 10
  reduction_factor: 0.1
  loss_weight_exp: 1.0
  loss_gamma: 1.0
  label_smoothing: 0.05
  oversampling_exp: 0.0
  regularization:
    style: l2_sp
    alpha: 1.0e-05
    beta: 0.001
flow_generator:
  type: flow_generator
  flow_loss: MotionNet
  flow_max: 10
  input_images: 11
  flow_sparsity: false
  smooth_weight_multiplier: 1.0
  sparsity_weight: 0.0
  loss: MotionNet
  max: 5
  n_rgb: 11
  arch: MotionNet
  weights: D:\LBN\Maternal_auto_classification_train_deepethogram\models\250616_164900_flow_generator_train\lightning_checkpoints\epoch=1-step=1999.ckpt
  'n': 10
postprocessor:
  type: min_bout_per_behavior
  min_bout_length: 10
inference:
  directory_list:
  - D:\LBN\Maternal_auto_classification_train_deepethogram\DATA\Cage1-CONT-2024-12-08_20-08-34
  - D:\LBN\Maternal_auto_classification_train_deepethogram\DATA\Cage1-CONT-2024-12-08_20-18-34
  - D:\LBN\Maternal_auto_classification_train_deepethogram\DATA\Cage1-CONT-2024-12-08_20-28-34
  - D:\LBN\Maternal_auto_classification_train_deepethogram\DATA\Cage1-CONT-2024-12-08_20-38-34
  - D:\LBN\Maternal_auto_classification_train_deepethogram\DATA\Cage1-CONT-2024-12-08_20-48-34
  - D:\LBN\Maternal_auto_classification_train_deepethogram\DATA\Cage1-CONT-2024-12-08_20-58-34
  - D:\LBN\Maternal_auto_classification_train_deepethogram\DATA\Cage1-CONT-2024-12-08_21-08-34
  - D:\LBN\Maternal_auto_classification_train_deepethogram\DATA\Cage1-CONT-2024-12-08_21-18-34
  - D:\LBN\Maternal_auto_classification_train_deepethogram\DATA\Cage1-CONT-2024-12-08_21-28-34
  - D:\LBN\Maternal_auto_classification_train_deepethogram\DATA\Cage1-CONT-2024-12-08_21-38-34
  - D:\LBN\Maternal_auto_classification_train_deepethogram\DATA\Cage1-CONT-2024-12-08_21-48-34
  - D:\LBN\Maternal_auto_classification_train_deepethogram\DATA\Cage1-CONT-2024-12-08_22-28-34
  - D:\LBN\Maternal_auto_classification_train_deepethogram\DATA\Cage1-CONT-2024-12-08_22-38-34
  - D:\LBN\Maternal_auto_classification_train_deepethogram\DATA\Cage1-CONT-2024-12-08_22-48-34
  - D:\LBN\Maternal_auto_classification_train_deepethogram\DATA\Cage1-CONT-2024-12-08_22-58-34
  - D:\LBN\Maternal_auto_classification_train_deepethogram\DATA\Cage1-CONT-2024-12-08_23-28-34
  - D:\LBN\Maternal_auto_classification_train_deepethogram\DATA\Cage1-CONT-2024-12-08_23-38-34
  - D:\LBN\Maternal_auto_classification_train_deepethogram\DATA\Cage1-CONT-2024-12-09_04-28-34
  - D:\LBN\Maternal_auto_classification_train_deepethogram\DATA\Cage1-CONT-2024-12-09_04-38-34
  - D:\LBN\Maternal_auto_classification_train_deepethogram\DATA\Cage1-CONT-2024-12-09_04-58-34
  - D:\LBN\Maternal_auto_classification_train_deepethogram\DATA\Cage1-CONT-2024-12-09_05-08-34
  - D:\LBN\Maternal_auto_classification_train_deepethogram\DATA\Cage1-CONT-2024-12-09_05-18-34
  - D:\LBN\Maternal_auto_classification_train_deepethogram\DATA\Cage1-CONT-2024-12-09_05-28-34
  - D:\LBN\Maternal_auto_classification_train_deepethogram\DATA\Cage1-CONT-2024-12-09_05-38-34
  - D:\LBN\Maternal_auto_classification_train_deepethogram\DATA\Cage1-CONT-2024-12-09_05-48-34
  - D:\LBN\Maternal_auto_classification_train_deepethogram\DATA\Cage1-CONT-2024-12-09_05-58-34
  - D:\LBN\Maternal_auto_classification_train_deepethogram\DATA\Cage1-CONT-2024-12-09_06-08-34
  - D:\LBN\Maternal_auto_classification_train_deepethogram\DATA\Cage1-CONT-2024-12-09_06-18-34
  - D:\LBN\Maternal_auto_classification_train_deepethogram\DATA\Cage1-CONT-2024-12-09_06-48-34
  - D:\LBN\Maternal_auto_classification_train_deepethogram\DATA\Cage1-CONT-2024-12-09_07-28-34
  - D:\LBN\Maternal_auto_classification_train_deepethogram\DATA\Cage1-CONT-2024-12-09_20-28-37
  - D:\LBN\Maternal_auto_classification_train_deepethogram\DATA\Cage1-CONT-2024-12-10_04-48-38
  - D:\LBN\Maternal_auto_classification_train_deepethogram\DATA\Cage1-CONT-2024-12-10_05-18-38
  - D:\LBN\Maternal_auto_classification_train_deepethogram\DATA\Cage1-CONT-2024-12-16_06-11-52
  - D:\LBN\Maternal_auto_classification_train_deepethogram\DATA\Cage1-LBN-2024-08-30_20-04-40
  - D:\LBN\Maternal_auto_classification_train_deepethogram\DATA\Cage1-LBN-2024-08-30_20-14-40
  - D:\LBN\Maternal_auto_classification_train_deepethogram\DATA\Cage1-LBN-2024-08-30_20-24-40
  - D:\LBN\Maternal_auto_classification_train_deepethogram\DATA\Cage1-LBN-2024-08-30_20-34-40
  - D:\LBN\Maternal_auto_classification_train_deepethogram\DATA\Cage1-LBN-2024-08-30_20-44-40
  - D:\LBN\Maternal_auto_classification_train_deepethogram\DATA\Cage1-LBN-2024-08-30_20-54-40
  - D:\LBN\Maternal_auto_classification_train_deepethogram\DATA\Cage1-LBN-2024-08-30_21-04-40
  - D:\LBN\Maternal_auto_classification_train_deepethogram\DATA\Cage1-LBN-2024-08-30_21-14-40
  - D:\LBN\Maternal_auto_classification_train_deepethogram\DATA\Cage1-LBN-2024-08-30_21-24-40
  - D:\LBN\Maternal_auto_classification_train_deepethogram\DATA\Cage1-LBN-2024-08-30_21-44-40
  - D:\LBN\Maternal_auto_classification_train_deepethogram\DATA\Cage1-LBN-2024-08-30_21-44-40_blur
  - D:\LBN\Maternal_auto_classification_train_deepethogram\DATA\Cage1-LBN-2024-08-30_21-44-40_bright_contrast
  - D:\LBN\Maternal_auto_classification_train_deepethogram\DATA\Cage1-LBN-2024-08-30_21-44-40_combo123
  - D:\LBN\Maternal_auto_classification_train_deepethogram\DATA\Cage1-LBN-2024-08-30_21-44-40_combo124
  - D:\LBN\Maternal_auto_classification_train_deepethogram\DATA\Cage1-LBN-2024-08-30_21-44-40_combo234
  - D:\LBN\Maternal_auto_classification_train_deepethogram\DATA\Cage1-LBN-2024-08-30_21-44-40_flip
  - D:\LBN\Maternal_auto_classification_train_deepethogram\DATA\Cage1-LBN-2024-08-30_21-44-40_zoom_crop
  - D:\LBN\Maternal_auto_classification_train_deepethogram\DATA\Cage1-LBN-2024-08-30_21-54-40
  - D:\LBN\Maternal_auto_classification_train_deepethogram\DATA\Cage1-LBN-2024-08-30_22-04-40
  - D:\LBN\Maternal_auto_classification_train_deepethogram\DATA\Cage1-LBN-2024-08-30_22-14-40
  - D:\LBN\Maternal_auto_classification_train_deepethogram\DATA\Cage1-LBN-2024-08-30_22-14-40_blur
  - D:\LBN\Maternal_auto_classification_train_deepethogram\DATA\Cage1-LBN-2024-08-30_22-14-40_bright_contrast
  - D:\LBN\Maternal_auto_classification_train_deepethogram\DATA\Cage1-LBN-2024-08-30_22-14-40_combo123
  - D:\LBN\Maternal_auto_classification_train_deepethogram\DATA\Cage1-LBN-2024-08-30_22-14-40_combo124
  - D:\LBN\Maternal_auto_classification_train_deepethogram\DATA\Cage1-LBN-2024-08-30_22-14-40_combo234
  - D:\LBN\Maternal_auto_classification_train_deepethogram\DATA\Cage1-LBN-2024-08-30_22-14-40_flip
  - D:\LBN\Maternal_auto_classification_train_deepethogram\DATA\Cage1-LBN-2024-08-30_22-14-40_zoom_crop
  - D:\LBN\Maternal_auto_classification_train_deepethogram\DATA\Cage1-LBN-2024-08-30_22-24-40
  - D:\LBN\Maternal_auto_classification_train_deepethogram\DATA\Cage1-LBN-2024-08-30_22-34-40
  - D:\LBN\Maternal_auto_classification_train_deepethogram\DATA\Cage1-LBN-2024-08-30_22-44-40
  - D:\LBN\Maternal_auto_classification_train_deepethogram\DATA\Cage1-LBN-2024-08-30_22-54-40
  - D:\LBN\Maternal_auto_classification_train_deepethogram\DATA\Cage1-LBN-2024-08-30_23-04-40
  - D:\LBN\Maternal_auto_classification_train_deepethogram\DATA\Cage1-LBN-2024-08-30_23-14-40
  - D:\LBN\Maternal_auto_classification_train_deepethogram\DATA\Cage1-LBN-2024-08-30_23-24-40
  - D:\LBN\Maternal_auto_classification_train_deepethogram\DATA\Cage1-LBN-2024-08-30_23-34-40
  - D:\LBN\Maternal_auto_classification_train_deepethogram\DATA\Cage1-LBN-2024-08-30_23-44-40
  - D:\LBN\Maternal_auto_classification_train_deepethogram\DATA\Cage1-LBN-2024-08-30_23-54-40
  - D:\LBN\Maternal_auto_classification_train_deepethogram\DATA\Cage1-LBN-2024-08-31_00-04-40
  - D:\LBN\Maternal_auto_classification_train_deepethogram\DATA\Cage1-LBN-2024-08-31_04-04-40
  - D:\LBN\Maternal_auto_classification_train_deepethogram\DATA\Cage1-LBN-2024-08-31_04-14-40
  - D:\LBN\Maternal_auto_classification_train_deepethogram\DATA\Cage1-LBN-2024-08-31_04-24-40
  - D:\LBN\Maternal_auto_classification_train_deepethogram\DATA\Cage1-LBN-2024-08-31_04-34-40
  - D:\LBN\Maternal_auto_classification_train_deepethogram\DATA\Cage1-LBN-2024-08-31_04-44-40
  - D:\LBN\Maternal_auto_classification_train_deepethogram\DATA\Cage1-LBN-2024-08-31_04-54-40
  - D:\LBN\Maternal_auto_classification_train_deepethogram\DATA\Cage1-LBN-2024-08-31_05-04-40
  - D:\LBN\Maternal_auto_classification_train_deepethogram\DATA\Cage1-LBN-2024-08-31_05-14-40
  - D:\LBN\Maternal_auto_classification_train_deepethogram\DATA\Cage1-LBN-2024-08-31_05-24-40
  - D:\LBN\Maternal_auto_classification_train_deepethogram\DATA\Cage1-LBN-2024-08-31_05-34-40
  - D:\LBN\Maternal_auto_classification_train_deepethogram\DATA\Cage1-LBN-2024-08-31_05-44-40
  - D:\LBN\Maternal_auto_classification_train_deepethogram\DATA\Cage1-LBN-2024-08-31_05-54-40
  - D:\LBN\Maternal_auto_classification_train_deepethogram\DATA\Cage1-LBN-2024-08-31_06-04-40
  - D:\LBN\Maternal_auto_classification_train_deepethogram\DATA\Cage1-LBN-2024-08-31_06-14-40-stereotypie
  - D:\LBN\Maternal_auto_classification_train_deepethogram\DATA\Cage1-LBN-2024-08-31_06-24-40
  - D:\LBN\Maternal_auto_classification_train_deepethogram\DATA\Cage1-LBN-2024-08-31_06-34-40
  - D:\LBN\Maternal_auto_classification_train_deepethogram\DATA\Cage1-LBN-2024-08-31_06-44-40
  - D:\LBN\Maternal_auto_classification_train_deepethogram\DATA\Cage1-LBN-2024-08-31_06-54-40
  - D:\LBN\Maternal_auto_classification_train_deepethogram\DATA\Cage1-LBN-2024-08-31_07-04-40
  - D:\LBN\Maternal_auto_classification_train_deepethogram\DATA\Cage1-LBN-2024-08-31_07-14-40
  - D:\LBN\Maternal_auto_classification_train_deepethogram\DATA\Cage1-LBN-2024-08-31_07-24-40
  - D:\LBN\Maternal_auto_classification_train_deepethogram\DATA\Cage1-LBN-2024-08-31_20-15-28
  - D:\LBN\Maternal_auto_classification_train_deepethogram\DATA\Cage1-LBN-2024-08-31_20-25-28
  - D:\LBN\Maternal_auto_classification_train_deepethogram\DATA\Cage1-LBN-2024-08-31_20-35-28
  - D:\LBN\Maternal_auto_classification_train_deepethogram\DATA\Cage1-LBN-2024-08-31_20-45-28
  - D:\LBN\Maternal_auto_classification_train_deepethogram\DATA\Cage1-LBN-2024-08-31_20-55-28
  - D:\LBN\Maternal_auto_classification_train_deepethogram\DATA\Cage1-LBN-2024-08-31_21-15-28
  - D:\LBN\Maternal_auto_classification_train_deepethogram\DATA\Cage1-LBN-2024-08-31_21-35-28
  - D:\LBN\Maternal_auto_classification_train_deepethogram\DATA\Cage1-LBN-2024-08-31_21-45-28
  - D:\LBN\Maternal_auto_classification_train_deepethogram\DATA\Cage1-LBN-2024-08-31_21-55-28
  - D:\LBN\Maternal_auto_classification_train_deepethogram\DATA\Cage1-LBN-2024-08-31_22-05-28
  - D:\LBN\Maternal_auto_classification_train_deepethogram\DATA\Cage1-LBN-2024-08-31_22-15-28
  - D:\LBN\Maternal_auto_classification_train_deepethogram\DATA\Cage1-LBN-2024-08-31_22-25-28
  - D:\LBN\Maternal_auto_classification_train_deepethogram\DATA\Cage1-LBN-2024-08-31_22-45-28
  - D:\LBN\Maternal_auto_classification_train_deepethogram\DATA\Cage1-LBN-2024-08-31_22-55-28
  - D:\LBN\Maternal_auto_classification_train_deepethogram\DATA\Cage1-LBN-2024-08-31_23-05-28
  - D:\LBN\Maternal_auto_classification_train_deepethogram\DATA\Cage1-LBN-2024-08-31_23-15-28
  - D:\LBN\Maternal_auto_classification_train_deepethogram\DATA\Cage1-LBN-2024-08-31_23-25-28
  - D:\LBN\Maternal_auto_classification_train_deepethogram\DATA\Cage1-LBN-2024-08-31_23-35-28
  - D:\LBN\Maternal_auto_classification_train_deepethogram\DATA\Cage1-LBN-2024-08-31_23-45-28
  - D:\LBN\Maternal_auto_classification_train_deepethogram\DATA\Cage1-LBN-2024-08-31_23-55-28
  - D:\LBN\Maternal_auto_classification_train_deepethogram\DATA\Cage1-LBN-2024-09-01_00-05-28
  - D:\LBN\Maternal_auto_classification_train_deepethogram\DATA\Cage1-LBN-2024-09-01_00-15-28
  - D:\LBN\Maternal_auto_classification_train_deepethogram\DATA\Cage1-LBN-2024-09-01_04-15-28
  - D:\LBN\Maternal_auto_classification_train_deepethogram\DATA\Cage1-LBN-2024-09-01_04-25-28
  - D:\LBN\Maternal_auto_classification_train_deepethogram\DATA\Cage1-LBN-2024-09-01_04-35-28
  - D:\LBN\Maternal_auto_classification_train_deepethogram\DATA\Cage1-LBN-2024-09-01_04-45-28
  - D:\LBN\Maternal_auto_classification_train_deepethogram\DATA\Cage1-LBN-2024-09-01_04-55-28
  - D:\LBN\Maternal_auto_classification_train_deepethogram\DATA\Cage1-LBN-2024-09-01_05-05-28
  - D:\LBN\Maternal_auto_classification_train_deepethogram\DATA\Cage1-LBN-2024-09-01_05-15-28
  - D:\LBN\Maternal_auto_classification_train_deepethogram\DATA\Cage1-LBN-2024-09-01_05-25-28
  - D:\LBN\Maternal_auto_classification_train_deepethogram\DATA\Cage1-LBN-2024-09-01_05-35-28
  - D:\LBN\Maternal_auto_classification_train_deepethogram\DATA\Cage1-LBN-2024-09-01_05-45-28
  - D:\LBN\Maternal_auto_classification_train_deepethogram\DATA\Cage1-LBN-2024-09-01_05-55-28
  - D:\LBN\Maternal_auto_classification_train_deepethogram\DATA\Cage1-LBN-2024-09-01_06-05-28
  - D:\LBN\Maternal_auto_classification_train_deepethogram\DATA\Cage1-LBN-2024-09-01_06-15-28
  - D:\LBN\Maternal_auto_classification_train_deepethogram\DATA\Cage1-LBN-2024-09-01_06-25-28
  - D:\LBN\Maternal_auto_classification_train_deepethogram\DATA\Cage1-LBN-2024-09-01_06-35-28
  - D:\LBN\Maternal_auto_classification_train_deepethogram\DATA\Cage1-LBN-2024-09-01_06-45-28
  - D:\LBN\Maternal_auto_classification_train_deepethogram\DATA\Cage1-LBN-2024-09-01_06-55-28
  - D:\LBN\Maternal_auto_classification_train_deepethogram\DATA\Cage1-LBN-2024-09-01_07-05-28
  - D:\LBN\Maternal_auto_classification_train_deepethogram\DATA\Cage1-LBN-2024-09-01_07-15-28
  - D:\LBN\Maternal_auto_classification_train_deepethogram\DATA\Cage1-LBN-2024-09-01_20-15-28
  - D:\LBN\Maternal_auto_classification_train_deepethogram\DATA\Cage1-LBN-2024-09-01_20-25-28
  - D:\LBN\Maternal_auto_classification_train_deepethogram\DATA\Cage1-LBN-2024-09-01_20-35-28
  - D:\LBN\Maternal_auto_classification_train_deepethogram\DATA\Cage1-LBN-2024-09-01_20-45-28
  - D:\LBN\Maternal_auto_classification_train_deepethogram\DATA\Cage1-LBN-2024-09-01_20-55-28
  - D:\LBN\Maternal_auto_classification_train_deepethogram\DATA\Cage1-LBN-2024-09-03_22-21-56
  - D:\LBN\Maternal_auto_classification_train_deepethogram\DATA\Cage1-LBN-2024-09-03_23-41-56
  - D:\LBN\Maternal_auto_classification_train_deepethogram\DATA\Cage2-LBN-2024-12-08_20-38-34
  - D:\LBN\Maternal_auto_classification_train_deepethogram\DATA\Cage2-LBN-2024-12-08_21-28-34
  - D:\LBN\Maternal_auto_classification_train_deepethogram\DATA\Cage2-LBN-2024-12-08_21-58-35
  - D:\LBN\Maternal_auto_classification_train_deepethogram\DATA\Cage2-LBN-2024-12-08_22-18-35
  - D:\LBN\Maternal_auto_classification_train_deepethogram\DATA\Cage2-LBN-2024-12-08_22-48-35
  - D:\LBN\Maternal_auto_classification_train_deepethogram\DATA\Cage2-LBN-2024-12-08_22-58-35
  - D:\LBN\Maternal_auto_classification_train_deepethogram\DATA\Cage2-LBN-2024-12-08_22-58-35_blur
  - D:\LBN\Maternal_auto_classification_train_deepethogram\DATA\Cage2-LBN-2024-12-08_22-58-35_bright_contrast
  - D:\LBN\Maternal_auto_classification_train_deepethogram\DATA\Cage2-LBN-2024-12-08_22-58-35_combo123
  - D:\LBN\Maternal_auto_classification_train_deepethogram\DATA\Cage2-LBN-2024-12-08_22-58-35_combo124
  - D:\LBN\Maternal_auto_classification_train_deepethogram\DATA\Cage2-LBN-2024-12-08_22-58-35_combo234
  - D:\LBN\Maternal_auto_classification_train_deepethogram\DATA\Cage2-LBN-2024-12-08_22-58-35_flip
  - D:\LBN\Maternal_auto_classification_train_deepethogram\DATA\Cage2-LBN-2024-12-08_22-58-35_zoom_crop
  - D:\LBN\Maternal_auto_classification_train_deepethogram\DATA\Cage2-LBN-2024-12-08_23-18-35
  - D:\LBN\Maternal_auto_classification_train_deepethogram\DATA\Cage2-LBN-2024-12-09_05-48-35
  - D:\LBN\Maternal_auto_classification_train_deepethogram\DATA\Cage2-LBN-2024-12-09_07-08-35
  - D:\LBN\Maternal_auto_classification_train_deepethogram\DATA\Cage2-LBN-2024-12-09_20-48-38
  - D:\LBN\Maternal_auto_classification_train_deepethogram\DATA\Cage2-LBN-2024-12-09_21-28-38
  - D:\LBN\Maternal_auto_classification_train_deepethogram\DATA\Cage2-LBN-2024-12-09_21-38-38
  - D:\LBN\Maternal_auto_classification_train_deepethogram\DATA\Cage2-LBN-2024-12-09_21-48-38
  - D:\LBN\Maternal_auto_classification_train_deepethogram\DATA\Cage2-LBN-2024-12-10_05-38-39
  - D:\LBN\Maternal_auto_classification_train_deepethogram\DATA\Cage2-LBN-2024-12-10_05-48-39
  - D:\LBN\Maternal_auto_classification_train_deepethogram\DATA\Cage2-LBN-2024-12-10_05-58-39
  - D:\LBN\Maternal_auto_classification_train_deepethogram\DATA\Cage2-LBN-2024-12-10_06-28-39
  - D:\LBN\Maternal_auto_classification_train_deepethogram\DATA\Cage2-LBN-2024-12-10_20-28-40
  - D:\LBN\Maternal_auto_classification_train_deepethogram\DATA\Cage2-LBN-2024-12-10_22-58-40
  - D:\LBN\Maternal_auto_classification_train_deepethogram\DATA\Cage2-LBN-2024-12-11_20-42-14
  - D:\LBN\Maternal_auto_classification_train_deepethogram\DATA\Cage2-LBN-2024-12-11_20-42-14_blur
  - D:\LBN\Maternal_auto_classification_train_deepethogram\DATA\Cage2-LBN-2024-12-11_20-42-14_bright_contrast
  - D:\LBN\Maternal_auto_classification_train_deepethogram\DATA\Cage2-LBN-2024-12-11_20-42-14_combo123
  - D:\LBN\Maternal_auto_classification_train_deepethogram\DATA\Cage2-LBN-2024-12-11_20-42-14_combo124
  - D:\LBN\Maternal_auto_classification_train_deepethogram\DATA\Cage2-LBN-2024-12-11_20-42-14_combo234
  - D:\LBN\Maternal_auto_classification_train_deepethogram\DATA\Cage2-LBN-2024-12-11_20-42-14_flip
  - D:\LBN\Maternal_auto_classification_train_deepethogram\DATA\Cage2-LBN-2024-12-11_20-42-14_zoom_crop
  - D:\LBN\Maternal_auto_classification_train_deepethogram\DATA\Cage2-LBN-2024-12-11_21-02-14
  - D:\LBN\Maternal_auto_classification_train_deepethogram\DATA\Cage2-LBN-2024-12-11_21-02-14_blur
  - D:\LBN\Maternal_auto_classification_train_deepethogram\DATA\Cage2-LBN-2024-12-11_21-02-14_bright_contrast
  - D:\LBN\Maternal_auto_classification_train_deepethogram\DATA\Cage2-LBN-2024-12-11_21-02-14_combo123
  - D:\LBN\Maternal_auto_classification_train_deepethogram\DATA\Cage2-LBN-2024-12-11_21-02-14_combo124
  - D:\LBN\Maternal_auto_classification_train_deepethogram\DATA\Cage2-LBN-2024-12-11_21-02-14_combo234
  - D:\LBN\Maternal_auto_classification_train_deepethogram\DATA\Cage2-LBN-2024-12-11_21-02-14_flip
  - D:\LBN\Maternal_auto_classification_train_deepethogram\DATA\Cage2-LBN-2024-12-11_21-02-14_zoom_crop
  - D:\LBN\Maternal_auto_classification_train_deepethogram\DATA\Cage2-LBN-2024-12-11_22-12-14
  - D:\LBN\Maternal_auto_classification_train_deepethogram\DATA\Cage2-LBN-2024-12-11_22-52-14
  - D:\LBN\Maternal_auto_classification_train_deepethogram\DATA\Cage2-LBN-2024-12-11_22-52-14_blur
  - D:\LBN\Maternal_auto_classification_train_deepethogram\DATA\Cage2-LBN-2024-12-11_22-52-14_bright_contrast
  - D:\LBN\Maternal_auto_classification_train_deepethogram\DATA\Cage2-LBN-2024-12-11_22-52-14_combo123
  - D:\LBN\Maternal_auto_classification_train_deepethogram\DATA\Cage2-LBN-2024-12-11_22-52-14_combo124
  - D:\LBN\Maternal_auto_classification_train_deepethogram\DATA\Cage2-LBN-2024-12-11_22-52-14_combo234
  - D:\LBN\Maternal_auto_classification_train_deepethogram\DATA\Cage2-LBN-2024-12-11_22-52-14_flip
  - D:\LBN\Maternal_auto_classification_train_deepethogram\DATA\Cage2-LBN-2024-12-11_22-52-14_zoom_crop
  - D:\LBN\Maternal_auto_classification_train_deepethogram\DATA\Cage2-LBN-2024-12-11_23-42-14
  - D:\LBN\Maternal_auto_classification_train_deepethogram\DATA\Cage2-LBN-2024-12-12_20-12-15
  - D:\LBN\Maternal_auto_classification_train_deepethogram\DATA\Cage2-LBN-2024-12-12_21-42-15
  - D:\LBN\Maternal_auto_classification_train_deepethogram\DATA\Cage2-LBN-2024-12-12_22-52-15
  - D:\LBN\Maternal_auto_classification_train_deepethogram\DATA\Cage3-LBN-2024-12-08_21-38-35
  - D:\LBN\Maternal_auto_classification_train_deepethogram\DATA\Cage3-LBN-2024-12-08_21-38-35_blur
  - D:\LBN\Maternal_auto_classification_train_deepethogram\DATA\Cage3-LBN-2024-12-08_21-38-35_bright_contrast
  - D:\LBN\Maternal_auto_classification_train_deepethogram\DATA\Cage3-LBN-2024-12-08_21-38-35_combo123
  - D:\LBN\Maternal_auto_classification_train_deepethogram\DATA\Cage3-LBN-2024-12-08_21-38-35_combo124
  - D:\LBN\Maternal_auto_classification_train_deepethogram\DATA\Cage3-LBN-2024-12-08_21-38-35_combo234
  - D:\LBN\Maternal_auto_classification_train_deepethogram\DATA\Cage3-LBN-2024-12-08_21-38-35_flip
  - D:\LBN\Maternal_auto_classification_train_deepethogram\DATA\Cage3-LBN-2024-12-08_21-38-35_zoom_crop
  - D:\LBN\Maternal_auto_classification_train_deepethogram\DATA\Cage3-LBN-2024-12-08_22-28-35
  - D:\LBN\Maternal_auto_classification_train_deepethogram\DATA\Cage3-LBN-2024-12-08_22-28-35_blur
  - D:\LBN\Maternal_auto_classification_train_deepethogram\DATA\Cage3-LBN-2024-12-08_22-28-35_bright_contrast
  - D:\LBN\Maternal_auto_classification_train_deepethogram\DATA\Cage3-LBN-2024-12-08_22-28-35_combo123
  - D:\LBN\Maternal_auto_classification_train_deepethogram\DATA\Cage3-LBN-2024-12-08_22-28-35_combo124
  - D:\LBN\Maternal_auto_classification_train_deepethogram\DATA\Cage3-LBN-2024-12-08_22-28-35_combo234
  - D:\LBN\Maternal_auto_classification_train_deepethogram\DATA\Cage3-LBN-2024-12-08_22-28-35_flip
  - D:\LBN\Maternal_auto_classification_train_deepethogram\DATA\Cage3-LBN-2024-12-08_22-28-35_zoom_crop
  - D:\LBN\Maternal_auto_classification_train_deepethogram\DATA\Cage3-LBN-2024-12-09_07-28-36
  - D:\LBN\Maternal_auto_classification_train_deepethogram\DATA\Cage3-LBN-2024-12-10_20-08-42
  - D:\LBN\Maternal_auto_classification_train_deepethogram\DATA\Cage3-LBN-2024-12-10_20-08-42_blur
  - D:\LBN\Maternal_auto_classification_train_deepethogram\DATA\Cage3-LBN-2024-12-10_20-08-42_bright_contrast
  - D:\LBN\Maternal_auto_classification_train_deepethogram\DATA\Cage3-LBN-2024-12-10_20-08-42_flip
  - D:\LBN\Maternal_auto_classification_train_deepethogram\DATA\Cage3-LBN-2024-12-10_20-08-42_zoom_crop
  - D:\LBN\Maternal_auto_classification_train_deepethogram\DATA\Cage3-LBN-2024-12-10_21-08-42
  - D:\LBN\Maternal_auto_classification_train_deepethogram\DATA\Cage3-LBN-2024-12-10_21-28-42
  - D:\LBN\Maternal_auto_classification_train_deepethogram\DATA\Cage3-LBN-2024-12-10_21-28-42_blur
  - D:\LBN\Maternal_auto_classification_train_deepethogram\DATA\Cage3-LBN-2024-12-10_21-28-42_bright_contrast
  - D:\LBN\Maternal_auto_classification_train_deepethogram\DATA\Cage3-LBN-2024-12-10_21-28-42_combo123
  - D:\LBN\Maternal_auto_classification_train_deepethogram\DATA\Cage3-LBN-2024-12-10_21-28-42_combo124
  - D:\LBN\Maternal_auto_classification_train_deepethogram\DATA\Cage3-LBN-2024-12-10_21-28-42_combo234
  - D:\LBN\Maternal_auto_classification_train_deepethogram\DATA\Cage3-LBN-2024-12-10_21-28-42_flip
  - D:\LBN\Maternal_auto_classification_train_deepethogram\DATA\Cage3-LBN-2024-12-10_21-28-42_zoom_crop
  - D:\LBN\Maternal_auto_classification_train_deepethogram\DATA\Cage3-LBN-2024-12-10_22-38-42
  - D:\LBN\Maternal_auto_classification_train_deepethogram\DATA\Cage3-LBN-2024-12-10_22-58-42
  - D:\LBN\Maternal_auto_classification_train_deepethogram\DATA\Cage3-LBN-2024-12-11_04-38-42
  - D:\LBN\Maternal_auto_classification_train_deepethogram\DATA\Cage3-LBN-2024-12-11_04-38-42_blur
  - D:\LBN\Maternal_auto_classification_train_deepethogram\DATA\Cage3-LBN-2024-12-11_04-38-42_bright_contrast
  - D:\LBN\Maternal_auto_classification_train_deepethogram\DATA\Cage3-LBN-2024-12-11_04-38-42_combo123
  - D:\LBN\Maternal_auto_classification_train_deepethogram\DATA\Cage3-LBN-2024-12-11_04-38-42_combo124
  - D:\LBN\Maternal_auto_classification_train_deepethogram\DATA\Cage3-LBN-2024-12-11_04-38-42_combo234
  - D:\LBN\Maternal_auto_classification_train_deepethogram\DATA\Cage3-LBN-2024-12-11_04-38-42_flip
  - D:\LBN\Maternal_auto_classification_train_deepethogram\DATA\Cage3-LBN-2024-12-11_04-38-42_zoom_crop
  - D:\LBN\Maternal_auto_classification_train_deepethogram\DATA\Cage3-LBN-2024-12-11_07-28-42
  - D:\LBN\Maternal_auto_classification_train_deepethogram\DATA\Cage3-LBN-2024-12-11_22-42-15
  - D:\LBN\Maternal_auto_classification_train_deepethogram\DATA\Cage3-LBN-2024-12-12_04-12-15
  - D:\LBN\Maternal_auto_classification_train_deepethogram\DATA\Cage3-LBN-2024-12-12_04-12-15_blur
  - D:\LBN\Maternal_auto_classification_train_deepethogram\DATA\Cage3-LBN-2024-12-12_04-12-15_bright_contrast
  - D:\LBN\Maternal_auto_classification_train_deepethogram\DATA\Cage3-LBN-2024-12-12_04-12-15_combo123
  - D:\LBN\Maternal_auto_classification_train_deepethogram\DATA\Cage3-LBN-2024-12-12_04-12-15_combo124
  - D:\LBN\Maternal_auto_classification_train_deepethogram\DATA\Cage3-LBN-2024-12-12_04-12-15_combo234
  - D:\LBN\Maternal_auto_classification_train_deepethogram\DATA\Cage3-LBN-2024-12-12_04-12-15_flip
  - D:\LBN\Maternal_auto_classification_train_deepethogram\DATA\Cage3-LBN-2024-12-12_04-12-15_zoom_crop
  - D:\LBN\Maternal_auto_classification_train_deepethogram\DATA\Cage3-LBN-2024-12-12_04-52-15
  - D:\LBN\Maternal_auto_classification_train_deepethogram\DATA\Cage3-LBN-2024-12-12_04-52-15_blur
  - D:\LBN\Maternal_auto_classification_train_deepethogram\DATA\Cage3-LBN-2024-12-12_04-52-15_bright_contrast
  - D:\LBN\Maternal_auto_classification_train_deepethogram\DATA\Cage3-LBN-2024-12-12_04-52-15_combo123
  - D:\LBN\Maternal_auto_classification_train_deepethogram\DATA\Cage3-LBN-2024-12-12_04-52-15_combo124
  - D:\LBN\Maternal_auto_classification_train_deepethogram\DATA\Cage3-LBN-2024-12-12_04-52-15_combo234
  - D:\LBN\Maternal_auto_classification_train_deepethogram\DATA\Cage3-LBN-2024-12-12_04-52-15_flip
  - D:\LBN\Maternal_auto_classification_train_deepethogram\DATA\Cage3-LBN-2024-12-12_04-52-15_zoom_crop
  - D:\LBN\Maternal_auto_classification_train_deepethogram\DATA\Cage3-LBN-2024-12-12_05-42-15
  - D:\LBN\Maternal_auto_classification_train_deepethogram\DATA\Cage3-LBN-2024-12-13_20-03-40
  - D:\LBN\Maternal_auto_classification_train_deepethogram\DATA\Cage3-LBN-2024-12-13_22-03-41
  - D:\LBN\Maternal_auto_classification_train_deepethogram\DATA\Cage3-LBN-2024-12-13_22-13-41
  - D:\LBN\Maternal_auto_classification_train_deepethogram\DATA\Cage3-LBN-2024-12-14_06-23-41
  - D:\LBN\Maternal_auto_classification_train_deepethogram\DATA\Cage3-LBN-2024-12-14_06-23-41_blur
  - D:\LBN\Maternal_auto_classification_train_deepethogram\DATA\Cage3-LBN-2024-12-14_06-23-41_bright_contrast
  - D:\LBN\Maternal_auto_classification_train_deepethogram\DATA\Cage3-LBN-2024-12-14_06-23-41_combo123
  - D:\LBN\Maternal_auto_classification_train_deepethogram\DATA\Cage3-LBN-2024-12-14_06-23-41_combo124
  - D:\LBN\Maternal_auto_classification_train_deepethogram\DATA\Cage3-LBN-2024-12-14_06-23-41_combo234
  - D:\LBN\Maternal_auto_classification_train_deepethogram\DATA\Cage3-LBN-2024-12-14_06-23-41_flip
  - D:\LBN\Maternal_auto_classification_train_deepethogram\DATA\Cage3-LBN-2024-12-14_06-23-41_zoom_crop
  - D:\LBN\Maternal_auto_classification_train_deepethogram\DATA\Cage6-CONT-2024-12-12_20-02-17
  - D:\LBN\Maternal_auto_classification_train_deepethogram\DATA\Cage6-CONT-2024-12-12_20-12-17
  - D:\LBN\Maternal_auto_classification_train_deepethogram\DATA\Cage6-CONT-2024-12-12_20-22-17
  - D:\LBN\Maternal_auto_classification_train_deepethogram\DATA\Cage6-CONT-2024-12-12_20-32-17
  - D:\LBN\Maternal_auto_classification_train_deepethogram\DATA\Cage6-CONT-2024-12-12_20-42-17
  - D:\LBN\Maternal_auto_classification_train_deepethogram\DATA\Cage6-CONT-2024-12-12_20-52-17
  - D:\LBN\Maternal_auto_classification_train_deepethogram\DATA\Cage6-CONT-2024-12-12_21-02-17
  - D:\LBN\Maternal_auto_classification_train_deepethogram\DATA\Cage6-CONT-2024-12-12_21-12-17
  - D:\LBN\Maternal_auto_classification_train_deepethogram\DATA\Cage6-CONT-2024-12-12_21-22-17
  - D:\LBN\Maternal_auto_classification_train_deepethogram\DATA\Cage6-CONT-2024-12-12_21-32-17
  - D:\LBN\Maternal_auto_classification_train_deepethogram\DATA\Cage6-CONT-2024-12-12_21-42-17
  - D:\LBN\Maternal_auto_classification_train_deepethogram\DATA\Cage6-CONT-2024-12-12_21-52-17
  - D:\LBN\Maternal_auto_classification_train_deepethogram\DATA\Cage6-CONT-2024-12-12_22-02-17
  - D:\LBN\Maternal_auto_classification_train_deepethogram\DATA\Cage6-CONT-2024-12-12_22-12-17
  - D:\LBN\Maternal_auto_classification_train_deepethogram\DATA\Cage6-CONT-2024-12-12_22-22-17
  - D:\LBN\Maternal_auto_classification_train_deepethogram\DATA\Cage6-CONT-2024-12-12_22-32-17
  - D:\LBN\Maternal_auto_classification_train_deepethogram\DATA\Cage6-CONT-2024-12-12_22-42-17
  - D:\LBN\Maternal_auto_classification_train_deepethogram\DATA\Cage6-CONT-2024-12-12_22-52-17
  - D:\LBN\Maternal_auto_classification_train_deepethogram\DATA\Cage6-CONT-2024-12-12_23-02-17
  - D:\LBN\Maternal_auto_classification_train_deepethogram\DATA\Cage6-CONT-2024-12-12_23-12-17
  - D:\LBN\Maternal_auto_classification_train_deepethogram\DATA\Cage6-CONT-2024-12-12_23-22-17
  - D:\LBN\Maternal_auto_classification_train_deepethogram\DATA\Cage6-CONT-2024-12-12_23-32-17
  - D:\LBN\Maternal_auto_classification_train_deepethogram\DATA\Cage6-CONT-2024-12-12_23-42-17
  - D:\LBN\Maternal_auto_classification_train_deepethogram\DATA\Cage6-CONT-2024-12-12_23-52-17
  - D:\LBN\Maternal_auto_classification_train_deepethogram\DATA\Cage6-CONT-2024-12-13_00-02-17
  - D:\LBN\Maternal_auto_classification_train_deepethogram\DATA\Cage6-CONT-2024-12-13_04-02-17
  - D:\LBN\Maternal_auto_classification_train_deepethogram\DATA\Cage6-CONT-2024-12-13_04-12-17
  - D:\LBN\Maternal_auto_classification_train_deepethogram\DATA\Cage6-CONT-2024-12-13_04-22-17
  - D:\LBN\Maternal_auto_classification_train_deepethogram\DATA\Cage6-CONT-2024-12-13_04-32-17
  - D:\LBN\Maternal_auto_classification_train_deepethogram\DATA\Cage6-CONT-2024-12-13_04-42-17
  - D:\LBN\Maternal_auto_classification_train_deepethogram\DATA\Cage6-CONT-2024-12-13_04-52-17
  - D:\LBN\Maternal_auto_classification_train_deepethogram\DATA\Cage6-CONT-2024-12-13_05-02-17
  - D:\LBN\Maternal_auto_classification_train_deepethogram\DATA\Cage6-CONT-2024-12-13_05-12-17
  - D:\LBN\Maternal_auto_classification_train_deepethogram\DATA\Cage6-CONT-2024-12-13_05-22-17
  - D:\LBN\Maternal_auto_classification_train_deepethogram\DATA\Cage6-CONT-2024-12-13_05-32-17
  - D:\LBN\Maternal_auto_classification_train_deepethogram\DATA\Cage6-CONT-2024-12-13_05-42-17
  - D:\LBN\Maternal_auto_classification_train_deepethogram\DATA\Cage6-CONT-2024-12-13_05-52-17
  - D:\LBN\Maternal_auto_classification_train_deepethogram\DATA\Cage6-CONT-2024-12-13_07-22-17
  - D:\LBN\Maternal_auto_classification_train_deepethogram\DATA\Cage6-CONT-2024-12-13_20-23-41
  - D:\LBN\Maternal_auto_classification_train_deepethogram\DATA\Cage6-CONT-2024-12-13_20-33-41
  - D:\LBN\Maternal_auto_classification_train_deepethogram\DATA\Cage6-CONT-2024-12-13_20-43-41
  - D:\LBN\Maternal_auto_classification_train_deepethogram\DATA\Cage6-CONT-2024-12-13_21-53-41
  - D:\LBN\Maternal_auto_classification_train_deepethogram\DATA\Cage6-CONT-2024-12-14_06-13-42
  - D:\LBN\Maternal_auto_classification_train_deepethogram\DATA\Cage6-CONT-2024-12-14_07-23-42
  - D:\LBN\Maternal_auto_classification_train_deepethogram\DATA\Cage6-CONT-2024-12-15_20-01-54
  - D:\LBN\Maternal_auto_classification_train_deepethogram\DATA\Cage6-CONT-2024-12-15_21-51-54
  - D:\LBN\Maternal_auto_classification_train_deepethogram\DATA\Cage6-CONT-2024-12-15_22-01-54
  - D:\LBN\Maternal_auto_classification_train_deepethogram\DATA\Cage6-CONT-2024-12-15_22-41-54
  - D:\LBN\Maternal_auto_classification_train_deepethogram\DATA\Cage6-CONT-2024-12-15_23-01-54
  - D:\LBN\Maternal_auto_classification_train_deepethogram\DATA\Cage6-CONT-2024-12-15_23-11-54
  - D:\LBN\Maternal_auto_classification_train_deepethogram\DATA\Cage6-CONT-2024-12-15_23-41-54
  - D:\LBN\Maternal_auto_classification_train_deepethogram\DATA\Cage6-CONT-2024-12-16_04-41-55
  - D:\LBN\Maternal_auto_classification_train_deepethogram\DATA\Cage6-CONT-2024-12-16_06-01-55
  - D:\LBN\Maternal_auto_classification_train_deepethogram\DATA\Cage6-CONT-2024-12-16_07-01-55
  - D:\LBN\Maternal_auto_classification_train_deepethogram\DATA\Cage6-CONT-2024-12-16_20-34-36
  - D:\LBN\Maternal_auto_classification_train_deepethogram\DATA\Cage6-CONT-2024-12-16_21-04-36
  - D:\LBN\Maternal_auto_classification_train_deepethogram\DATA\Cage6-CONT-2024-12-16_21-24-36
  - D:\LBN\Maternal_auto_classification_train_deepethogram\DATA\Cage6-CONT-2024-12-16_21-54-36
  - D:\LBN\Maternal_auto_classification_train_deepethogram\DATA\Cage6-CONT-2024-12-16_23-04-36
  - D:\LBN\Maternal_auto_classification_train_deepethogram\DATA\Cage6-CONT-2024-12-16_23-24-36
  - D:\LBN\Maternal_auto_classification_train_deepethogram\DATA\Cage6-CONT-2024-12-17_04-14-36
  - D:\LBN\Maternal_auto_classification_train_deepethogram\DATA\Cage6-CONT-2024-12-17_06-14-36
  - D:\LBN\Maternal_auto_classification_train_deepethogram\DATA\Cage6-CONT-2024-12-17_06-24-36
  - D:\LBN\Maternal_auto_classification_train_deepethogram\DATA\Cage6-CONT-2024-12-17_07-24-36
  - D:\LBN\Maternal_auto_classification_train_deepethogram\DATA\Cage6-CONT-2024-12-17_20-24-46
  - D:\LBN\Maternal_auto_classification_train_deepethogram\DATA\Cage6-CONT-2024-12-17_22-04-46
  - D:\LBN\Maternal_auto_classification_train_deepethogram\DATA\Cage6-CONT-2024-12-17_22-44-46
  - D:\LBN\Maternal_auto_classification_train_deepethogram\DATA\Cage6-CONT-2024-12-17_23-34-46
  - D:\LBN\Maternal_auto_classification_train_deepethogram\DATA\Cage6-CONT-2024-12-18_00-04-46
  - D:\LBN\Maternal_auto_classification_train_deepethogram\DATA\Cage6-CONT-2024-12-18_06-24-46
  - D:\LBN\Maternal_auto_classification_train_deepethogram\DATA\Cage6-CONT-2024-12-18_20-34-46
  - D:\LBN\Maternal_auto_classification_train_deepethogram\DATA\Cage6-CONT-2024-12-18_21-44-46
  - D:\LBN\Maternal_auto_classification_train_deepethogram\DATA\Cage6-CONT-2024-12-18_22-54-46
  - D:\LBN\Maternal_auto_classification_train_deepethogram\DATA\Cage6-CONT-2024-12-19_00-04-46
  - D:\LBN\Maternal_auto_classification_train_deepethogram\DATA\Cage6-CONT-2024-12-19_05-14-46
  - D:\LBN\Maternal_auto_classification_train_deepethogram\DATA\Cage6-CONT-2024-12-19_07-14-46
  - D:\LBN\Maternal_auto_classification_train_deepethogram\DATA\Cage6-CONT-2024-12-19_20-45-14
  - D:\LBN\Maternal_auto_classification_train_deepethogram\DATA\Cage6-CONT-2024-12-19_21-45-14
  - D:\LBN\Maternal_auto_classification_train_deepethogram\DATA\Cage6-CONT-2024-12-19_23-55-14
  - D:\LBN\Maternal_auto_classification_train_deepethogram\DATA\Cage6-CONT-2024-12-20_01-05-14
  - D:\LBN\Maternal_auto_classification_train_deepethogram\DATA\Cage6-CONT-2024-12-20_02-15-14
  - D:\LBN\Maternal_auto_classification_train_deepethogram\DATA\Cage6-CONT-2024-12-20_02-25-14
  - D:\LBN\Maternal_auto_classification_train_deepethogram\DATA\Cage6-CONT-2024-12-20_02-35-14
  - D:\LBN\Maternal_auto_classification_train_deepethogram\DATA\Cage6-CONT-2024-12-20_02-45-14
  - D:\LBN\Maternal_auto_classification_train_deepethogram\DATA\Cage6-CONT-2024-12-20_02-55-14
  - D:\LBN\Maternal_auto_classification_train_deepethogram\DATA\Cage6-CONT-2024-12-20_03-05-14
  - D:\LBN\Maternal_auto_classification_train_deepethogram\DATA\Cage6-CONT-2024-12-20_03-15-14
  - D:\LBN\Maternal_auto_classification_train_deepethogram\DATA\Cage6-CONT-2024-12-20_03-25-14
  - D:\LBN\Maternal_auto_classification_train_deepethogram\DATA\Cage6-CONT-2024-12-20_03-35-14
  - D:\LBN\Maternal_auto_classification_train_deepethogram\DATA\Cage6-CONT-2024-12-20_03-45-14
  - D:\LBN\Maternal_auto_classification_train_deepethogram\DATA\Cage6-CONT-2024-12-20_03-55-14
  - D:\LBN\Maternal_auto_classification_train_deepethogram\DATA\Cage6-CONT-2024-12-20_04-05-14
  - D:\LBN\Maternal_auto_classification_train_deepethogram\DATA\Cage6-CONT-2024-12-20_04-15-14
  - D:\LBN\Maternal_auto_classification_train_deepethogram\DATA\Cage6-CONT-2024-12-20_04-25-14
  - D:\LBN\Maternal_auto_classification_train_deepethogram\DATA\Cage6-CONT-2024-12-20_04-35-14
  - D:\LBN\Maternal_auto_classification_train_deepethogram\DATA\Cage6-CONT-2024-12-20_04-45-14
  - D:\LBN\Maternal_auto_classification_train_deepethogram\DATA\Cage6-CONT-2024-12-20_04-55-14
  - D:\LBN\Maternal_auto_classification_train_deepethogram\DATA\Cage6-CONT-2024-12-20_05-05-14
  - D:\LBN\Maternal_auto_classification_train_deepethogram\DATA\Cage6-CONT-2024-12-20_05-15-14
  - D:\LBN\Maternal_auto_classification_train_deepethogram\DATA\Cage6-CONT-2024-12-20_05-25-14
  - D:\LBN\Maternal_auto_classification_train_deepethogram\DATA\Cage6-CONT-2024-12-20_05-35-14
  - D:\LBN\Maternal_auto_classification_train_deepethogram\DATA\Cage8-CONT-2024-12-13_04-07-32
  - D:\LBN\Maternal_auto_classification_train_deepethogram\DATA\Cage8-CONT-2024-12-13_06-07-33
  - D:\LBN\Maternal_auto_classification_train_deepethogram\DATA\Cage8-CONT-2024-12-13_07-07-33
  - D:\LBN\Maternal_auto_classification_train_deepethogram\DATA\Cage8-CONT-2024-12-13_20-13-44
  - D:\LBN\Maternal_auto_classification_train_deepethogram\DATA\Cage8-CONT-2024-12-13_20-33-44
  - D:\LBN\Maternal_auto_classification_train_deepethogram\DATA\Cage8-CONT-2024-12-13_21-03-44
  - D:\LBN\Maternal_auto_classification_train_deepethogram\DATA\Cage8-CONT-2024-12-15_04-13-47
  - D:\LBN\Maternal_auto_classification_train_deepethogram\DATA\Cage8-CONT-2024-12-15_20-33-48
  - D:\LBN\Maternal_auto_classification_train_deepethogram\DATA\Cage8-CONT-2024-12-15_22-13-49
  - D:\LBN\Maternal_auto_classification_train_deepethogram\DATA\Cage8-CONT-2024-12-15_22-53-49
  - D:\LBN\Maternal_auto_classification_train_deepethogram\DATA\Cage8-CONT-2024-12-15_23-03-49
  - D:\LBN\Maternal_auto_classification_train_deepethogram\DATA\Cage8-CONT-2024-12-16_20-03-51
  - D:\LBN\Maternal_auto_classification_train_deepethogram\DATA\Cage8-CONT-2024-12-16_20-13-51
  - D:\LBN\Maternal_auto_classification_train_deepethogram\DATA\Cage8-CONT-2024-12-16_20-23-51
  - D:\LBN\Maternal_auto_classification_train_deepethogram\DATA\Cage8-CONT-2024-12-16_20-33-51
  - D:\LBN\Maternal_auto_classification_train_deepethogram\DATA\Cage8-CONT-2024-12-16_20-43-51
  - D:\LBN\Maternal_auto_classification_train_deepethogram\DATA\Cage8-CONT-2024-12-16_20-53-51
  - D:\LBN\Maternal_auto_classification_train_deepethogram\DATA\Cage8-CONT-2024-12-16_21-03-51
  - D:\LBN\Maternal_auto_classification_train_deepethogram\DATA\Cage8-CONT-2024-12-16_21-13-51
  - D:\LBN\Maternal_auto_classification_train_deepethogram\DATA\Cage8-CONT-2024-12-16_21-23-51
  - D:\LBN\Maternal_auto_classification_train_deepethogram\DATA\Cage8-CONT-2024-12-16_21-33-51
  - D:\LBN\Maternal_auto_classification_train_deepethogram\DATA\Cage8-CONT-2024-12-16_21-43-51
  - D:\LBN\Maternal_auto_classification_train_deepethogram\DATA\Cage8-CONT-2024-12-16_21-53-51
  - D:\LBN\Maternal_auto_classification_train_deepethogram\DATA\Cage8-CONT-2024-12-16_22-03-51
  - D:\LBN\Maternal_auto_classification_train_deepethogram\DATA\Cage8-CONT-2024-12-16_22-13-51
  - D:\LBN\Maternal_auto_classification_train_deepethogram\DATA\Cage8-CONT-2024-12-16_22-23-51
  - D:\LBN\Maternal_auto_classification_train_deepethogram\DATA\Cage8-CONT-2024-12-16_22-33-51
  - D:\LBN\Maternal_auto_classification_train_deepethogram\DATA\Cage8-CONT-2024-12-16_22-43-51
  - D:\LBN\Maternal_auto_classification_train_deepethogram\DATA\Cage8-CONT-2024-12-16_22-53-51
  - D:\LBN\Maternal_auto_classification_train_deepethogram\DATA\Cage8-CONT-2024-12-16_23-03-51
  - D:\LBN\Maternal_auto_classification_train_deepethogram\DATA\Cage8-CONT-2024-12-16_23-13-51
  - D:\LBN\Maternal_auto_classification_train_deepethogram\DATA\Cage8-CONT-2024-12-16_23-23-51
  - D:\LBN\Maternal_auto_classification_train_deepethogram\DATA\Cage8-CONT-2024-12-16_23-33-51
  - D:\LBN\Maternal_auto_classification_train_deepethogram\DATA\Cage8-CONT-2024-12-16_23-43-51
  - D:\LBN\Maternal_auto_classification_train_deepethogram\DATA\Cage8-CONT-2024-12-16_23-53-51
  - D:\LBN\Maternal_auto_classification_train_deepethogram\DATA\Cage8-CONT-2024-12-17_00-03-51
  - D:\LBN\Maternal_auto_classification_train_deepethogram\DATA\Cage8-CONT-2024-12-17_04-03-51
  - D:\LBN\Maternal_auto_classification_train_deepethogram\DATA\Cage8-CONT-2024-12-17_05-33-51
  - D:\LBN\Maternal_auto_classification_train_deepethogram\DATA\Cage8-CONT-2024-12-17_06-53-52
  - D:\LBN\Maternal_auto_classification_train_deepethogram\DATA\Cage8-CONT-2024-12-17_07-03-52
  - D:\LBN\Maternal_auto_classification_train_deepethogram\DATA\Cage8-CONT-2024-12-17_21-37-19
  - D:\LBN\Maternal_auto_classification_train_deepethogram\DATA\Cage8-CONT-2024-12-17_23-07-19
  - D:\LBN\Maternal_auto_classification_train_deepethogram\DATA\Cage8-CONT-2024-12-18_05-27-20
  - D:\LBN\Maternal_auto_classification_train_deepethogram\DATA\Cage8-CONT-2024-12-18_05-57-20
  - D:\LBN\Maternal_auto_classification_train_deepethogram\DATA\Cage8-CONT-2024-12-18_20-07-22
  - D:\LBN\Maternal_auto_classification_train_deepethogram\DATA\Cage8-CONT-2024-12-18_20-17-22
  - D:\LBN\Maternal_auto_classification_train_deepethogram\DATA\Cage8-CONT-2024-12-19_04-17-22
  - D:\LBN\Maternal_auto_classification_train_deepethogram\DATA\Cage8-CONT-2024-12-19_05-37-23
  - D:\LBN\Maternal_auto_classification_train_deepethogram\DATA\Cage8-CONT-2024-12-19_06-07-23
  - D:\LBN\Maternal_auto_classification_train_deepethogram\DATA\Cage8-CONT-2024-12-19_07-07-23
  - D:\LBN\Maternal_auto_classification_train_deepethogram\DATA\Cage8-CONT-2024-12-19_20-00-00
  - D:\LBN\Maternal_auto_classification_train_deepethogram\DATA\Cage8-CONT-2024-12-19_20-10-00
  - D:\LBN\Maternal_auto_classification_train_deepethogram\DATA\Cage8-CONT-2024-12-19_20-20-00
  - D:\LBN\Maternal_auto_classification_train_deepethogram\DATA\Cage8-CONT-2024-12-19_20-50-00
  - D:\LBN\Maternal_auto_classification_train_deepethogram\DATA\Cage8-CONT-2024-12-19_21-00-00
  - D:\LBN\Maternal_auto_classification_train_deepethogram\DATA\Cage8-CONT-2024-12-19_22-10-01
  - D:\LBN\Maternal_auto_classification_train_deepethogram\DATA\Cage8-CONT-2024-12-19_22-30-01
  - D:\LBN\Maternal_auto_classification_train_deepethogram\DATA\Cage8-CONT-2024-12-19_23-00-01
  - D:\LBN\Maternal_auto_classification_train_deepethogram\DATA\Cage8-CONT-2024-12-20_02-00-06
  - D:\LBN\Maternal_auto_classification_train_deepethogram\DATA\Cage8-CONT-2024-12-20_02-10-06
  - D:\LBN\Maternal_auto_classification_train_deepethogram\DATA\CageA-LBN-2024-07-05_20-03-20
  - D:\LBN\Maternal_auto_classification_train_deepethogram\DATA\CageA-LBN-2024-07-05_20-23-20
  - D:\LBN\Maternal_auto_classification_train_deepethogram\DATA\CageA-LBN-2024-07-05_20-33-20
  - D:\LBN\Maternal_auto_classification_train_deepethogram\DATA\CageA-LBN-2024-07-05_20-43-20
  - D:\LBN\Maternal_auto_classification_train_deepethogram\DATA\CageA-LBN-2024-07-05_20-53-20
  - D:\LBN\Maternal_auto_classification_train_deepethogram\DATA\CageA-LBN-2024-07-05_21-03-20
  - D:\LBN\Maternal_auto_classification_train_deepethogram\DATA\CageA-LBN-2024-07-05_21-13-20
  - D:\LBN\Maternal_auto_classification_train_deepethogram\DATA\CageA-LBN-2024-07-05_21-23-20
  - D:\LBN\Maternal_auto_classification_train_deepethogram\DATA\CageA-LBN-2024-07-05_21-33-20
  - D:\LBN\Maternal_auto_classification_train_deepethogram\DATA\CageA-LBN-2024-07-05_21-43-20
  - D:\LBN\Maternal_auto_classification_train_deepethogram\DATA\CageA-LBN-2024-07-05_21-53-20
  - D:\LBN\Maternal_auto_classification_train_deepethogram\DATA\CageA-LBN-2024-07-05_22-03-20
  - D:\LBN\Maternal_auto_classification_train_deepethogram\DATA\CageA-LBN-2024-07-05_22-13-20
  - D:\LBN\Maternal_auto_classification_train_deepethogram\DATA\CageA-LBN-2024-07-05_22-23-20
  - D:\LBN\Maternal_auto_classification_train_deepethogram\DATA\CageA-LBN-2024-07-05_22-33-20
  - D:\LBN\Maternal_auto_classification_train_deepethogram\DATA\CageA-LBN-2024-07-05_22-43-20
  - D:\LBN\Maternal_auto_classification_train_deepethogram\DATA\CageA-LBN-2024-07-05_22-53-20
  - D:\LBN\Maternal_auto_classification_train_deepethogram\DATA\CageA-LBN-2024-07-05_23-03-20
  - D:\LBN\Maternal_auto_classification_train_deepethogram\DATA\CageA-LBN-2024-07-05_23-13-20
  - D:\LBN\Maternal_auto_classification_train_deepethogram\DATA\CageA-LBN-2024-07-05_23-23-20
  - D:\LBN\Maternal_auto_classification_train_deepethogram\DATA\CageA-LBN-2024-07-05_23-33-20
  - D:\LBN\Maternal_auto_classification_train_deepethogram\DATA\CageA-LBN-2024-07-05_23-43-20
  - D:\LBN\Maternal_auto_classification_train_deepethogram\DATA\CageA-LBN-2024-07-05_23-53-20
  - D:\LBN\Maternal_auto_classification_train_deepethogram\DATA\CageA-LBN-2024-07-06_04-03-20
  - D:\LBN\Maternal_auto_classification_train_deepethogram\DATA\CageA-LBN-2024-07-06_04-13-20
  - D:\LBN\Maternal_auto_classification_train_deepethogram\DATA\CageA-LBN-2024-07-06_04-23-20
  - D:\LBN\Maternal_auto_classification_train_deepethogram\DATA\CageA-LBN-2024-07-06_04-33-20
  - D:\LBN\Maternal_auto_classification_train_deepethogram\DATA\CageA-LBN-2024-07-06_04-43-20
  - D:\LBN\Maternal_auto_classification_train_deepethogram\DATA\CageA-LBN-2024-07-06_04-53-20
  - D:\LBN\Maternal_auto_classification_train_deepethogram\DATA\CageA-LBN-2024-07-06_05-03-20
  - D:\LBN\Maternal_auto_classification_train_deepethogram\DATA\CageA-LBN-2024-07-06_05-13-20
  - D:\LBN\Maternal_auto_classification_train_deepethogram\DATA\CageA-LBN-2024-07-06_05-23-20
  - D:\LBN\Maternal_auto_classification_train_deepethogram\DATA\CageA-LBN-2024-07-06_05-33-20
  - D:\LBN\Maternal_auto_classification_train_deepethogram\DATA\CageA-LBN-2024-07-06_05-33-20_blur
  - D:\LBN\Maternal_auto_classification_train_deepethogram\DATA\CageA-LBN-2024-07-06_05-33-20_bright_contrast
  - D:\LBN\Maternal_auto_classification_train_deepethogram\DATA\CageA-LBN-2024-07-06_05-33-20_combo123
  - D:\LBN\Maternal_auto_classification_train_deepethogram\DATA\CageA-LBN-2024-07-06_05-33-20_combo124
  - D:\LBN\Maternal_auto_classification_train_deepethogram\DATA\CageA-LBN-2024-07-06_05-33-20_combo234
  - D:\LBN\Maternal_auto_classification_train_deepethogram\DATA\CageA-LBN-2024-07-06_05-33-20_flip
  - D:\LBN\Maternal_auto_classification_train_deepethogram\DATA\CageA-LBN-2024-07-06_05-33-20_zoom_crop
  - D:\LBN\Maternal_auto_classification_train_deepethogram\DATA\CageA-LBN-2024-07-06_05-43-20
  - D:\LBN\Maternal_auto_classification_train_deepethogram\DATA\CageA-LBN-2024-07-06_05-53-21
  - D:\LBN\Maternal_auto_classification_train_deepethogram\DATA\CageA-LBN-2024-07-06_06-03-21
  - D:\LBN\Maternal_auto_classification_train_deepethogram\DATA\CageA-LBN-2024-07-06_06-13-21
  - D:\LBN\Maternal_auto_classification_train_deepethogram\DATA\CageA-LBN-2024-07-06_06-23-21
  - D:\LBN\Maternal_auto_classification_train_deepethogram\DATA\CageA-LBN-2024-07-06_06-33-21
  - D:\LBN\Maternal_auto_classification_train_deepethogram\DATA\CageA-LBN-2024-07-06_06-43-21
  - D:\LBN\Maternal_auto_classification_train_deepethogram\DATA\CageA-LBN-2024-07-06_06-53-21
  - D:\LBN\Maternal_auto_classification_train_deepethogram\DATA\CageA-LBN-2024-07-06_07-03-21
  - D:\LBN\Maternal_auto_classification_train_deepethogram\DATA\CageA-LBN-2024-07-06_07-13-21
  - D:\LBN\Maternal_auto_classification_train_deepethogram\DATA\CageA-LBN-2024-07-06_07-23-21
  - D:\LBN\Maternal_auto_classification_train_deepethogram\DATA\CageA-LBN-2024-07-06_07-33-21
  - D:\LBN\Maternal_auto_classification_train_deepethogram\DATA\CageA-LBN-2024-07-06_20-14-42
  - D:\LBN\Maternal_auto_classification_train_deepethogram\DATA\CageA-LBN-2024-07-06_21-54-42
  - D:\LBN\Maternal_auto_classification_train_deepethogram\DATA\CageA-LBN-2024-07-06_22-24-42
  - D:\LBN\Maternal_auto_classification_train_deepethogram\DATA\CageA-LBN-2024-07-06_23-04-42
  - D:\LBN\Maternal_auto_classification_train_deepethogram\DATA\CageA-LBN-2024-07-06_23-14-42
  - D:\LBN\Maternal_auto_classification_train_deepethogram\DATA\CageA-LBN-2024-07-07_04-54-43
  - D:\LBN\Maternal_auto_classification_train_deepethogram\DATA\CageA-LBN-2024-07-07_05-44-43
  - D:\LBN\Maternal_auto_classification_train_deepethogram\DATA\CageA-LBN-2024-07-07_06-14-43
  - D:\LBN\Maternal_auto_classification_train_deepethogram\DATA\CageA-LBN-2024-07-07_06-44-43
  - D:\LBN\Maternal_auto_classification_train_deepethogram\DATA\CageA-LBN-2024-07-07_06-54-43
  - D:\LBN\Maternal_auto_classification_train_deepethogram\DATA\CageA-LBN-2024-07-07_20-04-49
  - D:\LBN\Maternal_auto_classification_train_deepethogram\DATA\CageA-LBN-2024-07-07_20-24-49
  - D:\LBN\Maternal_auto_classification_train_deepethogram\DATA\CageA-LBN-2024-07-07_20-44-49
  - D:\LBN\Maternal_auto_classification_train_deepethogram\DATA\CageA-LBN-2024-07-07_21-04-49
  - D:\LBN\Maternal_auto_classification_train_deepethogram\DATA\CageA-LBN-2024-07-07_21-54-49
  - D:\LBN\Maternal_auto_classification_train_deepethogram\DATA\CageA-LBN-2024-07-07_22-54-49
  - D:\LBN\Maternal_auto_classification_train_deepethogram\DATA\CageA-LBN-2024-07-07_23-54-50
  - D:\LBN\Maternal_auto_classification_train_deepethogram\DATA\CageA-LBN-2024-07-07_23-54-50_blur
  - D:\LBN\Maternal_auto_classification_train_deepethogram\DATA\CageA-LBN-2024-07-07_23-54-50_bright_contrast
  - D:\LBN\Maternal_auto_classification_train_deepethogram\DATA\CageA-LBN-2024-07-07_23-54-50_combo123
  - D:\LBN\Maternal_auto_classification_train_deepethogram\DATA\CageA-LBN-2024-07-07_23-54-50_combo124
  - D:\LBN\Maternal_auto_classification_train_deepethogram\DATA\CageA-LBN-2024-07-07_23-54-50_combo234
  - D:\LBN\Maternal_auto_classification_train_deepethogram\DATA\CageA-LBN-2024-07-07_23-54-50_flip
  - D:\LBN\Maternal_auto_classification_train_deepethogram\DATA\CageA-LBN-2024-07-07_23-54-50_zoom_crop
  - D:\LBN\Maternal_auto_classification_train_deepethogram\DATA\CageA-LBN-2024-07-08_04-54-50
  - D:\LBN\Maternal_auto_classification_train_deepethogram\DATA\CageA-LBN-2024-07-08_05-34-50
  - D:\LBN\Maternal_auto_classification_train_deepethogram\DATA\CageA-LBN-2024-07-08_05-54-50
  - D:\LBN\Maternal_auto_classification_train_deepethogram\DATA\CageA-LBN-2024-07-08_07-34-50
  - D:\LBN\Maternal_auto_classification_train_deepethogram\DATA\CageA-LBN-2024-07-08_21-44-52
  - D:\LBN\Maternal_auto_classification_train_deepethogram\DATA\CageA-LBN-2024-07-08_23-14-52
  - D:\LBN\Maternal_auto_classification_train_deepethogram\DATA\CageA-LBN-2024-07-09_05-04-53
  - D:\LBN\Maternal_auto_classification_train_deepethogram\DATA\CageA-LBN-2024-07-09_05-24-53
  - D:\LBN\Maternal_auto_classification_train_deepethogram\DATA\CageA-LBN-2024-07-09_05-44-53
  - D:\LBN\Maternal_auto_classification_train_deepethogram\DATA\CageA-LBN-2024-07-09_21-16-36
  - D:\LBN\Maternal_auto_classification_train_deepethogram\DATA\CageA-LBN-2024-07-09_21-56-36
  - D:\LBN\Maternal_auto_classification_train_deepethogram\DATA\CageA-LBN-2024-07-09_22-26-36
  - D:\LBN\Maternal_auto_classification_train_deepethogram\DATA\CageA-LBN-2024-07-09_23-06-36
  - D:\LBN\Maternal_auto_classification_train_deepethogram\DATA\CageA-LBN-2024-07-09_23-36-36
  - D:\LBN\Maternal_auto_classification_train_deepethogram\DATA\CageA-LBN-2024-07-10_04-26-37
  - D:\LBN\Maternal_auto_classification_train_deepethogram\DATA\CageA-LBN-2024-07-10_04-56-37
  - D:\LBN\Maternal_auto_classification_train_deepethogram\DATA\CageA-LBN-2024-07-10_05-16-37
  - D:\LBN\Maternal_auto_classification_train_deepethogram\DATA\CageA-LBN-2024-07-10_05-26-37
  - D:\LBN\Maternal_auto_classification_train_deepethogram\DATA\CageA-LBN-2024-07-10_06-16-37
  - D:\LBN\Maternal_auto_classification_train_deepethogram\DATA\CageA-LBN-2024-07-10_21-36-38
  - D:\LBN\Maternal_auto_classification_train_deepethogram\DATA\CageA-LBN-2024-07-10_22-46-39
  - D:\LBN\Maternal_auto_classification_train_deepethogram\DATA\CageA-LBN-2024-07-12_04-06-42
  - D:\LBN\Maternal_auto_classification_train_deepethogram\DATA\CageA-LBN-2024-07-12_04-16-42
  - D:\LBN\Maternal_auto_classification_train_deepethogram\DATA\CageA-LBN-2024-07-12_04-26-42
  - D:\LBN\Maternal_auto_classification_train_deepethogram\DATA\CageA-LBN-2024-07-12_04-36-42
  - D:\LBN\Maternal_auto_classification_train_deepethogram\DATA\CageA-LBN-2024-07-12_04-46-42
  - D:\LBN\Maternal_auto_classification_train_deepethogram\DATA\CageA-LBN-2024-07-12_04-56-42
  - D:\LBN\Maternal_auto_classification_train_deepethogram\DATA\CageA-LBN-2024-07-12_05-06-42
  - D:\LBN\Maternal_auto_classification_train_deepethogram\DATA\CageA-LBN-2024-07-12_05-16-42
  - D:\LBN\Maternal_auto_classification_train_deepethogram\DATA\CageA-LBN-2024-07-12_05-26-42
  - D:\LBN\Maternal_auto_classification_train_deepethogram\DATA\CageA-LBN-2024-07-12_05-36-42
  - D:\LBN\Maternal_auto_classification_train_deepethogram\DATA\CageA-LBN-2024-07-12_05-46-42
  - D:\LBN\Maternal_auto_classification_train_deepethogram\DATA\CageA-LBN-2024-07-12_05-56-42
  - D:\LBN\Maternal_auto_classification_train_deepethogram\DATA\CageA-LBN-2024-07-12_06-06-42
  - D:\LBN\Maternal_auto_classification_train_deepethogram\DATA\CageA-LBN-2024-07-12_06-16-42
  - D:\LBN\Maternal_auto_classification_train_deepethogram\DATA\CageA-LBN-2024-07-12_06-26-42
  - D:\LBN\Maternal_auto_classification_train_deepethogram\DATA\CageA-LBN-2024-07-12_06-36-42
  - D:\LBN\Maternal_auto_classification_train_deepethogram\DATA\CageA-LBN-2024-07-12_06-46-42
  - D:\LBN\Maternal_auto_classification_train_deepethogram\DATA\CageA-LBN-2024-07-12_06-56-42
  - D:\LBN\Maternal_auto_classification_train_deepethogram\DATA\CageC-LBN-2024-07-06_20-04-40
  - D:\LBN\Maternal_auto_classification_train_deepethogram\DATA\CageC-LBN-2024-07-06_20-14-40
  - D:\LBN\Maternal_auto_classification_train_deepethogram\DATA\CageC-LBN-2024-07-06_20-24-40
  - D:\LBN\Maternal_auto_classification_train_deepethogram\DATA\CageC-LBN-2024-07-06_20-34-40
  - D:\LBN\Maternal_auto_classification_train_deepethogram\DATA\CageC-LBN-2024-07-06_20-44-40
  - D:\LBN\Maternal_auto_classification_train_deepethogram\DATA\CageC-LBN-2024-07-06_20-54-40
  - D:\LBN\Maternal_auto_classification_train_deepethogram\DATA\CageC-LBN-2024-07-06_21-04-40
  - D:\LBN\Maternal_auto_classification_train_deepethogram\DATA\CageC-LBN-2024-07-06_21-14-40
  - D:\LBN\Maternal_auto_classification_train_deepethogram\DATA\CageC-LBN-2024-07-06_21-24-40
  - D:\LBN\Maternal_auto_classification_train_deepethogram\DATA\CageC-LBN-2024-07-06_21-34-40
  - D:\LBN\Maternal_auto_classification_train_deepethogram\DATA\CageC-LBN-2024-07-06_21-44-40
  - D:\LBN\Maternal_auto_classification_train_deepethogram\DATA\CageC-LBN-2024-07-06_21-54-40
  - D:\LBN\Maternal_auto_classification_train_deepethogram\DATA\CageC-LBN-2024-07-06_22-04-40
  - D:\LBN\Maternal_auto_classification_train_deepethogram\DATA\CageC-LBN-2024-07-06_22-14-40
  - D:\LBN\Maternal_auto_classification_train_deepethogram\DATA\CageC-LBN-2024-07-06_22-24-40
  - D:\LBN\Maternal_auto_classification_train_deepethogram\DATA\CageC-LBN-2024-07-06_22-34-40
  - D:\LBN\Maternal_auto_classification_train_deepethogram\DATA\CageC-LBN-2024-07-06_22-44-40
  - D:\LBN\Maternal_auto_classification_train_deepethogram\DATA\CageC-LBN-2024-07-06_22-54-40
  - D:\LBN\Maternal_auto_classification_train_deepethogram\DATA\CageC-LBN-2024-07-06_23-04-40
  - D:\LBN\Maternal_auto_classification_train_deepethogram\DATA\CageC-LBN-2024-07-06_23-14-40
  - D:\LBN\Maternal_auto_classification_train_deepethogram\DATA\CageC-LBN-2024-07-06_23-24-41
  - D:\LBN\Maternal_auto_classification_train_deepethogram\DATA\CageC-LBN-2024-07-06_23-34-41
  - D:\LBN\Maternal_auto_classification_train_deepethogram\DATA\CageC-LBN-2024-07-06_23-34-41_blur
  - D:\LBN\Maternal_auto_classification_train_deepethogram\DATA\CageC-LBN-2024-07-06_23-34-41_bright_contrast
  - D:\LBN\Maternal_auto_classification_train_deepethogram\DATA\CageC-LBN-2024-07-06_23-34-41_combo123
  - D:\LBN\Maternal_auto_classification_train_deepethogram\DATA\CageC-LBN-2024-07-06_23-34-41_combo124
  - D:\LBN\Maternal_auto_classification_train_deepethogram\DATA\CageC-LBN-2024-07-06_23-34-41_combo234
  - D:\LBN\Maternal_auto_classification_train_deepethogram\DATA\CageC-LBN-2024-07-06_23-34-41_flip
  - D:\LBN\Maternal_auto_classification_train_deepethogram\DATA\CageC-LBN-2024-07-06_23-34-41_zoom_crop
  - D:\LBN\Maternal_auto_classification_train_deepethogram\DATA\CageC-LBN-2024-07-06_23-44-41
  - D:\LBN\Maternal_auto_classification_train_deepethogram\DATA\CageC-LBN-2024-07-06_23-54-41
  - D:\LBN\Maternal_auto_classification_train_deepethogram\DATA\CageD-CONT-2024-07-06_20-04-39
  - D:\LBN\Maternal_auto_classification_train_deepethogram\DATA\CageD-CONT-2024-07-06_20-14-39
  - D:\LBN\Maternal_auto_classification_train_deepethogram\DATA\CageD-CONT-2024-07-06_20-24-39
  - D:\LBN\Maternal_auto_classification_train_deepethogram\DATA\CageD-CONT-2024-07-06_20-34-39
  - D:\LBN\Maternal_auto_classification_train_deepethogram\DATA\CageD-CONT-2024-07-06_20-44-39
  - D:\LBN\Maternal_auto_classification_train_deepethogram\DATA\CageD-CONT-2024-07-06_20-54-39
  - D:\LBN\Maternal_auto_classification_train_deepethogram\DATA\CageD-CONT-2024-07-06_21-04-39
  - D:\LBN\Maternal_auto_classification_train_deepethogram\DATA\CageD-CONT-2024-07-06_21-14-39
  - D:\LBN\Maternal_auto_classification_train_deepethogram\DATA\CageD-CONT-2024-07-06_21-24-39
  - D:\LBN\Maternal_auto_classification_train_deepethogram\DATA\CageD-CONT-2024-07-06_21-34-39
  - D:\LBN\Maternal_auto_classification_train_deepethogram\DATA\CageD-CONT-2024-07-06_21-44-39
  - D:\LBN\Maternal_auto_classification_train_deepethogram\DATA\CageD-CONT-2024-07-06_21-54-40
  - D:\LBN\Maternal_auto_classification_train_deepethogram\DATA\CageD-CONT-2024-07-06_22-04-40
  - D:\LBN\Maternal_auto_classification_train_deepethogram\DATA\CageD-CONT-2024-07-06_22-14-40
  - D:\LBN\Maternal_auto_classification_train_deepethogram\DATA\CageD-CONT-2024-07-06_22-24-40
  - D:\LBN\Maternal_auto_classification_train_deepethogram\DATA\CageD-CONT-2024-07-06_22-34-40
  - D:\LBN\Maternal_auto_classification_train_deepethogram\DATA\CageD-CONT-2024-07-06_22-44-40
  - D:\LBN\Maternal_auto_classification_train_deepethogram\DATA\CageD-CONT-2024-07-06_22-54-40
  - D:\LBN\Maternal_auto_classification_train_deepethogram\DATA\CageD-CONT-2024-07-06_23-04-40
  - D:\LBN\Maternal_auto_classification_train_deepethogram\DATA\CageD-CONT-2024-07-06_23-14-40
  - D:\LBN\Maternal_auto_classification_train_deepethogram\DATA\CageD-CONT-2024-07-06_23-24-40
  - D:\LBN\Maternal_auto_classification_train_deepethogram\DATA\CageD-CONT-2024-07-06_23-34-40
  - D:\LBN\Maternal_auto_classification_train_deepethogram\DATA\CageD-CONT-2024-07-06_23-44-40
  - D:\LBN\Maternal_auto_classification_train_deepethogram\DATA\CageD-CONT-2024-07-06_23-54-40
  - D:\LBN\Maternal_auto_classification_train_deepethogram\DATA\CageD-CONT-2024-07-07_04-04-40
  - D:\LBN\Maternal_auto_classification_train_deepethogram\DATA\CageD-CONT-2024-07-07_04-14-40
  - D:\LBN\Maternal_auto_classification_train_deepethogram\DATA\CageD-CONT-2024-07-07_04-24-40
  - D:\LBN\Maternal_auto_classification_train_deepethogram\DATA\CageD-CONT-2024-07-07_04-34-40
  - D:\LBN\Maternal_auto_classification_train_deepethogram\DATA\CageD-CONT-2024-07-07_04-44-40
  - D:\LBN\Maternal_auto_classification_train_deepethogram\DATA\CageD-CONT-2024-07-07_04-54-40
  - D:\LBN\Maternal_auto_classification_train_deepethogram\DATA\CageD-CONT-2024-07-07_05-04-40
  - D:\LBN\Maternal_auto_classification_train_deepethogram\DATA\CageD-CONT-2024-07-07_05-14-40
  - D:\LBN\Maternal_auto_classification_train_deepethogram\DATA\CageD-CONT-2024-07-07_05-34-40
  - D:\LBN\Maternal_auto_classification_train_deepethogram\DATA\CageD-CONT-2024-07-07_06-24-40
  - D:\LBN\Maternal_auto_classification_train_deepethogram\DATA\CageD-CONT-2024-07-07_06-34-40
  - D:\LBN\Maternal_auto_classification_train_deepethogram\DATA\CageD-CONT-2024-07-07_06-44-40
  - D:\LBN\Maternal_auto_classification_train_deepethogram\DATA\CageD-CONT-2024-07-07_06-54-40
  - D:\LBN\Maternal_auto_classification_train_deepethogram\DATA\CageD-CONT-2024-07-07_07-04-40
  - D:\LBN\Maternal_auto_classification_train_deepethogram\DATA\CageD-CONT-2024-07-07_07-14-40
  - D:\LBN\Maternal_auto_classification_train_deepethogram\DATA\CageD-CONT-2024-07-07_07-24-40
  - D:\LBN\Maternal_auto_classification_train_deepethogram\DATA\CageD-CONT-2024-07-07_07-34-40
  - D:\LBN\Maternal_auto_classification_train_deepethogram\DATA\CageD-CONT-2024-07-08_23-12-13
  - D:\LBN\Maternal_auto_classification_train_deepethogram\DATA\CageD-CONT-2024-07-09_20-32-15
  - D:\LBN\Maternal_auto_classification_train_deepethogram\DATA\CageD-CONT-2024-07-09_22-02-16
  - D:\LBN\Maternal_auto_classification_train_deepethogram\DATA\CageD-CONT-2024-07-09_22-42-16
  - D:\LBN\Maternal_auto_classification_train_deepethogram\DATA\CageD-CONT-2024-07-10_21-32-14
  - D:\LBN\Maternal_auto_classification_train_deepethogram\DATA\CageD-CONT-2024-07-12_06-12-15
  - D:\LBN\Maternal_auto_classification_train_deepethogram\DATA\CageD-CONT-2024-07-12_21-02-20
  - D:\LBN\Maternal_auto_classification_train_deepethogram\DATA\CageD-CONT-2024-07-12_22-32-20
  - D:\LBN\Maternal_auto_classification_train_deepethogram\DATA\CageD-CONT-2024-07-12_23-32-20
  - D:\LBN\Maternal_auto_classification_train_deepethogram\DATA\CageD-CONT-2024-07-13_06-22-20
  - D:\LBN\Maternal_auto_classification_train_deepethogram\DATA\CageK1-CONT-2024-09-03_20-11-56
  - D:\LBN\Maternal_auto_classification_train_deepethogram\DATA\CageK1-CONT-2024-09-05_06-12-39
  - D:\LBN\Maternal_auto_classification_train_deepethogram\DATA\CageK1-CONT-2024-09-05_06-22-39
  - D:\LBN\Maternal_auto_classification_train_deepethogram\DATA\CageK1-CONT-2024-09-05_06-32-39
  - D:\LBN\Maternal_auto_classification_train_deepethogram\DATA\CageK1-CONT-2024-09-05_06-42-39
  - D:\LBN\Maternal_auto_classification_train_deepethogram\DATA\CageK1-CONT-2024-09-05_06-52-39
  - D:\LBN\Maternal_auto_classification_train_deepethogram\DATA\CageK1-CONT-2024-09-05_07-02-39
  - D:\LBN\Maternal_auto_classification_train_deepethogram\DATA\CageK1-CONT-2024-09-05_07-12-39
  - D:\LBN\Maternal_auto_classification_train_deepethogram\DATA\CageK1-CONT-2024-09-05_07-22-39
  - D:\LBN\Maternal_auto_classification_train_deepethogram\DATA\CageK1-CONT-2024-09-05_07-32-39
  - D:\LBN\Maternal_auto_classification_train_deepethogram\DATA\CageK1-CONT-2024-09-05_20-07-43
  - D:\LBN\Maternal_auto_classification_train_deepethogram\DATA\CageK1-CONT-2024-09-05_20-17-43
  - D:\LBN\Maternal_auto_classification_train_deepethogram\DATA\CageK1-CONT-2024-09-05_20-27-43
  - D:\LBN\Maternal_auto_classification_train_deepethogram\DATA\CageK1-CONT-2024-09-05_20-37-43
  - D:\LBN\Maternal_auto_classification_train_deepethogram\DATA\CageK1-CONT-2024-09-05_20-47-43
  - D:\LBN\Maternal_auto_classification_train_deepethogram\DATA\CageK1-CONT-2024-09-05_20-57-43
  - D:\LBN\Maternal_auto_classification_train_deepethogram\DATA\CageK1-CONT-2024-09-05_21-07-43
  - D:\LBN\Maternal_auto_classification_train_deepethogram\DATA\CageK1-CONT-2024-09-05_21-17-43
  - D:\LBN\Maternal_auto_classification_train_deepethogram\DATA\CageK1-CONT-2024-09-05_21-27-43
  - D:\LBN\Maternal_auto_classification_train_deepethogram\DATA\CageK1-CONT-2024-09-05_21-37-43
  - D:\LBN\Maternal_auto_classification_train_deepethogram\DATA\CageK1-CONT-2024-09-06_06-17-43
  - D:\LBN\Maternal_auto_classification_train_deepethogram\DATA\CageK1-CONT-2024-09-06_20-16-43
  - D:\LBN\Maternal_auto_classification_train_deepethogram\DATA\CageK1-CONT-2024-09-06_20-26-43
  - D:\LBN\Maternal_auto_classification_train_deepethogram\DATA\CageK1-CONT-2024-09-07_22-06-44
  - D:\LBN\Maternal_auto_classification_train_deepethogram\DATA\CageK1-CONT-2024-09-09_20-16-49
  - D:\LBN\Maternal_auto_classification_train_deepethogram\DATA\CageK1-CONT-2024-09-09_22-46-49
  - D:\LBN\Maternal_auto_classification_train_deepethogram\DATA\CageK1-CONT-2024-09-10_00-06-49
  - D:\LBN\Maternal_auto_classification_train_deepethogram\DATA\CageK1-CONT-2024-09-10_06-06-49
  - D:\LBN\Maternal_auto_classification_train_deepethogram\DATA\CageK1-CONT-2024-09-10_06-26-49
  - D:\LBN\Maternal_auto_classification_train_deepethogram\DATA\CageK1-CONT-2024-09-10_07-06-49
  - D:\LBN\Maternal_auto_classification_train_deepethogram\DATA\CageK2-LBN-2024-09-16_21-25-50
  - D:\LBN\Maternal_auto_classification_train_deepethogram\DATA\CageK2-LBN-2024-09-16_21-55-50
  - D:\LBN\Maternal_auto_classification_train_deepethogram\DATA\CageK2-LBN-2024-09-16_21-55-50_blur
  - D:\LBN\Maternal_auto_classification_train_deepethogram\DATA\CageK2-LBN-2024-09-16_21-55-50_bright_contrast
  - D:\LBN\Maternal_auto_classification_train_deepethogram\DATA\CageK2-LBN-2024-09-16_21-55-50_combo123
  - D:\LBN\Maternal_auto_classification_train_deepethogram\DATA\CageK2-LBN-2024-09-16_21-55-50_combo124
  - D:\LBN\Maternal_auto_classification_train_deepethogram\DATA\CageK2-LBN-2024-09-16_21-55-50_combo234
  - D:\LBN\Maternal_auto_classification_train_deepethogram\DATA\CageK2-LBN-2024-09-16_21-55-50_flip
  - D:\LBN\Maternal_auto_classification_train_deepethogram\DATA\CageK2-LBN-2024-09-16_21-55-50_zoom_crop
  - D:\LBN\Maternal_auto_classification_train_deepethogram\DATA\CageK2-LBN-2024-09-17_04-25-50
  - D:\LBN\Maternal_auto_classification_train_deepethogram\DATA\CageK2-LBN-2024-09-17_05-35-50
  - D:\LBN\Maternal_auto_classification_train_deepethogram\DATA\CageK2-LBN-2024-09-17_05-55-50
  - D:\LBN\Maternal_auto_classification_train_deepethogram\DATA\CageK2-LBN-2024-09-17_05-55-50_blur
  - D:\LBN\Maternal_auto_classification_train_deepethogram\DATA\CageK2-LBN-2024-09-17_05-55-50_bright_contrast
  - D:\LBN\Maternal_auto_classification_train_deepethogram\DATA\CageK2-LBN-2024-09-17_05-55-50_combo123
  - D:\LBN\Maternal_auto_classification_train_deepethogram\DATA\CageK2-LBN-2024-09-17_05-55-50_combo124
  - D:\LBN\Maternal_auto_classification_train_deepethogram\DATA\CageK2-LBN-2024-09-17_05-55-50_combo234
  - D:\LBN\Maternal_auto_classification_train_deepethogram\DATA\CageK2-LBN-2024-09-17_05-55-50_flip
  - D:\LBN\Maternal_auto_classification_train_deepethogram\DATA\CageK2-LBN-2024-09-17_05-55-50_zoom_crop
  - D:\LBN\Maternal_auto_classification_train_deepethogram\DATA\CageK2-LBN-2024-09-17_20-05-50
  - D:\LBN\Maternal_auto_classification_train_deepethogram\DATA\CageK2-LBN-2024-09-18_20-55-56
  - D:\LBN\Maternal_auto_classification_train_deepethogram\DATA\CONT-2024-05-06_20-00-34
  - D:\LBN\Maternal_auto_classification_train_deepethogram\DATA\CONT-2024-05-06_20-10-34
  - D:\LBN\Maternal_auto_classification_train_deepethogram\DATA\CONT-2024-05-06_20-20-34
  - D:\LBN\Maternal_auto_classification_train_deepethogram\DATA\CONT-2024-05-06_20-30-34
  - D:\LBN\Maternal_auto_classification_train_deepethogram\DATA\CONT-2024-05-06_21-00-34
  - D:\LBN\Maternal_auto_classification_train_deepethogram\DATA\CONT-2024-05-06_22-00-34
  - D:\LBN\Maternal_auto_classification_train_deepethogram\DATA\CONT-2024-05-06_22-10-34
  - D:\LBN\Maternal_auto_classification_train_deepethogram\DATA\CONT-2024-05-06_22-40-35
  - D:\LBN\Maternal_auto_classification_train_deepethogram\DATA\CONT-2024-05-06_23-20-35
  - D:\LBN\Maternal_auto_classification_train_deepethogram\DATA\CONT-2024-05-06_23-40-35
  - D:\LBN\Maternal_auto_classification_train_deepethogram\DATA\CONT-2024-05-07_04-00-35
  - D:\LBN\Maternal_auto_classification_train_deepethogram\DATA\CONT-2024-05-07_04-50-35
  - D:\LBN\Maternal_auto_classification_train_deepethogram\DATA\CONT-2024-05-07_05-30-35
  - D:\LBN\Maternal_auto_classification_train_deepethogram\DATA\CONT-2024-05-07_06-20-35
  - D:\LBN\Maternal_auto_classification_train_deepethogram\DATA\CONT-2024-05-07_06-50-35
  - D:\LBN\Maternal_auto_classification_train_deepethogram\DATA\CONT-2024-05-07_07-10-35
  - D:\LBN\Maternal_auto_classification_train_deepethogram\DATA\CONT-2024-05-07_07-20-35
  - D:\LBN\Maternal_auto_classification_train_deepethogram\DATA\CONT-2024-05-07_20-56-20
  - D:\LBN\Maternal_auto_classification_train_deepethogram\DATA\CONT-2024-05-07_22-06-20
  - D:\LBN\Maternal_auto_classification_train_deepethogram\DATA\CONT-2024-05-07_22-26-20
  - D:\LBN\Maternal_auto_classification_train_deepethogram\DATA\CONT-2024-05-07_22-46-20
  - D:\LBN\Maternal_auto_classification_train_deepethogram\DATA\CONT-2024-05-07_23-06-20
  - D:\LBN\Maternal_auto_classification_train_deepethogram\DATA\CONT-2024-05-07_23-36-20
  - D:\LBN\Maternal_auto_classification_train_deepethogram\DATA\CONT-2024-05-07_23-46-20
  - D:\LBN\Maternal_auto_classification_train_deepethogram\DATA\CONT-2024-05-08_04-06-21
  - D:\LBN\Maternal_auto_classification_train_deepethogram\DATA\CONT-2024-05-08_04-16-21
  - D:\LBN\Maternal_auto_classification_train_deepethogram\DATA\CONT-2024-05-08_04-46-21
  - D:\LBN\Maternal_auto_classification_train_deepethogram\DATA\CONT-2024-05-08_05-06-21
  - D:\LBN\Maternal_auto_classification_train_deepethogram\DATA\CONT-2024-05-08_06-36-21
  - D:\LBN\Maternal_auto_classification_train_deepethogram\DATA\CONT-2024-05-08_22-06-23
  - D:\LBN\Maternal_auto_classification_train_deepethogram\DATA\CONT-2024-05-08_23-46-23
  - D:\LBN\Maternal_auto_classification_train_deepethogram\DATA\CONT-2024-05-09_05-16-23
  - D:\LBN\Maternal_auto_classification_train_deepethogram\DATA\CONT-2024-05-09_06-56-23
  ignore_error: true
  overwrite: true
  use_loaded_model_cfg: true
cmap: deepethogram
control_arrow_jump: 31
label_view_width: 31
prediction_opacity: 0.2
project:
  class_names:
  - background
  - Onnest
  - Offnest
  - ABN
  - Carryingpups
  - Selfgrooming
  - Eat_drink
  - Kicking
  - Groomingpups
  - Build
  config_file: project_config.yaml
  data_path: D:\LBN\Maternal_auto_classification_train_deepethogram\DATA
  labeler: null
  model_path: D:\LBN\Maternal_auto_classification_train_deepethogram\models
  name: Maternal_auto_classification
  path: D:\LBN\Maternal_auto_classification_train_deepethogram
  pretrained_path: D:\LBN\Maternal_auto_classification_train_deepethogram\models\pretrained_models
run:
  type: train
  model: feature_extractor
  dir: D:\LBN\Maternal_auto_classification_train_deepethogram\models\250624_161453_feature_extractor_train
sequence:
  filter_length: 15
unlabeled_alpha: 0.1
vertical_arrow_jump: 3

[2025-06-24 16:14:55,530] INFO [deepethogram.projects.get_weightfile_from_cfg:1079] loading specified weights: D:\LBN\Maternal_auto_classification_train_deepethogram\models\250616_164900_flow_generator_train\lightning_checkpoints\epoch=1-step=1999.ckpt
[2025-06-24 16:14:55,530] INFO [deepethogram.feature_extractor.train.feature_extractor_train:79] loading flow generator from file D:\LBN\Maternal_auto_classification_train_deepethogram\models\250616_164900_flow_generator_train\lightning_checkpoints\epoch=1-step=1999.ckpt
[2025-06-24 16:14:55,530] INFO [deepethogram.utils.load_state:341] loading from checkpoint file D:\LBN\Maternal_auto_classification_train_deepethogram\models\250616_164900_flow_generator_train\lightning_checkpoints\epoch=1-step=1999.ckpt...
[2025-06-24 16:14:58,442] WARNING [deepethogram.projects.filter_records_for_filetypes:663] No label file found in record: Cage8-CONT-2024-12-17_23-07-19
[2025-06-24 16:14:58,442] WARNING [deepethogram.projects.filter_records_for_filetypes:663] No label file found in record: Cage8-CONT-2024-12-19_20-00-00
[2025-06-24 16:14:58,442] WARNING [deepethogram.projects.filter_records_for_filetypes:663] No label file found in record: Cage8-CONT-2024-12-19_20-10-00
[2025-06-24 16:14:58,442] WARNING [deepethogram.projects.filter_records_for_filetypes:663] No label file found in record: Cage8-CONT-2024-12-19_20-50-00
[2025-06-24 16:14:58,442] WARNING [deepethogram.projects.filter_records_for_filetypes:663] No label file found in record: Cage8-CONT-2024-12-19_21-00-00
[2025-06-24 16:14:58,442] WARNING [deepethogram.projects.filter_records_for_filetypes:663] No label file found in record: Cage8-CONT-2024-12-19_22-10-01
[2025-06-24 16:14:58,442] WARNING [deepethogram.projects.filter_records_for_filetypes:663] No label file found in record: Cage8-CONT-2024-12-19_22-30-01
[2025-06-24 16:14:58,442] WARNING [deepethogram.projects.filter_records_for_filetypes:663] No label file found in record: Cage8-CONT-2024-12-19_23-00-01
[2025-06-24 16:14:58,442] WARNING [deepethogram.projects.filter_records_for_filetypes:663] No label file found in record: Cage8-CONT-2024-12-20_02-10-06
[2025-06-24 16:15:49,761] INFO [deepethogram.data.utils.make_loss_weight:115] Class counts: [     0 720110 397634 254216  11967  80193 249093    525  36442  60242]
[2025-06-24 16:15:49,761] INFO [deepethogram.data.utils.make_loss_weight:116] Pos weight: [          inf    0.5514713     1.80969434    3.39480599   92.3592379
   12.93176462    3.48519228 2127.05714286   29.65775753   17.54569901]
[2025-06-24 16:15:49,761] INFO [deepethogram.data.utils.make_loss_weight:117] Pos weight, weighted: [   0.           0.5514713    1.8096943    3.394806    92.35924
   12.931765     3.4851923 2127.0571      29.657757    17.545698 ]
[2025-06-24 16:15:49,761] INFO [deepethogram.data.utils.make_loss_weight:118] Softmax weight: [0.         0.0006752  0.00122278 0.00191262 0.04062996 0.00606311
 0.00195196 0.92613101 0.01334226 0.00807109]
[2025-06-24 16:15:49,761] INFO [deepethogram.data.utils.make_loss_weight:119] Softmax weight transformed: [0.         0.0006752  0.00122278 0.00191262 0.04062996 0.00606311
 0.00195196 0.926131   0.01334226 0.00807109]
[2025-06-24 16:15:51,991] INFO [deepethogram.projects.get_weightfile_from_cfg:1079] loading specified weights: D:\LBN\Maternal_auto_classification_train_deepethogram\models\250617_091936_feature_extractor_train\lightning_checkpoints\epoch=0-step=999.ckpt
[2025-06-24 16:15:51,991] INFO [deepethogram.feature_extractor.train.build_model_from_cfg:220] feature extractor weightfile: D:\LBN\Maternal_auto_classification_train_deepethogram\models\250617_091936_feature_extractor_train\lightning_checkpoints\epoch=0-step=999.ckpt
[2025-06-24 16:15:52,256] INFO [deepethogram.feature_extractor.models.CNN.get_cnn:91] Custom bias: Parameter containing:
tensor([ 0.0000,  0.5952, -0.5932, -1.2222, -4.5257, -2.5597, -1.2485, -7.6625,
        -3.3897, -2.8648], requires_grad=True)
[2025-06-24 16:15:52,256] INFO [deepethogram.utils.load_feature_extractor_components:630] loading component spatial from file D:\LBN\Maternal_auto_classification_train_deepethogram\models\250617_091936_feature_extractor_train\lightning_checkpoints\epoch=0-step=999.ckpt
[2025-06-24 16:15:56,948] INFO [deepethogram.feature_extractor.models.CNN.get_cnn:91] Custom bias: Parameter containing:
tensor([ 0.0000,  0.5952, -0.5932, -1.2222, -4.5257, -2.5597, -1.2485, -7.6625,
        -3.3897, -2.8648], requires_grad=True)
[2025-06-24 16:15:56,948] INFO [deepethogram.utils.load_feature_extractor_components:630] loading component flow from file D:\LBN\Maternal_auto_classification_train_deepethogram\models\250617_091936_feature_extractor_train\lightning_checkpoints\epoch=0-step=999.ckpt
[2025-06-24 16:15:59,901] INFO [deepethogram.projects.get_weightfile_from_cfg:1079] loading specified weights: D:\LBN\Maternal_auto_classification_train_deepethogram\models\250616_164900_flow_generator_train\lightning_checkpoints\epoch=1-step=1999.ckpt
[2025-06-24 16:15:59,902] INFO [deepethogram.utils.load_state:341] loading from checkpoint file D:\LBN\Maternal_auto_classification_train_deepethogram\models\250616_164900_flow_generator_train\lightning_checkpoints\epoch=1-step=1999.ckpt...
[2025-06-24 16:16:00,096] INFO [deepethogram.utils.load_feature_extractor_components:630] loading component fusion from file D:\LBN\Maternal_auto_classification_train_deepethogram\models\250617_091936_feature_extractor_train\lightning_checkpoints\epoch=0-step=999.ckpt
[2025-06-24 16:16:00,923] INFO [deepethogram.feature_extractor.train.get_metrics:632] key metric: f1_class_mean_nobg
[2025-06-24 16:16:01,912] WARNING [deepethogram.projects.filter_records_for_filetypes:663] No label file found in record: Cage8-CONT-2024-12-17_23-07-19
[2025-06-24 16:16:01,913] WARNING [deepethogram.projects.filter_records_for_filetypes:663] No label file found in record: Cage8-CONT-2024-12-19_20-00-00
[2025-06-24 16:16:01,913] WARNING [deepethogram.projects.filter_records_for_filetypes:663] No label file found in record: Cage8-CONT-2024-12-19_20-10-00
[2025-06-24 16:16:01,914] WARNING [deepethogram.projects.filter_records_for_filetypes:663] No label file found in record: Cage8-CONT-2024-12-19_20-50-00
[2025-06-24 16:16:01,914] WARNING [deepethogram.projects.filter_records_for_filetypes:663] No label file found in record: Cage8-CONT-2024-12-19_21-00-00
[2025-06-24 16:16:01,914] WARNING [deepethogram.projects.filter_records_for_filetypes:663] No label file found in record: Cage8-CONT-2024-12-19_22-10-01
[2025-06-24 16:16:01,914] WARNING [deepethogram.projects.filter_records_for_filetypes:663] No label file found in record: Cage8-CONT-2024-12-19_22-30-01
[2025-06-24 16:16:01,914] WARNING [deepethogram.projects.filter_records_for_filetypes:663] No label file found in record: Cage8-CONT-2024-12-19_23-00-01
[2025-06-24 16:16:01,915] WARNING [deepethogram.projects.filter_records_for_filetypes:663] No label file found in record: Cage8-CONT-2024-12-20_02-10-06
[2025-06-24 16:16:31,254] INFO [deepethogram.data.utils.make_loss_weight:115] Class counts: [     0 720110 397634 254216  11967  80193 249093    525  36442  60242]
[2025-06-24 16:16:31,254] INFO [deepethogram.data.utils.make_loss_weight:116] Pos weight: [          inf    0.5514713     1.80969434    3.39480599   92.3592379
   12.93176462    3.48519228 2127.05714286   29.65775753   17.54569901]
[2025-06-24 16:16:31,254] INFO [deepethogram.data.utils.make_loss_weight:117] Pos weight, weighted: [   0.           0.5514713    1.8096943    3.394806    92.35924
   12.931765     3.4851923 2127.0571      29.657757    17.545698 ]
[2025-06-24 16:16:31,255] INFO [deepethogram.data.utils.make_loss_weight:118] Softmax weight: [0.         0.0006752  0.00122278 0.00191262 0.04062996 0.00606311
 0.00195196 0.92613101 0.01334226 0.00807109]
[2025-06-24 16:16:31,255] INFO [deepethogram.data.utils.make_loss_weight:119] Softmax weight transformed: [0.         0.0006752  0.00122278 0.00191262 0.04062996 0.00606311
 0.00195196 0.926131   0.01334226 0.00807109]
[2025-06-24 16:16:31,255] INFO [deepethogram.feature_extractor.losses.__init__:100] Focal loss: gamma 1.00 smoothing: 0.05
[2025-06-24 16:16:31,288] INFO [deepethogram.losses.get_regularization_loss:205] Regularization: L2_SP. Pretrained file: D:\LBN\Maternal_auto_classification_train_deepethogram\models\pretrained_models\200410_142156_hidden_two_stream_kinetics_degm\checkpoint.pt alpha: 1e-05 beta: 0.001
[2025-06-24 16:16:33,760] INFO [deepethogram.data.augs.get_gpu_transforms:246] GPU transforms: {'train': Sequential(
  (0): ToFloat()
  (1): VideoSequential(
    (RandomHorizontalFlip_0): RandomHorizontalFlip(p=0.5, p_batch=1.0, same_on_batch=False)
    (RandomRotation_1): RandomRotation(degrees=10, p=0.5, p_batch=1.0, same_on_batch=False, resample=bilinear, align_corners=True)
    (ColorJitter_2): ColorJitter(brightness=0.25, contrast=0.1, saturation=0.1, hue=0.1, p=0.5, p_batch=1.0, same_on_batch=False)
    (RandomGrayscale_3): RandomGrayscale(p=0.5, p_batch=1.0, same_on_batch=False)
  )
  (2): NormalizeVideo()
  (3): StackClipInChannels()
), 'val': Sequential(
  (0): ToFloat()
  (1): NormalizeVideo()
  (2): StackClipInChannels()
), 'test': Sequential(
  (0): ToFloat()
  (1): NormalizeVideo()
  (2): StackClipInChannels()
), 'denormalize': Sequential(
  (0): UnstackClip()
  (1): DenormalizeVideo()
)}
[2025-06-24 16:16:33,760] INFO [deepethogram.base.__init__:95] scheduler mode: max
[2025-06-24 16:16:33,760] INFO [deepethogram.base.get_train_sampler:171] not using oversampling
[2025-06-24 16:16:34,150] INFO [deepethogram.base.configure_optimizers:227] learning rate: 0.0001
[2025-06-24 21:50:22,855] INFO [deepethogram.callbacks.on_train_epoch_end:257] Stopping criterion reached! setting trainer.should_stop=True
