[2025-06-03 09:23:21,727] INFO [deepethogram.gui.main.initialize_project:1021] loaded project configuration: split:
  reload: true
  file: null
  train_val_test:
  - 0.9
  - 0.1
  - 0.0
compute:
  fp16: false
  num_workers: 3
  batch_size: 8
  min_batch_size: 8
  max_batch_size: 128
  distributed: false
  gpu_id: 0
  dali: false
  metrics_workers: 0
reload:
  overwrite_cfg: false
  latest: false
notes: null
log:
  level: info
run:
  type: gui
  model: null
  dir: D:\LBN\Maternal_auto_classification_train_deepethogram\gui_logs\250603_092321
label_view_width: 31
control_arrow_jump: 31
vertical_arrow_jump: 3
cmap: deepethogram
unlabeled_alpha: 0.1
prediction_opacity: 0.2
postprocessor:
  type: min_bout_per_behavior
  min_bout_length: 10
augs:
  LR: 0.5
  UD: 0.0
  brightness: 0.25
  contrast: 0.1
  crop_size: null
  degrees: 10
  grayscale: 0.5
  hue: 0.1
  normalization:
    'N': 616891852800
    mean:
    - 0.425280944716674
    - 0.43149049968550984
    - 0.3634010999177969
    std:
    - 0.2179858888556464
    - 0.2206349264361932
    - 0.21700557077024724
  pad: null
  random_resize: false
  resize:
  - 224
  - 224
  saturation: 0.1
project:
  class_names:
  - background
  - Onnest
  - Offnest
  - ABN
  - Carryingpups
  - Selfgrooming
  - Eat_drink
  - Kicking
  - Groomingpups
  - Build
  config_file: project_config.yaml
  data_path: D:\LBN\Maternal_auto_classification_train_deepethogram\DATA
  labeler: null
  model_path: D:\LBN\Maternal_auto_classification_train_deepethogram\models
  name: Maternal_auto_classification
  path: D:\LBN\Maternal_auto_classification_train_deepethogram
  pretrained_path: D:\LBN\Maternal_auto_classification_train_deepethogram\models\pretrained_models
sequence:
  filter_length: 15
train:
  loss_weight_exp: 1.0

[2025-06-03 09:23:21,734] INFO [deepethogram.gui.main.initialize_project:1022] cwd: D:\LBN\Maternal_auto_classification_train_deepethogram\gui_logs\250603_092321
[2025-06-03 09:23:22,665] INFO [deepethogram.gui.main.project_loaded_buttons:175] Number finalized labels: 402
[2025-06-03 09:23:24,093] INFO [deepethogram.gui.main.initialize_video:226] Record for loaded video: {'flow': None, 'label': 'D:\\LBN\\Maternal_auto_classification_train_deepethogram\\DATA\\CageK2-LBN-2024-09-18_20-55-56\\CageK2-LBN-2024-09-18_20-55-56_labels.csv', 'output': 'D:\\LBN\\Maternal_auto_classification_train_deepethogram\\DATA\\CageK2-LBN-2024-09-18_20-55-56\\CageK2-LBN-2024-09-18_20-55-56_outputs.h5', 'rgb': 'D:\\LBN\\Maternal_auto_classification_train_deepethogram\\DATA\\CageK2-LBN-2024-09-18_20-55-56\\CageK2-LBN-2024-09-18_20-55-56.mp4', 'keypoint': None, 'key': 'CageK2-LBN-2024-09-18_20-55-56'}
[2025-06-03 09:23:24,128] INFO [deepethogram.projects.import_outputfile:791] Key used to load outputfile: resnet18
[2025-06-03 09:23:24,946] INFO [deepethogram.gui.main.import_outputfile:886] CHANGING LATENT NAME TO : resnet18
[2025-06-03 09:23:28,087] INFO [deepethogram.gui.main.get_selected_models:1136] {'flow_generator': {'no pretrained weights': None, '200221_115158_TinyMotionNet': 'D:\\LBN\\Maternal_auto_classification_train_deepethogram\\models\\pretrained_models\\200221_115158_TinyMotionNet\\checkpoint.pt', '250507_172617_flow_generator_train': 'D:\\LBN\\Maternal_auto_classification_train_deepethogram\\models\\250507_172617_flow_generator_train\\lightning_checkpoints\\epoch=0-step=999.ckpt', '250602_134424_flow_generator_train': 'D:\\LBN\\Maternal_auto_classification_train_deepethogram\\models\\250602_134424_flow_generator_train\\lightning_checkpoints\\epoch=0-step=999.ckpt'}, 'feature_extractor': {'no pretrained weights': None, '200415_125824_hidden_two_stream_kinetics_degf': 'D:\\LBN\\Maternal_auto_classification_train_deepethogram\\models\\pretrained_models\\200415_125824_hidden_two_stream_kinetics_degf\\checkpoint.pt', '250515_172551_feature_extractor_train': 'D:\\LBN\\Maternal_auto_classification_train_deepethogram\\models\\250515_172551_feature_extractor_train\\lightning_checkpoints\\epoch=16-step=16999.ckpt', '250602_161402_feature_extractor_train': 'D:\\LBN\\Maternal_auto_classification_train_deepethogram\\models\\250602_161402_feature_extractor_train\\checkpoint.pt', '250602_161815_feature_extractor_train': 'D:\\LBN\\Maternal_auto_classification_train_deepethogram\\models\\250602_161815_feature_extractor_train\\lightning_checkpoints\\epoch=14-step=14999.ckpt'}, 'sequence': {'': None}}
[2025-06-03 09:23:28,087] INFO [deepethogram.gui.main.flow_train:343] flow_train called with args: ['python', '-m', 'deepethogram.flow_generator.train', 'project.path=D:\\LBN\\Maternal_auto_classification_train_deepethogram', 'reload.weights=D:\\LBN\\Maternal_auto_classification_train_deepethogram\\models\\250602_134424_flow_generator_train\\lightning_checkpoints\\epoch=0-step=999.ckpt']
[2025-06-03 09:23:52,664] INFO [deepethogram.gui.main.flow_train:351] Training interrupted.
[2025-06-03 09:23:53,384] INFO [deepethogram.gui.main.flow_train:359] ~~~~~~~~~~~~~~~~~~~~~~~~~~~~~~~~~~~~~~~~~~~~~~~~~~~~~~~~~~~~~~~~~~~~~~~~~~~~~~~~~~~~~~~~~~~~~~~~~~~~
[2025-06-03 09:23:54,118] INFO [deepethogram.gui.main.project_loaded_buttons:175] Number finalized labels: 402
[2025-06-03 09:24:25,242] INFO [deepethogram.gui.main.log_idle:151] User has been idle for 60.0 seconds...
[2025-06-03 09:26:28,444] INFO [deepethogram.gui.main.get_selected_models:1136] {'flow_generator': {'no pretrained weights': None, '200221_115158_TinyMotionNet': 'D:\\LBN\\Maternal_auto_classification_train_deepethogram\\models\\pretrained_models\\200221_115158_TinyMotionNet\\checkpoint.pt', '250507_172617_flow_generator_train': 'D:\\LBN\\Maternal_auto_classification_train_deepethogram\\models\\250507_172617_flow_generator_train\\lightning_checkpoints\\epoch=0-step=999.ckpt', '250602_134424_flow_generator_train': 'D:\\LBN\\Maternal_auto_classification_train_deepethogram\\models\\250602_134424_flow_generator_train\\lightning_checkpoints\\epoch=0-step=999.ckpt'}, 'feature_extractor': {'no pretrained weights': None, '200415_125824_hidden_two_stream_kinetics_degf': 'D:\\LBN\\Maternal_auto_classification_train_deepethogram\\models\\pretrained_models\\200415_125824_hidden_two_stream_kinetics_degf\\checkpoint.pt', '250515_172551_feature_extractor_train': 'D:\\LBN\\Maternal_auto_classification_train_deepethogram\\models\\250515_172551_feature_extractor_train\\lightning_checkpoints\\epoch=16-step=16999.ckpt', '250602_161402_feature_extractor_train': 'D:\\LBN\\Maternal_auto_classification_train_deepethogram\\models\\250602_161402_feature_extractor_train\\checkpoint.pt', '250602_161815_feature_extractor_train': 'D:\\LBN\\Maternal_auto_classification_train_deepethogram\\models\\250602_161815_feature_extractor_train\\lightning_checkpoints\\epoch=14-step=14999.ckpt'}, 'sequence': {'': None}}
[2025-06-03 09:26:28,460] INFO [deepethogram.gui.main.get_selected_models:1136] {'flow_generator': {'no pretrained weights': None, '200221_115158_TinyMotionNet': 'D:\\LBN\\Maternal_auto_classification_train_deepethogram\\models\\pretrained_models\\200221_115158_TinyMotionNet\\checkpoint.pt', '250507_172617_flow_generator_train': 'D:\\LBN\\Maternal_auto_classification_train_deepethogram\\models\\250507_172617_flow_generator_train\\lightning_checkpoints\\epoch=0-step=999.ckpt', '250602_134424_flow_generator_train': 'D:\\LBN\\Maternal_auto_classification_train_deepethogram\\models\\250602_134424_flow_generator_train\\lightning_checkpoints\\epoch=0-step=999.ckpt'}, 'feature_extractor': {'no pretrained weights': None, '200415_125824_hidden_two_stream_kinetics_degf': 'D:\\LBN\\Maternal_auto_classification_train_deepethogram\\models\\pretrained_models\\200415_125824_hidden_two_stream_kinetics_degf\\checkpoint.pt', '250515_172551_feature_extractor_train': 'D:\\LBN\\Maternal_auto_classification_train_deepethogram\\models\\250515_172551_feature_extractor_train\\lightning_checkpoints\\epoch=16-step=16999.ckpt', '250602_161402_feature_extractor_train': 'D:\\LBN\\Maternal_auto_classification_train_deepethogram\\models\\250602_161402_feature_extractor_train\\checkpoint.pt', '250602_161815_feature_extractor_train': 'D:\\LBN\\Maternal_auto_classification_train_deepethogram\\models\\250602_161815_feature_extractor_train\\lightning_checkpoints\\epoch=14-step=14999.ckpt'}, 'sequence': {'': None}}
[2025-06-03 09:26:28,460] INFO [deepethogram.gui.main.get_selected_models:1136] {'flow_generator': {'no pretrained weights': None, '200221_115158_TinyMotionNet': 'D:\\LBN\\Maternal_auto_classification_train_deepethogram\\models\\pretrained_models\\200221_115158_TinyMotionNet\\checkpoint.pt', '250507_172617_flow_generator_train': 'D:\\LBN\\Maternal_auto_classification_train_deepethogram\\models\\250507_172617_flow_generator_train\\lightning_checkpoints\\epoch=0-step=999.ckpt', '250602_134424_flow_generator_train': 'D:\\LBN\\Maternal_auto_classification_train_deepethogram\\models\\250602_134424_flow_generator_train\\lightning_checkpoints\\epoch=0-step=999.ckpt'}, 'feature_extractor': {'no pretrained weights': None, '200415_125824_hidden_two_stream_kinetics_degf': 'D:\\LBN\\Maternal_auto_classification_train_deepethogram\\models\\pretrained_models\\200415_125824_hidden_two_stream_kinetics_degf\\checkpoint.pt', '250515_172551_feature_extractor_train': 'D:\\LBN\\Maternal_auto_classification_train_deepethogram\\models\\250515_172551_feature_extractor_train\\lightning_checkpoints\\epoch=16-step=16999.ckpt', '250602_161402_feature_extractor_train': 'D:\\LBN\\Maternal_auto_classification_train_deepethogram\\models\\250602_161402_feature_extractor_train\\checkpoint.pt', '250602_161815_feature_extractor_train': 'D:\\LBN\\Maternal_auto_classification_train_deepethogram\\models\\250602_161815_feature_extractor_train\\lightning_checkpoints\\epoch=14-step=14999.ckpt'}, 'sequence': {'': None}}
[2025-06-03 09:26:28,460] INFO [deepethogram.gui.main.featureextractor_train:385] feature extractor train called with args: ['python', '-m', 'deepethogram.feature_extractor.train', 'project.path=D:\\LBN\\Maternal_auto_classification_train_deepethogram', 'feature_extractor.weights=D:\\LBN\\Maternal_auto_classification_train_deepethogram\\models\\250602_161815_feature_extractor_train\\lightning_checkpoints\\epoch=14-step=14999.ckpt', 'flow_generator.weights=D:\\LBN\\Maternal_auto_classification_train_deepethogram\\models\\250602_134424_flow_generator_train\\lightning_checkpoints\\epoch=0-step=999.ckpt']
[2025-06-03 09:31:38,465] INFO [deepethogram.gui.main.user_did_something:138] User restarted labeling
[2025-06-03 09:32:38,469] INFO [deepethogram.gui.main.log_idle:151] User has been idle for 60.0 seconds...
[2025-06-03 14:44:50,004] INFO [deepethogram.gui.main.featureextractor_train:395] Training finished. If you see error messages above, training did not complete successfully.
[2025-06-03 14:44:50,004] INFO [deepethogram.gui.main.featureextractor_train:400] ~~~~~~~~~~~~~~~~~~~~~~~~~~~~~~~~~~~~~~~~~~~~~~~~~~~~~~~~~~~~~~~~~~~~~~~~~~~~~~~~~~~~~~~~~~~~~~~~~~~~
[2025-06-03 14:44:51,304] INFO [deepethogram.gui.main.project_loaded_buttons:175] Number finalized labels: 402
[2025-06-03 14:56:38,593] INFO [deepethogram.gui.main.initialize_video:226] Record for loaded video: {'flow': None, 'label': 'D:/LBN/Maternal_auto_classification_train_deepethogram/DATA/Cage6-CONT-2024-12-13_00-02-17\\Cage6-CONT-2024-12-13_00-02-17_labels.csv', 'output': 'D:/LBN/Maternal_auto_classification_train_deepethogram/DATA/Cage6-CONT-2024-12-13_00-02-17\\Cage6-CONT-2024-12-13_00-02-17_outputs.h5', 'rgb': 'D:/LBN/Maternal_auto_classification_train_deepethogram/DATA/Cage6-CONT-2024-12-13_00-02-17\\Cage6-CONT-2024-12-13_00-02-17.mp4', 'keypoint': None, 'key': 'Cage6-CONT-2024-12-13_00-02-17'}
[2025-06-03 14:56:38,640] INFO [deepethogram.projects.import_outputfile:791] Key used to load outputfile: resnet18
[2025-06-03 14:56:39,468] INFO [deepethogram.gui.main.import_outputfile:886] CHANGING LATENT NAME TO : resnet18
[2025-06-03 14:56:39,468] INFO [deepethogram.gui.main.user_did_something:138] User restarted labeling
[2025-06-03 14:56:52,286] INFO [deepethogram.gui.main.get_selected_models:1136] {'flow_generator': {'no pretrained weights': None, '200221_115158_TinyMotionNet': 'D:\\LBN\\Maternal_auto_classification_train_deepethogram\\models\\pretrained_models\\200221_115158_TinyMotionNet\\checkpoint.pt', '250507_172617_flow_generator_train': 'D:\\LBN\\Maternal_auto_classification_train_deepethogram\\models\\250507_172617_flow_generator_train\\lightning_checkpoints\\epoch=0-step=999.ckpt', '250602_134424_flow_generator_train': 'D:\\LBN\\Maternal_auto_classification_train_deepethogram\\models\\250602_134424_flow_generator_train\\lightning_checkpoints\\epoch=0-step=999.ckpt'}, 'feature_extractor': {'no pretrained weights': None, '200415_125824_hidden_two_stream_kinetics_degf': 'D:\\LBN\\Maternal_auto_classification_train_deepethogram\\models\\pretrained_models\\200415_125824_hidden_two_stream_kinetics_degf\\checkpoint.pt', '250515_172551_feature_extractor_train': 'D:\\LBN\\Maternal_auto_classification_train_deepethogram\\models\\250515_172551_feature_extractor_train\\lightning_checkpoints\\epoch=16-step=16999.ckpt', '250602_161402_feature_extractor_train': 'D:\\LBN\\Maternal_auto_classification_train_deepethogram\\models\\250602_161402_feature_extractor_train\\checkpoint.pt', '250602_161815_feature_extractor_train': 'D:\\LBN\\Maternal_auto_classification_train_deepethogram\\models\\250602_161815_feature_extractor_train\\lightning_checkpoints\\epoch=14-step=14999.ckpt', '250603_092630_feature_extractor_train': 'D:\\LBN\\Maternal_auto_classification_train_deepethogram\\models\\250603_092630_feature_extractor_train\\lightning_checkpoints\\epoch=17-step=17999.ckpt'}, 'sequence': {'': None}}
[2025-06-03 14:57:39,754] INFO [deepethogram.gui.main.log_idle:151] User has been idle for 60.0 seconds...
[2025-06-03 15:42:47,830] INFO [deepethogram.gui.main.user_did_something:138] User restarted labeling
[2025-06-03 15:43:47,825] INFO [deepethogram.gui.main.log_idle:151] User has been idle for 60.0 seconds...
[2025-06-03 15:55:31,514] INFO [deepethogram.gui.main.sequence_train:501] Training finished. If you see error messages above, training did not complete successfully.
[2025-06-03 15:55:31,514] INFO [deepethogram.gui.main.sequence_train:506] ~~~~~~~~~~~~~~~~~~~~~~~~~~~~~~~~~~~~~~~~~~~~~~~~~~~~~~~~~~~~~~~~~~~~~~~~~~~~~~~~~~~~~~~~~~~~~~~~~~~~
[2025-06-03 15:55:32,779] INFO [deepethogram.gui.main.project_loaded_buttons:175] Number finalized labels: 402
[2025-06-03 16:03:15,547] INFO [deepethogram.gui.main.user_did_something:138] User restarted labeling
[2025-06-03 16:03:27,718] INFO [deepethogram.gui.main.initialize_video:226] Record for loaded video: {'flow': None, 'label': 'D:/LBN/Maternal_auto_classification_train_deepethogram/DATA/Cage6-CONT-2024-12-13_04-32-17\\Cage6-CONT-2024-12-13_04-32-17_labels.csv', 'output': 'D:/LBN/Maternal_auto_classification_train_deepethogram/DATA/Cage6-CONT-2024-12-13_04-32-17\\Cage6-CONT-2024-12-13_04-32-17_outputs.h5', 'rgb': 'D:/LBN/Maternal_auto_classification_train_deepethogram/DATA/Cage6-CONT-2024-12-13_04-32-17\\Cage6-CONT-2024-12-13_04-32-17.mp4', 'keypoint': None, 'key': 'Cage6-CONT-2024-12-13_04-32-17'}
[2025-06-03 16:03:27,749] INFO [deepethogram.projects.import_outputfile:791] Key used to load outputfile: resnet18
[2025-06-03 16:03:28,572] INFO [deepethogram.gui.main.import_outputfile:886] CHANGING LATENT NAME TO : resnet18
[2025-06-03 16:04:14,905] INFO [deepethogram.gui.main.get_selected_models:1136] {'flow_generator': {'no pretrained weights': None, '200221_115158_TinyMotionNet': 'D:\\LBN\\Maternal_auto_classification_train_deepethogram\\models\\pretrained_models\\200221_115158_TinyMotionNet\\checkpoint.pt', '250507_172617_flow_generator_train': 'D:\\LBN\\Maternal_auto_classification_train_deepethogram\\models\\250507_172617_flow_generator_train\\lightning_checkpoints\\epoch=0-step=999.ckpt', '250602_134424_flow_generator_train': 'D:\\LBN\\Maternal_auto_classification_train_deepethogram\\models\\250602_134424_flow_generator_train\\lightning_checkpoints\\epoch=0-step=999.ckpt'}, 'feature_extractor': {'no pretrained weights': None, '200415_125824_hidden_two_stream_kinetics_degf': 'D:\\LBN\\Maternal_auto_classification_train_deepethogram\\models\\pretrained_models\\200415_125824_hidden_two_stream_kinetics_degf\\checkpoint.pt', '250515_172551_feature_extractor_train': 'D:\\LBN\\Maternal_auto_classification_train_deepethogram\\models\\250515_172551_feature_extractor_train\\lightning_checkpoints\\epoch=16-step=16999.ckpt', '250602_161402_feature_extractor_train': 'D:\\LBN\\Maternal_auto_classification_train_deepethogram\\models\\250602_161402_feature_extractor_train\\checkpoint.pt', '250602_161815_feature_extractor_train': 'D:\\LBN\\Maternal_auto_classification_train_deepethogram\\models\\250602_161815_feature_extractor_train\\lightning_checkpoints\\epoch=14-step=14999.ckpt', '250603_092630_feature_extractor_train': 'D:\\LBN\\Maternal_auto_classification_train_deepethogram\\models\\250603_092630_feature_extractor_train\\lightning_checkpoints\\epoch=17-step=17999.ckpt'}, 'sequence': {'': None, 'no pretrained weights': None, '250603_145653_sequence_train': 'D:\\LBN\\Maternal_auto_classification_train_deepethogram\\models\\250603_145653_sequence_train\\lightning_checkpoints\\epoch=28-step=9685.ckpt'}}
[2025-06-03 16:04:35,311] INFO [deepethogram.gui.main.get_selected_models:1136] {'flow_generator': {'no pretrained weights': None, '200221_115158_TinyMotionNet': 'D:\\LBN\\Maternal_auto_classification_train_deepethogram\\models\\pretrained_models\\200221_115158_TinyMotionNet\\checkpoint.pt', '250507_172617_flow_generator_train': 'D:\\LBN\\Maternal_auto_classification_train_deepethogram\\models\\250507_172617_flow_generator_train\\lightning_checkpoints\\epoch=0-step=999.ckpt', '250602_134424_flow_generator_train': 'D:\\LBN\\Maternal_auto_classification_train_deepethogram\\models\\250602_134424_flow_generator_train\\lightning_checkpoints\\epoch=0-step=999.ckpt'}, 'feature_extractor': {'no pretrained weights': None, '200415_125824_hidden_two_stream_kinetics_degf': 'D:\\LBN\\Maternal_auto_classification_train_deepethogram\\models\\pretrained_models\\200415_125824_hidden_two_stream_kinetics_degf\\checkpoint.pt', '250515_172551_feature_extractor_train': 'D:\\LBN\\Maternal_auto_classification_train_deepethogram\\models\\250515_172551_feature_extractor_train\\lightning_checkpoints\\epoch=16-step=16999.ckpt', '250602_161402_feature_extractor_train': 'D:\\LBN\\Maternal_auto_classification_train_deepethogram\\models\\250602_161402_feature_extractor_train\\checkpoint.pt', '250602_161815_feature_extractor_train': 'D:\\LBN\\Maternal_auto_classification_train_deepethogram\\models\\250602_161815_feature_extractor_train\\lightning_checkpoints\\epoch=14-step=14999.ckpt', '250603_092630_feature_extractor_train': 'D:\\LBN\\Maternal_auto_classification_train_deepethogram\\models\\250603_092630_feature_extractor_train\\lightning_checkpoints\\epoch=17-step=17999.ckpt'}, 'sequence': {'': None, 'no pretrained weights': None, '250603_145653_sequence_train': 'D:\\LBN\\Maternal_auto_classification_train_deepethogram\\models\\250603_145653_sequence_train\\lightning_checkpoints\\epoch=28-step=9685.ckpt'}}
[2025-06-03 16:04:35,311] INFO [deepethogram.gui.main.sequence_infer:575] sequence inference running with args: ['python', '-m', 'deepethogram.sequence.inference', 'project.path=D:\\LBN\\Maternal_auto_classification_train_deepethogram', 'inference.overwrite=True', 'sequence.weights=D:\\LBN\\Maternal_auto_classification_train_deepethogram\\models\\250603_145653_sequence_train\\lightning_checkpoints\\epoch=28-step=9685.ckpt', 'inference.directory_list=[D:\\LBN\\Maternal_auto_classification_train_deepethogram\\DATA\\CONT-2024-05-06_21-00-34,D:\\LBN\\Maternal_auto_classification_train_deepethogram\\DATA\\CONT-2024-05-06_22-00-34,D:\\LBN\\Maternal_auto_classification_train_deepethogram\\DATA\\CONT-2024-05-06_22-10-34,D:\\LBN\\Maternal_auto_classification_train_deepethogram\\DATA\\CONT-2024-05-06_22-40-35,D:\\LBN\\Maternal_auto_classification_train_deepethogram\\DATA\\CONT-2024-05-06_23-20-35,D:\\LBN\\Maternal_auto_classification_train_deepethogram\\DATA\\CONT-2024-05-06_23-40-35,D:\\LBN\\Maternal_auto_classification_train_deepethogram\\DATA\\CONT-2024-05-07_04-00-35,D:\\LBN\\Maternal_auto_classification_train_deepethogram\\DATA\\CONT-2024-05-07_04-50-35,D:\\LBN\\Maternal_auto_classification_train_deepethogram\\DATA\\CONT-2024-05-07_05-30-35,D:\\LBN\\Maternal_auto_classification_train_deepethogram\\DATA\\CONT-2024-05-07_06-20-35,D:\\LBN\\Maternal_auto_classification_train_deepethogram\\DATA\\CONT-2024-05-07_06-50-35,D:\\LBN\\Maternal_auto_classification_train_deepethogram\\DATA\\CONT-2024-05-07_07-10-35,D:\\LBN\\Maternal_auto_classification_train_deepethogram\\DATA\\CONT-2024-05-07_07-20-35,D:\\LBN\\Maternal_auto_classification_train_deepethogram\\DATA\\CONT-2024-05-07_20-56-20,D:\\LBN\\Maternal_auto_classification_train_deepethogram\\DATA\\CONT-2024-05-07_22-06-20,D:\\LBN\\Maternal_auto_classification_train_deepethogram\\DATA\\CONT-2024-05-07_22-26-20,D:\\LBN\\Maternal_auto_classification_train_deepethogram\\DATA\\CONT-2024-05-07_22-46-20,D:\\LBN\\Maternal_auto_classification_train_deepethogram\\DATA\\CONT-2024-05-07_23-06-20,D:\\LBN\\Maternal_auto_classification_train_deepethogram\\DATA\\CONT-2024-05-07_23-36-20,D:\\LBN\\Maternal_auto_classification_train_deepethogram\\DATA\\CONT-2024-05-07_23-46-20,D:\\LBN\\Maternal_auto_classification_train_deepethogram\\DATA\\CONT-2024-05-08_04-06-21,D:\\LBN\\Maternal_auto_classification_train_deepethogram\\DATA\\CONT-2024-05-08_04-16-21,D:\\LBN\\Maternal_auto_classification_train_deepethogram\\DATA\\CONT-2024-05-08_04-46-21,D:\\LBN\\Maternal_auto_classification_train_deepethogram\\DATA\\CONT-2024-05-08_05-06-21,D:\\LBN\\Maternal_auto_classification_train_deepethogram\\DATA\\CONT-2024-05-08_06-36-21,D:\\LBN\\Maternal_auto_classification_train_deepethogram\\DATA\\CONT-2024-05-08_22-06-23,D:\\LBN\\Maternal_auto_classification_train_deepethogram\\DATA\\CONT-2024-05-08_23-46-23,D:\\LBN\\Maternal_auto_classification_train_deepethogram\\DATA\\CONT-2024-05-09_05-16-23,D:\\LBN\\Maternal_auto_classification_train_deepethogram\\DATA\\CONT-2024-05-09_06-56-23,D:\\LBN\\Maternal_auto_classification_train_deepethogram\\DATA\\Cage1-LBN-2024-08-30_20-14-40,D:\\LBN\\Maternal_auto_classification_train_deepethogram\\DATA\\Cage1-LBN-2024-08-30_20-24-40,D:\\LBN\\Maternal_auto_classification_train_deepethogram\\DATA\\Cage1-LBN-2024-08-30_20-34-40,D:\\LBN\\Maternal_auto_classification_train_deepethogram\\DATA\\Cage1-LBN-2024-08-30_21-44-40,D:\\LBN\\Maternal_auto_classification_train_deepethogram\\DATA\\Cage1-LBN-2024-08-30_21-44-40_blur,D:\\LBN\\Maternal_auto_classification_train_deepethogram\\DATA\\Cage1-LBN-2024-08-30_21-44-40_bright_contrast,D:\\LBN\\Maternal_auto_classification_train_deepethogram\\DATA\\Cage1-LBN-2024-08-30_21-44-40_combo123,D:\\LBN\\Maternal_auto_classification_train_deepethogram\\DATA\\Cage1-LBN-2024-08-30_21-44-40_combo124,D:\\LBN\\Maternal_auto_classification_train_deepethogram\\DATA\\Cage1-LBN-2024-08-30_21-44-40_combo234,D:\\LBN\\Maternal_auto_classification_train_deepethogram\\DATA\\Cage1-LBN-2024-08-30_21-44-40_flip,D:\\LBN\\Maternal_auto_classification_train_deepethogram\\DATA\\Cage1-LBN-2024-08-30_21-44-40_zoom_crop,D:\\LBN\\Maternal_auto_classification_train_deepethogram\\DATA\\Cage1-LBN-2024-08-30_22-14-40,D:\\LBN\\Maternal_auto_classification_train_deepethogram\\DATA\\Cage1-LBN-2024-08-30_22-14-40_blur,D:\\LBN\\Maternal_auto_classification_train_deepethogram\\DATA\\Cage1-LBN-2024-08-30_22-14-40_bright_contrast,D:\\LBN\\Maternal_auto_classification_train_deepethogram\\DATA\\Cage1-LBN-2024-08-30_22-14-40_combo123,D:\\LBN\\Maternal_auto_classification_train_deepethogram\\DATA\\Cage1-LBN-2024-08-30_22-14-40_combo124,D:\\LBN\\Maternal_auto_classification_train_deepethogram\\DATA\\Cage1-LBN-2024-08-30_22-14-40_combo234,D:\\LBN\\Maternal_auto_classification_train_deepethogram\\DATA\\Cage1-LBN-2024-08-30_22-14-40_flip,D:\\LBN\\Maternal_auto_classification_train_deepethogram\\DATA\\Cage1-LBN-2024-08-30_22-14-40_zoom_crop,D:\\LBN\\Maternal_auto_classification_train_deepethogram\\DATA\\Cage1-LBN-2024-08-30_22-54-40,D:\\LBN\\Maternal_auto_classification_train_deepethogram\\DATA\\Cage1-LBN-2024-08-30_23-24-40,D:\\LBN\\Maternal_auto_classification_train_deepethogram\\DATA\\Cage1-LBN-2024-08-31_04-44-40,D:\\LBN\\Maternal_auto_classification_train_deepethogram\\DATA\\Cage1-LBN-2024-08-31_05-04-40,D:\\LBN\\Maternal_auto_classification_train_deepethogram\\DATA\\Cage1-LBN-2024-08-31_05-24-40,D:\\LBN\\Maternal_auto_classification_train_deepethogram\\DATA\\Cage1-LBN-2024-08-31_07-14-40,D:\\LBN\\Maternal_auto_classification_train_deepethogram\\DATA\\Cage1-LBN-2024-09-03_22-21-56,D:\\LBN\\Maternal_auto_classification_train_deepethogram\\DATA\\Cage1-LBN-2024-09-03_23-41-56,D:\\LBN\\Maternal_auto_classification_train_deepethogram\\DATA\\Cage2-LBN-2024-12-08_20-38-34,D:\\LBN\\Maternal_auto_classification_train_deepethogram\\DATA\\Cage2-LBN-2024-12-08_22-48-35,D:\\LBN\\Maternal_auto_classification_train_deepethogram\\DATA\\Cage2-LBN-2024-12-08_22-58-35,D:\\LBN\\Maternal_auto_classification_train_deepethogram\\DATA\\Cage2-LBN-2024-12-08_22-58-35_blur,D:\\LBN\\Maternal_auto_classification_train_deepethogram\\DATA\\Cage2-LBN-2024-12-08_22-58-35_bright_contrast,D:\\LBN\\Maternal_auto_classification_train_deepethogram\\DATA\\Cage2-LBN-2024-12-08_22-58-35_combo123,D:\\LBN\\Maternal_auto_classification_train_deepethogram\\DATA\\Cage2-LBN-2024-12-08_22-58-35_combo124,D:\\LBN\\Maternal_auto_classification_train_deepethogram\\DATA\\Cage2-LBN-2024-12-08_22-58-35_combo234,D:\\LBN\\Maternal_auto_classification_train_deepethogram\\DATA\\Cage2-LBN-2024-12-08_22-58-35_flip,D:\\LBN\\Maternal_auto_classification_train_deepethogram\\DATA\\Cage2-LBN-2024-12-08_22-58-35_zoom_crop,D:\\LBN\\Maternal_auto_classification_train_deepethogram\\DATA\\Cage2-LBN-2024-12-09_05-48-35,D:\\LBN\\Maternal_auto_classification_train_deepethogram\\DATA\\Cage2-LBN-2024-12-09_07-08-35,D:\\LBN\\Maternal_auto_classification_train_deepethogram\\DATA\\Cage2-LBN-2024-12-09_20-48-38,D:\\LBN\\Maternal_auto_classification_train_deepethogram\\DATA\\Cage2-LBN-2024-12-09_21-48-38,D:\\LBN\\Maternal_auto_classification_train_deepethogram\\DATA\\Cage6-CONT-2024-12-12_20-02-17,D:\\LBN\\Maternal_auto_classification_train_deepethogram\\DATA\\Cage6-CONT-2024-12-12_20-12-17,D:\\LBN\\Maternal_auto_classification_train_deepethogram\\DATA\\Cage6-CONT-2024-12-12_20-22-17,D:\\LBN\\Maternal_auto_classification_train_deepethogram\\DATA\\Cage6-CONT-2024-12-12_20-32-17,D:\\LBN\\Maternal_auto_classification_train_deepethogram\\DATA\\Cage6-CONT-2024-12-12_20-42-17,D:\\LBN\\Maternal_auto_classification_train_deepethogram\\DATA\\Cage6-CONT-2024-12-12_20-52-17,D:\\LBN\\Maternal_auto_classification_train_deepethogram\\DATA\\Cage6-CONT-2024-12-12_21-02-17,D:\\LBN\\Maternal_auto_classification_train_deepethogram\\DATA\\Cage6-CONT-2024-12-12_21-12-17,D:\\LBN\\Maternal_auto_classification_train_deepethogram\\DATA\\Cage6-CONT-2024-12-12_21-22-17,D:\\LBN\\Maternal_auto_classification_train_deepethogram\\DATA\\Cage6-CONT-2024-12-12_21-32-17,D:\\LBN\\Maternal_auto_classification_train_deepethogram\\DATA\\Cage6-CONT-2024-12-12_21-42-17,D:\\LBN\\Maternal_auto_classification_train_deepethogram\\DATA\\Cage6-CONT-2024-12-12_21-52-17,D:\\LBN\\Maternal_auto_classification_train_deepethogram\\DATA\\Cage6-CONT-2024-12-12_22-02-17,D:\\LBN\\Maternal_auto_classification_train_deepethogram\\DATA\\Cage6-CONT-2024-12-12_22-12-17,D:\\LBN\\Maternal_auto_classification_train_deepethogram\\DATA\\Cage6-CONT-2024-12-12_22-22-17,D:\\LBN\\Maternal_auto_classification_train_deepethogram\\DATA\\Cage6-CONT-2024-12-12_22-32-17,D:\\LBN\\Maternal_auto_classification_train_deepethogram\\DATA\\Cage6-CONT-2024-12-12_22-42-17,D:\\LBN\\Maternal_auto_classification_train_deepethogram\\DATA\\Cage6-CONT-2024-12-12_22-52-17,D:\\LBN\\Maternal_auto_classification_train_deepethogram\\DATA\\Cage6-CONT-2024-12-12_23-02-17,D:\\LBN\\Maternal_auto_classification_train_deepethogram\\DATA\\Cage6-CONT-2024-12-12_23-12-17,D:\\LBN\\Maternal_auto_classification_train_deepethogram\\DATA\\Cage6-CONT-2024-12-12_23-22-17,D:\\LBN\\Maternal_auto_classification_train_deepethogram\\DATA\\Cage6-CONT-2024-12-12_23-32-17,D:\\LBN\\Maternal_auto_classification_train_deepethogram\\DATA\\Cage6-CONT-2024-12-12_23-42-17,D:\\LBN\\Maternal_auto_classification_train_deepethogram\\DATA\\Cage6-CONT-2024-12-12_23-52-17,D:\\LBN\\Maternal_auto_classification_train_deepethogram\\DATA\\Cage6-CONT-2024-12-13_00-02-17,D:\\LBN\\Maternal_auto_classification_train_deepethogram\\DATA\\Cage6-CONT-2024-12-13_04-02-17,D:\\LBN\\Maternal_auto_classification_train_deepethogram\\DATA\\Cage6-CONT-2024-12-13_04-12-17,D:\\LBN\\Maternal_auto_classification_train_deepethogram\\DATA\\Cage6-CONT-2024-12-13_04-22-17,D:\\LBN\\Maternal_auto_classification_train_deepethogram\\DATA\\Cage6-CONT-2024-12-13_04-32-17,D:\\LBN\\Maternal_auto_classification_train_deepethogram\\DATA\\Cage6-CONT-2024-12-13_04-42-17,D:\\LBN\\Maternal_auto_classification_train_deepethogram\\DATA\\Cage6-CONT-2024-12-13_04-52-17,D:\\LBN\\Maternal_auto_classification_train_deepethogram\\DATA\\Cage6-CONT-2024-12-13_05-02-17,D:\\LBN\\Maternal_auto_classification_train_deepethogram\\DATA\\Cage6-CONT-2024-12-13_05-12-17,D:\\LBN\\Maternal_auto_classification_train_deepethogram\\DATA\\Cage6-CONT-2024-12-13_05-22-17,D:\\LBN\\Maternal_auto_classification_train_deepethogram\\DATA\\Cage6-CONT-2024-12-13_05-32-17,D:\\LBN\\Maternal_auto_classification_train_deepethogram\\DATA\\Cage6-CONT-2024-12-13_05-42-17,D:\\LBN\\Maternal_auto_classification_train_deepethogram\\DATA\\Cage6-CONT-2024-12-13_05-52-17,D:\\LBN\\Maternal_auto_classification_train_deepethogram\\DATA\\CageA-LBN-2024-07-05_20-03-20,D:\\LBN\\Maternal_auto_classification_train_deepethogram\\DATA\\CageA-LBN-2024-07-05_20-23-20,D:\\LBN\\Maternal_auto_classification_train_deepethogram\\DATA\\CageA-LBN-2024-07-05_20-33-20,D:\\LBN\\Maternal_auto_classification_train_deepethogram\\DATA\\CageA-LBN-2024-07-05_20-43-20,D:\\LBN\\Maternal_auto_classification_train_deepethogram\\DATA\\CageA-LBN-2024-07-05_20-53-20,D:\\LBN\\Maternal_auto_classification_train_deepethogram\\DATA\\CageA-LBN-2024-07-05_21-03-20,D:\\LBN\\Maternal_auto_classification_train_deepethogram\\DATA\\CageA-LBN-2024-07-05_21-13-20,D:\\LBN\\Maternal_auto_classification_train_deepethogram\\DATA\\CageA-LBN-2024-07-05_21-23-20,D:\\LBN\\Maternal_auto_classification_train_deepethogram\\DATA\\CageA-LBN-2024-07-05_21-33-20,D:\\LBN\\Maternal_auto_classification_train_deepethogram\\DATA\\CageA-LBN-2024-07-05_21-43-20,D:\\LBN\\Maternal_auto_classification_train_deepethogram\\DATA\\CageA-LBN-2024-07-05_21-53-20,D:\\LBN\\Maternal_auto_classification_train_deepethogram\\DATA\\CageA-LBN-2024-07-05_22-03-20,D:\\LBN\\Maternal_auto_classification_train_deepethogram\\DATA\\CageA-LBN-2024-07-05_22-13-20,D:\\LBN\\Maternal_auto_classification_train_deepethogram\\DATA\\CageA-LBN-2024-07-05_22-23-20,D:\\LBN\\Maternal_auto_classification_train_deepethogram\\DATA\\CageA-LBN-2024-07-05_22-33-20,D:\\LBN\\Maternal_auto_classification_train_deepethogram\\DATA\\CageA-LBN-2024-07-05_22-43-20,D:\\LBN\\Maternal_auto_classification_train_deepethogram\\DATA\\CageA-LBN-2024-07-05_22-53-20,D:\\LBN\\Maternal_auto_classification_train_deepethogram\\DATA\\CageA-LBN-2024-07-05_23-03-20,D:\\LBN\\Maternal_auto_classification_train_deepethogram\\DATA\\CageA-LBN-2024-07-05_23-13-20,D:\\LBN\\Maternal_auto_classification_train_deepethogram\\DATA\\CageA-LBN-2024-07-05_23-23-20,D:\\LBN\\Maternal_auto_classification_train_deepethogram\\DATA\\CageA-LBN-2024-07-05_23-33-20,D:\\LBN\\Maternal_auto_classification_train_deepethogram\\DATA\\CageA-LBN-2024-07-05_23-43-20,D:\\LBN\\Maternal_auto_classification_train_deepethogram\\DATA\\CageA-LBN-2024-07-05_23-53-20,D:\\LBN\\Maternal_auto_classification_train_deepethogram\\DATA\\CageA-LBN-2024-07-06_04-03-20,D:\\LBN\\Maternal_auto_classification_train_deepethogram\\DATA\\CageA-LBN-2024-07-06_04-13-20,D:\\LBN\\Maternal_auto_classification_train_deepethogram\\DATA\\CageA-LBN-2024-07-06_04-23-20,D:\\LBN\\Maternal_auto_classification_train_deepethogram\\DATA\\CageA-LBN-2024-07-06_04-33-20,D:\\LBN\\Maternal_auto_classification_train_deepethogram\\DATA\\CageA-LBN-2024-07-06_04-43-20,D:\\LBN\\Maternal_auto_classification_train_deepethogram\\DATA\\CageA-LBN-2024-07-06_04-53-20,D:\\LBN\\Maternal_auto_classification_train_deepethogram\\DATA\\CageA-LBN-2024-07-06_05-03-20,D:\\LBN\\Maternal_auto_classification_train_deepethogram\\DATA\\CageA-LBN-2024-07-06_05-13-20,D:\\LBN\\Maternal_auto_classification_train_deepethogram\\DATA\\CageA-LBN-2024-07-06_05-23-20,D:\\LBN\\Maternal_auto_classification_train_deepethogram\\DATA\\CageA-LBN-2024-07-06_05-33-20,D:\\LBN\\Maternal_auto_classification_train_deepethogram\\DATA\\CageA-LBN-2024-07-06_05-33-20_blur,D:\\LBN\\Maternal_auto_classification_train_deepethogram\\DATA\\CageA-LBN-2024-07-06_05-33-20_bright_contrast,D:\\LBN\\Maternal_auto_classification_train_deepethogram\\DATA\\CageA-LBN-2024-07-06_05-33-20_combo123,D:\\LBN\\Maternal_auto_classification_train_deepethogram\\DATA\\CageA-LBN-2024-07-06_05-33-20_combo124,D:\\LBN\\Maternal_auto_classification_train_deepethogram\\DATA\\CageA-LBN-2024-07-06_05-33-20_combo234,D:\\LBN\\Maternal_auto_classification_train_deepethogram\\DATA\\CageA-LBN-2024-07-06_05-33-20_flip,D:\\LBN\\Maternal_auto_classification_train_deepethogram\\DATA\\CageA-LBN-2024-07-06_05-33-20_zoom_crop,D:\\LBN\\Maternal_auto_classification_train_deepethogram\\DATA\\CageA-LBN-2024-07-06_05-43-20,D:\\LBN\\Maternal_auto_classification_train_deepethogram\\DATA\\CageA-LBN-2024-07-06_05-53-21,D:\\LBN\\Maternal_auto_classification_train_deepethogram\\DATA\\CageA-LBN-2024-07-06_06-03-21,D:\\LBN\\Maternal_auto_classification_train_deepethogram\\DATA\\CageA-LBN-2024-07-06_06-13-21,D:\\LBN\\Maternal_auto_classification_train_deepethogram\\DATA\\CageA-LBN-2024-07-06_06-23-21,D:\\LBN\\Maternal_auto_classification_train_deepethogram\\DATA\\CageA-LBN-2024-07-06_06-33-21,D:\\LBN\\Maternal_auto_classification_train_deepethogram\\DATA\\CageA-LBN-2024-07-06_06-43-21,D:\\LBN\\Maternal_auto_classification_train_deepethogram\\DATA\\CageA-LBN-2024-07-06_06-53-21,D:\\LBN\\Maternal_auto_classification_train_deepethogram\\DATA\\CageA-LBN-2024-07-06_07-03-21,D:\\LBN\\Maternal_auto_classification_train_deepethogram\\DATA\\CageA-LBN-2024-07-06_07-13-21,D:\\LBN\\Maternal_auto_classification_train_deepethogram\\DATA\\CageA-LBN-2024-07-06_07-23-21,D:\\LBN\\Maternal_auto_classification_train_deepethogram\\DATA\\CageA-LBN-2024-07-06_07-33-21,D:\\LBN\\Maternal_auto_classification_train_deepethogram\\DATA\\CageA-LBN-2024-07-06_20-14-42,D:\\LBN\\Maternal_auto_classification_train_deepethogram\\DATA\\CageA-LBN-2024-07-06_21-54-42,D:\\LBN\\Maternal_auto_classification_train_deepethogram\\DATA\\CageA-LBN-2024-07-06_22-24-42,D:\\LBN\\Maternal_auto_classification_train_deepethogram\\DATA\\CageA-LBN-2024-07-06_23-04-42,D:\\LBN\\Maternal_auto_classification_train_deepethogram\\DATA\\CageA-LBN-2024-07-06_23-14-42,D:\\LBN\\Maternal_auto_classification_train_deepethogram\\DATA\\CageA-LBN-2024-07-07_04-54-43,D:\\LBN\\Maternal_auto_classification_train_deepethogram\\DATA\\CageA-LBN-2024-07-07_05-44-43,D:\\LBN\\Maternal_auto_classification_train_deepethogram\\DATA\\CageA-LBN-2024-07-07_06-14-43,D:\\LBN\\Maternal_auto_classification_train_deepethogram\\DATA\\CageA-LBN-2024-07-07_06-44-43,D:\\LBN\\Maternal_auto_classification_train_deepethogram\\DATA\\CageA-LBN-2024-07-07_06-54-43,D:\\LBN\\Maternal_auto_classification_train_deepethogram\\DATA\\CageA-LBN-2024-07-07_20-04-49,D:\\LBN\\Maternal_auto_classification_train_deepethogram\\DATA\\CageA-LBN-2024-07-07_20-24-49,D:\\LBN\\Maternal_auto_classification_train_deepethogram\\DATA\\CageA-LBN-2024-07-07_20-44-49,D:\\LBN\\Maternal_auto_classification_train_deepethogram\\DATA\\CageA-LBN-2024-07-07_21-04-49,D:\\LBN\\Maternal_auto_classification_train_deepethogram\\DATA\\CageA-LBN-2024-07-07_21-54-49,D:\\LBN\\Maternal_auto_classification_train_deepethogram\\DATA\\CageA-LBN-2024-07-07_22-54-49,D:\\LBN\\Maternal_auto_classification_train_deepethogram\\DATA\\CageA-LBN-2024-07-07_23-54-50,D:\\LBN\\Maternal_auto_classification_train_deepethogram\\DATA\\CageA-LBN-2024-07-07_23-54-50_blur,D:\\LBN\\Maternal_auto_classification_train_deepethogram\\DATA\\CageA-LBN-2024-07-07_23-54-50_bright_contrast]']
[2025-06-03 16:04:52,652] INFO [deepethogram.gui.main.log_idle:151] User has been idle for 60.0 seconds...
[2025-06-03 16:05:02,586] INFO [deepethogram.gui.main.sequence_infer:585] Inference finished
[2025-06-03 16:05:02,586] INFO [deepethogram.gui.main.sequence_infer:586] ~~~~~~~~~~~~~~~~~~~~~~~~~~~~~~~~~~~~~~~~~~~~~~~~~~~~~~~~~~~~~~~~~~~~~~~~~~~~~~~~~~~~~~~~~~~~~~~~~~~~
[2025-06-03 16:05:03,840] INFO [deepethogram.gui.main.project_loaded_buttons:175] Number finalized labels: 402
[2025-06-03 16:05:06,622] INFO [deepethogram.projects.import_outputfile:791] Key used to load outputfile: tgmj
[2025-06-03 16:05:08,120] INFO [deepethogram.gui.main.import_outputfile:886] CHANGING LATENT NAME TO : tgmj
[2025-06-03 16:05:08,120] INFO [deepethogram.gui.main.user_did_something:138] User restarted labeling
[2025-06-03 16:05:39,215] INFO [deepethogram.gui.main.initialize_video:226] Record for loaded video: {'flow': None, 'label': 'D:/LBN/Maternal_auto_classification_train_deepethogram/DATA/Cage6-CONT-2024-12-13_05-02-17\\Cage6-CONT-2024-12-13_05-02-17_labels.csv', 'output': 'D:/LBN/Maternal_auto_classification_train_deepethogram/DATA/Cage6-CONT-2024-12-13_05-02-17\\Cage6-CONT-2024-12-13_05-02-17_outputs.h5', 'rgb': 'D:/LBN/Maternal_auto_classification_train_deepethogram/DATA/Cage6-CONT-2024-12-13_05-02-17\\Cage6-CONT-2024-12-13_05-02-17.mp4', 'keypoint': None, 'key': 'Cage6-CONT-2024-12-13_05-02-17'}
[2025-06-03 16:05:39,236] INFO [deepethogram.projects.import_outputfile:791] Key used to load outputfile: tgmj
[2025-06-03 16:05:40,045] INFO [deepethogram.gui.main.import_outputfile:886] CHANGING LATENT NAME TO : tgmj
[2025-06-03 16:06:54,769] INFO [deepethogram.gui.main.log_idle:151] User has been idle for 60.0 seconds...
[2025-06-03 16:08:23,810] INFO [deepethogram.gui.main.user_did_something:138] User restarted labeling
[2025-06-03 16:09:23,808] INFO [deepethogram.gui.main.log_idle:151] User has been idle for 60.0 seconds...
[2025-06-03 16:09:35,933] INFO [deepethogram.gui.main.initialize_video:226] Record for loaded video: {'flow': None, 'label': 'D:/LBN/Maternal_auto_classification_train_deepethogram/DATA/Cage1-LBN-2024-08-30_20-34-40\\Cage1-LBN-2024-08-30_20-34-40_labels.csv', 'output': 'D:/LBN/Maternal_auto_classification_train_deepethogram/DATA/Cage1-LBN-2024-08-30_20-34-40\\Cage1-LBN-2024-08-30_20-34-40_outputs.h5', 'rgb': 'D:/LBN/Maternal_auto_classification_train_deepethogram/DATA/Cage1-LBN-2024-08-30_20-34-40\\Cage1-LBN-2024-08-30_20-34-40.mp4', 'keypoint': None, 'key': 'Cage1-LBN-2024-08-30_20-34-40'}
[2025-06-03 16:09:35,959] INFO [deepethogram.projects.import_outputfile:791] Key used to load outputfile: tgmj
[2025-06-03 16:09:36,770] INFO [deepethogram.gui.main.import_outputfile:886] CHANGING LATENT NAME TO : tgmj
[2025-06-03 16:09:36,770] INFO [deepethogram.gui.main.user_did_something:138] User restarted labeling
[2025-06-03 16:10:37,034] INFO [deepethogram.gui.main.log_idle:151] User has been idle for 60.0 seconds...
[2025-06-03 16:10:56,152] INFO [deepethogram.gui.main.user_did_something:138] User restarted labeling
[2025-06-03 16:11:56,153] INFO [deepethogram.gui.main.log_idle:151] User has been idle for 60.0 seconds...
[2025-06-03 16:12:11,479] INFO [deepethogram.gui.main.initialize_video:226] Record for loaded video: {'flow': None, 'label': 'D:/LBN/Maternal_auto_classification_train_deepethogram/DATA/CONT-2024-05-08_06-36-21\\CONT-2024-05-08_06-36-21_labels.csv', 'output': 'D:/LBN/Maternal_auto_classification_train_deepethogram/DATA/CONT-2024-05-08_06-36-21\\CONT-2024-05-08_06-36-21_outputs.h5', 'rgb': 'D:/LBN/Maternal_auto_classification_train_deepethogram/DATA/CONT-2024-05-08_06-36-21\\CONT-2024-05-08_06-36-21.mp4', 'keypoint': None, 'key': 'CONT-2024-05-08_06-36-21'}
[2025-06-03 16:12:11,506] INFO [deepethogram.projects.import_outputfile:791] Key used to load outputfile: tgmj
[2025-06-03 16:12:12,324] INFO [deepethogram.gui.main.import_outputfile:886] CHANGING LATENT NAME TO : tgmj
[2025-06-03 16:12:12,324] INFO [deepethogram.gui.main.user_did_something:138] User restarted labeling
[2025-06-03 16:12:29,854] INFO [deepethogram.gui.main.initialize_video:226] Record for loaded video: {'flow': None, 'label': 'D:/LBN/Maternal_auto_classification_train_deepethogram/DATA/Cage6-CONT-2024-12-13_04-12-17\\Cage6-CONT-2024-12-13_04-12-17_labels.csv', 'output': 'D:/LBN/Maternal_auto_classification_train_deepethogram/DATA/Cage6-CONT-2024-12-13_04-12-17\\Cage6-CONT-2024-12-13_04-12-17_outputs.h5', 'rgb': 'D:/LBN/Maternal_auto_classification_train_deepethogram/DATA/Cage6-CONT-2024-12-13_04-12-17\\Cage6-CONT-2024-12-13_04-12-17.mp4', 'keypoint': None, 'key': 'Cage6-CONT-2024-12-13_04-12-17'}
[2025-06-03 16:12:29,886] INFO [deepethogram.projects.import_outputfile:791] Key used to load outputfile: tgmj
[2025-06-03 16:12:30,706] INFO [deepethogram.gui.main.import_outputfile:886] CHANGING LATENT NAME TO : tgmj
[2025-06-03 16:13:40,333] INFO [deepethogram.gui.main.log_idle:151] User has been idle for 60.0 seconds...
