[2025-05-15 17:25:51,663] INFO [__main__.feature_extractor_train:66] args: C:\Users\TeamGranon\anaconda3\envs\deg\lib\site-packages\deepethogram\feature_extractor\train.py project.path=D:\LBN\Maternal_auto_classification_deepethogram feature_extractor.weights=D:\LBN\Maternal_auto_classification_deepethogram\models\250515_161406_feature_extractor_train\lightning_checkpoints\epoch=0-step=999.ckpt flow_generator.weights=D:\LBN\Maternal_auto_classification_deepethogram\models\250507_172617_flow_generator_train\lightning_checkpoints\epoch=0-step=999.ckpt
[2025-05-15 17:25:51,663] INFO [__main__.feature_extractor_train:71] configuration used ~~~~~
[2025-05-15 17:25:51,663] INFO [__main__.feature_extractor_train:72] split:
  reload: true
  file: null
  train_val_test:
  - 0.8
  - 0.2
  - 0.0
compute:
  fp16: false
  num_workers: 3
  batch_size: 8
  min_batch_size: 8
  max_batch_size: 128
  distributed: false
  gpu_id: 0
  dali: false
  metrics_workers: 0
reload:
  overwrite_cfg: false
  latest: false
notes: null
log:
  level: info
augs:
  brightness: 0.25
  contrast: 0.1
  hue: 0.1
  saturation: 0.1
  color_p: 0.5
  grayscale: 0.5
  crop_size: null
  resize:
  - 224
  - 224
  dali: false
  random_resize: false
  pad: null
  LR: 0.5
  UD: 0.0
  degrees: 10
  normalization:
    'N': 5157043200
    mean:
    - 0.4037863438688977
    - 0.4065686843273171
    - 0.39150233158380987
    std:
    - 0.26218438954076345
    - 0.2633163745699789
    - 0.2604018672624526
train:
  lr: 0.0001
  scheduler: plateau
  num_epochs: 20
  steps_per_epoch:
    train: 1000
    val: 1000
    test: null
  min_lr: 5.0e-07
  stopping_type: learning_rate
  milestones:
  - 50
  - 100
  - 150
  - 200
  - 250
  - 300
  weight_loss: true
  patience: 3
  early_stopping_begins: 0
  viz_metrics: true
  viz_examples: 10
  reduction_factor: 0.1
  loss_weight_exp: 1.0
  loss_gamma: 1.0
  label_smoothing: 0.05
  oversampling_exp: 0.0
  regularization:
    style: l2_sp
    alpha: 1.0e-05
    beta: 0.001
flow_generator:
  type: flow_generator
  flow_loss: MotionNet
  flow_max: 10
  input_images: 11
  flow_sparsity: false
  smooth_weight_multiplier: 1.0
  sparsity_weight: 0.0
  loss: MotionNet
  max: 5
  n_rgb: 11
  arch: TinyMotionNet
  weights: D:\LBN\Maternal_auto_classification_deepethogram\models\250507_172617_flow_generator_train\lightning_checkpoints\epoch=0-step=999.ckpt
feature_extractor:
  arch: resnet18
  fusion: average
  sampler: null
  final_bn: false
  sampling_ratio: null
  final_activation: sigmoid
  dropout_p: 0.25
  n_flows: 10
  n_rgb: 1
  curriculum: false
  inputs: both
  weights: D:\LBN\Maternal_auto_classification_deepethogram\models\250515_161406_feature_extractor_train\lightning_checkpoints\epoch=0-step=999.ckpt
cmap: deepethogram
control_arrow_jump: 31
label_view_width: 31
postprocessor:
  min_bout_length: 1
  type: min_bout_per_behavior
prediction_opacity: 0.2
project:
  class_names:
  - background
  - Onnest
  - Offnest
  - ABN
  - Carryingpups
  - Selfgrooming
  - Eat_drink
  - Kicking
  - Groomingpups
  - Build
  config_file: project_config.yaml
  data_path: D:\LBN\Maternal_auto_classification_deepethogram\DATA
  labeler: null
  model_path: D:\LBN\Maternal_auto_classification_deepethogram\models
  name: Maternal_auto_classification
  path: D:\LBN\Maternal_auto_classification_deepethogram
  pretrained_path: D:\LBN\Maternal_auto_classification_deepethogram\models\pretrained_models
run:
  type: train
  model: feature_extractor
  dir: D:\LBN\Maternal_auto_classification_deepethogram\models\250515_172551_feature_extractor_train
sequence:
  filter_length: 15
unlabeled_alpha: 0.1
vertical_arrow_jump: 3

[2025-05-15 17:25:52,210] INFO [deepethogram.projects.get_weightfile_from_cfg:1079] loading specified weights: D:\LBN\Maternal_auto_classification_deepethogram\models\250507_172617_flow_generator_train\lightning_checkpoints\epoch=0-step=999.ckpt
[2025-05-15 17:25:52,210] INFO [__main__.feature_extractor_train:79] loading flow generator from file D:\LBN\Maternal_auto_classification_deepethogram\models\250507_172617_flow_generator_train\lightning_checkpoints\epoch=0-step=999.ckpt
[2025-05-15 17:25:52,211] INFO [deepethogram.utils.load_state:341] loading from checkpoint file D:\LBN\Maternal_auto_classification_deepethogram\models\250507_172617_flow_generator_train\lightning_checkpoints\epoch=0-step=999.ckpt...
[2025-05-15 17:26:04,183] INFO [deepethogram.data.utils.make_loss_weight:115] Class counts: [     0 352077 149225 110966   4704  52063 112086      0  25557  30437]
[2025-05-15 17:26:04,183] INFO [deepethogram.data.utils.make_loss_weight:116] Pos weight: [         inf   0.42374821   2.35914894   3.51732062 105.56228741
   8.62812362   3.47218207          inf  18.61376531  15.46906725]
[2025-05-15 17:26:04,183] INFO [deepethogram.data.utils.make_loss_weight:117] Pos weight, weighted: [  0.           0.42374822   2.359149     3.5173206  105.56229
   8.628123     3.472182     0.          18.613766    15.469068  ]
[2025-05-15 17:26:04,183] INFO [deepethogram.data.utils.make_loss_weight:118] Softmax weight: [0.         0.00857444 0.02023027 0.02720529 0.64176503 0.0579848
 0.02693345 0.         0.11812273 0.09918398]
[2025-05-15 17:26:04,183] INFO [deepethogram.data.utils.make_loss_weight:119] Softmax weight transformed: [0.         0.00857444 0.02023027 0.02720529 0.64176506 0.0579848
 0.02693345 0.         0.11812273 0.09918398]
[2025-05-15 17:26:04,678] INFO [deepethogram.projects.get_weightfile_from_cfg:1079] loading specified weights: D:\LBN\Maternal_auto_classification_deepethogram\models\250515_161406_feature_extractor_train\lightning_checkpoints\epoch=0-step=999.ckpt
[2025-05-15 17:26:04,678] INFO [__main__.build_model_from_cfg:220] feature extractor weightfile: D:\LBN\Maternal_auto_classification_deepethogram\models\250515_161406_feature_extractor_train\lightning_checkpoints\epoch=0-step=999.ckpt
[2025-05-15 17:26:04,746] INFO [deepethogram.feature_extractor.models.CNN.get_cnn:91] Custom bias: Parameter containing:
tensor([ 0.0000,  0.8586, -0.8583, -1.2577, -4.6593, -2.1550, -1.2448,  0.0000,
        -2.9239, -2.7388], requires_grad=True)
[2025-05-15 17:26:04,746] INFO [deepethogram.utils.load_feature_extractor_components:630] loading component spatial from file D:\LBN\Maternal_auto_classification_deepethogram\models\250515_161406_feature_extractor_train\lightning_checkpoints\epoch=0-step=999.ckpt
[2025-05-15 17:26:04,876] INFO [deepethogram.feature_extractor.models.CNN.get_cnn:91] Custom bias: Parameter containing:
tensor([ 0.0000,  0.8586, -0.8583, -1.2577, -4.6593, -2.1550, -1.2448,  0.0000,
        -2.9239, -2.7388], requires_grad=True)
[2025-05-15 17:26:04,877] INFO [deepethogram.utils.load_feature_extractor_components:630] loading component flow from file D:\LBN\Maternal_auto_classification_deepethogram\models\250515_161406_feature_extractor_train\lightning_checkpoints\epoch=0-step=999.ckpt
[2025-05-15 17:26:05,447] INFO [deepethogram.projects.get_weightfile_from_cfg:1079] loading specified weights: D:\LBN\Maternal_auto_classification_deepethogram\models\250507_172617_flow_generator_train\lightning_checkpoints\epoch=0-step=999.ckpt
[2025-05-15 17:26:05,447] INFO [deepethogram.utils.load_state:341] loading from checkpoint file D:\LBN\Maternal_auto_classification_deepethogram\models\250507_172617_flow_generator_train\lightning_checkpoints\epoch=0-step=999.ckpt...
[2025-05-15 17:26:05,457] INFO [deepethogram.utils.load_feature_extractor_components:630] loading component fusion from file D:\LBN\Maternal_auto_classification_deepethogram\models\250515_161406_feature_extractor_train\lightning_checkpoints\epoch=0-step=999.ckpt
[2025-05-15 17:26:05,663] INFO [__main__.get_metrics:632] key metric: f1_class_mean_nobg
[2025-05-15 17:26:16,427] INFO [deepethogram.data.utils.make_loss_weight:115] Class counts: [     0 352077 149225 110966   4704  52063 112086      0  25557  30437]
[2025-05-15 17:26:16,427] INFO [deepethogram.data.utils.make_loss_weight:116] Pos weight: [         inf   0.42374821   2.35914894   3.51732062 105.56228741
   8.62812362   3.47218207          inf  18.61376531  15.46906725]
[2025-05-15 17:26:16,427] INFO [deepethogram.data.utils.make_loss_weight:117] Pos weight, weighted: [  0.           0.42374822   2.359149     3.5173206  105.56229
   8.628123     3.472182     0.          18.613766    15.469068  ]
[2025-05-15 17:26:16,427] INFO [deepethogram.data.utils.make_loss_weight:118] Softmax weight: [0.         0.00857444 0.02023027 0.02720529 0.64176503 0.0579848
 0.02693345 0.         0.11812273 0.09918398]
[2025-05-15 17:26:16,427] INFO [deepethogram.data.utils.make_loss_weight:119] Softmax weight transformed: [0.         0.00857444 0.02023027 0.02720529 0.64176506 0.0579848
 0.02693345 0.         0.11812273 0.09918398]
[2025-05-15 17:26:16,427] INFO [deepethogram.feature_extractor.losses.__init__:100] Focal loss: gamma 1.00 smoothing: 0.05
[2025-05-15 17:26:16,469] INFO [deepethogram.losses.get_regularization_loss:205] Regularization: L2_SP. Pretrained file: D:\LBN\Maternal_auto_classification_deepethogram\models\pretrained_models\200415_125824_hidden_two_stream_kinetics_degf\checkpoint.pt alpha: 1e-05 beta: 0.001
[2025-05-15 17:26:16,501] INFO [deepethogram.data.augs.get_gpu_transforms:246] GPU transforms: {'train': Sequential(
  (0): ToFloat()
  (1): VideoSequential(
    (RandomHorizontalFlip_0): RandomHorizontalFlip(p=0.5, p_batch=1.0, same_on_batch=False)
    (RandomRotation_1): RandomRotation(degrees=10, p=0.5, p_batch=1.0, same_on_batch=False, resample=bilinear, align_corners=True)
    (ColorJitter_2): ColorJitter(brightness=0.25, contrast=0.1, saturation=0.1, hue=0.1, p=0.5, p_batch=1.0, same_on_batch=False)
    (RandomGrayscale_3): RandomGrayscale(p=0.5, p_batch=1.0, same_on_batch=False)
  )
  (2): NormalizeVideo()
  (3): StackClipInChannels()
), 'val': Sequential(
  (0): ToFloat()
  (1): NormalizeVideo()
  (2): StackClipInChannels()
), 'test': Sequential(
  (0): ToFloat()
  (1): NormalizeVideo()
  (2): StackClipInChannels()
), 'denormalize': Sequential(
  (0): UnstackClip()
  (1): DenormalizeVideo()
)}
[2025-05-15 17:26:16,502] INFO [deepethogram.base.__init__:95] scheduler mode: max
[2025-05-15 17:26:16,502] INFO [deepethogram.base.get_train_sampler:171] not using oversampling
[2025-05-15 17:26:16,786] INFO [deepethogram.base.configure_optimizers:227] learning rate: 0.0001
