[2025-06-20 09:17:28,004] INFO [__main__.feature_extractor_train:66] args: C:\Users\TeamGranon\anaconda3\envs\deg_solo\lib\site-packages\deepethogram\feature_extractor\train.py project.path=D:\LBN\Maternal_auto_classification_train_deepethogram feature_extractor.weights=D:\LBN\Maternal_auto_classification_train_deepethogram\models\250619_164645_feature_extractor_train\lightning_checkpoints\epoch=0-step=999.ckpt flow_generator.weights=D:\LBN\Maternal_auto_classification_train_deepethogram\models\250602_134424_flow_generator_train\lightning_checkpoints\epoch=0-step=999.ckpt
[2025-06-20 09:17:28,005] INFO [__main__.feature_extractor_train:71] configuration used ~~~~~
[2025-06-20 09:17:28,010] INFO [__main__.feature_extractor_train:72] split:
  reload: true
  file: null
  train_val_test:
  - 0.9
  - 0.1
  - 0.0
compute:
  fp16: false
  num_workers: 3
  batch_size: 8
  min_batch_size: 8
  max_batch_size: 128
  distributed: false
  gpu_id: 0
  dali: false
  metrics_workers: 0
reload:
  overwrite_cfg: false
  latest: false
notes: null
log:
  level: info
augs:
  brightness: 0.25
  contrast: 0.1
  hue: 0.1
  saturation: 0.1
  color_p: 0.5
  grayscale: 0.5
  crop_size: null
  resize:
  - 224
  - 224
  dali: false
  random_resize: false
  pad: null
  LR: 0.5
  UD: 0.0
  degrees: 10
  normalization:
    'N': 694834329600
    mean:
    - 0.4213915600330549
    - 0.426960783932345
    - 0.365874038370559
    std:
    - 0.224414912593986
    - 0.2267886049471975
    - 0.22340896343317201
train:
  lr: 0.0001
  scheduler: plateau
  num_epochs: 20
  steps_per_epoch:
    train: 1000
    val: 1000
    test: null
  min_lr: 5.0e-07
  stopping_type: learning_rate
  milestones:
  - 50
  - 100
  - 150
  - 200
  - 250
  - 300
  weight_loss: true
  patience: 3
  early_stopping_begins: 0
  viz_metrics: true
  viz_examples: 10
  reduction_factor: 0.1
  loss_weight_exp: 1.0
  loss_gamma: 1.0
  label_smoothing: 0.05
  oversampling_exp: 0.0
  regularization:
    style: l2_sp
    alpha: 1.0e-05
    beta: 0.001
flow_generator:
  type: flow_generator
  flow_loss: MotionNet
  flow_max: 10
  input_images: 11
  flow_sparsity: false
  smooth_weight_multiplier: 1.0
  sparsity_weight: 0.0
  loss: MotionNet
  max: 5
  n_rgb: 11
  arch: TinyMotionNet
  weights: D:\LBN\Maternal_auto_classification_train_deepethogram\models\250602_134424_flow_generator_train\lightning_checkpoints\epoch=0-step=999.ckpt
feature_extractor:
  arch: resnet18
  fusion: average
  sampler: null
  final_bn: false
  sampling_ratio: null
  final_activation: sigmoid
  dropout_p: 0.25
  n_flows: 10
  n_rgb: 1
  curriculum: false
  inputs: both
  weights: D:\LBN\Maternal_auto_classification_train_deepethogram\models\250619_164645_feature_extractor_train\lightning_checkpoints\epoch=0-step=999.ckpt
cmap: deepethogram
control_arrow_jump: 31
label_view_width: 31
postprocessor:
  min_bout_length: 10
  type: min_bout_per_behavior
prediction_opacity: 0.2
project:
  class_names:
  - background
  - Onnest
  - Offnest
  - ABN
  - Carryingpups
  - Selfgrooming
  - Eat_drink
  - Kicking
  - Groomingpups
  - Build
  config_file: project_config.yaml
  data_path: D:\LBN\Maternal_auto_classification_train_deepethogram\DATA
  labeler: null
  model_path: D:\LBN\Maternal_auto_classification_train_deepethogram\models
  name: Maternal_auto_classification
  path: D:\LBN\Maternal_auto_classification_train_deepethogram
  pretrained_path: D:\LBN\Maternal_auto_classification_train_deepethogram\models\pretrained_models
run:
  type: train
  model: feature_extractor
  dir: D:\LBN\Maternal_auto_classification_train_deepethogram\models\250620_091727_feature_extractor_train
sequence:
  filter_length: 15
unlabeled_alpha: 0.1
vertical_arrow_jump: 3

[2025-06-20 09:17:29,051] INFO [deepethogram.projects.get_weightfile_from_cfg:1079] loading specified weights: D:\LBN\Maternal_auto_classification_train_deepethogram\models\250602_134424_flow_generator_train\lightning_checkpoints\epoch=0-step=999.ckpt
[2025-06-20 09:17:29,051] INFO [__main__.feature_extractor_train:79] loading flow generator from file D:\LBN\Maternal_auto_classification_train_deepethogram\models\250602_134424_flow_generator_train\lightning_checkpoints\epoch=0-step=999.ckpt
[2025-06-20 09:17:29,051] INFO [deepethogram.utils.load_state:341] loading from checkpoint file D:\LBN\Maternal_auto_classification_train_deepethogram\models\250602_134424_flow_generator_train\lightning_checkpoints\epoch=0-step=999.ckpt...
[2025-06-20 09:17:29,707] WARNING [deepethogram.projects.filter_records_for_filetypes:663] No rgb file found in record: Cage1-LBN-2024-09-03_07-42-56
[2025-06-20 09:17:29,707] WARNING [deepethogram.projects.filter_records_for_filetypes:663] No label file found in record: Cage1-LBN-2024-09-03_07-42-56
[2025-06-20 09:17:29,707] WARNING [deepethogram.projects.filter_records_for_filetypes:663] No label file found in record: Cage6-CONT-2024-12-13_20-33-41
[2025-06-20 09:17:29,707] WARNING [deepethogram.projects.filter_records_for_filetypes:663] No label file found in record: Cage6-CONT-2024-12-13_21-53-41
[2025-06-20 09:17:29,707] WARNING [deepethogram.projects.filter_records_for_filetypes:663] No label file found in record: Cage6-CONT-2024-12-14_06-13-42
[2025-06-20 09:17:29,707] WARNING [deepethogram.projects.filter_records_for_filetypes:663] No label file found in record: Cage6-CONT-2024-12-15_20-01-54
[2025-06-20 09:17:29,707] WARNING [deepethogram.projects.filter_records_for_filetypes:663] No label file found in record: Cage6-CONT-2024-12-15_21-51-54
[2025-06-20 09:17:29,707] WARNING [deepethogram.projects.filter_records_for_filetypes:663] No label file found in record: Cage6-CONT-2024-12-15_22-41-54
[2025-06-20 09:17:29,707] WARNING [deepethogram.projects.filter_records_for_filetypes:663] No label file found in record: Cage6-CONT-2024-12-15_23-01-54
[2025-06-20 09:17:29,707] WARNING [deepethogram.projects.filter_records_for_filetypes:663] No label file found in record: Cage6-CONT-2024-12-16_07-01-55
[2025-06-20 09:17:29,707] WARNING [deepethogram.projects.filter_records_for_filetypes:663] No label file found in record: Cage6-CONT-2024-12-16_20-34-36
[2025-06-20 09:17:29,707] WARNING [deepethogram.projects.filter_records_for_filetypes:663] No label file found in record: Cage6-CONT-2024-12-16_21-04-36
[2025-06-20 09:17:29,707] WARNING [deepethogram.projects.filter_records_for_filetypes:663] No label file found in record: Cage6-CONT-2024-12-16_21-24-36
[2025-06-20 09:17:29,707] WARNING [deepethogram.projects.filter_records_for_filetypes:663] No label file found in record: Cage6-CONT-2024-12-16_23-04-36
[2025-06-20 09:17:29,707] WARNING [deepethogram.projects.filter_records_for_filetypes:663] No label file found in record: Cage6-CONT-2024-12-17_04-14-36
[2025-06-20 09:17:29,707] WARNING [deepethogram.projects.filter_records_for_filetypes:663] No label file found in record: Cage6-CONT-2024-12-17_06-14-36
[2025-06-20 09:17:29,707] WARNING [deepethogram.projects.filter_records_for_filetypes:663] No label file found in record: Cage6-CONT-2024-12-17_20-24-46
[2025-06-20 09:17:29,707] WARNING [deepethogram.projects.filter_records_for_filetypes:663] No label file found in record: Cage8-CONT-2024-12-13_04-07-32
[2025-06-20 09:17:29,707] WARNING [deepethogram.projects.filter_records_for_filetypes:663] No label file found in record: Cage8-CONT-2024-12-13_06-07-33
[2025-06-20 09:17:29,707] WARNING [deepethogram.projects.filter_records_for_filetypes:663] No label file found in record: Cage8-CONT-2024-12-13_07-07-33
[2025-06-20 09:17:29,707] WARNING [deepethogram.projects.filter_records_for_filetypes:663] No label file found in record: Cage8-CONT-2024-12-13_21-03-44
[2025-06-20 09:17:29,707] WARNING [deepethogram.projects.filter_records_for_filetypes:663] No label file found in record: Cage8-CONT-2024-12-15_04-13-47
[2025-06-20 09:17:29,707] WARNING [deepethogram.projects.filter_records_for_filetypes:663] No label file found in record: Cage8-CONT-2024-12-17_07-03-52
[2025-06-20 09:17:29,707] WARNING [deepethogram.projects.filter_records_for_filetypes:663] No label file found in record: Cage8-CONT-2024-12-17_23-07-19
[2025-06-20 09:17:29,707] WARNING [deepethogram.projects.filter_records_for_filetypes:663] No label file found in record: Cage8-CONT-2024-12-19_20-00-00
[2025-06-20 09:17:29,707] WARNING [deepethogram.projects.filter_records_for_filetypes:663] No label file found in record: Cage8-CONT-2024-12-19_20-10-00
[2025-06-20 09:17:29,707] WARNING [deepethogram.projects.filter_records_for_filetypes:663] No label file found in record: Cage8-CONT-2024-12-19_20-50-00
[2025-06-20 09:17:29,707] WARNING [deepethogram.projects.filter_records_for_filetypes:663] No label file found in record: Cage8-CONT-2024-12-19_21-00-00
[2025-06-20 09:17:29,707] WARNING [deepethogram.projects.filter_records_for_filetypes:663] No label file found in record: Cage8-CONT-2024-12-19_22-10-01
[2025-06-20 09:17:29,707] WARNING [deepethogram.projects.filter_records_for_filetypes:663] No label file found in record: Cage8-CONT-2024-12-19_22-30-01
[2025-06-20 09:17:29,707] WARNING [deepethogram.projects.filter_records_for_filetypes:663] No label file found in record: Cage8-CONT-2024-12-19_23-00-01
[2025-06-20 09:17:29,707] WARNING [deepethogram.projects.filter_records_for_filetypes:663] No label file found in record: Cage8-CONT-2024-12-20_02-10-06
[2025-06-20 09:17:59,377] INFO [deepethogram.data.utils.make_loss_weight:115] Class counts: [     0 700843 388471 252123  11890  79957 247680    525  36442  56761]
[2025-06-20 09:17:59,378] INFO [deepethogram.data.utils.make_loss_weight:116] Pos weight: [          inf    0.5535819     1.80282698    3.3185945    90.57417998
   12.61753192    3.39606347 2072.93714286   28.87808024   18.18248445]
[2025-06-20 09:17:59,379] INFO [deepethogram.data.utils.make_loss_weight:117] Pos weight, weighted: [   0.           0.5535819    1.802827     3.3185945   90.57418
   12.617532     3.3960636 2072.9373      28.87808     18.182484 ]
[2025-06-20 09:17:59,379] INFO [deepethogram.data.utils.make_loss_weight:118] Softmax weight: [0.         0.00069317 0.00125056 0.00192686 0.04085834 0.00607584
 0.00196142 0.92534409 0.01333093 0.00855879]
[2025-06-20 09:17:59,380] INFO [deepethogram.data.utils.make_loss_weight:119] Softmax weight transformed: [0.         0.00069317 0.00125056 0.00192686 0.04085834 0.00607584
 0.00196142 0.9253441  0.01333093 0.00855879]
[2025-06-20 09:18:00,425] INFO [deepethogram.projects.get_weightfile_from_cfg:1079] loading specified weights: D:\LBN\Maternal_auto_classification_train_deepethogram\models\250619_164645_feature_extractor_train\lightning_checkpoints\epoch=0-step=999.ckpt
[2025-06-20 09:18:00,425] INFO [__main__.build_model_from_cfg:220] feature extractor weightfile: D:\LBN\Maternal_auto_classification_train_deepethogram\models\250619_164645_feature_extractor_train\lightning_checkpoints\epoch=0-step=999.ckpt
[2025-06-20 09:18:00,489] INFO [deepethogram.feature_extractor.models.CNN.get_cnn:91] Custom bias: Parameter containing:
tensor([ 0.0000,  0.5913, -0.5894, -1.1995, -4.5062, -2.5351, -1.2226, -7.6367,
        -3.3631, -2.9005], requires_grad=True)
[2025-06-20 09:18:00,489] INFO [deepethogram.utils.load_feature_extractor_components:630] loading component spatial from file D:\LBN\Maternal_auto_classification_train_deepethogram\models\250619_164645_feature_extractor_train\lightning_checkpoints\epoch=0-step=999.ckpt
[2025-06-20 09:18:00,633] INFO [deepethogram.feature_extractor.models.CNN.get_cnn:91] Custom bias: Parameter containing:
tensor([ 0.0000,  0.5913, -0.5894, -1.1995, -4.5062, -2.5351, -1.2226, -7.6367,
        -3.3631, -2.9005], requires_grad=True)
[2025-06-20 09:18:00,633] INFO [deepethogram.utils.load_feature_extractor_components:630] loading component flow from file D:\LBN\Maternal_auto_classification_train_deepethogram\models\250619_164645_feature_extractor_train\lightning_checkpoints\epoch=0-step=999.ckpt
[2025-06-20 09:18:01,753] INFO [deepethogram.projects.get_weightfile_from_cfg:1079] loading specified weights: D:\LBN\Maternal_auto_classification_train_deepethogram\models\250602_134424_flow_generator_train\lightning_checkpoints\epoch=0-step=999.ckpt
[2025-06-20 09:18:01,753] INFO [deepethogram.utils.load_state:341] loading from checkpoint file D:\LBN\Maternal_auto_classification_train_deepethogram\models\250602_134424_flow_generator_train\lightning_checkpoints\epoch=0-step=999.ckpt...
[2025-06-20 09:18:01,769] INFO [deepethogram.utils.load_feature_extractor_components:630] loading component fusion from file D:\LBN\Maternal_auto_classification_train_deepethogram\models\250619_164645_feature_extractor_train\lightning_checkpoints\epoch=0-step=999.ckpt
[2025-06-20 09:18:02,128] INFO [__main__.get_metrics:632] key metric: f1_class_mean_nobg
[2025-06-20 09:18:02,597] WARNING [deepethogram.projects.filter_records_for_filetypes:663] No rgb file found in record: Cage1-LBN-2024-09-03_07-42-56
[2025-06-20 09:18:02,597] WARNING [deepethogram.projects.filter_records_for_filetypes:663] No label file found in record: Cage1-LBN-2024-09-03_07-42-56
[2025-06-20 09:18:02,597] WARNING [deepethogram.projects.filter_records_for_filetypes:663] No label file found in record: Cage6-CONT-2024-12-13_20-33-41
[2025-06-20 09:18:02,597] WARNING [deepethogram.projects.filter_records_for_filetypes:663] No label file found in record: Cage6-CONT-2024-12-13_21-53-41
[2025-06-20 09:18:02,597] WARNING [deepethogram.projects.filter_records_for_filetypes:663] No label file found in record: Cage6-CONT-2024-12-14_06-13-42
[2025-06-20 09:18:02,597] WARNING [deepethogram.projects.filter_records_for_filetypes:663] No label file found in record: Cage6-CONT-2024-12-15_20-01-54
[2025-06-20 09:18:02,597] WARNING [deepethogram.projects.filter_records_for_filetypes:663] No label file found in record: Cage6-CONT-2024-12-15_21-51-54
[2025-06-20 09:18:02,597] WARNING [deepethogram.projects.filter_records_for_filetypes:663] No label file found in record: Cage6-CONT-2024-12-15_22-41-54
[2025-06-20 09:18:02,597] WARNING [deepethogram.projects.filter_records_for_filetypes:663] No label file found in record: Cage6-CONT-2024-12-15_23-01-54
[2025-06-20 09:18:02,597] WARNING [deepethogram.projects.filter_records_for_filetypes:663] No label file found in record: Cage6-CONT-2024-12-16_07-01-55
[2025-06-20 09:18:02,597] WARNING [deepethogram.projects.filter_records_for_filetypes:663] No label file found in record: Cage6-CONT-2024-12-16_20-34-36
[2025-06-20 09:18:02,597] WARNING [deepethogram.projects.filter_records_for_filetypes:663] No label file found in record: Cage6-CONT-2024-12-16_21-04-36
[2025-06-20 09:18:02,597] WARNING [deepethogram.projects.filter_records_for_filetypes:663] No label file found in record: Cage6-CONT-2024-12-16_21-24-36
[2025-06-20 09:18:02,597] WARNING [deepethogram.projects.filter_records_for_filetypes:663] No label file found in record: Cage6-CONT-2024-12-16_23-04-36
[2025-06-20 09:18:02,597] WARNING [deepethogram.projects.filter_records_for_filetypes:663] No label file found in record: Cage6-CONT-2024-12-17_04-14-36
[2025-06-20 09:18:02,597] WARNING [deepethogram.projects.filter_records_for_filetypes:663] No label file found in record: Cage6-CONT-2024-12-17_06-14-36
[2025-06-20 09:18:02,597] WARNING [deepethogram.projects.filter_records_for_filetypes:663] No label file found in record: Cage6-CONT-2024-12-17_20-24-46
[2025-06-20 09:18:02,597] WARNING [deepethogram.projects.filter_records_for_filetypes:663] No label file found in record: Cage8-CONT-2024-12-13_04-07-32
[2025-06-20 09:18:02,597] WARNING [deepethogram.projects.filter_records_for_filetypes:663] No label file found in record: Cage8-CONT-2024-12-13_06-07-33
[2025-06-20 09:18:02,597] WARNING [deepethogram.projects.filter_records_for_filetypes:663] No label file found in record: Cage8-CONT-2024-12-13_07-07-33
[2025-06-20 09:18:02,597] WARNING [deepethogram.projects.filter_records_for_filetypes:663] No label file found in record: Cage8-CONT-2024-12-13_21-03-44
[2025-06-20 09:18:02,597] WARNING [deepethogram.projects.filter_records_for_filetypes:663] No label file found in record: Cage8-CONT-2024-12-15_04-13-47
[2025-06-20 09:18:02,597] WARNING [deepethogram.projects.filter_records_for_filetypes:663] No label file found in record: Cage8-CONT-2024-12-17_07-03-52
[2025-06-20 09:18:02,597] WARNING [deepethogram.projects.filter_records_for_filetypes:663] No label file found in record: Cage8-CONT-2024-12-17_23-07-19
[2025-06-20 09:18:02,597] WARNING [deepethogram.projects.filter_records_for_filetypes:663] No label file found in record: Cage8-CONT-2024-12-19_20-00-00
[2025-06-20 09:18:02,597] WARNING [deepethogram.projects.filter_records_for_filetypes:663] No label file found in record: Cage8-CONT-2024-12-19_20-10-00
[2025-06-20 09:18:02,597] WARNING [deepethogram.projects.filter_records_for_filetypes:663] No label file found in record: Cage8-CONT-2024-12-19_20-50-00
[2025-06-20 09:18:02,597] WARNING [deepethogram.projects.filter_records_for_filetypes:663] No label file found in record: Cage8-CONT-2024-12-19_21-00-00
[2025-06-20 09:18:02,597] WARNING [deepethogram.projects.filter_records_for_filetypes:663] No label file found in record: Cage8-CONT-2024-12-19_22-10-01
[2025-06-20 09:18:02,597] WARNING [deepethogram.projects.filter_records_for_filetypes:663] No label file found in record: Cage8-CONT-2024-12-19_22-30-01
[2025-06-20 09:18:02,597] WARNING [deepethogram.projects.filter_records_for_filetypes:663] No label file found in record: Cage8-CONT-2024-12-19_23-00-01
[2025-06-20 09:18:02,597] WARNING [deepethogram.projects.filter_records_for_filetypes:663] No label file found in record: Cage8-CONT-2024-12-20_02-10-06
[2025-06-20 09:18:33,023] INFO [deepethogram.data.utils.make_loss_weight:115] Class counts: [     0 700843 388471 252123  11890  79957 247680    525  36442  56761]
[2025-06-20 09:18:33,023] INFO [deepethogram.data.utils.make_loss_weight:116] Pos weight: [          inf    0.5535819     1.80282698    3.3185945    90.57417998
   12.61753192    3.39606347 2072.93714286   28.87808024   18.18248445]
[2025-06-20 09:18:33,023] INFO [deepethogram.data.utils.make_loss_weight:117] Pos weight, weighted: [   0.           0.5535819    1.802827     3.3185945   90.57418
   12.617532     3.3960636 2072.9373      28.87808     18.182484 ]
[2025-06-20 09:18:33,023] INFO [deepethogram.data.utils.make_loss_weight:118] Softmax weight: [0.         0.00069317 0.00125056 0.00192686 0.04085834 0.00607584
 0.00196142 0.92534409 0.01333093 0.00855879]
[2025-06-20 09:18:33,023] INFO [deepethogram.data.utils.make_loss_weight:119] Softmax weight transformed: [0.         0.00069317 0.00125056 0.00192686 0.04085834 0.00607584
 0.00196142 0.9253441  0.01333093 0.00855879]
[2025-06-20 09:18:33,023] INFO [deepethogram.feature_extractor.losses.__init__:100] Focal loss: gamma 1.00 smoothing: 0.05
[2025-06-20 09:18:33,085] INFO [deepethogram.losses.get_regularization_loss:205] Regularization: L2_SP. Pretrained file: D:\LBN\Maternal_auto_classification_train_deepethogram\models\pretrained_models\200415_125824_hidden_two_stream_kinetics_degf\checkpoint.pt alpha: 1e-05 beta: 0.001
[2025-06-20 09:18:33,903] INFO [deepethogram.data.augs.get_gpu_transforms:246] GPU transforms: {'train': Sequential(
  (0): ToFloat()
  (1): VideoSequential(
    (RandomHorizontalFlip_0): RandomHorizontalFlip(p=0.5, p_batch=1.0, same_on_batch=False)
    (RandomRotation_1): RandomRotation(degrees=10, p=0.5, p_batch=1.0, same_on_batch=False, resample=bilinear, align_corners=True)
    (ColorJitter_2): ColorJitter(brightness=0.25, contrast=0.1, saturation=0.1, hue=0.1, p=0.5, p_batch=1.0, same_on_batch=False)
    (RandomGrayscale_3): RandomGrayscale(p=0.5, p_batch=1.0, same_on_batch=False)
  )
  (2): NormalizeVideo()
  (3): StackClipInChannels()
), 'val': Sequential(
  (0): ToFloat()
  (1): NormalizeVideo()
  (2): StackClipInChannels()
), 'test': Sequential(
  (0): ToFloat()
  (1): NormalizeVideo()
  (2): StackClipInChannels()
), 'denormalize': Sequential(
  (0): UnstackClip()
  (1): DenormalizeVideo()
)}
[2025-06-20 09:18:33,919] INFO [deepethogram.base.__init__:95] scheduler mode: max
[2025-06-20 09:18:33,919] INFO [deepethogram.base.get_train_sampler:171] not using oversampling
[2025-06-20 09:18:34,241] INFO [deepethogram.base.configure_optimizers:227] learning rate: 0.0001
