[2025-06-06 15:43:24,998] INFO [deepethogram.gui.main.initialize_project:1021] loaded project configuration: split:
  reload: true
  file: null
  train_val_test:
  - 0.9
  - 0.1
  - 0.0
compute:
  fp16: false
  num_workers: 3
  batch_size: 8
  min_batch_size: 8
  max_batch_size: 128
  distributed: false
  gpu_id: 0
  dali: false
  metrics_workers: 0
reload:
  overwrite_cfg: false
  latest: false
notes: null
log:
  level: info
run:
  type: gui
  model: null
  dir: D:\LBN\Maternal_auto_classification_train_deepethogram\gui_logs\250606_154324
label_view_width: 31
control_arrow_jump: 31
vertical_arrow_jump: 3
cmap: deepethogram
unlabeled_alpha: 0.1
prediction_opacity: 0.2
postprocessor:
  type: min_bout_per_behavior
  min_bout_length: 10
augs:
  LR: 0.5
  UD: 0.0
  brightness: 0.25
  contrast: 0.1
  crop_size: null
  degrees: 10
  grayscale: 0.5
  hue: 0.1
  normalization:
    'N': 618077952000
    mean:
    - 0.42517412266678273
    - 0.43137161373889366
    - 0.36341115380866434
    std:
    - 0.21811947189196618
    - 0.22076338169887563
    - 0.21714027118257334
  pad: null
  random_resize: false
  resize:
  - 224
  - 224
  saturation: 0.1
project:
  class_names:
  - background
  - Onnest
  - Offnest
  - ABN
  - Carryingpups
  - Selfgrooming
  - Eat_drink
  - Kicking
  - Groomingpups
  - Build
  config_file: project_config.yaml
  data_path: D:\LBN\Maternal_auto_classification_train_deepethogram\DATA
  labeler: null
  model_path: D:\LBN\Maternal_auto_classification_train_deepethogram\models
  name: Maternal_auto_classification
  path: D:\LBN\Maternal_auto_classification_train_deepethogram
  pretrained_path: D:\LBN\Maternal_auto_classification_train_deepethogram\models\pretrained_models
sequence:
  filter_length: 15
train:
  loss_weight_exp: 1.0

[2025-06-06 15:43:25,011] INFO [deepethogram.gui.main.initialize_project:1022] cwd: D:\LBN\Maternal_auto_classification_train_deepethogram\gui_logs\250606_154324
[2025-06-06 15:43:26,798] INFO [deepethogram.gui.main.project_loaded_buttons:175] Number finalized labels: 402
[2025-06-06 15:43:29,586] INFO [deepethogram.gui.main.initialize_video:226] Record for loaded video: {'flow': None, 'label': None, 'output': None, 'rgb': 'D:\\LBN\\Maternal_auto_classification_train_deepethogram\\DATA\\CONT-2024-05-06_20-00-34\\CONT-2024-05-06_20-00-34.mp4', 'keypoint': None, 'key': 'CONT-2024-05-06_20-00-34'}
[2025-06-06 15:43:40,732] INFO [deepethogram.gui.main.initialize_video:226] Record for loaded video: {'flow': None, 'label': 'D:/LBN/Maternal_auto_classification_train_deepethogram/DATA/Cage6-CONT-2024-12-12_23-22-17\\Cage6-CONT-2024-12-12_23-22-17_labels.csv', 'output': 'D:/LBN/Maternal_auto_classification_train_deepethogram/DATA/Cage6-CONT-2024-12-12_23-22-17\\Cage6-CONT-2024-12-12_23-22-17_outputs.h5', 'rgb': 'D:/LBN/Maternal_auto_classification_train_deepethogram/DATA/Cage6-CONT-2024-12-12_23-22-17\\Cage6-CONT-2024-12-12_23-22-17.mp4', 'keypoint': None, 'key': 'Cage6-CONT-2024-12-12_23-22-17'}
[2025-06-06 15:43:40,786] INFO [deepethogram.projects.import_outputfile:791] Key used to load outputfile: tgmj
[2025-06-06 15:43:42,186] INFO [deepethogram.gui.main.import_outputfile:886] CHANGING LATENT NAME TO : tgmj
[2025-06-06 15:44:14,047] INFO [deepethogram.gui.main.initialize_video:226] Record for loaded video: {'flow': None, 'label': 'D:/LBN/Maternal_auto_classification_train_deepethogram/DATA/Cage6-CONT-2024-12-13_05-52-17\\Cage6-CONT-2024-12-13_05-52-17_labels.csv', 'output': 'D:/LBN/Maternal_auto_classification_train_deepethogram/DATA/Cage6-CONT-2024-12-13_05-52-17\\Cage6-CONT-2024-12-13_05-52-17_outputs.h5', 'rgb': 'D:/LBN/Maternal_auto_classification_train_deepethogram/DATA/Cage6-CONT-2024-12-13_05-52-17\\Cage6-CONT-2024-12-13_05-52-17.mp4', 'keypoint': None, 'key': 'Cage6-CONT-2024-12-13_05-52-17'}
[2025-06-06 15:44:14,099] INFO [deepethogram.projects.import_outputfile:791] Key used to load outputfile: tgmj
[2025-06-06 15:44:15,134] INFO [deepethogram.gui.main.import_outputfile:886] CHANGING LATENT NAME TO : tgmj
[2025-06-06 15:44:31,605] INFO [deepethogram.gui.main.initialize_video:226] Record for loaded video: {'flow': None, 'label': 'D:/LBN/Maternal_auto_classification_train_deepethogram/DATA/CageD-CONT-2024-07-07_05-04-40\\CageD-CONT-2024-07-07_05-04-40_labels.csv', 'output': 'D:/LBN/Maternal_auto_classification_train_deepethogram/DATA/CageD-CONT-2024-07-07_05-04-40\\CageD-CONT-2024-07-07_05-04-40_outputs.h5', 'rgb': 'D:/LBN/Maternal_auto_classification_train_deepethogram/DATA/CageD-CONT-2024-07-07_05-04-40\\CageD-CONT-2024-07-07_05-04-40.mp4', 'keypoint': None, 'key': 'CageD-CONT-2024-07-07_05-04-40'}
[2025-06-06 15:44:31,667] INFO [deepethogram.projects.import_outputfile:791] Key used to load outputfile: resnet18
[2025-06-06 15:44:32,709] INFO [deepethogram.gui.main.import_outputfile:886] CHANGING LATENT NAME TO : resnet18
[2025-06-06 15:44:55,398] INFO [deepethogram.gui.main.initialize_video:226] Record for loaded video: {'flow': None, 'label': 'D:/LBN/Maternal_auto_classification_train_deepethogram/DATA/Cage6-CONT-2024-12-12_20-12-17\\Cage6-CONT-2024-12-12_20-12-17_labels.csv', 'output': 'D:/LBN/Maternal_auto_classification_train_deepethogram/DATA/Cage6-CONT-2024-12-12_20-12-17\\Cage6-CONT-2024-12-12_20-12-17_outputs.h5', 'rgb': 'D:/LBN/Maternal_auto_classification_train_deepethogram/DATA/Cage6-CONT-2024-12-12_20-12-17\\Cage6-CONT-2024-12-12_20-12-17.mp4', 'keypoint': None, 'key': 'Cage6-CONT-2024-12-12_20-12-17'}
[2025-06-06 15:44:55,455] INFO [deepethogram.projects.import_outputfile:791] Key used to load outputfile: tgmj
[2025-06-06 15:44:56,535] INFO [deepethogram.gui.main.import_outputfile:886] CHANGING LATENT NAME TO : tgmj
[2025-06-06 15:45:37,273] INFO [deepethogram.gui.main.initialize_video:226] Record for loaded video: {'flow': None, 'label': 'D:/LBN/Maternal_auto_classification_train_deepethogram/DATA/Cage6-CONT-2024-12-12_23-02-17\\Cage6-CONT-2024-12-12_23-02-17_labels.csv', 'output': 'D:/LBN/Maternal_auto_classification_train_deepethogram/DATA/Cage6-CONT-2024-12-12_23-02-17\\Cage6-CONT-2024-12-12_23-02-17_outputs.h5', 'rgb': 'D:/LBN/Maternal_auto_classification_train_deepethogram/DATA/Cage6-CONT-2024-12-12_23-02-17\\Cage6-CONT-2024-12-12_23-02-17.mp4', 'keypoint': None, 'key': 'Cage6-CONT-2024-12-12_23-02-17'}
[2025-06-06 15:45:37,348] INFO [deepethogram.projects.import_outputfile:791] Key used to load outputfile: tgmj
[2025-06-06 15:45:38,381] INFO [deepethogram.gui.main.import_outputfile:886] CHANGING LATENT NAME TO : tgmj
[2025-06-06 15:46:20,944] INFO [deepethogram.gui.main.initialize_video:226] Record for loaded video: {'flow': None, 'label': 'D:/LBN/Maternal_auto_classification_train_deepethogram/DATA/CageD-CONT-2024-07-07_05-04-40\\CageD-CONT-2024-07-07_05-04-40_labels.csv', 'output': 'D:/LBN/Maternal_auto_classification_train_deepethogram/DATA/CageD-CONT-2024-07-07_05-04-40\\CageD-CONT-2024-07-07_05-04-40_outputs.h5', 'rgb': 'D:/LBN/Maternal_auto_classification_train_deepethogram/DATA/CageD-CONT-2024-07-07_05-04-40\\CageD-CONT-2024-07-07_05-04-40.mp4', 'keypoint': None, 'key': 'CageD-CONT-2024-07-07_05-04-40'}
[2025-06-06 15:46:20,978] INFO [deepethogram.projects.import_outputfile:791] Key used to load outputfile: resnet18
[2025-06-06 15:46:22,095] INFO [deepethogram.gui.main.import_outputfile:886] CHANGING LATENT NAME TO : resnet18
[2025-06-06 15:46:57,884] INFO [deepethogram.gui.main.initialize_video:226] Record for loaded video: {'flow': None, 'label': 'D:/LBN/Maternal_auto_classification_train_deepethogram/DATA/Cage6-CONT-2024-12-12_22-52-17\\Cage6-CONT-2024-12-12_22-52-17_labels.csv', 'output': 'D:/LBN/Maternal_auto_classification_train_deepethogram/DATA/Cage6-CONT-2024-12-12_22-52-17\\Cage6-CONT-2024-12-12_22-52-17_outputs.h5', 'rgb': 'D:/LBN/Maternal_auto_classification_train_deepethogram/DATA/Cage6-CONT-2024-12-12_22-52-17\\Cage6-CONT-2024-12-12_22-52-17.mp4', 'keypoint': None, 'key': 'Cage6-CONT-2024-12-12_22-52-17'}
[2025-06-06 15:46:57,935] INFO [deepethogram.projects.import_outputfile:791] Key used to load outputfile: tgmj
[2025-06-06 15:46:58,969] INFO [deepethogram.gui.main.import_outputfile:886] CHANGING LATENT NAME TO : tgmj
[2025-06-06 15:47:13,682] INFO [deepethogram.gui.main.initialize_video:226] Record for loaded video: {'flow': None, 'label': 'D:/LBN/Maternal_auto_classification_train_deepethogram/DATA/CONT-2024-05-07_22-26-20\\CONT-2024-05-07_22-26-20_labels.csv', 'output': 'D:/LBN/Maternal_auto_classification_train_deepethogram/DATA/CONT-2024-05-07_22-26-20\\CONT-2024-05-07_22-26-20_outputs.h5', 'rgb': 'D:/LBN/Maternal_auto_classification_train_deepethogram/DATA/CONT-2024-05-07_22-26-20\\CONT-2024-05-07_22-26-20.mp4', 'keypoint': None, 'key': 'CONT-2024-05-07_22-26-20'}
[2025-06-06 15:47:13,752] INFO [deepethogram.projects.import_outputfile:791] Key used to load outputfile: tgmj
[2025-06-06 15:47:14,886] INFO [deepethogram.gui.main.import_outputfile:886] CHANGING LATENT NAME TO : tgmj
