[2025-06-12 10:12:51,018] INFO [__main__.feature_extractor_train:66] args: C:\Users\TeamGranon\anaconda3\envs\deg_env\lib\site-packages\deepethogram\feature_extractor\train.py project.path=D:\LBN\Maternal_auto_classification_train_deepethogram feature_extractor.weights=D:\LBN\Maternal_auto_classification_train_deepethogram\models\250603_092630_feature_extractor_train\lightning_checkpoints\epoch=17-step=17999.ckpt flow_generator.weights=D:\LBN\Maternal_auto_classification_train_deepethogram\models\250602_134424_flow_generator_train\lightning_checkpoints\epoch=0-step=999.ckpt
[2025-06-12 10:12:51,018] INFO [__main__.feature_extractor_train:71] configuration used ~~~~~
[2025-06-12 10:12:51,018] INFO [__main__.feature_extractor_train:72] split:
  reload: true
  file: null
  train_val_test:
  - 0.9
  - 0.1
  - 0.0
compute:
  fp16: false
  num_workers: 3
  batch_size: 8
  min_batch_size: 8
  max_batch_size: 128
  distributed: false
  gpu_id: 0
  dali: false
  metrics_workers: 0
reload:
  overwrite_cfg: false
  latest: false
notes: null
log:
  level: info
augs:
  brightness: 0.25
  contrast: 0.1
  hue: 0.1
  saturation: 0.1
  color_p: 0.5
  grayscale: 0.5
  crop_size: null
  resize:
  - 224
  - 224
  dali: false
  random_resize: false
  pad: null
  LR: 0.5
  UD: 0.0
  degrees: 10
  normalization:
    'N': 618077952000
    mean:
    - 0.42517412266678273
    - 0.43137161373889366
    - 0.36341115380866434
    std:
    - 0.21811947189196618
    - 0.22076338169887563
    - 0.21714027118257334
train:
  lr: 0.0001
  scheduler: plateau
  num_epochs: 20
  steps_per_epoch:
    train: 1000
    val: 1000
    test: null
  min_lr: 5.0e-07
  stopping_type: learning_rate
  milestones:
  - 50
  - 100
  - 150
  - 200
  - 250
  - 300
  weight_loss: true
  patience: 3
  early_stopping_begins: 0
  viz_metrics: true
  viz_examples: 10
  reduction_factor: 0.1
  loss_weight_exp: 1.0
  loss_gamma: 1.0
  label_smoothing: 0.05
  oversampling_exp: 0.0
  regularization:
    style: l2_sp
    alpha: 1.0e-05
    beta: 0.001
flow_generator:
  type: flow_generator
  flow_loss: MotionNet
  flow_max: 10
  input_images: 11
  flow_sparsity: false
  smooth_weight_multiplier: 1.0
  sparsity_weight: 0.0
  loss: MotionNet
  max: 5
  n_rgb: 11
  arch: TinyMotionNet
  weights: D:\LBN\Maternal_auto_classification_train_deepethogram\models\250602_134424_flow_generator_train\lightning_checkpoints\epoch=0-step=999.ckpt
feature_extractor:
  arch: resnet18
  fusion: average
  sampler: null
  final_bn: false
  sampling_ratio: null
  final_activation: sigmoid
  dropout_p: 0.25
  n_flows: 10
  n_rgb: 1
  curriculum: false
  inputs: both
  weights: D:\LBN\Maternal_auto_classification_train_deepethogram\models\250603_092630_feature_extractor_train\lightning_checkpoints\epoch=17-step=17999.ckpt
cmap: deepethogram
control_arrow_jump: 31
label_view_width: 31
postprocessor:
  min_bout_length: 10
  type: min_bout_per_behavior
prediction_opacity: 0.2
project:
  class_names:
  - background
  - Onnest
  - Offnest
  - ABN
  - Carryingpups
  - Selfgrooming
  - Eat_drink
  - Kicking
  - Groomingpups
  - Build
  config_file: project_config.yaml
  data_path: D:\LBN\Maternal_auto_classification_train_deepethogram\DATA
  labeler: null
  model_path: D:\LBN\Maternal_auto_classification_train_deepethogram\models
  name: Maternal_auto_classification
  path: D:\LBN\Maternal_auto_classification_train_deepethogram
  pretrained_path: D:\LBN\Maternal_auto_classification_train_deepethogram\models\pretrained_models
run:
  type: train
  model: feature_extractor
  dir: D:\LBN\Maternal_auto_classification_train_deepethogram\models\250612_101251_feature_extractor_train
sequence:
  filter_length: 15
unlabeled_alpha: 0.1
vertical_arrow_jump: 3

[2025-06-12 10:12:51,450] INFO [deepethogram.projects.get_weightfile_from_cfg:1079] loading specified weights: D:\LBN\Maternal_auto_classification_train_deepethogram\models\250602_134424_flow_generator_train\lightning_checkpoints\epoch=0-step=999.ckpt
[2025-06-12 10:12:51,451] INFO [__main__.feature_extractor_train:79] loading flow generator from file D:\LBN\Maternal_auto_classification_train_deepethogram\models\250602_134424_flow_generator_train\lightning_checkpoints\epoch=0-step=999.ckpt
[2025-06-12 10:12:51,451] INFO [deepethogram.utils.load_state:341] loading from checkpoint file D:\LBN\Maternal_auto_classification_train_deepethogram\models\250602_134424_flow_generator_train\lightning_checkpoints\epoch=0-step=999.ckpt...
[2025-06-12 10:12:52,706] INFO [deepethogram.data.utils.update_split:451] file Cage1-CONT-2024-12-08_20-08-34 assigned to split val
[2025-06-12 10:12:52,706] INFO [deepethogram.data.utils.update_split:451] file Cage1-CONT-2024-12-08_20-18-34 assigned to split train
[2025-06-12 10:12:52,706] INFO [deepethogram.data.utils.update_split:451] file Cage1-CONT-2024-12-08_20-28-34 assigned to split train
[2025-06-12 10:12:52,706] INFO [deepethogram.data.utils.update_split:451] file Cage1-CONT-2024-12-08_20-38-34 assigned to split train
[2025-06-12 10:12:52,706] INFO [deepethogram.data.utils.update_split:451] file Cage1-CONT-2024-12-08_20-48-34 assigned to split train
[2025-06-12 10:12:52,716] INFO [deepethogram.data.utils.update_split:451] file Cage1-CONT-2024-12-08_20-58-34 assigned to split train
[2025-06-12 10:12:52,716] INFO [deepethogram.data.utils.update_split:451] file Cage1-CONT-2024-12-08_21-08-34 assigned to split train
[2025-06-12 10:12:52,716] INFO [deepethogram.data.utils.update_split:451] file Cage1-CONT-2024-12-08_21-18-34 assigned to split train
[2025-06-12 10:12:52,716] INFO [deepethogram.data.utils.update_split:451] file Cage1-CONT-2024-12-08_21-28-34 assigned to split train
[2025-06-12 10:12:52,716] INFO [deepethogram.data.utils.update_split:451] file Cage1-CONT-2024-12-08_21-38-34 assigned to split train
[2025-06-12 10:12:52,716] INFO [deepethogram.data.utils.update_split:451] file Cage1-CONT-2024-12-08_21-48-34 assigned to split train
[2025-06-12 10:12:52,716] INFO [deepethogram.data.utils.update_split:451] file Cage1-CONT-2024-12-08_22-28-34 assigned to split train
[2025-06-12 10:12:52,716] INFO [deepethogram.data.utils.update_split:451] file Cage1-CONT-2024-12-08_22-38-34 assigned to split train
[2025-06-12 10:12:52,716] INFO [deepethogram.data.utils.update_split:451] file Cage1-CONT-2024-12-08_22-48-34 assigned to split train
[2025-06-12 10:12:52,716] INFO [deepethogram.data.utils.update_split:451] file Cage1-CONT-2024-12-08_22-58-34 assigned to split train
[2025-06-12 10:12:52,716] INFO [deepethogram.data.utils.update_split:451] file Cage1-CONT-2024-12-08_23-28-34 assigned to split train
[2025-06-12 10:12:52,717] INFO [deepethogram.data.utils.update_split:451] file Cage1-CONT-2024-12-08_23-38-34 assigned to split val
[2025-06-12 10:12:52,717] INFO [deepethogram.data.utils.update_split:451] file Cage1-CONT-2024-12-09_04-28-34 assigned to split train
[2025-06-12 10:12:52,717] INFO [deepethogram.data.utils.update_split:451] file Cage1-CONT-2024-12-09_04-38-34 assigned to split val
[2025-06-12 10:12:52,717] INFO [deepethogram.data.utils.update_split:451] file Cage1-CONT-2024-12-09_04-58-34 assigned to split val
[2025-06-12 10:12:52,717] INFO [deepethogram.data.utils.update_split:451] file Cage1-CONT-2024-12-09_05-08-34 assigned to split train
[2025-06-12 10:12:52,717] INFO [deepethogram.data.utils.update_split:451] file Cage1-CONT-2024-12-09_05-18-34 assigned to split train
[2025-06-12 10:12:52,717] INFO [deepethogram.data.utils.update_split:451] file Cage1-CONT-2024-12-09_05-28-34 assigned to split val
[2025-06-12 10:12:52,717] INFO [deepethogram.data.utils.update_split:451] file Cage1-CONT-2024-12-09_05-38-34 assigned to split train
[2025-06-12 10:12:52,717] INFO [deepethogram.data.utils.update_split:451] file Cage1-CONT-2024-12-09_05-48-34 assigned to split val
[2025-06-12 10:12:52,717] INFO [deepethogram.data.utils.update_split:451] file Cage1-CONT-2024-12-09_05-58-34 assigned to split train
[2025-06-12 10:12:52,717] INFO [deepethogram.data.utils.update_split:451] file Cage1-CONT-2024-12-09_06-08-34 assigned to split train
[2025-06-12 10:12:52,717] INFO [deepethogram.data.utils.update_split:451] file Cage1-CONT-2024-12-09_06-18-34 assigned to split train
[2025-06-12 10:12:52,717] INFO [deepethogram.data.utils.update_split:451] file Cage1-CONT-2024-12-09_06-48-34 assigned to split train
[2025-06-12 10:12:52,717] INFO [deepethogram.data.utils.update_split:451] file Cage1-CONT-2024-12-09_07-28-34 assigned to split train
[2025-06-12 10:12:52,717] INFO [deepethogram.data.utils.update_split:451] file Cage1-CONT-2024-12-09_20-28-37 assigned to split train
[2025-06-12 10:12:52,717] INFO [deepethogram.data.utils.update_split:451] file Cage1-CONT-2024-12-10_04-48-38 assigned to split train
[2025-06-12 10:12:52,717] INFO [deepethogram.data.utils.update_split:451] file Cage1-CONT-2024-12-10_05-18-38 assigned to split train
[2025-06-12 10:12:52,717] INFO [deepethogram.data.utils.update_split:451] file Cage6-CONT-2024-12-13_07-22-17 assigned to split val
[2025-06-12 10:12:52,717] INFO [deepethogram.data.utils.update_split:451] file Cage6-CONT-2024-12-13_20-43-41 assigned to split train
[2025-06-12 10:12:52,717] INFO [deepethogram.data.utils.update_split:451] file Cage6-CONT-2024-12-14_07-23-42 assigned to split train
[2025-06-12 10:12:52,717] INFO [deepethogram.data.utils.update_split:451] file Cage6-CONT-2024-12-15_22-01-54 assigned to split train
[2025-06-12 10:12:52,717] INFO [deepethogram.data.utils.update_split:451] file Cage6-CONT-2024-12-15_23-11-54 assigned to split train
[2025-06-12 10:12:52,717] INFO [deepethogram.data.utils.update_split:451] file Cage6-CONT-2024-12-15_23-41-54 assigned to split train
[2025-06-12 10:12:52,717] INFO [deepethogram.data.utils.update_split:451] file Cage6-CONT-2024-12-16_04-41-55 assigned to split train
[2025-06-12 10:12:52,717] INFO [deepethogram.data.utils.update_split:451] file Cage6-CONT-2024-12-16_06-01-55 assigned to split train
[2025-06-12 10:12:52,717] INFO [deepethogram.data.utils.update_split:451] file Cage6-CONT-2024-12-16_21-54-36 assigned to split train
[2025-06-12 10:12:52,717] INFO [deepethogram.data.utils.update_split:451] file Cage6-CONT-2024-12-16_23-24-36 assigned to split train
[2025-06-12 10:12:52,717] INFO [deepethogram.data.utils.update_split:451] file Cage6-CONT-2024-12-17_06-24-36 assigned to split train
[2025-06-12 10:12:52,717] INFO [deepethogram.data.utils.update_split:451] file Cage6-CONT-2024-12-17_07-24-36 assigned to split train
[2025-06-12 10:12:52,717] INFO [deepethogram.data.utils.update_split:451] file Cage6-CONT-2024-12-17_22-04-46 assigned to split train
[2025-06-12 10:12:52,717] INFO [deepethogram.data.utils.update_split:451] file Cage6-CONT-2024-12-17_22-44-46 assigned to split train
[2025-06-12 10:12:52,717] INFO [deepethogram.data.utils.update_split:451] file Cage6-CONT-2024-12-17_23-34-46 assigned to split val
[2025-06-12 10:12:52,717] INFO [deepethogram.data.utils.update_split:451] file Cage6-CONT-2024-12-18_00-04-46 assigned to split train
[2025-06-12 10:12:52,717] INFO [deepethogram.data.utils.update_split:451] file Cage6-CONT-2024-12-18_06-24-46 assigned to split train
[2025-06-12 10:12:52,717] INFO [deepethogram.data.utils.update_split:451] file Cage6-CONT-2024-12-19_00-04-46 assigned to split train
[2025-06-12 10:12:52,717] INFO [deepethogram.data.utils.update_split:451] file Cage6-CONT-2024-12-19_05-14-46 assigned to split train
[2025-06-12 10:12:52,717] INFO [deepethogram.data.utils.update_split:451] file Cage6-CONT-2024-12-19_23-55-14 assigned to split train
[2025-06-12 10:12:52,717] INFO [deepethogram.data.utils.update_split:451] file Cage6-CONT-2024-12-20_02-15-14 assigned to split train
[2025-06-12 10:12:52,717] INFO [deepethogram.data.utils.update_split:451] file Cage6-CONT-2024-12-20_02-25-14 assigned to split train
[2025-06-12 10:12:52,717] INFO [deepethogram.data.utils.update_split:451] file Cage6-CONT-2024-12-20_02-35-14 assigned to split train
[2025-06-12 10:12:52,717] INFO [deepethogram.data.utils.update_split:451] file Cage6-CONT-2024-12-20_02-45-14 assigned to split val
[2025-06-12 10:12:52,717] INFO [deepethogram.data.utils.update_split:451] file Cage6-CONT-2024-12-20_02-55-14 assigned to split train
[2025-06-12 10:12:52,721] INFO [deepethogram.data.utils.update_split:451] file Cage6-CONT-2024-12-20_03-05-14 assigned to split train
[2025-06-12 10:12:52,721] INFO [deepethogram.data.utils.update_split:451] file Cage6-CONT-2024-12-20_03-15-14 assigned to split train
[2025-06-12 10:12:52,721] INFO [deepethogram.data.utils.update_split:451] file Cage6-CONT-2024-12-20_03-25-14 assigned to split train
[2025-06-12 10:12:52,721] INFO [deepethogram.data.utils.update_split:451] file Cage6-CONT-2024-12-20_03-35-14 assigned to split train
[2025-06-12 10:12:52,721] INFO [deepethogram.data.utils.update_split:451] file Cage6-CONT-2024-12-20_03-45-14 assigned to split train
[2025-06-12 10:12:52,721] INFO [deepethogram.data.utils.update_split:451] file Cage6-CONT-2024-12-20_03-55-14 assigned to split train
[2025-06-12 10:12:52,721] INFO [deepethogram.data.utils.update_split:451] file Cage6-CONT-2024-12-20_04-05-14 assigned to split train
[2025-06-12 10:12:52,721] INFO [deepethogram.data.utils.update_split:451] file Cage6-CONT-2024-12-20_04-15-14 assigned to split train
[2025-06-12 10:12:52,721] INFO [deepethogram.data.utils.update_split:451] file Cage6-CONT-2024-12-20_04-25-14 assigned to split train
[2025-06-12 10:12:52,721] INFO [deepethogram.data.utils.update_split:451] file Cage6-CONT-2024-12-20_04-35-14 assigned to split train
[2025-06-12 10:12:52,721] INFO [deepethogram.data.utils.update_split:451] file Cage6-CONT-2024-12-20_04-45-14 assigned to split train
[2025-06-12 10:12:52,721] INFO [deepethogram.data.utils.update_split:451] file Cage6-CONT-2024-12-20_04-55-14 assigned to split train
[2025-06-12 10:12:52,722] INFO [deepethogram.data.utils.update_split:451] file Cage6-CONT-2024-12-20_05-05-14 assigned to split train
[2025-06-12 10:12:52,722] INFO [deepethogram.data.utils.update_split:451] file Cage6-CONT-2024-12-20_05-15-14 assigned to split train
[2025-06-12 10:12:52,722] INFO [deepethogram.data.utils.update_split:451] file Cage6-CONT-2024-12-20_05-25-14 assigned to split train
[2025-06-12 10:12:52,722] INFO [deepethogram.data.utils.update_split:451] file Cage6-CONT-2024-12-20_05-35-14 assigned to split train
[2025-06-12 10:12:52,722] INFO [deepethogram.data.utils.update_split:451] file Cage8-CONT-2024-12-13_20-13-44 assigned to split train
[2025-06-12 10:12:52,722] INFO [deepethogram.data.utils.update_split:451] file Cage8-CONT-2024-12-13_20-33-44 assigned to split train
[2025-06-12 10:12:52,722] INFO [deepethogram.data.utils.update_split:451] file Cage8-CONT-2024-12-15_20-33-48 assigned to split train
[2025-06-12 10:12:52,722] INFO [deepethogram.data.utils.update_split:451] file Cage8-CONT-2024-12-15_22-13-49 assigned to split train
[2025-06-12 10:12:52,722] INFO [deepethogram.data.utils.update_split:451] file Cage8-CONT-2024-12-15_22-53-49 assigned to split val
[2025-06-12 10:12:52,722] INFO [deepethogram.data.utils.update_split:451] file Cage8-CONT-2024-12-15_23-03-49 assigned to split train
[2025-06-12 10:12:52,722] INFO [deepethogram.data.utils.update_split:451] file Cage8-CONT-2024-12-16_20-03-51 assigned to split train
[2025-06-12 10:12:52,722] INFO [deepethogram.data.utils.update_split:451] file Cage8-CONT-2024-12-16_20-13-51 assigned to split train
[2025-06-12 10:12:52,722] INFO [deepethogram.data.utils.update_split:451] file Cage8-CONT-2024-12-16_20-23-51 assigned to split train
[2025-06-12 10:12:52,723] INFO [deepethogram.data.utils.update_split:451] file Cage8-CONT-2024-12-16_20-33-51 assigned to split val
[2025-06-12 10:12:52,723] INFO [deepethogram.data.utils.update_split:451] file Cage8-CONT-2024-12-16_20-43-51 assigned to split train
[2025-06-12 10:12:52,723] INFO [deepethogram.data.utils.update_split:451] file Cage8-CONT-2024-12-16_20-53-51 assigned to split train
[2025-06-12 10:12:52,723] INFO [deepethogram.data.utils.update_split:451] file Cage8-CONT-2024-12-16_21-03-51 assigned to split train
[2025-06-12 10:12:52,723] INFO [deepethogram.data.utils.update_split:451] file Cage8-CONT-2024-12-16_21-13-51 assigned to split train
[2025-06-12 10:12:52,723] INFO [deepethogram.data.utils.update_split:451] file Cage8-CONT-2024-12-16_21-23-51 assigned to split train
[2025-06-12 10:12:52,723] INFO [deepethogram.data.utils.update_split:451] file Cage8-CONT-2024-12-16_21-33-51 assigned to split train
[2025-06-12 10:12:52,723] INFO [deepethogram.data.utils.update_split:451] file Cage8-CONT-2024-12-16_21-43-51 assigned to split train
[2025-06-12 10:12:52,723] INFO [deepethogram.data.utils.update_split:451] file Cage8-CONT-2024-12-16_21-53-51 assigned to split train
[2025-06-12 10:12:52,723] INFO [deepethogram.data.utils.update_split:451] file Cage8-CONT-2024-12-16_22-03-51 assigned to split train
[2025-06-12 10:12:52,724] INFO [deepethogram.data.utils.update_split:451] file Cage8-CONT-2024-12-16_22-13-51 assigned to split train
[2025-06-12 10:12:52,724] INFO [deepethogram.data.utils.update_split:451] file Cage8-CONT-2024-12-16_22-23-51 assigned to split train
[2025-06-12 10:12:52,724] INFO [deepethogram.data.utils.update_split:451] file Cage8-CONT-2024-12-16_22-33-51 assigned to split train
[2025-06-12 10:12:52,724] INFO [deepethogram.data.utils.update_split:451] file Cage8-CONT-2024-12-16_22-43-51 assigned to split train
[2025-06-12 10:12:52,724] INFO [deepethogram.data.utils.update_split:451] file Cage8-CONT-2024-12-16_22-53-51 assigned to split train
[2025-06-12 10:12:52,724] INFO [deepethogram.data.utils.update_split:451] file Cage8-CONT-2024-12-16_23-03-51 assigned to split train
[2025-06-12 10:12:52,724] INFO [deepethogram.data.utils.update_split:451] file Cage8-CONT-2024-12-16_23-13-51 assigned to split train
[2025-06-12 10:12:52,724] INFO [deepethogram.data.utils.update_split:451] file Cage8-CONT-2024-12-16_23-23-51 assigned to split train
[2025-06-12 10:12:52,724] INFO [deepethogram.data.utils.update_split:451] file Cage8-CONT-2024-12-16_23-33-51 assigned to split train
[2025-06-12 10:12:52,724] INFO [deepethogram.data.utils.update_split:451] file Cage8-CONT-2024-12-16_23-43-51 assigned to split train
[2025-06-12 10:12:52,724] INFO [deepethogram.data.utils.update_split:451] file Cage8-CONT-2024-12-16_23-53-51 assigned to split train
[2025-06-12 10:12:52,724] INFO [deepethogram.data.utils.update_split:451] file Cage8-CONT-2024-12-17_00-03-51 assigned to split train
[2025-06-12 10:12:52,725] INFO [deepethogram.data.utils.update_split:451] file Cage8-CONT-2024-12-17_04-03-51 assigned to split val
[2025-06-12 10:12:52,725] INFO [deepethogram.data.utils.update_split:451] file Cage8-CONT-2024-12-17_05-33-51 assigned to split train
[2025-06-12 10:12:52,725] INFO [deepethogram.data.utils.update_split:451] file Cage8-CONT-2024-12-17_06-53-52 assigned to split train
[2025-06-12 10:12:52,725] INFO [deepethogram.data.utils.update_split:451] file Cage8-CONT-2024-12-17_21-37-19 assigned to split train
[2025-06-12 10:12:52,725] INFO [deepethogram.data.utils.update_split:451] file Cage8-CONT-2024-12-18_05-27-20 assigned to split train
[2025-06-12 10:12:52,725] INFO [deepethogram.data.utils.update_split:451] file Cage8-CONT-2024-12-18_05-57-20 assigned to split train
[2025-06-12 10:12:52,725] INFO [deepethogram.data.utils.update_split:451] file Cage8-CONT-2024-12-18_20-07-22 assigned to split train
[2025-06-12 10:12:52,725] INFO [deepethogram.data.utils.update_split:451] file Cage8-CONT-2024-12-18_20-17-22 assigned to split train
[2025-06-12 10:12:52,725] INFO [deepethogram.data.utils.update_split:451] file Cage8-CONT-2024-12-19_04-17-22 assigned to split train
[2025-06-12 10:12:52,725] INFO [deepethogram.data.utils.update_split:451] file Cage8-CONT-2024-12-19_05-37-23 assigned to split train
[2025-06-12 10:12:52,725] INFO [deepethogram.data.utils.update_split:451] file Cage8-CONT-2024-12-19_06-07-23 assigned to split train
[2025-06-12 10:12:52,725] INFO [deepethogram.data.utils.update_split:451] file Cage8-CONT-2024-12-19_07-07-23 assigned to split train
[2025-06-12 10:12:52,725] INFO [deepethogram.data.utils.update_split:451] file Cage8-CONT-2024-12-19_20-20-00 assigned to split train
[2025-06-12 10:12:52,725] INFO [deepethogram.data.utils.update_split:451] file Cage8-CONT-2024-12-20_02-00-06 assigned to split train
[2025-06-12 10:12:52,725] INFO [deepethogram.data.utils.update_split:451] file CageD-CONT-2024-07-06_20-04-39 assigned to split train
[2025-06-12 10:12:52,725] INFO [deepethogram.data.utils.update_split:451] file CageD-CONT-2024-07-06_20-14-39 assigned to split train
[2025-06-12 10:12:52,725] INFO [deepethogram.data.utils.update_split:451] file CageD-CONT-2024-07-06_20-24-39 assigned to split train
[2025-06-12 10:12:52,725] INFO [deepethogram.data.utils.update_split:451] file CageD-CONT-2024-07-06_20-44-39 assigned to split train
[2025-06-12 10:12:52,725] INFO [deepethogram.data.utils.update_split:451] file CageD-CONT-2024-07-06_20-54-39 assigned to split train
[2025-06-12 10:12:52,725] INFO [deepethogram.data.utils.update_split:451] file CageD-CONT-2024-07-06_21-24-39 assigned to split train
[2025-06-12 10:12:52,725] INFO [deepethogram.data.utils.update_split:451] file CageD-CONT-2024-07-06_21-34-39 assigned to split val
[2025-06-12 10:12:52,725] INFO [deepethogram.data.utils.update_split:451] file CageD-CONT-2024-07-06_22-04-40 assigned to split train
[2025-06-12 10:12:52,725] INFO [deepethogram.data.utils.update_split:451] file CageD-CONT-2024-07-06_22-14-40 assigned to split train
[2025-06-12 10:12:52,725] INFO [deepethogram.data.utils.update_split:451] file CageD-CONT-2024-07-06_22-24-40 assigned to split train
[2025-06-12 10:12:52,726] INFO [deepethogram.data.utils.update_split:451] file CageD-CONT-2024-07-06_22-34-40 assigned to split train
[2025-06-12 10:12:52,726] INFO [deepethogram.data.utils.update_split:451] file CageD-CONT-2024-07-06_22-44-40 assigned to split train
[2025-06-12 10:12:52,726] INFO [deepethogram.data.utils.update_split:451] file CageD-CONT-2024-07-06_23-04-40 assigned to split val
[2025-06-12 10:12:52,726] INFO [deepethogram.data.utils.update_split:451] file CageD-CONT-2024-07-06_23-24-40 assigned to split train
[2025-06-12 10:12:52,726] INFO [deepethogram.data.utils.update_split:451] file CageD-CONT-2024-07-06_23-34-40 assigned to split train
[2025-06-12 10:12:52,726] INFO [deepethogram.data.utils.update_split:451] file CageD-CONT-2024-07-06_23-54-40 assigned to split train
[2025-06-12 10:12:52,726] INFO [deepethogram.data.utils.update_split:451] file CageD-CONT-2024-07-07_04-04-40 assigned to split train
[2025-06-12 10:12:52,726] INFO [deepethogram.data.utils.update_split:451] file CageD-CONT-2024-07-07_04-14-40 assigned to split train
[2025-06-12 10:12:52,726] INFO [deepethogram.data.utils.update_split:451] file CageD-CONT-2024-07-07_04-34-40 assigned to split train
[2025-06-12 10:12:52,726] INFO [deepethogram.data.utils.update_split:451] file CageD-CONT-2024-07-07_04-54-40 assigned to split train
[2025-06-12 10:12:52,726] INFO [deepethogram.data.utils.update_split:451] file CageD-CONT-2024-07-07_06-24-40 assigned to split train
[2025-06-12 10:12:52,726] INFO [deepethogram.data.utils.update_split:451] file CageD-CONT-2024-07-07_06-34-40 assigned to split train
[2025-06-12 10:12:52,726] INFO [deepethogram.data.utils.update_split:451] file CageD-CONT-2024-07-07_06-44-40 assigned to split train
[2025-06-12 10:12:52,726] INFO [deepethogram.data.utils.update_split:451] file CageD-CONT-2024-07-07_06-54-40 assigned to split train
[2025-06-12 10:12:52,726] INFO [deepethogram.data.utils.update_split:451] file CageD-CONT-2024-07-07_07-04-40 assigned to split train
[2025-06-12 10:12:52,726] INFO [deepethogram.data.utils.update_split:451] file CageD-CONT-2024-07-08_23-12-13 assigned to split train
[2025-06-12 10:12:52,726] INFO [deepethogram.data.utils.update_split:451] file CageD-CONT-2024-07-10_21-32-14 assigned to split val
[2025-06-12 10:12:52,726] INFO [deepethogram.data.utils.update_split:451] file CageD-CONT-2024-07-12_06-12-15 assigned to split train
[2025-06-12 10:12:52,726] INFO [deepethogram.data.utils.update_split:451] file CageD-CONT-2024-07-13_06-22-20 assigned to split train
[2025-06-12 10:12:52,726] INFO [deepethogram.data.utils.update_split:451] file CageK1-CONT-2024-09-03_20-11-56 assigned to split train
[2025-06-12 10:12:52,726] INFO [deepethogram.data.utils.update_split:451] file CageK1-CONT-2024-09-05_06-12-39 assigned to split train
[2025-06-12 10:12:52,726] INFO [deepethogram.data.utils.update_split:451] file CageK1-CONT-2024-09-05_06-22-39 assigned to split train
[2025-06-12 10:12:52,726] INFO [deepethogram.data.utils.update_split:451] file CageK1-CONT-2024-09-05_06-32-39 assigned to split train
[2025-06-12 10:12:52,726] INFO [deepethogram.data.utils.update_split:451] file CageK1-CONT-2024-09-05_06-42-39 assigned to split train
[2025-06-12 10:12:52,726] INFO [deepethogram.data.utils.update_split:451] file CageK1-CONT-2024-09-05_06-52-39 assigned to split train
[2025-06-12 10:12:52,726] INFO [deepethogram.data.utils.update_split:451] file CageK1-CONT-2024-09-05_07-02-39 assigned to split train
[2025-06-12 10:12:52,726] INFO [deepethogram.data.utils.update_split:451] file CageK1-CONT-2024-09-05_07-12-39 assigned to split train
[2025-06-12 10:12:52,726] INFO [deepethogram.data.utils.update_split:451] file CageK1-CONT-2024-09-05_07-22-39 assigned to split train
[2025-06-12 10:12:52,726] INFO [deepethogram.data.utils.update_split:451] file CageK1-CONT-2024-09-05_07-32-39 assigned to split train
[2025-06-12 10:12:52,726] INFO [deepethogram.data.utils.update_split:451] file CageK1-CONT-2024-09-05_20-07-43 assigned to split train
[2025-06-12 10:12:52,726] INFO [deepethogram.data.utils.update_split:451] file CageK1-CONT-2024-09-05_20-17-43 assigned to split train
[2025-06-12 10:12:52,726] INFO [deepethogram.data.utils.update_split:451] file CageK1-CONT-2024-09-05_20-27-43 assigned to split train
[2025-06-12 10:12:52,726] INFO [deepethogram.data.utils.update_split:451] file CageK1-CONT-2024-09-05_20-37-43 assigned to split train
[2025-06-12 10:12:52,726] INFO [deepethogram.data.utils.update_split:451] file CageK1-CONT-2024-09-05_20-47-43 assigned to split val
[2025-06-12 10:12:52,726] INFO [deepethogram.data.utils.update_split:451] file CageK1-CONT-2024-09-05_20-57-43 assigned to split train
[2025-06-12 10:12:52,726] INFO [deepethogram.data.utils.update_split:451] file CageK1-CONT-2024-09-05_21-07-43 assigned to split train
[2025-06-12 10:12:52,726] INFO [deepethogram.data.utils.update_split:451] file CageK1-CONT-2024-09-05_21-17-43 assigned to split train
[2025-06-12 10:12:52,726] INFO [deepethogram.data.utils.update_split:451] file CageK1-CONT-2024-09-05_21-27-43 assigned to split train
[2025-06-12 10:12:52,726] INFO [deepethogram.data.utils.update_split:451] file CageK1-CONT-2024-09-05_21-37-43 assigned to split train
[2025-06-12 10:12:52,726] INFO [deepethogram.data.utils.update_split:451] file CageK1-CONT-2024-09-07_22-06-44 assigned to split train
[2025-06-12 10:12:52,726] INFO [deepethogram.data.utils.update_split:451] file CageK1-CONT-2024-09-10_06-26-49 assigned to split val
[2025-06-12 10:12:52,726] INFO [deepethogram.data.utils.update_split:451] file CageK1-CONT-2024-09-10_07-06-49 assigned to split train
[2025-06-12 10:13:26,481] INFO [deepethogram.data.utils.make_loss_weight:115] Class counts: [    63 589615 336001 188428  11790  73186 220092    525  30511  50036]
[2025-06-12 10:13:26,481] INFO [deepethogram.data.utils.make_loss_weight:116] Pos weight: [14685.33333333     0.56922568     1.7536793      3.91030526
    77.47659033    11.64229497     3.20387383  1761.36
    29.32476812    17.49146614]
[2025-06-12 10:13:26,481] INFO [deepethogram.data.utils.make_loss_weight:117] Pos weight, weighted: [14685.333          0.56922567     1.7536793      3.9103053
    77.47659       11.642295       3.2038739   1761.36
    29.324768      17.491467  ]
[2025-06-12 10:13:26,481] INFO [deepethogram.data.utils.make_loss_weight:118] Softmax weight: [0.8846088  0.00009452 0.00016586 0.00029576 0.00472692 0.00076149
 0.00025321 0.10615306 0.00182657 0.00111381]
[2025-06-12 10:13:26,481] INFO [deepethogram.data.utils.make_loss_weight:119] Softmax weight transformed: [0.8846088  0.00009452 0.00016586 0.00029576 0.00472692 0.00076149
 0.00025321 0.10615306 0.00182657 0.00111381]
[2025-06-12 10:13:27,068] INFO [deepethogram.projects.get_weightfile_from_cfg:1079] loading specified weights: D:\LBN\Maternal_auto_classification_train_deepethogram\models\250603_092630_feature_extractor_train\lightning_checkpoints\epoch=17-step=17999.ckpt
[2025-06-12 10:13:27,068] INFO [__main__.build_model_from_cfg:220] feature extractor weightfile: D:\LBN\Maternal_auto_classification_train_deepethogram\models\250603_092630_feature_extractor_train\lightning_checkpoints\epoch=17-step=17999.ckpt
[2025-06-12 10:13:27,221] INFO [deepethogram.feature_extractor.models.CNN.get_cnn:91] Custom bias: Parameter containing:
tensor([-9.5946,  0.5635, -0.5617, -1.3636, -4.3500, -2.4546, -1.1644, -7.4738,
        -3.3784, -2.8617], requires_grad=True)
[2025-06-12 10:13:27,221] INFO [deepethogram.utils.load_feature_extractor_components:630] loading component spatial from file D:\LBN\Maternal_auto_classification_train_deepethogram\models\250603_092630_feature_extractor_train\lightning_checkpoints\epoch=17-step=17999.ckpt
[2025-06-12 10:13:29,083] INFO [deepethogram.feature_extractor.models.CNN.get_cnn:91] Custom bias: Parameter containing:
tensor([-9.5946,  0.5635, -0.5617, -1.3636, -4.3500, -2.4546, -1.1644, -7.4738,
        -3.3784, -2.8617], requires_grad=True)
[2025-06-12 10:13:29,083] INFO [deepethogram.utils.load_feature_extractor_components:630] loading component flow from file D:\LBN\Maternal_auto_classification_train_deepethogram\models\250603_092630_feature_extractor_train\lightning_checkpoints\epoch=17-step=17999.ckpt
[2025-06-12 10:13:29,785] INFO [deepethogram.projects.get_weightfile_from_cfg:1079] loading specified weights: D:\LBN\Maternal_auto_classification_train_deepethogram\models\250602_134424_flow_generator_train\lightning_checkpoints\epoch=0-step=999.ckpt
[2025-06-12 10:13:29,785] INFO [deepethogram.utils.load_state:341] loading from checkpoint file D:\LBN\Maternal_auto_classification_train_deepethogram\models\250602_134424_flow_generator_train\lightning_checkpoints\epoch=0-step=999.ckpt...
[2025-06-12 10:13:29,801] INFO [deepethogram.utils.load_feature_extractor_components:630] loading component fusion from file D:\LBN\Maternal_auto_classification_train_deepethogram\models\250603_092630_feature_extractor_train\lightning_checkpoints\epoch=17-step=17999.ckpt
[2025-06-12 10:13:30,355] INFO [__main__.get_metrics:632] key metric: f1_class_mean_nobg
[2025-06-12 10:14:01,566] INFO [deepethogram.data.utils.make_loss_weight:115] Class counts: [    63 589615 336001 188428  11790  73186 220092    525  30511  50036]
[2025-06-12 10:14:01,566] INFO [deepethogram.data.utils.make_loss_weight:116] Pos weight: [14685.33333333     0.56922568     1.7536793      3.91030526
    77.47659033    11.64229497     3.20387383  1761.36
    29.32476812    17.49146614]
[2025-06-12 10:14:01,566] INFO [deepethogram.data.utils.make_loss_weight:117] Pos weight, weighted: [14685.333          0.56922567     1.7536793      3.9103053
    77.47659       11.642295       3.2038739   1761.36
    29.324768      17.491467  ]
[2025-06-12 10:14:01,566] INFO [deepethogram.data.utils.make_loss_weight:118] Softmax weight: [0.8846088  0.00009452 0.00016586 0.00029576 0.00472692 0.00076149
 0.00025321 0.10615306 0.00182657 0.00111381]
[2025-06-12 10:14:01,566] INFO [deepethogram.data.utils.make_loss_weight:119] Softmax weight transformed: [0.8846088  0.00009452 0.00016586 0.00029576 0.00472692 0.00076149
 0.00025321 0.10615306 0.00182657 0.00111381]
[2025-06-12 10:14:01,566] INFO [deepethogram.feature_extractor.losses.__init__:100] Focal loss: gamma 1.00 smoothing: 0.05
[2025-06-12 10:14:01,614] INFO [deepethogram.losses.get_regularization_loss:205] Regularization: L2_SP. Pretrained file: D:\LBN\Maternal_auto_classification_train_deepethogram\models\pretrained_models\200415_125824_hidden_two_stream_kinetics_degf\checkpoint.pt alpha: 1e-05 beta: 0.001
[2025-06-12 10:14:02,395] INFO [deepethogram.data.augs.get_gpu_transforms:246] GPU transforms: {'train': Sequential(
  (0): ToFloat()
  (1): VideoSequential(
    (RandomHorizontalFlip_0): RandomHorizontalFlip(p=0.5, p_batch=1.0, same_on_batch=False)
    (RandomRotation_1): RandomRotation(degrees=10, p=0.5, p_batch=1.0, same_on_batch=False, resample=bilinear, align_corners=True)
    (ColorJitter_2): ColorJitter(brightness=0.25, contrast=0.1, saturation=0.1, hue=0.1, p=0.5, p_batch=1.0, same_on_batch=False)
    (RandomGrayscale_3): RandomGrayscale(p=0.5, p_batch=1.0, same_on_batch=False)
  )
  (2): NormalizeVideo()
  (3): StackClipInChannels()
), 'val': Sequential(
  (0): ToFloat()
  (1): NormalizeVideo()
  (2): StackClipInChannels()
), 'test': Sequential(
  (0): ToFloat()
  (1): NormalizeVideo()
  (2): StackClipInChannels()
), 'denormalize': Sequential(
  (0): UnstackClip()
  (1): DenormalizeVideo()
)}
[2025-06-12 10:14:02,395] INFO [deepethogram.base.__init__:95] scheduler mode: max
[2025-06-12 10:14:02,395] INFO [deepethogram.base.get_train_sampler:171] not using oversampling
[2025-06-12 10:14:02,722] INFO [deepethogram.base.configure_optimizers:227] learning rate: 0.0001
[2025-06-12 17:13:01,671] INFO [deepethogram.callbacks.on_train_epoch_end:257] Stopping criterion reached! setting trainer.should_stop=True
