[2025-06-19 15:26:53,698] INFO [__main__.feature_extractor_train:66] args: C:\Users\TeamGranon\anaconda3\envs\deg_solo\lib\site-packages\deepethogram\feature_extractor\train.py project.path=D:\LBN\Maternal_auto_classification_train_deepethogram feature_extractor.weights=D:\LBN\Maternal_auto_classification_train_deepethogram\models\250612_101251_feature_extractor_train\lightning_checkpoints\epoch=7-step=7999.ckpt flow_generator.weights=D:\LBN\Maternal_auto_classification_train_deepethogram\models\250602_134424_flow_generator_train\lightning_checkpoints\epoch=0-step=999.ckpt
[2025-06-19 15:26:53,698] INFO [__main__.feature_extractor_train:71] configuration used ~~~~~
[2025-06-19 15:26:53,713] INFO [__main__.feature_extractor_train:72] split:
  reload: true
  file: null
  train_val_test:
  - 0.9
  - 0.1
  - 0.0
compute:
  fp16: false
  num_workers: 3
  batch_size: 8
  min_batch_size: 8
  max_batch_size: 128
  distributed: false
  gpu_id: 0
  dali: false
  metrics_workers: 0
reload:
  overwrite_cfg: false
  latest: false
notes: null
log:
  level: info
augs:
  brightness: 0.25
  contrast: 0.1
  hue: 0.1
  saturation: 0.1
  color_p: 0.5
  grayscale: 0.5
  crop_size: null
  resize:
  - 224
  - 224
  dali: false
  random_resize: false
  pad: null
  LR: 0.5
  UD: 0.0
  degrees: 10
  normalization:
    'N': 675269913600
    mean:
    - 0.4222093413583818
    - 0.4279406932145969
    - 0.36511059715897476
    std:
    - 0.2231115239390951
    - 0.22555331806847045
    - 0.22208480446455378
train:
  lr: 0.0001
  scheduler: plateau
  num_epochs: 20
  steps_per_epoch:
    train: 1000
    val: 1000
    test: null
  min_lr: 5.0e-07
  stopping_type: learning_rate
  milestones:
  - 50
  - 100
  - 150
  - 200
  - 250
  - 300
  weight_loss: true
  patience: 3
  early_stopping_begins: 0
  viz_metrics: true
  viz_examples: 10
  reduction_factor: 0.1
  loss_weight_exp: 1.0
  loss_gamma: 1.0
  label_smoothing: 0.05
  oversampling_exp: 0.0
  regularization:
    style: l2_sp
    alpha: 1.0e-05
    beta: 0.001
flow_generator:
  type: flow_generator
  flow_loss: MotionNet
  flow_max: 10
  input_images: 11
  flow_sparsity: false
  smooth_weight_multiplier: 1.0
  sparsity_weight: 0.0
  loss: MotionNet
  max: 5
  n_rgb: 11
  arch: TinyMotionNet
  weights: D:\LBN\Maternal_auto_classification_train_deepethogram\models\250602_134424_flow_generator_train\lightning_checkpoints\epoch=0-step=999.ckpt
feature_extractor:
  arch: resnet18
  fusion: average
  sampler: null
  final_bn: false
  sampling_ratio: null
  final_activation: sigmoid
  dropout_p: 0.25
  n_flows: 10
  n_rgb: 1
  curriculum: false
  inputs: both
  weights: D:\LBN\Maternal_auto_classification_train_deepethogram\models\250612_101251_feature_extractor_train\lightning_checkpoints\epoch=7-step=7999.ckpt
cmap: deepethogram
control_arrow_jump: 31
label_view_width: 31
postprocessor:
  min_bout_length: 10
  type: min_bout_per_behavior
prediction_opacity: 0.2
project:
  class_names:
  - background
  - Onnest
  - Offnest
  - ABN
  - Carryingpups
  - Selfgrooming
  - Eat_drink
  - Kicking
  - Groomingpups
  - Build
  config_file: project_config.yaml
  data_path: D:\LBN\Maternal_auto_classification_train_deepethogram\DATA
  labeler: null
  model_path: D:\LBN\Maternal_auto_classification_train_deepethogram\models
  name: Maternal_auto_classification
  path: D:\LBN\Maternal_auto_classification_train_deepethogram
  pretrained_path: D:\LBN\Maternal_auto_classification_train_deepethogram\models\pretrained_models
run:
  type: train
  model: feature_extractor
  dir: D:\LBN\Maternal_auto_classification_train_deepethogram\models\250619_152653_feature_extractor_train
sequence:
  filter_length: 15
unlabeled_alpha: 0.1
vertical_arrow_jump: 3

[2025-06-19 15:26:54,877] INFO [deepethogram.projects.get_weightfile_from_cfg:1079] loading specified weights: D:\LBN\Maternal_auto_classification_train_deepethogram\models\250602_134424_flow_generator_train\lightning_checkpoints\epoch=0-step=999.ckpt
[2025-06-19 15:26:54,878] INFO [__main__.feature_extractor_train:79] loading flow generator from file D:\LBN\Maternal_auto_classification_train_deepethogram\models\250602_134424_flow_generator_train\lightning_checkpoints\epoch=0-step=999.ckpt
[2025-06-19 15:26:54,878] INFO [deepethogram.utils.load_state:341] loading from checkpoint file D:\LBN\Maternal_auto_classification_train_deepethogram\models\250602_134424_flow_generator_train\lightning_checkpoints\epoch=0-step=999.ckpt...
[2025-06-19 15:26:55,347] WARNING [deepethogram.projects.filter_records_for_filetypes:663] No rgb file found in record: Cage1-LBN-2024-09-03_07-42-56
[2025-06-19 15:26:55,347] WARNING [deepethogram.projects.filter_records_for_filetypes:663] No label file found in record: Cage1-LBN-2024-09-03_07-42-56
[2025-06-19 15:26:56,259] INFO [deepethogram.data.utils.update_split:451] file Cage1-LBN-2024-08-30_20-04-40 assigned to split val
[2025-06-19 15:26:56,260] INFO [deepethogram.data.utils.update_split:451] file Cage1-LBN-2024-08-30_20-44-40 assigned to split train
[2025-06-19 15:26:56,260] INFO [deepethogram.data.utils.update_split:451] file Cage1-LBN-2024-08-30_20-54-40 assigned to split train
[2025-06-19 15:26:56,260] INFO [deepethogram.data.utils.update_split:451] file Cage1-LBN-2024-08-30_21-04-40 assigned to split train
[2025-06-19 15:26:56,260] INFO [deepethogram.data.utils.update_split:451] file Cage1-LBN-2024-08-30_21-14-40 assigned to split train
[2025-06-19 15:26:56,261] INFO [deepethogram.data.utils.update_split:451] file Cage1-LBN-2024-08-30_21-24-40 assigned to split train
[2025-06-19 15:26:56,261] INFO [deepethogram.data.utils.update_split:451] file Cage1-LBN-2024-08-30_21-54-40 assigned to split val
[2025-06-19 15:26:56,261] INFO [deepethogram.data.utils.update_split:451] file Cage1-LBN-2024-08-30_22-04-40 assigned to split train
[2025-06-19 15:26:56,261] INFO [deepethogram.data.utils.update_split:451] file Cage1-LBN-2024-08-30_22-24-40 assigned to split train
[2025-06-19 15:26:56,261] INFO [deepethogram.data.utils.update_split:451] file Cage1-LBN-2024-08-30_22-34-40 assigned to split train
[2025-06-19 15:26:56,261] INFO [deepethogram.data.utils.update_split:451] file Cage1-LBN-2024-08-30_22-44-40 assigned to split train
[2025-06-19 15:26:56,261] INFO [deepethogram.data.utils.update_split:451] file Cage1-LBN-2024-08-30_23-04-40 assigned to split train
[2025-06-19 15:26:56,261] INFO [deepethogram.data.utils.update_split:451] file Cage1-LBN-2024-08-30_23-14-40 assigned to split train
[2025-06-19 15:26:56,261] INFO [deepethogram.data.utils.update_split:451] file Cage1-LBN-2024-08-30_23-34-40 assigned to split train
[2025-06-19 15:26:56,261] INFO [deepethogram.data.utils.update_split:451] file Cage1-LBN-2024-08-30_23-44-40 assigned to split train
[2025-06-19 15:26:56,261] INFO [deepethogram.data.utils.update_split:451] file Cage1-LBN-2024-08-30_23-54-40 assigned to split train
[2025-06-19 15:26:56,262] INFO [deepethogram.data.utils.update_split:451] file Cage1-LBN-2024-08-31_00-04-40 assigned to split train
[2025-06-19 15:26:56,262] INFO [deepethogram.data.utils.update_split:451] file Cage1-LBN-2024-08-31_04-04-40 assigned to split train
[2025-06-19 15:26:56,262] INFO [deepethogram.data.utils.update_split:451] file Cage1-LBN-2024-08-31_04-14-40 assigned to split train
[2025-06-19 15:26:56,262] INFO [deepethogram.data.utils.update_split:451] file Cage1-LBN-2024-08-31_04-24-40 assigned to split train
[2025-06-19 15:26:56,262] INFO [deepethogram.data.utils.update_split:451] file Cage1-LBN-2024-08-31_04-34-40 assigned to split train
[2025-06-19 15:26:56,262] INFO [deepethogram.data.utils.update_split:451] file Cage1-LBN-2024-08-31_04-54-40 assigned to split train
[2025-06-19 15:26:56,262] INFO [deepethogram.data.utils.update_split:451] file Cage1-LBN-2024-08-31_05-14-40 assigned to split train
[2025-06-19 15:26:56,262] INFO [deepethogram.data.utils.update_split:451] file Cage1-LBN-2024-08-31_05-34-40 assigned to split train
[2025-06-19 15:26:56,263] INFO [deepethogram.data.utils.update_split:451] file Cage1-LBN-2024-08-31_05-44-40 assigned to split train
[2025-06-19 15:26:56,263] INFO [deepethogram.data.utils.update_split:451] file Cage1-LBN-2024-08-31_05-54-40 assigned to split train
[2025-06-19 15:26:56,263] INFO [deepethogram.data.utils.update_split:451] file Cage1-LBN-2024-08-31_06-04-40 assigned to split train
[2025-06-19 15:26:56,263] INFO [deepethogram.data.utils.update_split:451] file Cage1-LBN-2024-08-31_06-14-40-stereotypie assigned to split train
[2025-06-19 15:26:56,263] INFO [deepethogram.data.utils.update_split:451] file Cage1-LBN-2024-08-31_06-24-40 assigned to split val
[2025-06-19 15:26:56,263] INFO [deepethogram.data.utils.update_split:451] file Cage1-LBN-2024-08-31_06-34-40 assigned to split train
[2025-06-19 15:26:56,263] INFO [deepethogram.data.utils.update_split:451] file Cage1-LBN-2024-08-31_06-44-40 assigned to split train
[2025-06-19 15:26:56,264] INFO [deepethogram.data.utils.update_split:451] file Cage1-LBN-2024-08-31_06-54-40 assigned to split train
[2025-06-19 15:26:56,264] INFO [deepethogram.data.utils.update_split:451] file Cage1-LBN-2024-08-31_07-04-40 assigned to split train
[2025-06-19 15:26:56,264] INFO [deepethogram.data.utils.update_split:451] file Cage1-LBN-2024-08-31_07-24-40 assigned to split train
[2025-06-19 15:26:56,264] INFO [deepethogram.data.utils.update_split:451] file Cage1-LBN-2024-08-31_20-15-28 assigned to split train
[2025-06-19 15:26:56,264] INFO [deepethogram.data.utils.update_split:451] file Cage1-LBN-2024-08-31_20-25-28 assigned to split train
[2025-06-19 15:26:56,264] INFO [deepethogram.data.utils.update_split:451] file Cage1-LBN-2024-08-31_20-35-28 assigned to split train
[2025-06-19 15:26:56,264] INFO [deepethogram.data.utils.update_split:451] file Cage1-LBN-2024-08-31_20-45-28 assigned to split train
[2025-06-19 15:26:56,265] INFO [deepethogram.data.utils.update_split:451] file Cage1-LBN-2024-08-31_20-55-28 assigned to split train
[2025-06-19 15:26:56,265] INFO [deepethogram.data.utils.update_split:451] file Cage1-LBN-2024-08-31_21-15-28 assigned to split train
[2025-06-19 15:26:56,265] INFO [deepethogram.data.utils.update_split:451] file Cage1-LBN-2024-08-31_21-35-28 assigned to split train
[2025-06-19 15:26:56,265] INFO [deepethogram.data.utils.update_split:451] file Cage1-LBN-2024-08-31_21-45-28 assigned to split train
[2025-06-19 15:26:56,265] INFO [deepethogram.data.utils.update_split:451] file Cage1-LBN-2024-08-31_21-55-28 assigned to split val
[2025-06-19 15:26:56,265] INFO [deepethogram.data.utils.update_split:451] file Cage1-LBN-2024-08-31_22-05-28 assigned to split train
[2025-06-19 15:26:56,266] INFO [deepethogram.data.utils.update_split:451] file Cage1-LBN-2024-08-31_22-15-28 assigned to split train
[2025-06-19 15:26:56,266] INFO [deepethogram.data.utils.update_split:451] file Cage1-LBN-2024-08-31_22-25-28 assigned to split train
[2025-06-19 15:26:56,266] INFO [deepethogram.data.utils.update_split:451] file Cage1-LBN-2024-08-31_22-45-28 assigned to split train
[2025-06-19 15:26:56,266] INFO [deepethogram.data.utils.update_split:451] file Cage1-LBN-2024-08-31_22-55-28 assigned to split train
[2025-06-19 15:26:56,266] INFO [deepethogram.data.utils.update_split:451] file Cage1-LBN-2024-08-31_23-05-28 assigned to split train
[2025-06-19 15:26:56,266] INFO [deepethogram.data.utils.update_split:451] file Cage1-LBN-2024-08-31_23-15-28 assigned to split train
[2025-06-19 15:26:56,266] INFO [deepethogram.data.utils.update_split:451] file Cage1-LBN-2024-08-31_23-25-28 assigned to split train
[2025-06-19 15:26:56,267] INFO [deepethogram.data.utils.update_split:451] file Cage1-LBN-2024-08-31_23-35-28 assigned to split train
[2025-06-19 15:26:56,267] INFO [deepethogram.data.utils.update_split:451] file Cage1-LBN-2024-08-31_23-45-28 assigned to split train
[2025-06-19 15:26:56,267] INFO [deepethogram.data.utils.update_split:451] file Cage1-LBN-2024-08-31_23-55-28 assigned to split train
[2025-06-19 15:26:56,267] INFO [deepethogram.data.utils.update_split:451] file Cage1-LBN-2024-09-01_00-05-28 assigned to split val
[2025-06-19 15:26:56,267] INFO [deepethogram.data.utils.update_split:451] file Cage1-LBN-2024-09-01_00-15-28 assigned to split train
[2025-06-19 15:26:56,267] INFO [deepethogram.data.utils.update_split:451] file Cage1-LBN-2024-09-01_04-15-28 assigned to split val
[2025-06-19 15:26:56,267] INFO [deepethogram.data.utils.update_split:451] file Cage1-LBN-2024-09-01_04-25-28 assigned to split train
[2025-06-19 15:26:56,268] INFO [deepethogram.data.utils.update_split:451] file Cage1-LBN-2024-09-01_04-35-28 assigned to split train
[2025-06-19 15:26:56,268] INFO [deepethogram.data.utils.update_split:451] file Cage1-LBN-2024-09-01_04-45-28 assigned to split train
[2025-06-19 15:26:56,268] INFO [deepethogram.data.utils.update_split:451] file Cage1-LBN-2024-09-01_04-55-28 assigned to split train
[2025-06-19 15:26:56,268] INFO [deepethogram.data.utils.update_split:451] file Cage1-LBN-2024-09-01_05-05-28 assigned to split train
[2025-06-19 15:26:56,268] INFO [deepethogram.data.utils.update_split:451] file Cage1-LBN-2024-09-01_05-15-28 assigned to split train
[2025-06-19 15:26:56,268] INFO [deepethogram.data.utils.update_split:451] file Cage1-LBN-2024-09-01_05-25-28 assigned to split train
[2025-06-19 15:26:56,269] INFO [deepethogram.data.utils.update_split:451] file Cage1-LBN-2024-09-01_05-35-28 assigned to split train
[2025-06-19 15:26:56,269] INFO [deepethogram.data.utils.update_split:451] file Cage1-LBN-2024-09-01_05-45-28 assigned to split train
[2025-06-19 15:26:56,269] INFO [deepethogram.data.utils.update_split:451] file Cage1-LBN-2024-09-01_05-55-28 assigned to split train
[2025-06-19 15:26:56,269] INFO [deepethogram.data.utils.update_split:451] file Cage1-LBN-2024-09-01_06-05-28 assigned to split train
[2025-06-19 15:26:56,269] INFO [deepethogram.data.utils.update_split:451] file Cage1-LBN-2024-09-01_06-15-28 assigned to split train
[2025-06-19 15:26:56,269] INFO [deepethogram.data.utils.update_split:451] file Cage1-LBN-2024-09-01_06-25-28 assigned to split train
[2025-06-19 15:26:56,270] INFO [deepethogram.data.utils.update_split:451] file Cage1-LBN-2024-09-01_06-35-28 assigned to split train
[2025-06-19 15:26:56,270] INFO [deepethogram.data.utils.update_split:451] file Cage1-LBN-2024-09-01_06-45-28 assigned to split train
[2025-06-19 15:26:56,271] INFO [deepethogram.data.utils.update_split:451] file Cage1-LBN-2024-09-01_06-55-28 assigned to split train
[2025-06-19 15:26:56,272] INFO [deepethogram.data.utils.update_split:451] file Cage1-LBN-2024-09-01_07-05-28 assigned to split train
[2025-06-19 15:26:56,272] INFO [deepethogram.data.utils.update_split:451] file Cage1-LBN-2024-09-01_07-15-28 assigned to split train
[2025-06-19 15:26:56,272] INFO [deepethogram.data.utils.update_split:451] file Cage1-LBN-2024-09-01_20-15-28 assigned to split train
[2025-06-19 15:26:56,272] INFO [deepethogram.data.utils.update_split:451] file Cage1-LBN-2024-09-01_20-25-28 assigned to split train
[2025-06-19 15:26:56,272] INFO [deepethogram.data.utils.update_split:451] file Cage1-LBN-2024-09-01_20-35-28 assigned to split train
[2025-06-19 15:26:56,273] INFO [deepethogram.data.utils.update_split:451] file Cage1-LBN-2024-09-01_20-45-28 assigned to split train
[2025-06-19 15:26:56,273] INFO [deepethogram.data.utils.update_split:451] file Cage1-LBN-2024-09-01_20-55-28 assigned to split train
[2025-06-19 15:27:41,652] INFO [deepethogram.data.utils.make_loss_weight:115] Class counts: [    63 678062 379388 245055  11890  78517 244069    525  36442  53524]
[2025-06-19 15:27:41,652] INFO [deepethogram.data.utils.make_loss_weight:116] Pos weight: [16777.26984127     0.55890022     1.78614769     3.31344392
    87.90084104    12.46244762     3.33086955  2012.39238095
    28.0058449     18.74872954]
[2025-06-19 15:27:41,652] INFO [deepethogram.data.utils.make_loss_weight:117] Pos weight, weighted: [16777.27           0.55890024     1.7861477      3.313444
    87.90084       12.462447       3.3308694   2012.3923
    28.005844      18.74873   ]
[2025-06-19 15:27:41,652] INFO [deepethogram.data.utils.make_loss_weight:118] Softmax weight: [0.88512734 0.00008224 0.00014698 0.00022755 0.00468991 0.0007102
 0.00022847 0.10621528 0.00153019 0.00104183]
[2025-06-19 15:27:41,652] INFO [deepethogram.data.utils.make_loss_weight:119] Softmax weight transformed: [0.88512737 0.00008224 0.00014698 0.00022755 0.00468991 0.0007102
 0.00022847 0.10621528 0.00153019 0.00104183]
[2025-06-19 15:27:42,970] INFO [deepethogram.projects.get_weightfile_from_cfg:1079] loading specified weights: D:\LBN\Maternal_auto_classification_train_deepethogram\models\250612_101251_feature_extractor_train\lightning_checkpoints\epoch=7-step=7999.ckpt
[2025-06-19 15:27:42,970] INFO [__main__.build_model_from_cfg:220] feature extractor weightfile: D:\LBN\Maternal_auto_classification_train_deepethogram\models\250612_101251_feature_extractor_train\lightning_checkpoints\epoch=7-step=7999.ckpt
[2025-06-19 15:27:43,084] INFO [deepethogram.feature_extractor.models.CNN.get_cnn:91] Custom bias: Parameter containing:
tensor([-9.7278,  0.5818, -0.5801, -1.1980, -4.4762, -2.5227, -1.2032, -7.6071,
        -3.3324, -2.9311], requires_grad=True)
[2025-06-19 15:27:43,084] INFO [deepethogram.utils.load_feature_extractor_components:630] loading component spatial from file D:\LBN\Maternal_auto_classification_train_deepethogram\models\250612_101251_feature_extractor_train\lightning_checkpoints\epoch=7-step=7999.ckpt
[2025-06-19 15:27:43,252] INFO [deepethogram.feature_extractor.models.CNN.get_cnn:91] Custom bias: Parameter containing:
tensor([-9.7278,  0.5818, -0.5801, -1.1980, -4.4762, -2.5227, -1.2032, -7.6071,
        -3.3324, -2.9311], requires_grad=True)
[2025-06-19 15:27:43,252] INFO [deepethogram.utils.load_feature_extractor_components:630] loading component flow from file D:\LBN\Maternal_auto_classification_train_deepethogram\models\250612_101251_feature_extractor_train\lightning_checkpoints\epoch=7-step=7999.ckpt
[2025-06-19 15:27:44,736] INFO [deepethogram.projects.get_weightfile_from_cfg:1079] loading specified weights: D:\LBN\Maternal_auto_classification_train_deepethogram\models\250602_134424_flow_generator_train\lightning_checkpoints\epoch=0-step=999.ckpt
[2025-06-19 15:27:44,736] INFO [deepethogram.utils.load_state:341] loading from checkpoint file D:\LBN\Maternal_auto_classification_train_deepethogram\models\250602_134424_flow_generator_train\lightning_checkpoints\epoch=0-step=999.ckpt...
[2025-06-19 15:27:44,758] INFO [deepethogram.utils.load_feature_extractor_components:630] loading component fusion from file D:\LBN\Maternal_auto_classification_train_deepethogram\models\250612_101251_feature_extractor_train\lightning_checkpoints\epoch=7-step=7999.ckpt
[2025-06-19 15:27:45,202] INFO [__main__.get_metrics:632] key metric: f1_class_mean_nobg
[2025-06-19 15:27:45,767] WARNING [deepethogram.projects.filter_records_for_filetypes:663] No rgb file found in record: Cage1-LBN-2024-09-03_07-42-56
[2025-06-19 15:27:45,767] WARNING [deepethogram.projects.filter_records_for_filetypes:663] No label file found in record: Cage1-LBN-2024-09-03_07-42-56
[2025-06-19 15:28:20,596] INFO [deepethogram.data.utils.make_loss_weight:115] Class counts: [    63 678062 379388 245055  11890  78517 244069    525  36442  53524]
[2025-06-19 15:28:20,596] INFO [deepethogram.data.utils.make_loss_weight:116] Pos weight: [16777.26984127     0.55890022     1.78614769     3.31344392
    87.90084104    12.46244762     3.33086955  2012.39238095
    28.0058449     18.74872954]
[2025-06-19 15:28:20,596] INFO [deepethogram.data.utils.make_loss_weight:117] Pos weight, weighted: [16777.27           0.55890024     1.7861477      3.313444
    87.90084       12.462447       3.3308694   2012.3923
    28.005844      18.74873   ]
[2025-06-19 15:28:20,596] INFO [deepethogram.data.utils.make_loss_weight:118] Softmax weight: [0.88512734 0.00008224 0.00014698 0.00022755 0.00468991 0.0007102
 0.00022847 0.10621528 0.00153019 0.00104183]
[2025-06-19 15:28:20,596] INFO [deepethogram.data.utils.make_loss_weight:119] Softmax weight transformed: [0.88512737 0.00008224 0.00014698 0.00022755 0.00468991 0.0007102
 0.00022847 0.10621528 0.00153019 0.00104183]
[2025-06-19 15:28:20,612] INFO [deepethogram.feature_extractor.losses.__init__:100] Focal loss: gamma 1.00 smoothing: 0.05
[2025-06-19 15:28:20,647] INFO [deepethogram.losses.get_regularization_loss:205] Regularization: L2_SP. Pretrained file: D:\LBN\Maternal_auto_classification_train_deepethogram\models\pretrained_models\200415_125824_hidden_two_stream_kinetics_degf\checkpoint.pt alpha: 1e-05 beta: 0.001
[2025-06-19 15:28:21,361] INFO [deepethogram.data.augs.get_gpu_transforms:246] GPU transforms: {'train': Sequential(
  (0): ToFloat()
  (1): VideoSequential(
    (RandomHorizontalFlip_0): RandomHorizontalFlip(p=0.5, p_batch=1.0, same_on_batch=False)
    (RandomRotation_1): RandomRotation(degrees=10, p=0.5, p_batch=1.0, same_on_batch=False, resample=bilinear, align_corners=True)
    (ColorJitter_2): ColorJitter(brightness=0.25, contrast=0.1, saturation=0.1, hue=0.1, p=0.5, p_batch=1.0, same_on_batch=False)
    (RandomGrayscale_3): RandomGrayscale(p=0.5, p_batch=1.0, same_on_batch=False)
  )
  (2): NormalizeVideo()
  (3): StackClipInChannels()
), 'val': Sequential(
  (0): ToFloat()
  (1): NormalizeVideo()
  (2): StackClipInChannels()
), 'test': Sequential(
  (0): ToFloat()
  (1): NormalizeVideo()
  (2): StackClipInChannels()
), 'denormalize': Sequential(
  (0): UnstackClip()
  (1): DenormalizeVideo()
)}
[2025-06-19 15:28:21,361] INFO [deepethogram.base.__init__:95] scheduler mode: max
[2025-06-19 15:28:21,361] INFO [deepethogram.base.get_train_sampler:171] not using oversampling
[2025-06-19 15:28:21,656] INFO [deepethogram.base.configure_optimizers:227] learning rate: 0.0001
