[2025-06-19 16:12:19,276] INFO [deepethogram.gui.main.initialize_project:1021] loaded project configuration: split:
  reload: true
  file: null
  train_val_test:
  - 0.9
  - 0.1
  - 0.0
compute:
  fp16: false
  num_workers: 3
  batch_size: 8
  min_batch_size: 8
  max_batch_size: 128
  distributed: false
  gpu_id: 0
  dali: false
  metrics_workers: 0
reload:
  overwrite_cfg: false
  latest: false
notes: null
log:
  level: info
run:
  type: gui
  model: null
  dir: D:\LBN\Maternal_auto_classification_train_deepethogram\gui_logs\250619_161219
label_view_width: 31
control_arrow_jump: 31
vertical_arrow_jump: 3
cmap: deepethogram
unlabeled_alpha: 0.1
prediction_opacity: 0.2
postprocessor:
  type: min_bout_per_behavior
  min_bout_length: 10
augs:
  LR: 0.5
  UD: 0.0
  brightness: 0.25
  contrast: 0.1
  crop_size: null
  degrees: 10
  grayscale: 0.5
  hue: 0.1
  normalization:
    'N': 683425382400
    mean:
    - 0.4218335810351961
    - 0.4274963640646285
    - 0.365404757905334
    std:
    - 0.22378900613797864
    - 0.22620203672299247
    - 0.22277114762143727
  pad: null
  random_resize: false
  resize:
  - 224
  - 224
  saturation: 0.1
project:
  class_names:
  - background
  - Onnest
  - Offnest
  - ABN
  - Carryingpups
  - Selfgrooming
  - Eat_drink
  - Kicking
  - Groomingpups
  - Build
  config_file: project_config.yaml
  data_path: D:\LBN\Maternal_auto_classification_train_deepethogram\DATA
  labeler: null
  model_path: D:\LBN\Maternal_auto_classification_train_deepethogram\models
  name: Maternal_auto_classification
  path: D:\LBN\Maternal_auto_classification_train_deepethogram
  pretrained_path: D:\LBN\Maternal_auto_classification_train_deepethogram\models\pretrained_models
sequence:
  filter_length: 15
train:
  loss_weight_exp: 1.0

[2025-06-19 16:12:19,279] INFO [deepethogram.gui.main.initialize_project:1022] cwd: D:\LBN\Maternal_auto_classification_train_deepethogram\gui_logs\250619_161219
[2025-06-19 16:12:21,841] INFO [deepethogram.gui.main.project_loaded_buttons:175] Number finalized labels: 657
[2025-06-19 16:12:31,197] INFO [deepethogram.gui.main.initialize_video:226] Record for loaded video: {'flow': None, 'label': None, 'output': None, 'rgb': 'D:\\LBN\\Maternal_auto_classification_train_deepethogram\\DATA\\Cage1-CONT-2024-12-16_06-11-52\\Cage1-CONT-2024-12-16_06-11-52.mp4', 'keypoint': None, 'key': 'Cage1-CONT-2024-12-16_06-11-52'}
[2025-06-19 16:14:07,522] INFO [deepethogram.gui.main.save:800] saving...
[2025-06-19 16:14:07,540] INFO [deepethogram.gui.main.finalize:771] finalizing labels for file D:\LBN\Maternal_auto_classification_train_deepethogram\DATA\Cage1-CONT-2024-12-16_06-11-52\Cage1-CONT-2024-12-16_06-11-52.mp4
[2025-06-19 16:14:07,561] ERROR [deepethogram.gui.main.initialize_video:251] Error initializing video: stat: path should be string, bytes, os.PathLike or integer, not NoneType
Traceback (most recent call last):
  File "C:\Users\TeamGranon\anaconda3\envs\deg_solo\lib\site-packages\deepethogram\gui\main.py", line 215, in initialize_video
    self.ui.videoPlayer.videoView.initialize_video(videofile)
  File "C:\Users\TeamGranon\anaconda3\envs\deg_solo\lib\site-packages\deepethogram\gui\custom_widgets.py", line 84, in initialize_video
    self.vid = VideoReader(videofile)
  File "C:\Users\TeamGranon\anaconda3\envs\deg_solo\lib\site-packages\vidio\read.py", line 251, in VideoReader
    if not os.path.isfile(filename):
  File "C:\Users\TeamGranon\anaconda3\envs\deg_solo\lib\genericpath.py", line 30, in isfile
    st = os.stat(path)
TypeError: stat: path should be string, bytes, os.PathLike or integer, not NoneType
[2025-06-19 16:14:44,927] INFO [deepethogram.gui.main.initialize_video:226] Record for loaded video: {'flow': None, 'label': 'D:/LBN/Maternal_auto_classification_train_deepethogram/DATA/Cage1-CONT-2024-12-16_06-11-52\\Cage1-CONT-2024-12-16_06-11-52_labels.csv', 'output': None, 'rgb': 'D:/LBN/Maternal_auto_classification_train_deepethogram/DATA/Cage1-CONT-2024-12-16_06-11-52\\Cage1-CONT-2024-12-16_06-11-52.mp4', 'keypoint': None, 'key': 'Cage1-CONT-2024-12-16_06-11-52'}
[2025-06-19 16:15:23,661] INFO [deepethogram.gui.main.save:800] saving...
[2025-06-19 16:15:23,675] INFO [deepethogram.gui.main.finalize:771] finalizing labels for file D:/LBN/Maternal_auto_classification_train_deepethogram/DATA/Cage1-CONT-2024-12-16_06-11-52/Cage1-CONT-2024-12-16_06-11-52.mp4
[2025-06-19 16:15:23,700] INFO [deepethogram.gui.main.initialize_video:226] Record for loaded video: {'flow': None, 'label': None, 'output': None, 'rgb': 'D:\\LBN\\Maternal_auto_classification_train_deepethogram\\DATA\\Cage6-CONT-2024-12-13_20-23-41\\Cage6-CONT-2024-12-13_20-23-41.mp4', 'keypoint': None, 'key': 'Cage6-CONT-2024-12-13_20-23-41'}
[2025-06-19 16:16:15,675] INFO [deepethogram.gui.main.save:800] saving...
[2025-06-19 16:16:15,696] INFO [deepethogram.gui.main.finalize:771] finalizing labels for file D:\LBN\Maternal_auto_classification_train_deepethogram\DATA\Cage6-CONT-2024-12-13_20-23-41\Cage6-CONT-2024-12-13_20-23-41.mp4
[2025-06-19 16:16:15,816] INFO [deepethogram.gui.main.initialize_video:226] Record for loaded video: {'flow': None, 'label': None, 'output': None, 'rgb': 'D:\\LBN\\Maternal_auto_classification_train_deepethogram\\DATA\\Cage6-CONT-2024-12-18_20-34-46\\Cage6-CONT-2024-12-18_20-34-46.mp4', 'keypoint': None, 'key': 'Cage6-CONT-2024-12-18_20-34-46'}
[2025-06-19 16:17:27,314] INFO [deepethogram.gui.main.save:800] saving...
[2025-06-19 16:17:27,336] INFO [deepethogram.gui.main.finalize:771] finalizing labels for file D:\LBN\Maternal_auto_classification_train_deepethogram\DATA\Cage6-CONT-2024-12-18_20-34-46\Cage6-CONT-2024-12-18_20-34-46.mp4
[2025-06-19 16:17:27,397] INFO [deepethogram.gui.main.initialize_video:226] Record for loaded video: {'flow': None, 'label': None, 'output': None, 'rgb': 'D:\\LBN\\Maternal_auto_classification_train_deepethogram\\DATA\\Cage6-CONT-2024-12-18_21-44-46\\Cage6-CONT-2024-12-18_21-44-46.mp4', 'keypoint': None, 'key': 'Cage6-CONT-2024-12-18_21-44-46'}
[2025-06-19 16:19:17,108] INFO [deepethogram.gui.main.save:800] saving...
[2025-06-19 16:19:17,116] INFO [deepethogram.gui.main.finalize:771] finalizing labels for file D:\LBN\Maternal_auto_classification_train_deepethogram\DATA\Cage6-CONT-2024-12-18_21-44-46\Cage6-CONT-2024-12-18_21-44-46.mp4
[2025-06-19 16:19:17,146] INFO [deepethogram.gui.main.initialize_video:226] Record for loaded video: {'flow': None, 'label': None, 'output': None, 'rgb': 'D:\\LBN\\Maternal_auto_classification_train_deepethogram\\DATA\\Cage6-CONT-2024-12-18_22-54-46\\Cage6-CONT-2024-12-18_22-54-46.mp4', 'keypoint': None, 'key': 'Cage6-CONT-2024-12-18_22-54-46'}
[2025-06-19 16:21:19,422] INFO [deepethogram.gui.main.save:800] saving...
[2025-06-19 16:21:19,438] INFO [deepethogram.gui.main.finalize:771] finalizing labels for file D:\LBN\Maternal_auto_classification_train_deepethogram\DATA\Cage6-CONT-2024-12-18_22-54-46\Cage6-CONT-2024-12-18_22-54-46.mp4
[2025-06-19 16:21:19,577] INFO [deepethogram.gui.main.initialize_video:226] Record for loaded video: {'flow': None, 'label': None, 'output': None, 'rgb': 'D:\\LBN\\Maternal_auto_classification_train_deepethogram\\DATA\\Cage6-CONT-2024-12-19_07-14-46\\Cage6-CONT-2024-12-19_07-14-46.mp4', 'keypoint': None, 'key': 'Cage6-CONT-2024-12-19_07-14-46'}
[2025-06-19 16:23:20,775] INFO [deepethogram.gui.main.save:800] saving...
[2025-06-19 16:23:20,791] INFO [deepethogram.gui.main.finalize:771] finalizing labels for file D:\LBN\Maternal_auto_classification_train_deepethogram\DATA\Cage6-CONT-2024-12-19_07-14-46\Cage6-CONT-2024-12-19_07-14-46.mp4
[2025-06-19 16:23:20,855] INFO [deepethogram.gui.main.initialize_video:226] Record for loaded video: {'flow': None, 'label': None, 'output': None, 'rgb': 'D:\\LBN\\Maternal_auto_classification_train_deepethogram\\DATA\\Cage6-CONT-2024-12-19_20-45-14\\Cage6-CONT-2024-12-19_20-45-14.mp4', 'keypoint': None, 'key': 'Cage6-CONT-2024-12-19_20-45-14'}
[2025-06-19 16:24:16,184] INFO [deepethogram.gui.main.save:800] saving...
[2025-06-19 16:24:16,184] INFO [deepethogram.gui.main.finalize:771] finalizing labels for file D:\LBN\Maternal_auto_classification_train_deepethogram\DATA\Cage6-CONT-2024-12-19_20-45-14\Cage6-CONT-2024-12-19_20-45-14.mp4
[2025-06-19 16:24:16,262] INFO [deepethogram.gui.main.initialize_video:226] Record for loaded video: {'flow': None, 'label': None, 'output': None, 'rgb': 'D:\\LBN\\Maternal_auto_classification_train_deepethogram\\DATA\\Cage6-CONT-2024-12-19_21-45-14\\Cage6-CONT-2024-12-19_21-45-14.mp4', 'keypoint': None, 'key': 'Cage6-CONT-2024-12-19_21-45-14'}
[2025-06-19 16:25:17,819] INFO [deepethogram.gui.main.save:800] saving...
[2025-06-19 16:25:17,832] INFO [deepethogram.gui.main.finalize:771] finalizing labels for file D:\LBN\Maternal_auto_classification_train_deepethogram\DATA\Cage6-CONT-2024-12-19_21-45-14\Cage6-CONT-2024-12-19_21-45-14.mp4
[2025-06-19 16:25:17,888] INFO [deepethogram.gui.main.initialize_video:226] Record for loaded video: {'flow': None, 'label': None, 'output': None, 'rgb': 'D:\\LBN\\Maternal_auto_classification_train_deepethogram\\DATA\\Cage6-CONT-2024-12-20_01-05-14\\Cage6-CONT-2024-12-20_01-05-14.mp4', 'keypoint': None, 'key': 'Cage6-CONT-2024-12-20_01-05-14'}
[2025-06-19 16:25:40,625] INFO [deepethogram.gui.main.save:800] saving...
[2025-06-19 16:25:40,632] INFO [deepethogram.gui.main.finalize:771] finalizing labels for file D:\LBN\Maternal_auto_classification_train_deepethogram\DATA\Cage6-CONT-2024-12-20_01-05-14\Cage6-CONT-2024-12-20_01-05-14.mp4
[2025-06-19 16:25:40,698] INFO [deepethogram.gui.main.initialize_video:226] Record for loaded video: {'flow': None, 'label': None, 'output': None, 'rgb': 'D:\\LBN\\Maternal_auto_classification_train_deepethogram\\DATA\\CageD-CONT-2024-07-09_20-32-15\\CageD-CONT-2024-07-09_20-32-15.mp4', 'keypoint': None, 'key': 'CageD-CONT-2024-07-09_20-32-15'}
[2025-06-19 16:27:16,360] INFO [deepethogram.gui.main.log_idle:151] User has been idle for 60.0 seconds...
[2025-06-19 16:30:55,294] INFO [deepethogram.gui.main.user_did_something:138] User restarted labeling
[2025-06-19 16:31:33,617] INFO [deepethogram.gui.main.save:800] saving...
[2025-06-19 16:31:33,623] INFO [deepethogram.gui.main.finalize:771] finalizing labels for file D:\LBN\Maternal_auto_classification_train_deepethogram\DATA\CageD-CONT-2024-07-09_20-32-15\CageD-CONT-2024-07-09_20-32-15.mp4
[2025-06-19 16:31:33,740] INFO [deepethogram.gui.main.initialize_video:226] Record for loaded video: {'flow': None, 'label': None, 'output': None, 'rgb': 'D:\\LBN\\Maternal_auto_classification_train_deepethogram\\DATA\\CageD-CONT-2024-07-09_22-02-16\\CageD-CONT-2024-07-09_22-02-16.mp4', 'keypoint': None, 'key': 'CageD-CONT-2024-07-09_22-02-16'}
[2025-06-19 16:32:42,882] INFO [deepethogram.gui.main.save:800] saving...
[2025-06-19 16:32:42,909] INFO [deepethogram.gui.main.finalize:771] finalizing labels for file D:\LBN\Maternal_auto_classification_train_deepethogram\DATA\CageD-CONT-2024-07-09_22-02-16\CageD-CONT-2024-07-09_22-02-16.mp4
[2025-06-19 16:32:43,003] INFO [deepethogram.gui.main.initialize_video:226] Record for loaded video: {'flow': None, 'label': None, 'output': None, 'rgb': 'D:\\LBN\\Maternal_auto_classification_train_deepethogram\\DATA\\CageD-CONT-2024-07-09_22-42-16\\CageD-CONT-2024-07-09_22-42-16.mp4', 'keypoint': None, 'key': 'CageD-CONT-2024-07-09_22-42-16'}
[2025-06-19 16:33:17,730] INFO [deepethogram.gui.main.save:800] saving...
[2025-06-19 16:33:17,761] INFO [deepethogram.gui.main.finalize:771] finalizing labels for file D:\LBN\Maternal_auto_classification_train_deepethogram\DATA\CageD-CONT-2024-07-09_22-42-16\CageD-CONT-2024-07-09_22-42-16.mp4
[2025-06-19 16:33:17,827] INFO [deepethogram.gui.main.initialize_video:226] Record for loaded video: {'flow': None, 'label': None, 'output': None, 'rgb': 'D:\\LBN\\Maternal_auto_classification_train_deepethogram\\DATA\\CageD-CONT-2024-07-12_21-02-20\\CageD-CONT-2024-07-12_21-02-20.mp4', 'keypoint': None, 'key': 'CageD-CONT-2024-07-12_21-02-20'}
[2025-06-19 16:34:51,953] INFO [deepethogram.gui.main.save:800] saving...
[2025-06-19 16:34:52,020] INFO [deepethogram.gui.main.finalize:771] finalizing labels for file D:\LBN\Maternal_auto_classification_train_deepethogram\DATA\CageD-CONT-2024-07-12_21-02-20\CageD-CONT-2024-07-12_21-02-20.mp4
[2025-06-19 16:34:52,173] INFO [deepethogram.gui.main.initialize_video:226] Record for loaded video: {'flow': None, 'label': None, 'output': None, 'rgb': 'D:\\LBN\\Maternal_auto_classification_train_deepethogram\\DATA\\CageD-CONT-2024-07-12_22-32-20\\CageD-CONT-2024-07-12_22-32-20.mp4', 'keypoint': None, 'key': 'CageD-CONT-2024-07-12_22-32-20'}
[2025-06-19 16:35:57,747] INFO [deepethogram.gui.main.save:800] saving...
[2025-06-19 16:35:57,783] INFO [deepethogram.gui.main.finalize:771] finalizing labels for file D:\LBN\Maternal_auto_classification_train_deepethogram\DATA\CageD-CONT-2024-07-12_22-32-20\CageD-CONT-2024-07-12_22-32-20.mp4
[2025-06-19 16:35:57,890] INFO [deepethogram.gui.main.initialize_video:226] Record for loaded video: {'flow': None, 'label': None, 'output': None, 'rgb': 'D:\\LBN\\Maternal_auto_classification_train_deepethogram\\DATA\\CageD-CONT-2024-07-12_23-32-20\\CageD-CONT-2024-07-12_23-32-20.mp4', 'keypoint': None, 'key': 'CageD-CONT-2024-07-12_23-32-20'}
[2025-06-19 16:36:12,522] INFO [deepethogram.gui.main.save:800] saving...
[2025-06-19 16:36:12,552] INFO [deepethogram.gui.main.finalize:771] finalizing labels for file D:\LBN\Maternal_auto_classification_train_deepethogram\DATA\CageD-CONT-2024-07-12_23-32-20\CageD-CONT-2024-07-12_23-32-20.mp4
[2025-06-19 16:36:12,765] INFO [deepethogram.gui.main.initialize_video:226] Record for loaded video: {'flow': None, 'label': None, 'output': None, 'rgb': 'D:\\LBN\\Maternal_auto_classification_train_deepethogram\\DATA\\CageK1-CONT-2024-09-06_06-17-43\\CageK1-CONT-2024-09-06_06-17-43.mp4', 'keypoint': None, 'key': 'CageK1-CONT-2024-09-06_06-17-43'}
[2025-06-19 16:37:21,298] INFO [deepethogram.gui.main.save:800] saving...
[2025-06-19 16:37:21,331] INFO [deepethogram.gui.main.finalize:771] finalizing labels for file D:\LBN\Maternal_auto_classification_train_deepethogram\DATA\CageK1-CONT-2024-09-06_06-17-43\CageK1-CONT-2024-09-06_06-17-43.mp4
[2025-06-19 16:37:21,595] INFO [deepethogram.gui.main.initialize_video:226] Record for loaded video: {'flow': None, 'label': None, 'output': None, 'rgb': 'D:\\LBN\\Maternal_auto_classification_train_deepethogram\\DATA\\CageK1-CONT-2024-09-06_20-16-43\\CageK1-CONT-2024-09-06_20-16-43.mp4', 'keypoint': None, 'key': 'CageK1-CONT-2024-09-06_20-16-43'}
[2025-06-19 16:38:35,530] INFO [deepethogram.gui.main.save:800] saving...
[2025-06-19 16:38:35,548] INFO [deepethogram.gui.main.finalize:771] finalizing labels for file D:\LBN\Maternal_auto_classification_train_deepethogram\DATA\CageK1-CONT-2024-09-06_20-16-43\CageK1-CONT-2024-09-06_20-16-43.mp4
[2025-06-19 16:38:36,142] INFO [deepethogram.gui.main.initialize_video:226] Record for loaded video: {'flow': None, 'label': None, 'output': None, 'rgb': 'D:\\LBN\\Maternal_auto_classification_train_deepethogram\\DATA\\CageK1-CONT-2024-09-06_20-26-43\\CageK1-CONT-2024-09-06_20-26-43.mp4', 'keypoint': None, 'key': 'CageK1-CONT-2024-09-06_20-26-43'}
[2025-06-19 16:38:53,002] INFO [deepethogram.gui.main.save:800] saving...
[2025-06-19 16:38:53,008] INFO [deepethogram.gui.main.finalize:771] finalizing labels for file D:\LBN\Maternal_auto_classification_train_deepethogram\DATA\CageK1-CONT-2024-09-06_20-26-43\CageK1-CONT-2024-09-06_20-26-43.mp4
[2025-06-19 16:38:53,076] INFO [deepethogram.gui.main.initialize_video:226] Record for loaded video: {'flow': None, 'label': None, 'output': None, 'rgb': 'D:\\LBN\\Maternal_auto_classification_train_deepethogram\\DATA\\CageK1-CONT-2024-09-09_20-16-49\\CageK1-CONT-2024-09-09_20-16-49.mp4', 'keypoint': None, 'key': 'CageK1-CONT-2024-09-09_20-16-49'}
[2025-06-19 16:40:15,314] INFO [deepethogram.gui.main.save:800] saving...
[2025-06-19 16:40:15,328] INFO [deepethogram.gui.main.finalize:771] finalizing labels for file D:\LBN\Maternal_auto_classification_train_deepethogram\DATA\CageK1-CONT-2024-09-09_20-16-49\CageK1-CONT-2024-09-09_20-16-49.mp4
[2025-06-19 16:40:15,394] INFO [deepethogram.gui.main.initialize_video:226] Record for loaded video: {'flow': None, 'label': None, 'output': None, 'rgb': 'D:\\LBN\\Maternal_auto_classification_train_deepethogram\\DATA\\CageK1-CONT-2024-09-09_22-46-49\\CageK1-CONT-2024-09-09_22-46-49.mp4', 'keypoint': None, 'key': 'CageK1-CONT-2024-09-09_22-46-49'}
[2025-06-19 16:42:08,861] INFO [deepethogram.gui.main.save:800] saving...
[2025-06-19 16:42:08,872] INFO [deepethogram.gui.main.finalize:771] finalizing labels for file D:\LBN\Maternal_auto_classification_train_deepethogram\DATA\CageK1-CONT-2024-09-09_22-46-49\CageK1-CONT-2024-09-09_22-46-49.mp4
[2025-06-19 16:42:08,926] INFO [deepethogram.gui.main.initialize_video:226] Record for loaded video: {'flow': None, 'label': None, 'output': None, 'rgb': 'D:\\LBN\\Maternal_auto_classification_train_deepethogram\\DATA\\CageK1-CONT-2024-09-10_00-06-49\\CageK1-CONT-2024-09-10_00-06-49.mp4', 'keypoint': None, 'key': 'CageK1-CONT-2024-09-10_00-06-49'}
[2025-06-19 16:44:01,296] INFO [deepethogram.gui.main.save:800] saving...
[2025-06-19 16:44:01,314] INFO [deepethogram.gui.main.finalize:771] finalizing labels for file D:\LBN\Maternal_auto_classification_train_deepethogram\DATA\CageK1-CONT-2024-09-10_00-06-49\CageK1-CONT-2024-09-10_00-06-49.mp4
[2025-06-19 16:44:01,361] INFO [deepethogram.gui.main.initialize_video:226] Record for loaded video: {'flow': None, 'label': None, 'output': None, 'rgb': 'D:\\LBN\\Maternal_auto_classification_train_deepethogram\\DATA\\CageK1-CONT-2024-09-10_06-06-49\\CageK1-CONT-2024-09-10_06-06-49.mp4', 'keypoint': None, 'key': 'CageK1-CONT-2024-09-10_06-06-49'}
[2025-06-19 16:45:32,419] INFO [deepethogram.gui.main.save:800] saving...
[2025-06-19 16:45:32,428] INFO [deepethogram.gui.main.finalize:771] finalizing labels for file D:\LBN\Maternal_auto_classification_train_deepethogram\DATA\CageK1-CONT-2024-09-10_06-06-49\CageK1-CONT-2024-09-10_06-06-49.mp4
