[2025-06-11 10:51:13,980] INFO [deepethogram.feature_extractor.inference.feature_extractor_inference:473] args: d:/LBN/Maternal_auto_classification_TS7_deepethogram/tryInfer.py
[2025-06-11 10:51:13,980] INFO [deepethogram.feature_extractor.inference.feature_extractor_inference:475] configuration used in inference: 
[2025-06-11 10:51:13,995] INFO [deepethogram.feature_extractor.inference.feature_extractor_inference:476] split:
  reload: true
  file: null
  train_val_test:
  - 0.9
  - 0.1
  - 0.0
compute:
  fp16: false
  num_workers: 8
  batch_size: 8
  min_batch_size: 8
  max_batch_size: 128
  distributed: false
  gpu_id: 0
  dali: false
  metrics_workers: 0
reload:
  overwrite_cfg: false
  latest: false
notes: null
log:
  level: info
augs:
  brightness: 0.25
  contrast: 0.1
  hue: 0.1
  saturation: 0.1
  color_p: 0.5
  grayscale: 0.5
  crop_size: null
  resize:
  - 224
  - 224
  dali: false
  random_resize: false
  pad: null
  LR: 0.5
  UD: 0.0
  degrees: 10
  normalization:
    'N': 618077952000
    mean:
    - 0.42517412266678273
    - 0.43137161373889366
    - 0.36341115380866434
    std:
    - 0.21811947189196618
    - 0.22076338169887563
    - 0.21714027118257334
feature_extractor:
  arch: resnet3d_34
  fusion: average
  sampler: null
  final_bn: false
  sampling_ratio: null
  final_activation: sigmoid
  dropout_p: 0.25
  n_flows: 10
  n_rgb: 11
  curriculum: false
  inputs: both
  weights: D:\LBN\Maternal_auto_classification_train_deepethogram\models\250610_173633_feature_extractor_train\lightning_checkpoints\epoch=1-step=1999.ckpt
  n_flow: 10
train:
  steps_per_epoch:
    train: 1000
    val: 200
    test: 20
  num_epochs: 10
  loss_weight_exp: 1.0
flow_generator:
  type: flow_generator
  flow_loss: MotionNet
  flow_max: 10
  input_images: 11
  flow_sparsity: true
  smooth_weight_multiplier: 0.25
  sparsity_weight: 0.05
  loss: MotionNet
  max: 5
  n_rgb: 11
  arch: TinyMotionNet3D
  weights: D:\LBN\Maternal_auto_classification_train_deepethogram\models\250606_152347_flow_generator_train\lightning_checkpoints\epoch=1-step=1999.ckpt
  'n': 10
inference:
  directory_list:
  - D:\LBN\Maternal_auto_classification_train_deepethogram\DATA\Cage1-LBN-2024-08-30_20-14-40
  - D:\LBN\Maternal_auto_classification_train_deepethogram\DATA\Cage1-LBN-2024-08-30_20-24-40
  - D:\LBN\Maternal_auto_classification_train_deepethogram\DATA\Cage1-LBN-2024-08-30_20-34-40
  - D:\LBN\Maternal_auto_classification_train_deepethogram\DATA\Cage1-LBN-2024-08-30_21-44-40
  - D:\LBN\Maternal_auto_classification_train_deepethogram\DATA\Cage1-LBN-2024-08-30_21-44-40_blur
  - D:\LBN\Maternal_auto_classification_train_deepethogram\DATA\Cage1-LBN-2024-08-30_21-44-40_bright_contrast
  - D:\LBN\Maternal_auto_classification_train_deepethogram\DATA\Cage1-LBN-2024-08-30_21-44-40_combo123
  - D:\LBN\Maternal_auto_classification_train_deepethogram\DATA\Cage1-LBN-2024-08-30_21-44-40_combo124
  - D:\LBN\Maternal_auto_classification_train_deepethogram\DATA\Cage1-LBN-2024-08-30_21-44-40_combo234
  - D:\LBN\Maternal_auto_classification_train_deepethogram\DATA\Cage1-LBN-2024-08-30_21-44-40_flip
  - D:\LBN\Maternal_auto_classification_train_deepethogram\DATA\Cage1-LBN-2024-08-30_21-44-40_zoom_crop
  - D:\LBN\Maternal_auto_classification_train_deepethogram\DATA\Cage1-LBN-2024-08-30_22-14-40
  - D:\LBN\Maternal_auto_classification_train_deepethogram\DATA\Cage1-LBN-2024-08-30_22-14-40_blur
  - D:\LBN\Maternal_auto_classification_train_deepethogram\DATA\Cage1-LBN-2024-08-30_22-14-40_bright_contrast
  - D:\LBN\Maternal_auto_classification_train_deepethogram\DATA\Cage1-LBN-2024-08-30_22-14-40_combo123
  - D:\LBN\Maternal_auto_classification_train_deepethogram\DATA\Cage1-LBN-2024-08-30_22-14-40_combo124
  - D:\LBN\Maternal_auto_classification_train_deepethogram\DATA\Cage1-LBN-2024-08-30_22-14-40_combo234
  - D:\LBN\Maternal_auto_classification_train_deepethogram\DATA\Cage1-LBN-2024-08-30_22-14-40_flip
  - D:\LBN\Maternal_auto_classification_train_deepethogram\DATA\Cage1-LBN-2024-08-30_22-14-40_zoom_crop
  - D:\LBN\Maternal_auto_classification_train_deepethogram\DATA\Cage1-LBN-2024-08-30_22-54-40
  - D:\LBN\Maternal_auto_classification_train_deepethogram\DATA\Cage1-LBN-2024-08-30_23-24-40
  - D:\LBN\Maternal_auto_classification_train_deepethogram\DATA\Cage1-LBN-2024-08-31_04-44-40
  - D:\LBN\Maternal_auto_classification_train_deepethogram\DATA\Cage1-LBN-2024-08-31_05-04-40
  - D:\LBN\Maternal_auto_classification_train_deepethogram\DATA\Cage1-LBN-2024-08-31_05-24-40
  - D:\LBN\Maternal_auto_classification_train_deepethogram\DATA\Cage1-LBN-2024-08-31_07-14-40
  - D:\LBN\Maternal_auto_classification_train_deepethogram\DATA\Cage1-LBN-2024-09-03_22-21-56
  - D:\LBN\Maternal_auto_classification_train_deepethogram\DATA\Cage1-LBN-2024-09-03_23-41-56
  - D:\LBN\Maternal_auto_classification_train_deepethogram\DATA\Cage2-LBN-2024-12-08_20-38-34
  - D:\LBN\Maternal_auto_classification_train_deepethogram\DATA\Cage2-LBN-2024-12-08_21-28-34
  - D:\LBN\Maternal_auto_classification_train_deepethogram\DATA\Cage2-LBN-2024-12-08_21-58-35
  - D:\LBN\Maternal_auto_classification_train_deepethogram\DATA\Cage2-LBN-2024-12-08_22-18-35
  - D:\LBN\Maternal_auto_classification_train_deepethogram\DATA\Cage2-LBN-2024-12-08_22-48-35
  - D:\LBN\Maternal_auto_classification_train_deepethogram\DATA\Cage2-LBN-2024-12-08_22-58-35
  - D:\LBN\Maternal_auto_classification_train_deepethogram\DATA\Cage2-LBN-2024-12-08_22-58-35_blur
  - D:\LBN\Maternal_auto_classification_train_deepethogram\DATA\Cage2-LBN-2024-12-08_22-58-35_bright_contrast
  - D:\LBN\Maternal_auto_classification_train_deepethogram\DATA\Cage2-LBN-2024-12-08_22-58-35_combo123
  - D:\LBN\Maternal_auto_classification_train_deepethogram\DATA\Cage2-LBN-2024-12-08_22-58-35_combo124
  - D:\LBN\Maternal_auto_classification_train_deepethogram\DATA\Cage2-LBN-2024-12-08_22-58-35_combo234
  - D:\LBN\Maternal_auto_classification_train_deepethogram\DATA\Cage2-LBN-2024-12-08_22-58-35_flip
  - D:\LBN\Maternal_auto_classification_train_deepethogram\DATA\Cage2-LBN-2024-12-08_22-58-35_zoom_crop
  - D:\LBN\Maternal_auto_classification_train_deepethogram\DATA\Cage2-LBN-2024-12-08_23-18-35
  - D:\LBN\Maternal_auto_classification_train_deepethogram\DATA\Cage2-LBN-2024-12-09_05-48-35
  - D:\LBN\Maternal_auto_classification_train_deepethogram\DATA\Cage2-LBN-2024-12-09_07-08-35
  - D:\LBN\Maternal_auto_classification_train_deepethogram\DATA\Cage2-LBN-2024-12-09_20-48-38
  - D:\LBN\Maternal_auto_classification_train_deepethogram\DATA\Cage2-LBN-2024-12-09_21-28-38
  - D:\LBN\Maternal_auto_classification_train_deepethogram\DATA\Cage2-LBN-2024-12-09_21-38-38
  - D:\LBN\Maternal_auto_classification_train_deepethogram\DATA\Cage2-LBN-2024-12-09_21-48-38
  - D:\LBN\Maternal_auto_classification_train_deepethogram\DATA\Cage2-LBN-2024-12-10_05-38-39
  - D:\LBN\Maternal_auto_classification_train_deepethogram\DATA\Cage2-LBN-2024-12-10_05-48-39
  - D:\LBN\Maternal_auto_classification_train_deepethogram\DATA\Cage2-LBN-2024-12-10_05-58-39
  - D:\LBN\Maternal_auto_classification_train_deepethogram\DATA\Cage2-LBN-2024-12-10_06-28-39
  - D:\LBN\Maternal_auto_classification_train_deepethogram\DATA\Cage2-LBN-2024-12-10_20-28-40
  - D:\LBN\Maternal_auto_classification_train_deepethogram\DATA\Cage2-LBN-2024-12-10_22-58-40
  - D:\LBN\Maternal_auto_classification_train_deepethogram\DATA\Cage2-LBN-2024-12-11_20-42-14
  - D:\LBN\Maternal_auto_classification_train_deepethogram\DATA\Cage2-LBN-2024-12-11_20-42-14_blur
  - D:\LBN\Maternal_auto_classification_train_deepethogram\DATA\Cage2-LBN-2024-12-11_20-42-14_bright_contrast
  - D:\LBN\Maternal_auto_classification_train_deepethogram\DATA\Cage2-LBN-2024-12-11_20-42-14_combo123
  - D:\LBN\Maternal_auto_classification_train_deepethogram\DATA\Cage2-LBN-2024-12-11_20-42-14_combo124
  - D:\LBN\Maternal_auto_classification_train_deepethogram\DATA\Cage2-LBN-2024-12-11_20-42-14_combo234
  - D:\LBN\Maternal_auto_classification_train_deepethogram\DATA\Cage2-LBN-2024-12-11_20-42-14_flip
  - D:\LBN\Maternal_auto_classification_train_deepethogram\DATA\Cage2-LBN-2024-12-11_20-42-14_zoom_crop
  - D:\LBN\Maternal_auto_classification_train_deepethogram\DATA\Cage2-LBN-2024-12-11_21-02-14
  - D:\LBN\Maternal_auto_classification_train_deepethogram\DATA\Cage2-LBN-2024-12-11_21-02-14_blur
  - D:\LBN\Maternal_auto_classification_train_deepethogram\DATA\Cage2-LBN-2024-12-11_21-02-14_bright_contrast
  - D:\LBN\Maternal_auto_classification_train_deepethogram\DATA\Cage2-LBN-2024-12-11_21-02-14_combo123
  - D:\LBN\Maternal_auto_classification_train_deepethogram\DATA\Cage2-LBN-2024-12-11_21-02-14_combo124
  - D:\LBN\Maternal_auto_classification_train_deepethogram\DATA\Cage2-LBN-2024-12-11_21-02-14_combo234
  - D:\LBN\Maternal_auto_classification_train_deepethogram\DATA\Cage2-LBN-2024-12-11_21-02-14_flip
  - D:\LBN\Maternal_auto_classification_train_deepethogram\DATA\Cage2-LBN-2024-12-11_21-02-14_zoom_crop
  - D:\LBN\Maternal_auto_classification_train_deepethogram\DATA\Cage2-LBN-2024-12-11_22-12-14
  - D:\LBN\Maternal_auto_classification_train_deepethogram\DATA\Cage2-LBN-2024-12-11_22-52-14
  - D:\LBN\Maternal_auto_classification_train_deepethogram\DATA\Cage2-LBN-2024-12-11_22-52-14_blur
  - D:\LBN\Maternal_auto_classification_train_deepethogram\DATA\Cage2-LBN-2024-12-11_22-52-14_bright_contrast
  - D:\LBN\Maternal_auto_classification_train_deepethogram\DATA\Cage2-LBN-2024-12-11_22-52-14_combo123
  - D:\LBN\Maternal_auto_classification_train_deepethogram\DATA\Cage2-LBN-2024-12-11_22-52-14_combo124
  - D:\LBN\Maternal_auto_classification_train_deepethogram\DATA\Cage2-LBN-2024-12-11_22-52-14_combo234
  - D:\LBN\Maternal_auto_classification_train_deepethogram\DATA\Cage2-LBN-2024-12-11_22-52-14_flip
  - D:\LBN\Maternal_auto_classification_train_deepethogram\DATA\Cage2-LBN-2024-12-11_22-52-14_zoom_crop
  - D:\LBN\Maternal_auto_classification_train_deepethogram\DATA\Cage2-LBN-2024-12-11_23-42-14
  - D:\LBN\Maternal_auto_classification_train_deepethogram\DATA\Cage2-LBN-2024-12-12_20-12-15
  - D:\LBN\Maternal_auto_classification_train_deepethogram\DATA\Cage2-LBN-2024-12-12_21-42-15
  - D:\LBN\Maternal_auto_classification_train_deepethogram\DATA\Cage2-LBN-2024-12-12_22-52-15
  - D:\LBN\Maternal_auto_classification_train_deepethogram\DATA\Cage3-LBN-2024-12-08_21-38-35
  - D:\LBN\Maternal_auto_classification_train_deepethogram\DATA\Cage3-LBN-2024-12-08_21-38-35_blur
  - D:\LBN\Maternal_auto_classification_train_deepethogram\DATA\Cage3-LBN-2024-12-08_21-38-35_bright_contrast
  - D:\LBN\Maternal_auto_classification_train_deepethogram\DATA\Cage3-LBN-2024-12-08_21-38-35_combo123
  - D:\LBN\Maternal_auto_classification_train_deepethogram\DATA\Cage3-LBN-2024-12-08_21-38-35_combo124
  - D:\LBN\Maternal_auto_classification_train_deepethogram\DATA\Cage3-LBN-2024-12-08_21-38-35_combo234
  - D:\LBN\Maternal_auto_classification_train_deepethogram\DATA\Cage3-LBN-2024-12-08_21-38-35_flip
  - D:\LBN\Maternal_auto_classification_train_deepethogram\DATA\Cage3-LBN-2024-12-08_21-38-35_zoom_crop
  - D:\LBN\Maternal_auto_classification_train_deepethogram\DATA\Cage3-LBN-2024-12-08_22-28-35
  - D:\LBN\Maternal_auto_classification_train_deepethogram\DATA\Cage3-LBN-2024-12-08_22-28-35_blur
  - D:\LBN\Maternal_auto_classification_train_deepethogram\DATA\Cage3-LBN-2024-12-08_22-28-35_bright_contrast
  - D:\LBN\Maternal_auto_classification_train_deepethogram\DATA\Cage3-LBN-2024-12-08_22-28-35_combo123
  - D:\LBN\Maternal_auto_classification_train_deepethogram\DATA\Cage3-LBN-2024-12-08_22-28-35_combo124
  - D:\LBN\Maternal_auto_classification_train_deepethogram\DATA\Cage3-LBN-2024-12-08_22-28-35_combo234
  - D:\LBN\Maternal_auto_classification_train_deepethogram\DATA\Cage3-LBN-2024-12-08_22-28-35_flip
  - D:\LBN\Maternal_auto_classification_train_deepethogram\DATA\Cage3-LBN-2024-12-08_22-28-35_zoom_crop
  - D:\LBN\Maternal_auto_classification_train_deepethogram\DATA\Cage3-LBN-2024-12-09_07-28-36
  - D:\LBN\Maternal_auto_classification_train_deepethogram\DATA\Cage3-LBN-2024-12-10_20-08-42
  - D:\LBN\Maternal_auto_classification_train_deepethogram\DATA\Cage3-LBN-2024-12-10_20-08-42_blur
  - D:\LBN\Maternal_auto_classification_train_deepethogram\DATA\Cage3-LBN-2024-12-10_20-08-42_bright_contrast
  - D:\LBN\Maternal_auto_classification_train_deepethogram\DATA\Cage3-LBN-2024-12-10_20-08-42_flip
  - D:\LBN\Maternal_auto_classification_train_deepethogram\DATA\Cage3-LBN-2024-12-10_20-08-42_zoom_crop
  - D:\LBN\Maternal_auto_classification_train_deepethogram\DATA\Cage3-LBN-2024-12-10_21-08-42
  - D:\LBN\Maternal_auto_classification_train_deepethogram\DATA\Cage3-LBN-2024-12-10_21-28-42
  - D:\LBN\Maternal_auto_classification_train_deepethogram\DATA\Cage3-LBN-2024-12-10_21-28-42_blur
  - D:\LBN\Maternal_auto_classification_train_deepethogram\DATA\Cage3-LBN-2024-12-10_21-28-42_bright_contrast
  - D:\LBN\Maternal_auto_classification_train_deepethogram\DATA\Cage3-LBN-2024-12-10_21-28-42_combo123
  - D:\LBN\Maternal_auto_classification_train_deepethogram\DATA\Cage3-LBN-2024-12-10_21-28-42_combo124
  - D:\LBN\Maternal_auto_classification_train_deepethogram\DATA\Cage3-LBN-2024-12-10_21-28-42_combo234
  - D:\LBN\Maternal_auto_classification_train_deepethogram\DATA\Cage3-LBN-2024-12-10_21-28-42_flip
  - D:\LBN\Maternal_auto_classification_train_deepethogram\DATA\Cage3-LBN-2024-12-10_21-28-42_zoom_crop
  - D:\LBN\Maternal_auto_classification_train_deepethogram\DATA\Cage3-LBN-2024-12-10_22-38-42
  - D:\LBN\Maternal_auto_classification_train_deepethogram\DATA\Cage3-LBN-2024-12-10_22-58-42
  - D:\LBN\Maternal_auto_classification_train_deepethogram\DATA\Cage3-LBN-2024-12-11_04-38-42
  - D:\LBN\Maternal_auto_classification_train_deepethogram\DATA\Cage3-LBN-2024-12-11_04-38-42_blur
  - D:\LBN\Maternal_auto_classification_train_deepethogram\DATA\Cage3-LBN-2024-12-11_04-38-42_bright_contrast
  - D:\LBN\Maternal_auto_classification_train_deepethogram\DATA\Cage3-LBN-2024-12-11_04-38-42_combo123
  - D:\LBN\Maternal_auto_classification_train_deepethogram\DATA\Cage3-LBN-2024-12-11_04-38-42_combo124
  - D:\LBN\Maternal_auto_classification_train_deepethogram\DATA\Cage3-LBN-2024-12-11_04-38-42_combo234
  - D:\LBN\Maternal_auto_classification_train_deepethogram\DATA\Cage3-LBN-2024-12-11_04-38-42_flip
  - D:\LBN\Maternal_auto_classification_train_deepethogram\DATA\Cage3-LBN-2024-12-11_04-38-42_zoom_crop
  - D:\LBN\Maternal_auto_classification_train_deepethogram\DATA\Cage3-LBN-2024-12-11_07-28-42
  - D:\LBN\Maternal_auto_classification_train_deepethogram\DATA\Cage3-LBN-2024-12-11_22-42-15
  - D:\LBN\Maternal_auto_classification_train_deepethogram\DATA\Cage3-LBN-2024-12-12_04-12-15
  - D:\LBN\Maternal_auto_classification_train_deepethogram\DATA\Cage3-LBN-2024-12-12_04-12-15_blur
  - D:\LBN\Maternal_auto_classification_train_deepethogram\DATA\Cage3-LBN-2024-12-12_04-12-15_bright_contrast
  - D:\LBN\Maternal_auto_classification_train_deepethogram\DATA\Cage3-LBN-2024-12-12_04-12-15_combo123
  - D:\LBN\Maternal_auto_classification_train_deepethogram\DATA\Cage3-LBN-2024-12-12_04-12-15_combo124
  - D:\LBN\Maternal_auto_classification_train_deepethogram\DATA\Cage3-LBN-2024-12-12_04-12-15_combo234
  - D:\LBN\Maternal_auto_classification_train_deepethogram\DATA\Cage3-LBN-2024-12-12_04-12-15_flip
  - D:\LBN\Maternal_auto_classification_train_deepethogram\DATA\Cage3-LBN-2024-12-12_04-12-15_zoom_crop
  - D:\LBN\Maternal_auto_classification_train_deepethogram\DATA\Cage3-LBN-2024-12-12_04-52-15
  - D:\LBN\Maternal_auto_classification_train_deepethogram\DATA\Cage3-LBN-2024-12-12_04-52-15_blur
  - D:\LBN\Maternal_auto_classification_train_deepethogram\DATA\Cage3-LBN-2024-12-12_04-52-15_bright_contrast
  - D:\LBN\Maternal_auto_classification_train_deepethogram\DATA\Cage3-LBN-2024-12-12_04-52-15_combo123
  - D:\LBN\Maternal_auto_classification_train_deepethogram\DATA\Cage3-LBN-2024-12-12_04-52-15_combo124
  - D:\LBN\Maternal_auto_classification_train_deepethogram\DATA\Cage3-LBN-2024-12-12_04-52-15_combo234
  - D:\LBN\Maternal_auto_classification_train_deepethogram\DATA\Cage3-LBN-2024-12-12_04-52-15_flip
  - D:\LBN\Maternal_auto_classification_train_deepethogram\DATA\Cage3-LBN-2024-12-12_04-52-15_zoom_crop
  - D:\LBN\Maternal_auto_classification_train_deepethogram\DATA\Cage3-LBN-2024-12-12_05-42-15
  - D:\LBN\Maternal_auto_classification_train_deepethogram\DATA\Cage3-LBN-2024-12-13_20-03-40
  - D:\LBN\Maternal_auto_classification_train_deepethogram\DATA\Cage3-LBN-2024-12-13_22-03-41
  - D:\LBN\Maternal_auto_classification_train_deepethogram\DATA\Cage3-LBN-2024-12-13_22-13-41
  - D:\LBN\Maternal_auto_classification_train_deepethogram\DATA\Cage3-LBN-2024-12-14_06-23-41
  - D:\LBN\Maternal_auto_classification_train_deepethogram\DATA\Cage3-LBN-2024-12-14_06-23-41_blur
  - D:\LBN\Maternal_auto_classification_train_deepethogram\DATA\Cage3-LBN-2024-12-14_06-23-41_bright_contrast
  - D:\LBN\Maternal_auto_classification_train_deepethogram\DATA\Cage3-LBN-2024-12-14_06-23-41_combo123
  - D:\LBN\Maternal_auto_classification_train_deepethogram\DATA\Cage3-LBN-2024-12-14_06-23-41_combo124
  - D:\LBN\Maternal_auto_classification_train_deepethogram\DATA\Cage3-LBN-2024-12-14_06-23-41_combo234
  - D:\LBN\Maternal_auto_classification_train_deepethogram\DATA\Cage3-LBN-2024-12-14_06-23-41_flip
  - D:\LBN\Maternal_auto_classification_train_deepethogram\DATA\Cage3-LBN-2024-12-14_06-23-41_zoom_crop
  - D:\LBN\Maternal_auto_classification_train_deepethogram\DATA\Cage6-CONT-2024-12-12_20-02-17
  - D:\LBN\Maternal_auto_classification_train_deepethogram\DATA\Cage6-CONT-2024-12-12_20-12-17
  - D:\LBN\Maternal_auto_classification_train_deepethogram\DATA\Cage6-CONT-2024-12-12_20-22-17
  - D:\LBN\Maternal_auto_classification_train_deepethogram\DATA\Cage6-CONT-2024-12-12_20-32-17
  - D:\LBN\Maternal_auto_classification_train_deepethogram\DATA\Cage6-CONT-2024-12-12_20-42-17
  - D:\LBN\Maternal_auto_classification_train_deepethogram\DATA\Cage6-CONT-2024-12-12_20-52-17
  - D:\LBN\Maternal_auto_classification_train_deepethogram\DATA\Cage6-CONT-2024-12-12_21-02-17
  - D:\LBN\Maternal_auto_classification_train_deepethogram\DATA\Cage6-CONT-2024-12-12_21-12-17
  - D:\LBN\Maternal_auto_classification_train_deepethogram\DATA\Cage6-CONT-2024-12-12_21-22-17
  - D:\LBN\Maternal_auto_classification_train_deepethogram\DATA\Cage6-CONT-2024-12-12_21-32-17
  - D:\LBN\Maternal_auto_classification_train_deepethogram\DATA\Cage6-CONT-2024-12-12_21-42-17
  - D:\LBN\Maternal_auto_classification_train_deepethogram\DATA\Cage6-CONT-2024-12-12_21-52-17
  - D:\LBN\Maternal_auto_classification_train_deepethogram\DATA\Cage6-CONT-2024-12-12_22-02-17
  - D:\LBN\Maternal_auto_classification_train_deepethogram\DATA\Cage6-CONT-2024-12-12_22-12-17
  - D:\LBN\Maternal_auto_classification_train_deepethogram\DATA\Cage6-CONT-2024-12-12_22-22-17
  - D:\LBN\Maternal_auto_classification_train_deepethogram\DATA\Cage6-CONT-2024-12-12_22-32-17
  - D:\LBN\Maternal_auto_classification_train_deepethogram\DATA\Cage6-CONT-2024-12-12_22-42-17
  - D:\LBN\Maternal_auto_classification_train_deepethogram\DATA\Cage6-CONT-2024-12-12_22-52-17
  - D:\LBN\Maternal_auto_classification_train_deepethogram\DATA\Cage6-CONT-2024-12-12_23-02-17
  - D:\LBN\Maternal_auto_classification_train_deepethogram\DATA\Cage6-CONT-2024-12-12_23-12-17
  - D:\LBN\Maternal_auto_classification_train_deepethogram\DATA\Cage6-CONT-2024-12-12_23-22-17
  - D:\LBN\Maternal_auto_classification_train_deepethogram\DATA\Cage6-CONT-2024-12-12_23-32-17
  - D:\LBN\Maternal_auto_classification_train_deepethogram\DATA\Cage6-CONT-2024-12-12_23-42-17
  - D:\LBN\Maternal_auto_classification_train_deepethogram\DATA\Cage6-CONT-2024-12-12_23-52-17
  - D:\LBN\Maternal_auto_classification_train_deepethogram\DATA\Cage6-CONT-2024-12-13_00-02-17
  - D:\LBN\Maternal_auto_classification_train_deepethogram\DATA\Cage6-CONT-2024-12-13_04-02-17
  - D:\LBN\Maternal_auto_classification_train_deepethogram\DATA\Cage6-CONT-2024-12-13_04-12-17
  - D:\LBN\Maternal_auto_classification_train_deepethogram\DATA\Cage6-CONT-2024-12-13_04-22-17
  - D:\LBN\Maternal_auto_classification_train_deepethogram\DATA\Cage6-CONT-2024-12-13_04-32-17
  - D:\LBN\Maternal_auto_classification_train_deepethogram\DATA\Cage6-CONT-2024-12-13_04-42-17
  - D:\LBN\Maternal_auto_classification_train_deepethogram\DATA\Cage6-CONT-2024-12-13_04-52-17
  - D:\LBN\Maternal_auto_classification_train_deepethogram\DATA\Cage6-CONT-2024-12-13_05-02-17
  - D:\LBN\Maternal_auto_classification_train_deepethogram\DATA\Cage6-CONT-2024-12-13_05-12-17
  - D:\LBN\Maternal_auto_classification_train_deepethogram\DATA\Cage6-CONT-2024-12-13_05-22-17
  - D:\LBN\Maternal_auto_classification_train_deepethogram\DATA\Cage6-CONT-2024-12-13_05-32-17
  - D:\LBN\Maternal_auto_classification_train_deepethogram\DATA\Cage6-CONT-2024-12-13_05-42-17
  - D:\LBN\Maternal_auto_classification_train_deepethogram\DATA\Cage6-CONT-2024-12-13_05-52-17
  - D:\LBN\Maternal_auto_classification_train_deepethogram\DATA\CageA-LBN-2024-07-05_20-03-20
  - D:\LBN\Maternal_auto_classification_train_deepethogram\DATA\CageA-LBN-2024-07-05_20-23-20
  - D:\LBN\Maternal_auto_classification_train_deepethogram\DATA\CageA-LBN-2024-07-05_20-33-20
  - D:\LBN\Maternal_auto_classification_train_deepethogram\DATA\CageA-LBN-2024-07-05_20-43-20
  - D:\LBN\Maternal_auto_classification_train_deepethogram\DATA\CageA-LBN-2024-07-05_20-53-20
  - D:\LBN\Maternal_auto_classification_train_deepethogram\DATA\CageA-LBN-2024-07-05_21-03-20
  - D:\LBN\Maternal_auto_classification_train_deepethogram\DATA\CageA-LBN-2024-07-05_21-13-20
  - D:\LBN\Maternal_auto_classification_train_deepethogram\DATA\CageA-LBN-2024-07-05_21-23-20
  - D:\LBN\Maternal_auto_classification_train_deepethogram\DATA\CageA-LBN-2024-07-05_21-33-20
  - D:\LBN\Maternal_auto_classification_train_deepethogram\DATA\CageA-LBN-2024-07-05_21-43-20
  - D:\LBN\Maternal_auto_classification_train_deepethogram\DATA\CageA-LBN-2024-07-05_21-53-20
  - D:\LBN\Maternal_auto_classification_train_deepethogram\DATA\CageA-LBN-2024-07-05_22-03-20
  - D:\LBN\Maternal_auto_classification_train_deepethogram\DATA\CageA-LBN-2024-07-05_22-13-20
  - D:\LBN\Maternal_auto_classification_train_deepethogram\DATA\CageA-LBN-2024-07-05_22-23-20
  - D:\LBN\Maternal_auto_classification_train_deepethogram\DATA\CageA-LBN-2024-07-05_22-33-20
  - D:\LBN\Maternal_auto_classification_train_deepethogram\DATA\CageA-LBN-2024-07-05_22-43-20
  - D:\LBN\Maternal_auto_classification_train_deepethogram\DATA\CageA-LBN-2024-07-05_22-53-20
  - D:\LBN\Maternal_auto_classification_train_deepethogram\DATA\CageA-LBN-2024-07-05_23-03-20
  - D:\LBN\Maternal_auto_classification_train_deepethogram\DATA\CageA-LBN-2024-07-05_23-13-20
  - D:\LBN\Maternal_auto_classification_train_deepethogram\DATA\CageA-LBN-2024-07-05_23-23-20
  - D:\LBN\Maternal_auto_classification_train_deepethogram\DATA\CageA-LBN-2024-07-05_23-33-20
  - D:\LBN\Maternal_auto_classification_train_deepethogram\DATA\CageA-LBN-2024-07-05_23-43-20
  - D:\LBN\Maternal_auto_classification_train_deepethogram\DATA\CageA-LBN-2024-07-05_23-53-20
  - D:\LBN\Maternal_auto_classification_train_deepethogram\DATA\CageA-LBN-2024-07-06_04-03-20
  - D:\LBN\Maternal_auto_classification_train_deepethogram\DATA\CageA-LBN-2024-07-06_04-13-20
  - D:\LBN\Maternal_auto_classification_train_deepethogram\DATA\CageA-LBN-2024-07-06_04-23-20
  - D:\LBN\Maternal_auto_classification_train_deepethogram\DATA\CageA-LBN-2024-07-06_04-33-20
  - D:\LBN\Maternal_auto_classification_train_deepethogram\DATA\CageA-LBN-2024-07-06_04-43-20
  - D:\LBN\Maternal_auto_classification_train_deepethogram\DATA\CageA-LBN-2024-07-06_04-53-20
  - D:\LBN\Maternal_auto_classification_train_deepethogram\DATA\CageA-LBN-2024-07-06_05-03-20
  - D:\LBN\Maternal_auto_classification_train_deepethogram\DATA\CageA-LBN-2024-07-06_05-13-20
  - D:\LBN\Maternal_auto_classification_train_deepethogram\DATA\CageA-LBN-2024-07-06_05-23-20
  - D:\LBN\Maternal_auto_classification_train_deepethogram\DATA\CageA-LBN-2024-07-06_05-33-20
  - D:\LBN\Maternal_auto_classification_train_deepethogram\DATA\CageA-LBN-2024-07-06_05-33-20_blur
  - D:\LBN\Maternal_auto_classification_train_deepethogram\DATA\CageA-LBN-2024-07-06_05-33-20_bright_contrast
  - D:\LBN\Maternal_auto_classification_train_deepethogram\DATA\CageA-LBN-2024-07-06_05-33-20_combo123
  - D:\LBN\Maternal_auto_classification_train_deepethogram\DATA\CageA-LBN-2024-07-06_05-33-20_combo124
  - D:\LBN\Maternal_auto_classification_train_deepethogram\DATA\CageA-LBN-2024-07-06_05-33-20_combo234
  - D:\LBN\Maternal_auto_classification_train_deepethogram\DATA\CageA-LBN-2024-07-06_05-33-20_flip
  - D:\LBN\Maternal_auto_classification_train_deepethogram\DATA\CageA-LBN-2024-07-06_05-33-20_zoom_crop
  - D:\LBN\Maternal_auto_classification_train_deepethogram\DATA\CageA-LBN-2024-07-06_05-43-20
  - D:\LBN\Maternal_auto_classification_train_deepethogram\DATA\CageA-LBN-2024-07-06_05-53-21
  - D:\LBN\Maternal_auto_classification_train_deepethogram\DATA\CageA-LBN-2024-07-06_06-03-21
  - D:\LBN\Maternal_auto_classification_train_deepethogram\DATA\CageA-LBN-2024-07-06_06-13-21
  - D:\LBN\Maternal_auto_classification_train_deepethogram\DATA\CageA-LBN-2024-07-06_06-23-21
  - D:\LBN\Maternal_auto_classification_train_deepethogram\DATA\CageA-LBN-2024-07-06_06-33-21
  - D:\LBN\Maternal_auto_classification_train_deepethogram\DATA\CageA-LBN-2024-07-06_06-43-21
  - D:\LBN\Maternal_auto_classification_train_deepethogram\DATA\CageA-LBN-2024-07-06_06-53-21
  - D:\LBN\Maternal_auto_classification_train_deepethogram\DATA\CageA-LBN-2024-07-06_07-03-21
  - D:\LBN\Maternal_auto_classification_train_deepethogram\DATA\CageA-LBN-2024-07-06_07-13-21
  - D:\LBN\Maternal_auto_classification_train_deepethogram\DATA\CageA-LBN-2024-07-06_07-23-21
  - D:\LBN\Maternal_auto_classification_train_deepethogram\DATA\CageA-LBN-2024-07-06_07-33-21
  - D:\LBN\Maternal_auto_classification_train_deepethogram\DATA\CageA-LBN-2024-07-06_20-14-42
  - D:\LBN\Maternal_auto_classification_train_deepethogram\DATA\CageA-LBN-2024-07-06_21-54-42
  - D:\LBN\Maternal_auto_classification_train_deepethogram\DATA\CageA-LBN-2024-07-06_22-24-42
  - D:\LBN\Maternal_auto_classification_train_deepethogram\DATA\CageA-LBN-2024-07-06_23-04-42
  - D:\LBN\Maternal_auto_classification_train_deepethogram\DATA\CageA-LBN-2024-07-06_23-14-42
  - D:\LBN\Maternal_auto_classification_train_deepethogram\DATA\CageA-LBN-2024-07-07_04-54-43
  - D:\LBN\Maternal_auto_classification_train_deepethogram\DATA\CageA-LBN-2024-07-07_05-44-43
  - D:\LBN\Maternal_auto_classification_train_deepethogram\DATA\CageA-LBN-2024-07-07_06-14-43
  - D:\LBN\Maternal_auto_classification_train_deepethogram\DATA\CageA-LBN-2024-07-07_06-44-43
  - D:\LBN\Maternal_auto_classification_train_deepethogram\DATA\CageA-LBN-2024-07-07_06-54-43
  - D:\LBN\Maternal_auto_classification_train_deepethogram\DATA\CageA-LBN-2024-07-07_20-04-49
  - D:\LBN\Maternal_auto_classification_train_deepethogram\DATA\CageA-LBN-2024-07-07_20-24-49
  - D:\LBN\Maternal_auto_classification_train_deepethogram\DATA\CageA-LBN-2024-07-07_20-44-49
  - D:\LBN\Maternal_auto_classification_train_deepethogram\DATA\CageA-LBN-2024-07-07_21-04-49
  - D:\LBN\Maternal_auto_classification_train_deepethogram\DATA\CageA-LBN-2024-07-07_21-54-49
  - D:\LBN\Maternal_auto_classification_train_deepethogram\DATA\CageA-LBN-2024-07-07_22-54-49
  - D:\LBN\Maternal_auto_classification_train_deepethogram\DATA\CageA-LBN-2024-07-07_23-54-50
  - D:\LBN\Maternal_auto_classification_train_deepethogram\DATA\CageA-LBN-2024-07-07_23-54-50_blur
  - D:\LBN\Maternal_auto_classification_train_deepethogram\DATA\CageA-LBN-2024-07-07_23-54-50_bright_contrast
  - D:\LBN\Maternal_auto_classification_train_deepethogram\DATA\CageA-LBN-2024-07-07_23-54-50_combo123
  - D:\LBN\Maternal_auto_classification_train_deepethogram\DATA\CageA-LBN-2024-07-07_23-54-50_combo124
  - D:\LBN\Maternal_auto_classification_train_deepethogram\DATA\CageA-LBN-2024-07-07_23-54-50_combo234
  - D:\LBN\Maternal_auto_classification_train_deepethogram\DATA\CageA-LBN-2024-07-07_23-54-50_flip
  - D:\LBN\Maternal_auto_classification_train_deepethogram\DATA\CageA-LBN-2024-07-07_23-54-50_zoom_crop
  - D:\LBN\Maternal_auto_classification_train_deepethogram\DATA\CageA-LBN-2024-07-08_04-54-50
  - D:\LBN\Maternal_auto_classification_train_deepethogram\DATA\CageA-LBN-2024-07-08_05-34-50
  - D:\LBN\Maternal_auto_classification_train_deepethogram\DATA\CageA-LBN-2024-07-08_05-54-50
  - D:\LBN\Maternal_auto_classification_train_deepethogram\DATA\CageA-LBN-2024-07-08_07-34-50
  - D:\LBN\Maternal_auto_classification_train_deepethogram\DATA\CageA-LBN-2024-07-08_21-44-52
  - D:\LBN\Maternal_auto_classification_train_deepethogram\DATA\CageA-LBN-2024-07-08_23-14-52
  - D:\LBN\Maternal_auto_classification_train_deepethogram\DATA\CageA-LBN-2024-07-09_05-04-53
  - D:\LBN\Maternal_auto_classification_train_deepethogram\DATA\CageA-LBN-2024-07-09_05-24-53
  - D:\LBN\Maternal_auto_classification_train_deepethogram\DATA\CageA-LBN-2024-07-09_05-44-53
  - D:\LBN\Maternal_auto_classification_train_deepethogram\DATA\CageA-LBN-2024-07-09_21-16-36
  - D:\LBN\Maternal_auto_classification_train_deepethogram\DATA\CageA-LBN-2024-07-09_21-56-36
  - D:\LBN\Maternal_auto_classification_train_deepethogram\DATA\CageA-LBN-2024-07-09_22-26-36
  - D:\LBN\Maternal_auto_classification_train_deepethogram\DATA\CageA-LBN-2024-07-09_23-06-36
  - D:\LBN\Maternal_auto_classification_train_deepethogram\DATA\CageA-LBN-2024-07-09_23-36-36
  - D:\LBN\Maternal_auto_classification_train_deepethogram\DATA\CageA-LBN-2024-07-10_04-26-37
  - D:\LBN\Maternal_auto_classification_train_deepethogram\DATA\CageA-LBN-2024-07-10_04-56-37
  - D:\LBN\Maternal_auto_classification_train_deepethogram\DATA\CageA-LBN-2024-07-10_05-16-37
  - D:\LBN\Maternal_auto_classification_train_deepethogram\DATA\CageA-LBN-2024-07-10_05-26-37
  - D:\LBN\Maternal_auto_classification_train_deepethogram\DATA\CageA-LBN-2024-07-10_06-16-37
  - D:\LBN\Maternal_auto_classification_train_deepethogram\DATA\CageA-LBN-2024-07-10_21-36-38
  - D:\LBN\Maternal_auto_classification_train_deepethogram\DATA\CageA-LBN-2024-07-10_22-46-39
  - D:\LBN\Maternal_auto_classification_train_deepethogram\DATA\CageA-LBN-2024-07-12_04-06-42
  - D:\LBN\Maternal_auto_classification_train_deepethogram\DATA\CageA-LBN-2024-07-12_04-16-42
  - D:\LBN\Maternal_auto_classification_train_deepethogram\DATA\CageA-LBN-2024-07-12_04-26-42
  - D:\LBN\Maternal_auto_classification_train_deepethogram\DATA\CageA-LBN-2024-07-12_04-36-42
  - D:\LBN\Maternal_auto_classification_train_deepethogram\DATA\CageA-LBN-2024-07-12_04-46-42
  - D:\LBN\Maternal_auto_classification_train_deepethogram\DATA\CageA-LBN-2024-07-12_04-56-42
  - D:\LBN\Maternal_auto_classification_train_deepethogram\DATA\CageA-LBN-2024-07-12_05-06-42
  - D:\LBN\Maternal_auto_classification_train_deepethogram\DATA\CageA-LBN-2024-07-12_05-16-42
  - D:\LBN\Maternal_auto_classification_train_deepethogram\DATA\CageA-LBN-2024-07-12_05-26-42
  - D:\LBN\Maternal_auto_classification_train_deepethogram\DATA\CageA-LBN-2024-07-12_05-36-42
  - D:\LBN\Maternal_auto_classification_train_deepethogram\DATA\CageA-LBN-2024-07-12_05-46-42
  - D:\LBN\Maternal_auto_classification_train_deepethogram\DATA\CageA-LBN-2024-07-12_05-56-42
  - D:\LBN\Maternal_auto_classification_train_deepethogram\DATA\CageA-LBN-2024-07-12_06-06-42
  - D:\LBN\Maternal_auto_classification_train_deepethogram\DATA\CageA-LBN-2024-07-12_06-16-42
  - D:\LBN\Maternal_auto_classification_train_deepethogram\DATA\CageA-LBN-2024-07-12_06-26-42
  - D:\LBN\Maternal_auto_classification_train_deepethogram\DATA\CageA-LBN-2024-07-12_06-36-42
  - D:\LBN\Maternal_auto_classification_train_deepethogram\DATA\CageA-LBN-2024-07-12_06-46-42
  - D:\LBN\Maternal_auto_classification_train_deepethogram\DATA\CageA-LBN-2024-07-12_06-56-42
  - D:\LBN\Maternal_auto_classification_train_deepethogram\DATA\CageC-LBN-2024-07-06_20-04-40
  - D:\LBN\Maternal_auto_classification_train_deepethogram\DATA\CageC-LBN-2024-07-06_20-14-40
  - D:\LBN\Maternal_auto_classification_train_deepethogram\DATA\CageC-LBN-2024-07-06_20-24-40
  - D:\LBN\Maternal_auto_classification_train_deepethogram\DATA\CageC-LBN-2024-07-06_20-34-40
  - D:\LBN\Maternal_auto_classification_train_deepethogram\DATA\CageC-LBN-2024-07-06_20-44-40
  - D:\LBN\Maternal_auto_classification_train_deepethogram\DATA\CageC-LBN-2024-07-06_20-54-40
  - D:\LBN\Maternal_auto_classification_train_deepethogram\DATA\CageC-LBN-2024-07-06_21-04-40
  - D:\LBN\Maternal_auto_classification_train_deepethogram\DATA\CageC-LBN-2024-07-06_21-14-40
  - D:\LBN\Maternal_auto_classification_train_deepethogram\DATA\CageC-LBN-2024-07-06_21-24-40
  - D:\LBN\Maternal_auto_classification_train_deepethogram\DATA\CageC-LBN-2024-07-06_21-34-40
  - D:\LBN\Maternal_auto_classification_train_deepethogram\DATA\CageC-LBN-2024-07-06_21-44-40
  - D:\LBN\Maternal_auto_classification_train_deepethogram\DATA\CageC-LBN-2024-07-06_21-54-40
  - D:\LBN\Maternal_auto_classification_train_deepethogram\DATA\CageC-LBN-2024-07-06_22-04-40
  - D:\LBN\Maternal_auto_classification_train_deepethogram\DATA\CageC-LBN-2024-07-06_22-14-40
  - D:\LBN\Maternal_auto_classification_train_deepethogram\DATA\CageC-LBN-2024-07-06_22-24-40
  - D:\LBN\Maternal_auto_classification_train_deepethogram\DATA\CageC-LBN-2024-07-06_22-34-40
  - D:\LBN\Maternal_auto_classification_train_deepethogram\DATA\CageC-LBN-2024-07-06_22-44-40
  - D:\LBN\Maternal_auto_classification_train_deepethogram\DATA\CageC-LBN-2024-07-06_22-54-40
  - D:\LBN\Maternal_auto_classification_train_deepethogram\DATA\CageC-LBN-2024-07-06_23-04-40
  - D:\LBN\Maternal_auto_classification_train_deepethogram\DATA\CageC-LBN-2024-07-06_23-14-40
  - D:\LBN\Maternal_auto_classification_train_deepethogram\DATA\CageC-LBN-2024-07-06_23-24-41
  - D:\LBN\Maternal_auto_classification_train_deepethogram\DATA\CageC-LBN-2024-07-06_23-34-41
  - D:\LBN\Maternal_auto_classification_train_deepethogram\DATA\CageC-LBN-2024-07-06_23-34-41_blur
  - D:\LBN\Maternal_auto_classification_train_deepethogram\DATA\CageC-LBN-2024-07-06_23-34-41_bright_contrast
  - D:\LBN\Maternal_auto_classification_train_deepethogram\DATA\CageC-LBN-2024-07-06_23-34-41_combo123
  - D:\LBN\Maternal_auto_classification_train_deepethogram\DATA\CageC-LBN-2024-07-06_23-34-41_combo124
  - D:\LBN\Maternal_auto_classification_train_deepethogram\DATA\CageC-LBN-2024-07-06_23-34-41_combo234
  - D:\LBN\Maternal_auto_classification_train_deepethogram\DATA\CageC-LBN-2024-07-06_23-34-41_flip
  - D:\LBN\Maternal_auto_classification_train_deepethogram\DATA\CageC-LBN-2024-07-06_23-34-41_zoom_crop
  - D:\LBN\Maternal_auto_classification_train_deepethogram\DATA\CageC-LBN-2024-07-06_23-44-41
  - D:\LBN\Maternal_auto_classification_train_deepethogram\DATA\CageC-LBN-2024-07-06_23-54-41
  - D:\LBN\Maternal_auto_classification_train_deepethogram\DATA\CageD-CONT-2024-07-06_20-34-39
  - D:\LBN\Maternal_auto_classification_train_deepethogram\DATA\CageD-CONT-2024-07-06_21-04-39
  - D:\LBN\Maternal_auto_classification_train_deepethogram\DATA\CageD-CONT-2024-07-06_21-14-39
  - D:\LBN\Maternal_auto_classification_train_deepethogram\DATA\CageD-CONT-2024-07-06_21-44-39
  - D:\LBN\Maternal_auto_classification_train_deepethogram\DATA\CageD-CONT-2024-07-06_21-54-40
  - D:\LBN\Maternal_auto_classification_train_deepethogram\DATA\CageD-CONT-2024-07-06_22-54-40
  - D:\LBN\Maternal_auto_classification_train_deepethogram\DATA\CageD-CONT-2024-07-06_23-14-40
  - D:\LBN\Maternal_auto_classification_train_deepethogram\DATA\CageD-CONT-2024-07-06_23-44-40
  - D:\LBN\Maternal_auto_classification_train_deepethogram\DATA\CageD-CONT-2024-07-07_04-24-40
  - D:\LBN\Maternal_auto_classification_train_deepethogram\DATA\CageD-CONT-2024-07-07_04-44-40
  - D:\LBN\Maternal_auto_classification_train_deepethogram\DATA\CageD-CONT-2024-07-07_05-04-40
  - D:\LBN\Maternal_auto_classification_train_deepethogram\DATA\CageD-CONT-2024-07-07_05-14-40
  - D:\LBN\Maternal_auto_classification_train_deepethogram\DATA\CageD-CONT-2024-07-07_05-34-40
  - D:\LBN\Maternal_auto_classification_train_deepethogram\DATA\CageD-CONT-2024-07-07_07-14-40
  - D:\LBN\Maternal_auto_classification_train_deepethogram\DATA\CageD-CONT-2024-07-07_07-24-40
  - D:\LBN\Maternal_auto_classification_train_deepethogram\DATA\CageD-CONT-2024-07-07_07-34-40
  - D:\LBN\Maternal_auto_classification_train_deepethogram\DATA\CageK2-LBN-2024-09-16_21-25-50
  - D:\LBN\Maternal_auto_classification_train_deepethogram\DATA\CageK2-LBN-2024-09-16_21-55-50
  - D:\LBN\Maternal_auto_classification_train_deepethogram\DATA\CageK2-LBN-2024-09-16_21-55-50_blur
  - D:\LBN\Maternal_auto_classification_train_deepethogram\DATA\CageK2-LBN-2024-09-16_21-55-50_bright_contrast
  - D:\LBN\Maternal_auto_classification_train_deepethogram\DATA\CageK2-LBN-2024-09-16_21-55-50_combo123
  - D:\LBN\Maternal_auto_classification_train_deepethogram\DATA\CageK2-LBN-2024-09-16_21-55-50_combo124
  - D:\LBN\Maternal_auto_classification_train_deepethogram\DATA\CageK2-LBN-2024-09-16_21-55-50_combo234
  - D:\LBN\Maternal_auto_classification_train_deepethogram\DATA\CageK2-LBN-2024-09-16_21-55-50_flip
  - D:\LBN\Maternal_auto_classification_train_deepethogram\DATA\CageK2-LBN-2024-09-16_21-55-50_zoom_crop
  - D:\LBN\Maternal_auto_classification_train_deepethogram\DATA\CageK2-LBN-2024-09-17_04-25-50
  - D:\LBN\Maternal_auto_classification_train_deepethogram\DATA\CageK2-LBN-2024-09-17_05-35-50
  - D:\LBN\Maternal_auto_classification_train_deepethogram\DATA\CageK2-LBN-2024-09-17_05-55-50
  - D:\LBN\Maternal_auto_classification_train_deepethogram\DATA\CageK2-LBN-2024-09-17_05-55-50_blur
  - D:\LBN\Maternal_auto_classification_train_deepethogram\DATA\CageK2-LBN-2024-09-17_05-55-50_bright_contrast
  - D:\LBN\Maternal_auto_classification_train_deepethogram\DATA\CageK2-LBN-2024-09-17_05-55-50_combo123
  - D:\LBN\Maternal_auto_classification_train_deepethogram\DATA\CageK2-LBN-2024-09-17_05-55-50_combo124
  - D:\LBN\Maternal_auto_classification_train_deepethogram\DATA\CageK2-LBN-2024-09-17_05-55-50_combo234
  - D:\LBN\Maternal_auto_classification_train_deepethogram\DATA\CageK2-LBN-2024-09-17_05-55-50_flip
  - D:\LBN\Maternal_auto_classification_train_deepethogram\DATA\CageK2-LBN-2024-09-17_05-55-50_zoom_crop
  - D:\LBN\Maternal_auto_classification_train_deepethogram\DATA\CageK2-LBN-2024-09-17_20-05-50
  - D:\LBN\Maternal_auto_classification_train_deepethogram\DATA\CageK2-LBN-2024-09-18_20-55-56
  - D:\LBN\Maternal_auto_classification_train_deepethogram\DATA\CONT-2024-05-06_20-00-34
  - D:\LBN\Maternal_auto_classification_train_deepethogram\DATA\CONT-2024-05-06_20-10-34
  - D:\LBN\Maternal_auto_classification_train_deepethogram\DATA\CONT-2024-05-06_20-20-34
  - D:\LBN\Maternal_auto_classification_train_deepethogram\DATA\CONT-2024-05-06_20-30-34
  - D:\LBN\Maternal_auto_classification_train_deepethogram\DATA\CONT-2024-05-06_21-00-34
  - D:\LBN\Maternal_auto_classification_train_deepethogram\DATA\CONT-2024-05-06_22-00-34
  - D:\LBN\Maternal_auto_classification_train_deepethogram\DATA\CONT-2024-05-06_22-10-34
  - D:\LBN\Maternal_auto_classification_train_deepethogram\DATA\CONT-2024-05-06_22-40-35
  - D:\LBN\Maternal_auto_classification_train_deepethogram\DATA\CONT-2024-05-06_23-20-35
  - D:\LBN\Maternal_auto_classification_train_deepethogram\DATA\CONT-2024-05-06_23-40-35
  - D:\LBN\Maternal_auto_classification_train_deepethogram\DATA\CONT-2024-05-07_04-00-35
  - D:\LBN\Maternal_auto_classification_train_deepethogram\DATA\CONT-2024-05-07_04-50-35
  - D:\LBN\Maternal_auto_classification_train_deepethogram\DATA\CONT-2024-05-07_05-30-35
  - D:\LBN\Maternal_auto_classification_train_deepethogram\DATA\CONT-2024-05-07_06-20-35
  - D:\LBN\Maternal_auto_classification_train_deepethogram\DATA\CONT-2024-05-07_06-50-35
  - D:\LBN\Maternal_auto_classification_train_deepethogram\DATA\CONT-2024-05-07_07-10-35
  - D:\LBN\Maternal_auto_classification_train_deepethogram\DATA\CONT-2024-05-07_07-20-35
  - D:\LBN\Maternal_auto_classification_train_deepethogram\DATA\CONT-2024-05-07_20-56-20
  - D:\LBN\Maternal_auto_classification_train_deepethogram\DATA\CONT-2024-05-07_22-06-20
  - D:\LBN\Maternal_auto_classification_train_deepethogram\DATA\CONT-2024-05-07_22-26-20
  - D:\LBN\Maternal_auto_classification_train_deepethogram\DATA\CONT-2024-05-07_22-46-20
  - D:\LBN\Maternal_auto_classification_train_deepethogram\DATA\CONT-2024-05-07_23-06-20
  - D:\LBN\Maternal_auto_classification_train_deepethogram\DATA\CONT-2024-05-07_23-36-20
  - D:\LBN\Maternal_auto_classification_train_deepethogram\DATA\CONT-2024-05-07_23-46-20
  - D:\LBN\Maternal_auto_classification_train_deepethogram\DATA\CONT-2024-05-08_04-06-21
  - D:\LBN\Maternal_auto_classification_train_deepethogram\DATA\CONT-2024-05-08_04-16-21
  - D:\LBN\Maternal_auto_classification_train_deepethogram\DATA\CONT-2024-05-08_04-46-21
  - D:\LBN\Maternal_auto_classification_train_deepethogram\DATA\CONT-2024-05-08_05-06-21
  - D:\LBN\Maternal_auto_classification_train_deepethogram\DATA\CONT-2024-05-08_06-36-21
  - D:\LBN\Maternal_auto_classification_train_deepethogram\DATA\CONT-2024-05-08_22-06-23
  - D:\LBN\Maternal_auto_classification_train_deepethogram\DATA\CONT-2024-05-08_23-46-23
  - D:\LBN\Maternal_auto_classification_train_deepethogram\DATA\CONT-2024-05-09_05-16-23
  - D:\LBN\Maternal_auto_classification_train_deepethogram\DATA\CONT-2024-05-09_06-56-23
  ignore_error: true
  overwrite: true
  use_loaded_model_cfg: true
postprocessor:
  type: min_bout_per_behavior
  min_bout_length: 10
  min_bout_per_behavior:
  - 5
  - 5
  - 5
  - 5
  - 5
  - 5
  - 5
  - 5
  - 5
  - 5
cmap: deepethogram
control_arrow_jump: 31
label_view_width: 31
prediction_opacity: 0.2
project:
  class_names:
  - background
  - Onnest
  - Offnest
  - ABN
  - Carryingpups
  - Selfgrooming
  - Eat_drink
  - Kicking
  - Groomingpups
  - Build
  config_file: project_config.yaml
  data_path: D:\LBN\Maternal_auto_classification_train_deepethogram\DATA
  labeler: null
  model_path: D:\LBN\Maternal_auto_classification_train_deepethogram\models
  name: Maternal_auto_classification
  path: D:\LBN\Maternal_auto_classification_train_deepethogram
  pretrained_path: D:\LBN\Maternal_auto_classification_train_deepethogram\models\pretrained_models
run:
  type: inference
  model: feature_extractor
  dir: D:\LBN\Maternal_auto_classification_train_deepethogram\models\250611_105113_feature_extractor_inference
sequence:
  filter_length: 15
unlabeled_alpha: 0.1
vertical_arrow_jump: 3

[2025-06-11 10:51:14,015] INFO [deepethogram.feature_extractor.inference.feature_extractor_inference:481] Latent name used in HDF5 file: resnet3d_34
[2025-06-11 10:51:14,235] INFO [deepethogram.data.augs.get_gpu_transforms:246] GPU transforms: {'train': Sequential(
  (0): ToFloat()
  (1): VideoSequential(
    (RandomHorizontalFlip_0): RandomHorizontalFlip(p=0.5, p_batch=1.0, same_on_batch=False)
    (RandomRotation_1): RandomRotation(degrees=10, p=0.5, p_batch=1.0, same_on_batch=False, resample=bilinear, align_corners=True)
    (ColorJitter_2): ColorJitter(brightness=0.25, contrast=0.1, saturation=0.1, hue=0.1, p=0.5, p_batch=1.0, same_on_batch=False)
    (RandomGrayscale_3): RandomGrayscale(p=0.5, p_batch=1.0, same_on_batch=False)
  )
  (2): NormalizeVideo()
), 'val': Sequential(
  (0): ToFloat()
  (1): NormalizeVideo()
), 'test': Sequential(
  (0): ToFloat()
  (1): NormalizeVideo()
), 'denormalize': Sequential(
  (0): DenormalizeVideo()
)}
[2025-06-11 10:51:14,237] INFO [deepethogram.feature_extractor.inference.feature_extractor_inference:515] gpu_transform: Sequential(
  (0): ToFloat()
  (1): NormalizeVideo()
)
[2025-06-11 10:51:14,599] INFO [deepethogram.projects.get_weightfile_from_cfg:1079] loading specified weights: D:\LBN\Maternal_auto_classification_train_deepethogram\models\250610_173633_feature_extractor_train\lightning_checkpoints\epoch=1-step=1999.ckpt
[2025-06-11 10:51:15,020] INFO [deepethogram.projects.get_weightfile_from_cfg:1079] loading specified weights: D:\LBN\Maternal_auto_classification_train_deepethogram\models\250610_173633_feature_extractor_train\lightning_checkpoints\epoch=1-step=1999.ckpt
[2025-06-11 10:51:15,020] INFO [deepethogram.feature_extractor.train.build_model_from_cfg:220] feature extractor weightfile: D:\LBN\Maternal_auto_classification_train_deepethogram\models\250610_173633_feature_extractor_train\lightning_checkpoints\epoch=1-step=1999.ckpt
[2025-06-11 10:51:15,348] INFO [deepethogram.utils.load_feature_extractor_components:630] loading component spatial from file D:\LBN\Maternal_auto_classification_train_deepethogram\models\250610_173633_feature_extractor_train\lightning_checkpoints\epoch=1-step=1999.ckpt
[2025-06-11 10:51:15,989] INFO [deepethogram.utils.load_feature_extractor_components:630] loading component flow from file D:\LBN\Maternal_auto_classification_train_deepethogram\models\250610_173633_feature_extractor_train\lightning_checkpoints\epoch=1-step=1999.ckpt
[2025-06-11 10:51:16,676] INFO [deepethogram.projects.get_weightfile_from_cfg:1079] loading specified weights: D:\LBN\Maternal_auto_classification_train_deepethogram\models\250606_152347_flow_generator_train\lightning_checkpoints\epoch=1-step=1999.ckpt
[2025-06-11 10:51:16,676] INFO [deepethogram.utils.load_state:341] loading from checkpoint file D:\LBN\Maternal_auto_classification_train_deepethogram\models\250606_152347_flow_generator_train\lightning_checkpoints\epoch=1-step=1999.ckpt...
[2025-06-11 10:51:16,676] INFO [deepethogram.utils.load_feature_extractor_components:630] loading component fusion from file D:\LBN\Maternal_auto_classification_train_deepethogram\models\250610_173633_feature_extractor_train\lightning_checkpoints\epoch=1-step=1999.ckpt
[2025-06-11 10:51:16,958] INFO [deepethogram.feature_extractor.inference.feature_extractor_inference:545] best epoch from loaded file: 1
[2025-06-11 10:51:16,958] INFO [deepethogram.feature_extractor.inference.feature_extractor_inference:552] thresholds: [0.5        0.36689749 0.63320251 0.65832563 0.9346799  0.64325176
 0.6080794  0.5        0.76886734 0.70354724]
[2025-06-11 10:51:18,030] INFO [deepethogram.feature_extractor.inference.extract:383] inference batch size: 8
[2025-06-11 10:51:34,704] INFO [deepethogram.feature_extractor.inference.print_debug_statement:128] images shape: torch.Size([8, 3, 11, 224, 224])
[2025-06-11 10:51:34,704] INFO [deepethogram.feature_extractor.inference.print_debug_statement:129] logits shape: torch.Size([8, 10])
[2025-06-11 10:51:34,705] INFO [deepethogram.feature_extractor.inference.print_debug_statement:130] spatial_features shape: torch.Size([8, 512])
[2025-06-11 10:51:34,705] INFO [deepethogram.feature_extractor.inference.print_debug_statement:131] flow_features shape: torch.Size([8, 512])
[2025-06-11 10:51:34,705] INFO [deepethogram.feature_extractor.inference.print_debug_statement:133] spatial: min 0.0 mean 1.138491153717041 max 4.0886549949646 shape torch.Size([8, 512])
[2025-06-11 10:51:34,705] INFO [deepethogram.feature_extractor.inference.print_debug_statement:135] flow   : min 0.0 mean 26.534318923950195 max 789.80419921875 shape torch.Size([8, 512])
[2025-06-11 10:51:34,707] INFO [deepethogram.feature_extractor.inference.print_debug_statement:144] channel min:  tensor([-1.9313, -1.9540, -1.6736], device='cuda:0')
[2025-06-11 10:51:34,707] INFO [deepethogram.feature_extractor.inference.print_debug_statement:145] channel mean: tensor([-0.0898, -0.1210,  0.0652], device='cuda:0')
[2025-06-11 10:51:34,707] INFO [deepethogram.feature_extractor.inference.print_debug_statement:146] channel max : tensor([2.6354, 2.5757, 2.9317], device='cuda:0')
[2025-06-11 10:51:34,707] INFO [deepethogram.feature_extractor.inference.print_debug_statement:147] channel std : tensor([0.9792, 0.9576, 0.9904], device='cuda:0')
[2025-06-11 10:52:49,182] INFO [deepethogram.feature_extractor.inference.extract:416] probabilities: torch.Size([1781, 10])
[2025-06-11 10:52:49,182] INFO [deepethogram.feature_extractor.inference.extract:416] logits: torch.Size([1781, 10])
[2025-06-11 10:52:49,182] INFO [deepethogram.feature_extractor.inference.extract:416] spatial_features: torch.Size([1781, 512])
[2025-06-11 10:52:49,183] INFO [deepethogram.feature_extractor.inference.extract:416] flow_features: torch.Size([1781, 512])
[2025-06-11 10:52:49,183] INFO [deepethogram.feature_extractor.inference.extract:416] debug: torch.Size([1781])
[2025-06-11 10:52:49,192] INFO [deepethogram.feature_extractor.inference.extract:437] macro F1: 0.18893046460866852
[2025-06-11 10:54:12,505] INFO [deepethogram.feature_extractor.inference.extract:437] macro F1: 0.11708344875925045
[2025-06-11 10:55:35,829] INFO [deepethogram.feature_extractor.inference.extract:437] macro F1: 0.08617242767163462
[2025-06-11 10:56:59,297] INFO [deepethogram.feature_extractor.inference.extract:437] macro F1: 0.2559012590150904
[2025-06-11 10:58:23,002] INFO [deepethogram.feature_extractor.inference.extract:437] macro F1: 0.2540591915155332
[2025-06-11 10:59:46,436] INFO [deepethogram.feature_extractor.inference.extract:437] macro F1: 0.23265982536515678
[2025-06-11 11:01:10,110] INFO [deepethogram.feature_extractor.inference.extract:437] macro F1: 0.24891346988533236
[2025-06-11 11:02:33,891] INFO [deepethogram.feature_extractor.inference.extract:437] macro F1: 0.25089861634215477
[2025-06-11 11:03:56,887] INFO [deepethogram.feature_extractor.inference.extract:437] macro F1: 0.25582556595899
[2025-06-11 11:05:20,463] INFO [deepethogram.feature_extractor.inference.extract:437] macro F1: 0.2534438256071159
[2025-06-11 11:06:44,698] INFO [deepethogram.feature_extractor.inference.extract:437] macro F1: 0.2606163400532535
[2025-06-11 11:08:08,205] INFO [deepethogram.feature_extractor.inference.extract:437] macro F1: 0.19776782893608572
[2025-06-11 11:09:31,827] INFO [deepethogram.feature_extractor.inference.extract:437] macro F1: 0.1908018391674509
[2025-06-11 11:10:55,126] INFO [deepethogram.feature_extractor.inference.extract:437] macro F1: 0.1977016505761445
[2025-06-11 11:12:19,053] INFO [deepethogram.feature_extractor.inference.extract:437] macro F1: 0.20581259530839363
[2025-06-11 11:13:42,314] INFO [deepethogram.feature_extractor.inference.extract:437] macro F1: 0.2157046240007081
[2025-06-11 11:15:07,142] INFO [deepethogram.feature_extractor.inference.extract:437] macro F1: 0.2163543510698478
[2025-06-11 11:16:32,343] INFO [deepethogram.feature_extractor.inference.extract:437] macro F1: 0.2102421763182647
[2025-06-11 11:17:58,733] INFO [deepethogram.feature_extractor.inference.extract:437] macro F1: 0.19259248437733395
[2025-06-11 11:19:23,053] INFO [deepethogram.feature_extractor.inference.extract:437] macro F1: 0.1975258918296893
[2025-06-11 11:20:47,737] INFO [deepethogram.feature_extractor.inference.extract:437] macro F1: 0.25545326237026245
[2025-06-11 11:22:13,700] INFO [deepethogram.feature_extractor.inference.extract:437] macro F1: 0.23151072894412272
[2025-06-11 11:23:39,682] INFO [deepethogram.feature_extractor.inference.extract:437] macro F1: 0.18405386250885897
[2025-06-11 11:25:04,248] INFO [deepethogram.feature_extractor.inference.extract:437] macro F1: 0.1885743209118437
[2025-06-11 11:26:30,806] INFO [deepethogram.feature_extractor.inference.extract:437] macro F1: 0.26390158608356024
[2025-06-11 11:27:53,648] INFO [deepethogram.feature_extractor.inference.extract:437] macro F1: 0.1948642266824085
[2025-06-11 11:29:17,101] INFO [deepethogram.feature_extractor.inference.extract:437] macro F1: 0.17928730512249444
[2025-06-11 11:30:42,711] INFO [deepethogram.feature_extractor.inference.extract:437] macro F1: 0.15075219196400488
[2025-06-11 11:32:06,646] INFO [deepethogram.feature_extractor.inference.extract:437] macro F1: 0.1882510897718123
[2025-06-11 11:33:30,787] INFO [deepethogram.feature_extractor.inference.extract:437] macro F1: 0.23818690157234074
[2025-06-11 11:34:55,191] INFO [deepethogram.feature_extractor.inference.extract:437] macro F1: 0.16312420357049465
[2025-06-11 11:36:19,645] INFO [deepethogram.feature_extractor.inference.extract:437] macro F1: 0.1991810223100819
[2025-06-11 11:37:44,050] INFO [deepethogram.feature_extractor.inference.extract:437] macro F1: 0.2960245053733899
[2025-06-11 11:39:08,444] INFO [deepethogram.feature_extractor.inference.extract:437] macro F1: 0.29313832341150026
[2025-06-11 11:40:32,700] INFO [deepethogram.feature_extractor.inference.extract:437] macro F1: 0.29146543181851636
[2025-06-11 11:41:56,354] INFO [deepethogram.feature_extractor.inference.extract:437] macro F1: 0.36177494744457295
[2025-06-11 11:43:20,099] INFO [deepethogram.feature_extractor.inference.extract:437] macro F1: 0.29296415976885604
[2025-06-11 11:44:43,674] INFO [deepethogram.feature_extractor.inference.extract:437] macro F1: 0.2878491221300405
[2025-06-11 11:46:07,389] INFO [deepethogram.feature_extractor.inference.extract:437] macro F1: 0.28589485148037846
[2025-06-11 11:47:31,214] INFO [deepethogram.feature_extractor.inference.extract:437] macro F1: 0.28699705798120234
[2025-06-11 11:48:55,117] INFO [deepethogram.feature_extractor.inference.extract:437] macro F1: 0.1949325131070351
[2025-06-11 11:50:19,096] INFO [deepethogram.feature_extractor.inference.extract:437] macro F1: 0.21031800843936974
[2025-06-11 11:51:43,004] INFO [deepethogram.feature_extractor.inference.extract:437] macro F1: 0.23936770996764561
[2025-06-11 11:53:06,795] INFO [deepethogram.feature_extractor.inference.extract:437] macro F1: 0.2598356730685316
[2025-06-11 11:54:30,373] INFO [deepethogram.feature_extractor.inference.extract:437] macro F1: 0.16351310988865575
[2025-06-11 11:55:54,101] INFO [deepethogram.feature_extractor.inference.extract:437] macro F1: 0.3664762449092151
[2025-06-11 11:57:17,693] INFO [deepethogram.feature_extractor.inference.extract:437] macro F1: 0.24249257530556667
[2025-06-11 11:58:41,392] INFO [deepethogram.feature_extractor.inference.extract:437] macro F1: 0.1893822262595552
[2025-06-11 12:00:05,018] INFO [deepethogram.feature_extractor.inference.extract:437] macro F1: 0.21616629063391546
[2025-06-11 12:01:28,777] INFO [deepethogram.feature_extractor.inference.extract:437] macro F1: 0.19603307021089095
[2025-06-11 12:02:52,460] INFO [deepethogram.feature_extractor.inference.extract:437] macro F1: 0.2666252339977004
[2025-06-11 12:04:16,209] INFO [deepethogram.feature_extractor.inference.extract:437] macro F1: 0.15266956849688965
[2025-06-11 12:05:39,911] INFO [deepethogram.feature_extractor.inference.extract:437] macro F1: 0.1
[2025-06-11 12:07:03,641] INFO [deepethogram.feature_extractor.inference.extract:437] macro F1: 0.25363374379272663
[2025-06-11 12:08:27,275] INFO [deepethogram.feature_extractor.inference.extract:437] macro F1: 0.26414008886715046
[2025-06-11 12:09:50,836] INFO [deepethogram.feature_extractor.inference.extract:437] macro F1: 0.30873379629028247
[2025-06-11 12:11:13,910] INFO [deepethogram.feature_extractor.inference.extract:437] macro F1: 0.3019514623995177
[2025-06-11 12:12:37,179] INFO [deepethogram.feature_extractor.inference.extract:437] macro F1: 0.27309360334822375
[2025-06-11 12:13:59,990] INFO [deepethogram.feature_extractor.inference.extract:437] macro F1: 0.2814276766049452
[2025-06-11 12:15:22,955] INFO [deepethogram.feature_extractor.inference.extract:437] macro F1: 0.27845185833838854
[2025-06-11 12:16:45,899] INFO [deepethogram.feature_extractor.inference.extract:437] macro F1: 0.2740899949906335
[2025-06-11 12:18:09,094] INFO [deepethogram.feature_extractor.inference.extract:437] macro F1: 0.18697581530035876
[2025-06-11 12:19:32,308] INFO [deepethogram.feature_extractor.inference.extract:437] macro F1: 0.15369901951990966
[2025-06-11 12:20:55,248] INFO [deepethogram.feature_extractor.inference.extract:437] macro F1: 0.2421038045991938
[2025-06-11 12:22:18,290] INFO [deepethogram.feature_extractor.inference.extract:437] macro F1: 0.21574668899091815
[2025-06-11 12:23:41,664] INFO [deepethogram.feature_extractor.inference.extract:437] macro F1: 0.23198528094618415
[2025-06-11 12:25:04,976] INFO [deepethogram.feature_extractor.inference.extract:437] macro F1: 0.187566091954023
[2025-06-11 12:26:28,393] INFO [deepethogram.feature_extractor.inference.extract:437] macro F1: 0.18594873127642259
[2025-06-11 12:27:51,331] INFO [deepethogram.feature_extractor.inference.extract:437] macro F1: 0.1778198626865426
[2025-06-11 12:29:14,592] INFO [deepethogram.feature_extractor.inference.extract:437] macro F1: 0.10740134169297806
[2025-06-11 12:30:37,920] INFO [deepethogram.feature_extractor.inference.extract:437] macro F1: 0.16811647622558054
[2025-06-11 12:32:01,286] INFO [deepethogram.feature_extractor.inference.extract:437] macro F1: 0.16410938093429547
[2025-06-11 12:33:24,480] INFO [deepethogram.feature_extractor.inference.extract:437] macro F1: 0.1716642754662841
[2025-06-11 12:34:48,027] INFO [deepethogram.feature_extractor.inference.extract:437] macro F1: 0.1702683103698332
[2025-06-11 12:36:11,236] INFO [deepethogram.feature_extractor.inference.extract:437] macro F1: 0.18394421018488485
[2025-06-11 12:37:34,408] INFO [deepethogram.feature_extractor.inference.extract:437] macro F1: 0.19322590271560727
[2025-06-11 12:38:57,747] INFO [deepethogram.feature_extractor.inference.extract:437] macro F1: 0.18769617074701822
[2025-06-11 12:40:21,305] INFO [deepethogram.feature_extractor.inference.extract:437] macro F1: 0.16835908756438558
[2025-06-11 12:41:44,490] INFO [deepethogram.feature_extractor.inference.extract:437] macro F1: 0.18832940370863196
[2025-06-11 12:43:07,460] INFO [deepethogram.feature_extractor.inference.extract:437] macro F1: 0.2697113033014292
[2025-06-11 12:44:30,456] INFO [deepethogram.feature_extractor.inference.extract:437] macro F1: 0.20249359088200142
[2025-06-11 12:45:53,471] INFO [deepethogram.feature_extractor.inference.extract:437] macro F1: 0.23888626692039727
[2025-06-11 12:47:17,001] INFO [deepethogram.feature_extractor.inference.extract:437] macro F1: 0.1767277856135402
[2025-06-11 12:48:40,522] INFO [deepethogram.feature_extractor.inference.extract:437] macro F1: 0.1786558805227131
[2025-06-11 12:50:03,920] INFO [deepethogram.feature_extractor.inference.extract:437] macro F1: 0.15067385444743936
[2025-06-11 12:51:27,104] INFO [deepethogram.feature_extractor.inference.extract:437] macro F1: 0.16451127819548872
[2025-06-11 12:52:50,247] INFO [deepethogram.feature_extractor.inference.extract:437] macro F1: 0.16156205088231507
[2025-06-11 12:54:13,826] INFO [deepethogram.feature_extractor.inference.extract:437] macro F1: 0.1758414128253012
[2025-06-11 12:55:37,396] INFO [deepethogram.feature_extractor.inference.extract:437] macro F1: 0.17628851500852682
[2025-06-11 12:57:00,810] INFO [deepethogram.feature_extractor.inference.extract:437] macro F1: 0.1772813089993707
[2025-06-11 12:58:24,382] INFO [deepethogram.feature_extractor.inference.extract:437] macro F1: 0.15718181818181817
[2025-06-11 12:59:47,922] INFO [deepethogram.feature_extractor.inference.extract:437] macro F1: 0.15805686569276614
[2025-06-11 13:01:11,476] INFO [deepethogram.feature_extractor.inference.extract:437] macro F1: 0.17750942844435239
[2025-06-11 13:02:34,863] INFO [deepethogram.feature_extractor.inference.extract:437] macro F1: 0.1941427962438589
[2025-06-11 13:03:58,422] INFO [deepethogram.feature_extractor.inference.extract:437] macro F1: 0.17361839279699737
[2025-06-11 13:05:21,823] INFO [deepethogram.feature_extractor.inference.extract:437] macro F1: 0.1994758214620556
[2025-06-11 13:06:45,332] INFO [deepethogram.feature_extractor.inference.extract:437] macro F1: 0.19058909199663918
[2025-06-11 13:08:08,909] INFO [deepethogram.feature_extractor.inference.extract:437] macro F1: 0.16450906627635511
[2025-06-11 13:09:32,742] INFO [deepethogram.feature_extractor.inference.extract:437] macro F1: 0.2745615923877963
[2025-06-11 13:10:55,911] INFO [deepethogram.feature_extractor.inference.extract:437] macro F1: 0.27995044279691567
[2025-06-11 13:12:19,222] INFO [deepethogram.feature_extractor.inference.extract:437] macro F1: 0.2770225502372713
[2025-06-11 13:13:42,403] INFO [deepethogram.feature_extractor.inference.extract:437] macro F1: 0.26873200450585955
[2025-06-11 13:15:05,819] INFO [deepethogram.feature_extractor.inference.extract:437] macro F1: 0.2378695718872695
[2025-06-11 13:16:29,164] INFO [deepethogram.feature_extractor.inference.extract:437] macro F1: 0.2971417670981252
[2025-06-11 13:17:52,153] INFO [deepethogram.feature_extractor.inference.extract:437] macro F1: 0.2842642667077005
[2025-06-11 13:19:15,280] INFO [deepethogram.feature_extractor.inference.extract:437] macro F1: 0.31756859291673484
[2025-06-11 13:20:38,242] INFO [deepethogram.feature_extractor.inference.extract:437] macro F1: 0.33783654332689433
[2025-06-11 13:22:01,460] INFO [deepethogram.feature_extractor.inference.extract:437] macro F1: 0.35519052758005454
[2025-06-11 13:23:25,456] INFO [deepethogram.feature_extractor.inference.extract:437] macro F1: 0.3402742938817105
[2025-06-11 13:24:49,223] INFO [deepethogram.feature_extractor.inference.extract:437] macro F1: 0.35163080654815354
[2025-06-11 13:26:13,282] INFO [deepethogram.feature_extractor.inference.extract:437] macro F1: 0.30991635085285635
[2025-06-11 13:27:36,859] INFO [deepethogram.feature_extractor.inference.extract:437] macro F1: 0.35930904154498366
[2025-06-11 13:29:00,389] INFO [deepethogram.feature_extractor.inference.extract:437] macro F1: 0.3203129430184752
[2025-06-11 13:30:25,076] INFO [deepethogram.feature_extractor.inference.extract:437] macro F1: 0.1545610278372591
[2025-06-11 13:31:50,041] INFO [deepethogram.feature_extractor.inference.extract:437] macro F1: 0.1394572025052192
[2025-06-11 13:33:14,746] INFO [deepethogram.feature_extractor.inference.extract:437] macro F1: 0.17263056758315334
[2025-06-11 13:34:38,839] INFO [deepethogram.feature_extractor.inference.extract:437] macro F1: 0.1669041999465353
[2025-06-11 13:36:02,668] INFO [deepethogram.feature_extractor.inference.extract:437] macro F1: 0.15405267692511165
[2025-06-11 13:37:26,712] INFO [deepethogram.feature_extractor.inference.extract:437] macro F1: 0.15948762320230683
[2025-06-11 13:38:50,844] INFO [deepethogram.feature_extractor.inference.extract:437] macro F1: 0.16539703956217905
[2025-06-11 13:40:14,640] INFO [deepethogram.feature_extractor.inference.extract:437] macro F1: 0.17472915223419355
[2025-06-11 13:41:38,479] INFO [deepethogram.feature_extractor.inference.extract:437] macro F1: 0.15049613737019016
[2025-06-11 13:43:02,558] INFO [deepethogram.feature_extractor.inference.extract:437] macro F1: 0.1639988328551421
[2025-06-11 13:44:26,770] INFO [deepethogram.feature_extractor.inference.extract:437] macro F1: 0.19706144990452118
[2025-06-11 13:45:51,534] INFO [deepethogram.feature_extractor.inference.extract:437] macro F1: 0.273257710417409
[2025-06-11 13:47:15,862] INFO [deepethogram.feature_extractor.inference.extract:437] macro F1: 0.19324262709748102
[2025-06-11 13:48:40,082] INFO [deepethogram.feature_extractor.inference.extract:437] macro F1: 0.16489851640976708
[2025-06-11 13:50:04,710] INFO [deepethogram.feature_extractor.inference.extract:437] macro F1: 0.13580332896338607
[2025-06-11 13:51:29,497] INFO [deepethogram.feature_extractor.inference.extract:437] macro F1: 0.16917776650771235
[2025-06-11 13:52:53,899] INFO [deepethogram.feature_extractor.inference.extract:437] macro F1: 0.16822897110197033
[2025-06-11 13:54:21,146] INFO [deepethogram.feature_extractor.inference.extract:437] macro F1: 0.19812009181888832
[2025-06-11 13:55:47,302] INFO [deepethogram.feature_extractor.inference.extract:437] macro F1: 0.18838324429617906
[2025-06-11 13:57:12,096] INFO [deepethogram.feature_extractor.inference.extract:437] macro F1: 0.1912258348455901
[2025-06-11 13:58:38,953] INFO [deepethogram.feature_extractor.inference.extract:437] macro F1: 0.33423301676508166
[2025-06-11 14:00:02,862] INFO [deepethogram.feature_extractor.inference.extract:437] macro F1: 0.31073719840476915
[2025-06-11 14:01:27,064] INFO [deepethogram.feature_extractor.inference.extract:437] macro F1: 0.29318010095002733
[2025-06-11 14:02:51,050] INFO [deepethogram.feature_extractor.inference.extract:437] macro F1: 0.27473376683869943
[2025-06-11 14:04:16,197] INFO [deepethogram.feature_extractor.inference.extract:437] macro F1: 0.2554277352649085
[2025-06-11 14:05:40,341] INFO [deepethogram.feature_extractor.inference.extract:437] macro F1: 0.3031388427196382
[2025-06-11 14:07:04,800] INFO [deepethogram.feature_extractor.inference.extract:437] macro F1: 0.30490327107377735
[2025-06-11 14:08:29,037] INFO [deepethogram.feature_extractor.inference.extract:437] macro F1: 0.3103942357674053
[2025-06-11 14:09:53,797] INFO [deepethogram.feature_extractor.inference.extract:437] macro F1: 0.25816496405932554
[2025-06-11 14:11:17,725] INFO [deepethogram.feature_extractor.inference.extract:437] macro F1: 0.09791249642550758
[2025-06-11 14:12:41,656] INFO [deepethogram.feature_extractor.inference.extract:437] macro F1: 0.15455284552845527
[2025-06-11 14:14:05,928] INFO [deepethogram.feature_extractor.inference.extract:437] macro F1: 0.19002463054187194
[2025-06-11 14:15:30,575] INFO [deepethogram.feature_extractor.inference.extract:437] macro F1: 0.2538209156464225
[2025-06-11 14:16:54,755] INFO [deepethogram.feature_extractor.inference.extract:437] macro F1: 0.2701276192990869
[2025-06-11 14:18:18,897] INFO [deepethogram.feature_extractor.inference.extract:437] macro F1: 0.24634742904682927
[2025-06-11 14:19:42,776] INFO [deepethogram.feature_extractor.inference.extract:437] macro F1: 0.24899953622503906
[2025-06-11 14:21:06,202] INFO [deepethogram.feature_extractor.inference.extract:437] macro F1: 0.2580264713165346
[2025-06-11 14:22:29,449] INFO [deepethogram.feature_extractor.inference.extract:437] macro F1: 0.3170742097114139
[2025-06-11 14:23:53,119] INFO [deepethogram.feature_extractor.inference.extract:437] macro F1: 0.318103817278429
[2025-06-11 14:25:21,154] INFO [deepethogram.feature_extractor.inference.extract:437] macro F1: 0.26693146473535645
[2025-06-11 14:26:46,055] INFO [deepethogram.feature_extractor.inference.extract:437] macro F1: 0.1
[2025-06-11 14:28:10,239] INFO [deepethogram.feature_extractor.inference.extract:437] macro F1: 0.1
[2025-06-11 14:29:37,285] INFO [deepethogram.feature_extractor.inference.extract:437] macro F1: 0.12948887886059318
[2025-06-11 14:31:02,236] INFO [deepethogram.feature_extractor.inference.extract:437] macro F1: 0.09966348850252384
[2025-06-11 14:32:25,834] INFO [deepethogram.feature_extractor.inference.extract:437] macro F1: 0.19458885825184394
[2025-06-11 14:33:49,692] INFO [deepethogram.feature_extractor.inference.extract:437] macro F1: 0.1914658386578332
[2025-06-11 14:35:13,658] INFO [deepethogram.feature_extractor.inference.extract:437] macro F1: 0.17897878094648925
[2025-06-11 14:36:37,878] INFO [deepethogram.feature_extractor.inference.extract:437] macro F1: 0.09849645390070921
[2025-06-11 14:38:02,535] INFO [deepethogram.feature_extractor.inference.extract:437] macro F1: 0.1
[2025-06-11 14:39:29,031] INFO [deepethogram.feature_extractor.inference.extract:437] macro F1: 0.2
[2025-06-11 14:40:55,447] INFO [deepethogram.feature_extractor.inference.extract:437] macro F1: 0.1426881917865702
[2025-06-11 14:42:21,546] INFO [deepethogram.feature_extractor.inference.extract:437] macro F1: 0.1752242979094864
[2025-06-11 14:43:48,949] INFO [deepethogram.feature_extractor.inference.extract:437] macro F1: 0.17820630058671297
[2025-06-11 14:45:17,362] INFO [deepethogram.feature_extractor.inference.extract:437] macro F1: 0.19104704308351442
[2025-06-11 14:46:43,252] INFO [deepethogram.feature_extractor.inference.extract:437] macro F1: 0.21936983411996538
[2025-06-11 14:48:10,219] INFO [deepethogram.feature_extractor.inference.extract:437] macro F1: 0.1981585001628947
[2025-06-11 14:49:38,436] INFO [deepethogram.feature_extractor.inference.extract:437] macro F1: 0.31774661284326383
[2025-06-11 14:51:04,425] INFO [deepethogram.feature_extractor.inference.extract:437] macro F1: 0.19847842863267542
[2025-06-11 14:52:33,151] INFO [deepethogram.feature_extractor.inference.extract:437] macro F1: 0.19518407689749181
[2025-06-11 14:53:57,881] INFO [deepethogram.feature_extractor.inference.extract:437] macro F1: 0.1975552483965711
[2025-06-11 14:55:23,216] INFO [deepethogram.feature_extractor.inference.extract:437] macro F1: 0.1285014903722835
[2025-06-11 14:56:49,653] INFO [deepethogram.feature_extractor.inference.extract:437] macro F1: 0.1969104268282616
[2025-06-11 14:58:16,492] INFO [deepethogram.feature_extractor.inference.extract:437] macro F1: 0.13690372169106815
[2025-06-11 14:59:45,649] INFO [deepethogram.feature_extractor.inference.extract:437] macro F1: 0.1
[2025-06-11 15:01:13,806] INFO [deepethogram.feature_extractor.inference.extract:437] macro F1: 0.1
[2025-06-11 15:02:39,454] INFO [deepethogram.feature_extractor.inference.extract:437] macro F1: 0.09949409780775717
[2025-06-11 15:04:05,254] INFO [deepethogram.feature_extractor.inference.extract:437] macro F1: 0.09519343493552168
[2025-06-11 15:05:32,419] INFO [deepethogram.feature_extractor.inference.extract:437] macro F1: 0.08647619047619047
[2025-06-11 15:06:59,999] INFO [deepethogram.feature_extractor.inference.extract:437] macro F1: 0.09923922231614539
[2025-06-11 15:08:26,829] INFO [deepethogram.feature_extractor.inference.extract:437] macro F1: 0.09889674681753889
[2025-06-11 15:09:54,888] INFO [deepethogram.feature_extractor.inference.extract:437] macro F1: 0.10671358960476449
[2025-06-11 15:11:21,414] INFO [deepethogram.feature_extractor.inference.extract:437] macro F1: 0.1672514619883041
[2025-06-11 15:12:47,121] INFO [deepethogram.feature_extractor.inference.extract:437] macro F1: 0.1
[2025-06-11 15:14:13,500] INFO [deepethogram.feature_extractor.inference.extract:437] macro F1: 0.1
[2025-06-11 15:15:41,882] INFO [deepethogram.feature_extractor.inference.extract:437] macro F1: 0.1
[2025-06-11 15:17:08,517] INFO [deepethogram.feature_extractor.inference.extract:437] macro F1: 0.1
[2025-06-11 15:18:34,283] INFO [deepethogram.feature_extractor.inference.extract:437] macro F1: 0.1
[2025-06-11 15:20:00,766] INFO [deepethogram.feature_extractor.inference.extract:437] macro F1: 0.19965576592082618
[2025-06-11 15:21:28,311] INFO [deepethogram.feature_extractor.inference.extract:437] macro F1: 0.2
[2025-06-11 15:22:53,705] INFO [deepethogram.feature_extractor.inference.extract:437] macro F1: 0.1975723895875987
[2025-06-11 15:24:18,208] INFO [deepethogram.feature_extractor.inference.extract:437] macro F1: 0.31454736343726647
[2025-06-11 15:25:42,921] INFO [deepethogram.feature_extractor.inference.extract:437] macro F1: 0.1980802792321117
[2025-06-11 15:27:07,322] INFO [deepethogram.feature_extractor.inference.extract:437] macro F1: 0.13609211572204666
[2025-06-11 15:28:34,274] INFO [deepethogram.feature_extractor.inference.extract:437] macro F1: 0.2
[2025-06-11 15:30:00,341] INFO [deepethogram.feature_extractor.inference.extract:437] macro F1: 0.26646690239606297
[2025-06-11 15:31:24,943] INFO [deepethogram.feature_extractor.inference.extract:437] macro F1: 0.1969632255320934
[2025-06-11 15:32:49,270] INFO [deepethogram.feature_extractor.inference.extract:437] macro F1: 0.2
[2025-06-11 15:34:14,301] INFO [deepethogram.feature_extractor.inference.extract:437] macro F1: 0.16863530342504057
[2025-06-11 15:35:38,753] INFO [deepethogram.feature_extractor.inference.extract:437] macro F1: 0.2717072300499997
[2025-06-11 15:37:02,033] INFO [deepethogram.feature_extractor.inference.extract:437] macro F1: 0.32390287625710523
[2025-06-11 15:38:26,022] INFO [deepethogram.feature_extractor.inference.extract:437] macro F1: 0.19872611464968154
[2025-06-11 15:39:51,113] INFO [deepethogram.feature_extractor.inference.extract:437] macro F1: 0.16288619982697633
[2025-06-11 15:41:16,671] INFO [deepethogram.feature_extractor.inference.extract:437] macro F1: 0.1987067065777258
[2025-06-11 15:42:41,785] INFO [deepethogram.feature_extractor.inference.extract:437] macro F1: 0.21997300944669368
[2025-06-11 15:44:05,434] INFO [deepethogram.feature_extractor.inference.extract:437] macro F1: 0.18891555718984943
[2025-06-11 15:45:33,398] INFO [deepethogram.feature_extractor.inference.extract:437] macro F1: 0.1868947708198838
[2025-06-11 15:46:59,186] INFO [deepethogram.feature_extractor.inference.extract:437] macro F1: 0.18684975767366724
[2025-06-11 15:48:23,264] INFO [deepethogram.feature_extractor.inference.extract:437] macro F1: 0.192494274175542
[2025-06-11 15:49:46,370] INFO [deepethogram.feature_extractor.inference.extract:437] macro F1: 0.2
[2025-06-11 15:51:09,419] INFO [deepethogram.feature_extractor.inference.extract:437] macro F1: 0.19513259483048
[2025-06-11 15:52:32,371] INFO [deepethogram.feature_extractor.inference.extract:437] macro F1: 0.23006964342528263
[2025-06-11 15:53:55,027] INFO [deepethogram.feature_extractor.inference.extract:437] macro F1: 0.3490295752888982
[2025-06-11 15:55:18,598] INFO [deepethogram.feature_extractor.inference.extract:437] macro F1: 0.19931151532706642
[2025-06-11 15:56:43,131] INFO [deepethogram.feature_extractor.inference.extract:437] macro F1: 0.2
[2025-06-11 15:58:07,474] INFO [deepethogram.feature_extractor.inference.extract:437] macro F1: 0.22189137923516328
[2025-06-11 15:59:34,025] INFO [deepethogram.feature_extractor.inference.extract:437] macro F1: 0.1735525704624417
[2025-06-11 16:00:59,806] INFO [deepethogram.feature_extractor.inference.extract:437] macro F1: 0.14296793795474533
[2025-06-11 16:02:26,728] INFO [deepethogram.feature_extractor.inference.extract:437] macro F1: 0.180654182782891
[2025-06-11 16:03:53,972] INFO [deepethogram.feature_extractor.inference.extract:437] macro F1: 0.1991364421416235
[2025-06-11 16:05:19,030] INFO [deepethogram.feature_extractor.inference.extract:437] macro F1: 0.30992869589142114
[2025-06-11 16:06:41,517] INFO [deepethogram.feature_extractor.inference.extract:437] macro F1: 0.2918489200034947
[2025-06-11 16:08:04,405] INFO [deepethogram.feature_extractor.inference.extract:437] macro F1: 0.24215722706645315
[2025-06-11 16:09:30,302] INFO [deepethogram.feature_extractor.inference.extract:437] macro F1: 0.24919329337505122
[2025-06-11 16:10:55,717] INFO [deepethogram.feature_extractor.inference.extract:437] macro F1: 0.25184486829876124
[2025-06-11 16:12:21,020] INFO [deepethogram.feature_extractor.inference.extract:437] macro F1: 0.3092794419008981
[2025-06-11 16:13:46,863] INFO [deepethogram.feature_extractor.inference.extract:437] macro F1: 0.29770177608810616
[2025-06-11 16:15:13,514] INFO [deepethogram.feature_extractor.inference.extract:437] macro F1: 0.2598153460456965
[2025-06-11 16:16:38,416] INFO [deepethogram.feature_extractor.inference.extract:437] macro F1: 0.2
[2025-06-11 16:18:04,040] INFO [deepethogram.feature_extractor.inference.extract:437] macro F1: 0.2
[2025-06-11 16:19:30,077] INFO [deepethogram.feature_extractor.inference.extract:437] macro F1: 0.19850137398412876
[2025-06-11 16:20:54,112] INFO [deepethogram.feature_extractor.inference.extract:437] macro F1: 0.19936781609195403
[2025-06-11 16:22:15,900] INFO [deepethogram.feature_extractor.inference.extract:437] macro F1: 0.15731306813723842
[2025-06-11 16:23:40,435] INFO [deepethogram.feature_extractor.inference.extract:437] macro F1: 0.19362575164650503
[2025-06-11 16:25:02,270] INFO [deepethogram.feature_extractor.inference.extract:437] macro F1: 0.1991654676258993
[2025-06-11 16:26:24,324] INFO [deepethogram.feature_extractor.inference.extract:437] macro F1: 0.33040002784036016
[2025-06-11 16:27:46,355] INFO [deepethogram.feature_extractor.inference.extract:437] macro F1: 0.26660157856983246
[2025-06-11 16:29:08,489] INFO [deepethogram.feature_extractor.inference.extract:437] macro F1: 0.2
[2025-06-11 16:30:30,318] INFO [deepethogram.feature_extractor.inference.extract:437] macro F1: 0.2
[2025-06-11 16:31:52,702] INFO [deepethogram.feature_extractor.inference.extract:437] macro F1: 0.2289970307281916
[2025-06-11 16:33:14,502] INFO [deepethogram.feature_extractor.inference.extract:437] macro F1: 0.33014186149608193
[2025-06-11 16:34:36,360] INFO [deepethogram.feature_extractor.inference.extract:437] macro F1: 0.19732902847079542
[2025-06-11 16:35:58,361] INFO [deepethogram.feature_extractor.inference.extract:437] macro F1: 0.19844961240310077
[2025-06-11 16:37:20,318] INFO [deepethogram.feature_extractor.inference.extract:437] macro F1: 0.13329706202393904
[2025-06-11 16:38:42,314] INFO [deepethogram.feature_extractor.inference.extract:437] macro F1: 0.18445466821108908
[2025-06-11 16:40:04,423] INFO [deepethogram.feature_extractor.inference.extract:437] macro F1: 0.25255441909257803
[2025-06-11 16:41:26,253] INFO [deepethogram.feature_extractor.inference.extract:437] macro F1: 0.3395324125456521
[2025-06-11 16:42:48,171] INFO [deepethogram.feature_extractor.inference.extract:437] macro F1: 0.19442099746220898
[2025-06-11 16:44:10,186] INFO [deepethogram.feature_extractor.inference.extract:437] macro F1: 0.3059305366418739
[2025-06-11 16:45:32,038] INFO [deepethogram.feature_extractor.inference.extract:437] macro F1: 0.34831190861807604
[2025-06-11 16:46:54,117] INFO [deepethogram.feature_extractor.inference.extract:437] macro F1: 0.2651074791329818
[2025-06-11 16:48:15,864] INFO [deepethogram.feature_extractor.inference.extract:437] macro F1: 0.22883806873862128
[2025-06-11 16:49:38,060] INFO [deepethogram.feature_extractor.inference.extract:437] macro F1: 0.31050941102087143
[2025-06-11 16:51:00,151] INFO [deepethogram.feature_extractor.inference.extract:437] macro F1: 0.1512067724180211
[2025-06-11 16:52:22,297] INFO [deepethogram.feature_extractor.inference.extract:437] macro F1: 0.2599630761395467
[2025-06-11 16:53:44,628] INFO [deepethogram.feature_extractor.inference.extract:437] macro F1: 0.23561541385233684
[2025-06-11 16:55:06,679] INFO [deepethogram.feature_extractor.inference.extract:437] macro F1: 0.16208251473477406
[2025-06-11 16:56:28,552] INFO [deepethogram.feature_extractor.inference.extract:437] macro F1: 0.16007067137809186
[2025-06-11 16:57:50,513] INFO [deepethogram.feature_extractor.inference.extract:437] macro F1: 0.16363191385217818
[2025-06-11 16:59:12,449] INFO [deepethogram.feature_extractor.inference.extract:437] macro F1: 0.15815602836879433
[2025-06-11 17:00:34,189] INFO [deepethogram.feature_extractor.inference.extract:437] macro F1: 0.15333333333333332
[2025-06-11 17:01:56,271] INFO [deepethogram.feature_extractor.inference.extract:437] macro F1: 0.1522025386228966
[2025-06-11 17:03:18,414] INFO [deepethogram.feature_extractor.inference.extract:437] macro F1: 0.15889096016127807
[2025-06-11 17:04:40,179] INFO [deepethogram.feature_extractor.inference.extract:437] macro F1: 0.1610290371879776
[2025-06-11 17:06:02,435] INFO [deepethogram.feature_extractor.inference.extract:437] macro F1: 0.2
[2025-06-11 17:07:24,523] INFO [deepethogram.feature_extractor.inference.extract:437] macro F1: 0.22752628151874532
[2025-06-11 17:08:46,400] INFO [deepethogram.feature_extractor.inference.extract:437] macro F1: 0.34577951096406656
[2025-06-11 17:10:08,431] INFO [deepethogram.feature_extractor.inference.extract:437] macro F1: 0.29237866463403783
[2025-06-11 17:11:30,385] INFO [deepethogram.feature_extractor.inference.extract:437] macro F1: 0.1973274596182085
[2025-06-11 17:12:52,597] INFO [deepethogram.feature_extractor.inference.extract:437] macro F1: 0.17793683189524523
[2025-06-11 17:14:14,459] INFO [deepethogram.feature_extractor.inference.extract:437] macro F1: 0.11147390489365971
[2025-06-11 17:15:36,526] INFO [deepethogram.feature_extractor.inference.extract:437] macro F1: 0.16775494472123684
[2025-06-11 17:16:58,515] INFO [deepethogram.feature_extractor.inference.extract:437] macro F1: 0.2911968592218649
[2025-06-11 17:18:20,191] INFO [deepethogram.feature_extractor.inference.extract:437] macro F1: 0.2678068289188048
[2025-06-11 17:19:41,737] INFO [deepethogram.feature_extractor.inference.extract:437] macro F1: 0.1896597123883978
[2025-06-11 17:21:03,717] INFO [deepethogram.feature_extractor.inference.extract:437] macro F1: 0.2624219637563974
[2025-06-11 17:22:25,473] INFO [deepethogram.feature_extractor.inference.extract:437] macro F1: 0.226978317752417
[2025-06-11 17:23:47,371] INFO [deepethogram.feature_extractor.inference.extract:437] macro F1: 0.3774545899847097
[2025-06-11 17:25:09,528] INFO [deepethogram.feature_extractor.inference.extract:437] macro F1: 0.11230579717908278
[2025-06-11 17:26:31,529] INFO [deepethogram.feature_extractor.inference.extract:437] macro F1: 0.19968454258675078
[2025-06-11 17:27:53,707] INFO [deepethogram.feature_extractor.inference.extract:437] macro F1: 0.1995693367786391
[2025-06-11 17:29:15,693] INFO [deepethogram.feature_extractor.inference.extract:437] macro F1: 0.2365316955839142
[2025-06-11 17:30:37,664] INFO [deepethogram.feature_extractor.inference.extract:437] macro F1: 0.15324161170446696
[2025-06-11 17:31:59,788] INFO [deepethogram.feature_extractor.inference.extract:437] macro F1: 0.1848726098978003
[2025-06-11 17:33:21,586] INFO [deepethogram.feature_extractor.inference.extract:437] macro F1: 0.2643848654865101
[2025-06-11 17:34:43,572] INFO [deepethogram.feature_extractor.inference.extract:437] macro F1: 0.16260733661157517
[2025-06-11 17:36:05,739] INFO [deepethogram.feature_extractor.inference.extract:437] macro F1: 0.19866666666666666
[2025-06-11 17:37:28,627] INFO [deepethogram.feature_extractor.inference.extract:437] macro F1: 0.2243883072330458
[2025-06-11 17:38:51,660] INFO [deepethogram.feature_extractor.inference.extract:437] macro F1: 0.19806494405159972
[2025-06-11 17:40:14,111] INFO [deepethogram.feature_extractor.inference.extract:437] macro F1: 0.18998498861378804
[2025-06-11 17:41:36,206] INFO [deepethogram.feature_extractor.inference.extract:437] macro F1: 0.23957836294572954
[2025-06-11 17:42:58,297] INFO [deepethogram.feature_extractor.inference.extract:437] macro F1: 0.2267678121481799
[2025-06-11 17:44:20,535] INFO [deepethogram.feature_extractor.inference.extract:437] macro F1: 0.1626311969931653
[2025-06-11 17:45:42,585] INFO [deepethogram.feature_extractor.inference.extract:437] macro F1: 0.2250460159031527
[2025-06-11 17:47:04,423] INFO [deepethogram.feature_extractor.inference.extract:437] macro F1: 0.2
[2025-06-11 17:48:26,428] INFO [deepethogram.feature_extractor.inference.extract:437] macro F1: 0.1922473609348697
[2025-06-11 17:49:48,604] INFO [deepethogram.feature_extractor.inference.extract:437] macro F1: 0.2563919514677663
[2025-06-11 17:51:10,607] INFO [deepethogram.feature_extractor.inference.extract:437] macro F1: 0.16095238095238096
[2025-06-11 17:52:35,143] INFO [deepethogram.feature_extractor.inference.extract:437] macro F1: 0.2744978042917885
[2025-06-11 17:53:57,064] INFO [deepethogram.feature_extractor.inference.extract:437] macro F1: 0.19928016124388137
[2025-06-11 17:55:19,303] INFO [deepethogram.feature_extractor.inference.extract:437] macro F1: 0.2697583273685949
[2025-06-11 17:56:41,238] INFO [deepethogram.feature_extractor.inference.extract:437] macro F1: 0.19252201910128014
[2025-06-11 17:58:02,037] INFO [deepethogram.feature_extractor.inference.extract:437] macro F1: 0.3625688424747232
[2025-06-11 17:59:25,411] INFO [deepethogram.feature_extractor.inference.extract:437] macro F1: 0.2682060907094427
[2025-06-11 18:00:48,783] INFO [deepethogram.feature_extractor.inference.extract:437] macro F1: 0.1808988522051136
[2025-06-11 18:02:12,468] INFO [deepethogram.feature_extractor.inference.extract:437] macro F1: 0.17273901808785527
[2025-06-11 18:03:35,890] INFO [deepethogram.feature_extractor.inference.extract:437] macro F1: 0.13893703246888464
[2025-06-11 18:04:59,478] INFO [deepethogram.feature_extractor.inference.extract:437] macro F1: 0.22840416980006745
[2025-06-11 18:06:23,041] INFO [deepethogram.feature_extractor.inference.extract:437] macro F1: 0.2
[2025-06-11 18:07:46,665] INFO [deepethogram.feature_extractor.inference.extract:437] macro F1: 0.16901631290295788
[2025-06-11 18:09:10,273] INFO [deepethogram.feature_extractor.inference.extract:437] macro F1: 0.1996060776589758
[2025-06-11 18:10:33,600] INFO [deepethogram.feature_extractor.inference.extract:437] macro F1: 0.1
[2025-06-11 18:11:56,727] INFO [deepethogram.feature_extractor.inference.extract:437] macro F1: 0.19952072173667887
[2025-06-11 18:13:20,205] INFO [deepethogram.feature_extractor.inference.extract:437] macro F1: 0.19773703809796622
[2025-06-11 18:14:43,553] INFO [deepethogram.feature_extractor.inference.extract:437] macro F1: 0.19558350394852297
[2025-06-11 18:16:06,967] INFO [deepethogram.feature_extractor.inference.extract:437] macro F1: 0.19726618705035973
[2025-06-11 18:17:30,563] INFO [deepethogram.feature_extractor.inference.extract:437] macro F1: 0.18553251835496437
[2025-06-11 18:18:54,035] INFO [deepethogram.feature_extractor.inference.extract:437] macro F1: 0.2774167660231645
[2025-06-11 18:20:17,376] INFO [deepethogram.feature_extractor.inference.extract:437] macro F1: 0.1728248430936105
[2025-06-11 18:21:40,777] INFO [deepethogram.feature_extractor.inference.extract:437] macro F1: 0.2
[2025-06-11 18:23:04,041] INFO [deepethogram.feature_extractor.inference.extract:437] macro F1: 0.2697392251721585
[2025-06-11 18:24:27,429] INFO [deepethogram.feature_extractor.inference.extract:437] macro F1: 0.1972594752186589
[2025-06-11 18:25:50,863] INFO [deepethogram.feature_extractor.inference.extract:437] macro F1: 0.1870609785547264
[2025-06-11 18:27:13,959] INFO [deepethogram.feature_extractor.inference.extract:437] macro F1: 0.3362897524051421
[2025-06-11 18:28:37,451] INFO [deepethogram.feature_extractor.inference.extract:437] macro F1: 0.17506712907403738
[2025-06-11 18:30:00,835] INFO [deepethogram.feature_extractor.inference.extract:437] macro F1: 0.17721826854656234
[2025-06-11 18:31:24,190] INFO [deepethogram.feature_extractor.inference.extract:437] macro F1: 0.12655935613682093
[2025-06-11 18:32:47,382] INFO [deepethogram.feature_extractor.inference.extract:437] macro F1: 0.10323022813843437
[2025-06-11 18:34:10,548] INFO [deepethogram.feature_extractor.inference.extract:437] macro F1: 0.1785129660956529
[2025-06-11 18:35:33,926] INFO [deepethogram.feature_extractor.inference.extract:437] macro F1: 0.17773826458036984
[2025-06-11 18:36:57,313] INFO [deepethogram.feature_extractor.inference.extract:437] macro F1: 0.17808471454880298
[2025-06-11 18:38:20,654] INFO [deepethogram.feature_extractor.inference.extract:437] macro F1: 0.16934882325306502
[2025-06-11 18:39:44,273] INFO [deepethogram.feature_extractor.inference.extract:437] macro F1: 0.19083740524641088
[2025-06-11 18:41:07,784] INFO [deepethogram.feature_extractor.inference.extract:437] macro F1: 0.19006785934608267
[2025-06-11 18:42:31,319] INFO [deepethogram.feature_extractor.inference.extract:437] macro F1: 0.2393150028913506
[2025-06-11 18:43:54,616] INFO [deepethogram.feature_extractor.inference.extract:437] macro F1: 0.15836385836385833
[2025-06-11 18:45:18,022] INFO [deepethogram.feature_extractor.inference.extract:437] macro F1: 0.17736975499859192
[2025-06-11 18:46:41,366] INFO [deepethogram.feature_extractor.inference.extract:437] macro F1: 0.1973670479792909
[2025-06-11 18:48:04,785] INFO [deepethogram.feature_extractor.inference.extract:437] macro F1: 0.19674706991427454
[2025-06-11 18:49:28,125] INFO [deepethogram.feature_extractor.inference.extract:437] macro F1: 0.14994161806293177
[2025-06-11 18:50:51,659] INFO [deepethogram.feature_extractor.inference.extract:437] macro F1: 0.13357309357309358
[2025-06-11 18:52:14,917] INFO [deepethogram.feature_extractor.inference.extract:437] macro F1: 0.16655941034191302
[2025-06-11 18:53:38,272] INFO [deepethogram.feature_extractor.inference.extract:437] macro F1: 0.2759981135621431
[2025-06-11 18:55:01,638] INFO [deepethogram.feature_extractor.inference.extract:437] macro F1: 0.18510948434815783
[2025-06-11 18:56:25,011] INFO [deepethogram.feature_extractor.inference.extract:437] macro F1: 0.18325701616778436
[2025-06-11 18:57:48,375] INFO [deepethogram.feature_extractor.inference.extract:437] macro F1: 0.14602661031117514
[2025-06-11 18:59:11,746] INFO [deepethogram.feature_extractor.inference.extract:437] macro F1: 0.12975783349203582
[2025-06-11 19:00:35,169] INFO [deepethogram.feature_extractor.inference.extract:437] macro F1: 0.10838172184899006
[2025-06-11 19:01:58,246] INFO [deepethogram.feature_extractor.inference.extract:437] macro F1: 0.15184902174671439
[2025-06-11 19:03:21,399] INFO [deepethogram.feature_extractor.inference.extract:437] macro F1: 0.09663573085846867
[2025-06-11 19:04:44,422] INFO [deepethogram.feature_extractor.inference.extract:437] macro F1: 0.18593619772396228
[2025-06-11 19:06:07,826] INFO [deepethogram.feature_extractor.inference.extract:437] macro F1: 0.28917007355845786
[2025-06-11 19:07:30,975] INFO [deepethogram.feature_extractor.inference.extract:437] macro F1: 0.29201400325670057
[2025-06-11 19:08:54,162] INFO [deepethogram.feature_extractor.inference.extract:437] macro F1: 0.262979749323452
[2025-06-11 19:10:17,533] INFO [deepethogram.feature_extractor.inference.extract:437] macro F1: 0.24623654887218388
[2025-06-11 19:11:40,505] INFO [deepethogram.feature_extractor.inference.extract:437] macro F1: 0.24173192405878444
[2025-06-11 19:13:03,429] INFO [deepethogram.feature_extractor.inference.extract:437] macro F1: 0.22050875722418578
[2025-06-11 19:14:26,806] INFO [deepethogram.feature_extractor.inference.extract:437] macro F1: 0.2205828851837519
[2025-06-11 19:15:49,991] INFO [deepethogram.feature_extractor.inference.extract:437] macro F1: 0.28773764837534177
[2025-06-11 19:17:13,074] WARNING [deepethogram.feature_extractor.inference.extract:439] error calculating f1: Found input variables with inconsistent numbers of samples: [1782, 1779]
[2025-06-11 19:18:36,505] INFO [deepethogram.feature_extractor.inference.extract:437] macro F1: 0.17725706409372846
[2025-06-11 19:20:00,054] INFO [deepethogram.feature_extractor.inference.extract:437] macro F1: 0.20045888982285734
[2025-06-11 19:21:23,240] INFO [deepethogram.feature_extractor.inference.extract:437] macro F1: 0.19327553593947036
[2025-06-11 19:22:46,392] INFO [deepethogram.feature_extractor.inference.extract:437] macro F1: 0.1410073310375425
[2025-06-11 19:24:09,584] INFO [deepethogram.feature_extractor.inference.extract:437] macro F1: 0.16890192245030952
[2025-06-11 19:25:32,931] INFO [deepethogram.feature_extractor.inference.extract:437] macro F1: 0.17924243426408334
[2025-06-11 19:26:56,096] INFO [deepethogram.feature_extractor.inference.extract:437] macro F1: 0.17130401151631988
[2025-06-11 19:28:19,241] INFO [deepethogram.feature_extractor.inference.extract:437] macro F1: 0.21111781458890078
[2025-06-11 19:29:42,440] INFO [deepethogram.feature_extractor.inference.extract:437] macro F1: 0.1843036569517979
[2025-06-11 19:31:05,606] INFO [deepethogram.feature_extractor.inference.extract:437] macro F1: 0.24822683315379904
[2025-06-11 19:32:28,851] INFO [deepethogram.feature_extractor.inference.extract:437] macro F1: 0.2293769436567564
[2025-06-11 19:33:57,249] INFO [deepethogram.feature_extractor.inference.extract:437] macro F1: 0.14574468085106385
[2025-06-11 19:35:25,440] INFO [deepethogram.feature_extractor.inference.extract:437] macro F1: 0.1
[2025-06-11 19:36:53,517] INFO [deepethogram.feature_extractor.inference.extract:437] macro F1: 0.1
[2025-06-11 19:38:22,007] INFO [deepethogram.feature_extractor.inference.extract:437] macro F1: 0.1
[2025-06-11 19:39:50,122] INFO [deepethogram.feature_extractor.inference.extract:437] macro F1: 0.17305179686048489
[2025-06-11 19:41:18,170] INFO [deepethogram.feature_extractor.inference.extract:437] macro F1: 0.1377638139221941
[2025-06-11 19:42:46,243] INFO [deepethogram.feature_extractor.inference.extract:437] macro F1: 0.1253875376030931
[2025-06-11 19:44:14,219] INFO [deepethogram.feature_extractor.inference.extract:437] macro F1: 0.18586810228802153
[2025-06-11 19:45:42,284] INFO [deepethogram.feature_extractor.inference.extract:437] macro F1: 0.17282608695652174
[2025-06-11 19:47:10,158] INFO [deepethogram.feature_extractor.inference.extract:437] macro F1: 0.11851851851851851
[2025-06-11 19:48:38,148] INFO [deepethogram.feature_extractor.inference.extract:437] macro F1: 0.1
[2025-06-11 19:50:06,009] INFO [deepethogram.feature_extractor.inference.extract:437] macro F1: 0.14924840366659325
[2025-06-11 19:51:34,143] INFO [deepethogram.feature_extractor.inference.extract:437] macro F1: 0.14189655172413793
[2025-06-11 19:53:01,871] INFO [deepethogram.feature_extractor.inference.extract:437] macro F1: 0.14554116839267722
[2025-06-11 19:54:29,706] INFO [deepethogram.feature_extractor.inference.extract:437] macro F1: 0.22918632217459817
[2025-06-11 19:55:57,453] INFO [deepethogram.feature_extractor.inference.extract:437] macro F1: 0.17235637034899548
[2025-06-11 19:57:25,271] INFO [deepethogram.feature_extractor.inference.extract:437] macro F1: 0.15047164175247893
[2025-06-11 19:58:52,783] INFO [deepethogram.feature_extractor.inference.extract:437] macro F1: 0.15648096749210416
[2025-06-11 20:00:20,274] INFO [deepethogram.feature_extractor.inference.extract:437] macro F1: 0.1
[2025-06-11 20:01:47,700] INFO [deepethogram.feature_extractor.inference.extract:437] macro F1: 0.21917417695589586
[2025-06-11 20:03:14,958] INFO [deepethogram.feature_extractor.inference.extract:437] macro F1: 0.17226963366942158
[2025-06-11 20:04:42,453] INFO [deepethogram.feature_extractor.inference.extract:437] macro F1: 0.20777464049424416
[2025-06-11 20:06:09,865] INFO [deepethogram.feature_extractor.inference.extract:437] macro F1: 0.205588443719073
[2025-06-11 20:07:37,704] INFO [deepethogram.feature_extractor.inference.extract:437] macro F1: 0.2408067686782171
[2025-06-11 20:09:05,293] INFO [deepethogram.feature_extractor.inference.extract:437] macro F1: 0.13160237388724036
[2025-06-11 20:10:32,740] INFO [deepethogram.feature_extractor.inference.extract:437] macro F1: 0.15858585858585858
[2025-06-11 20:12:00,007] INFO [deepethogram.feature_extractor.inference.extract:437] macro F1: 0.1785639958376691
[2025-06-11 20:13:27,460] INFO [deepethogram.feature_extractor.inference.extract:437] macro F1: 0.2704298804281364
[2025-06-11 20:14:55,233] INFO [deepethogram.feature_extractor.inference.extract:437] macro F1: 0.1310525659937861
[2025-06-11 20:16:22,388] INFO [deepethogram.feature_extractor.inference.extract:437] macro F1: 0.15346534653465346
[2025-06-11 20:17:49,793] INFO [deepethogram.feature_extractor.inference.extract:437] macro F1: 0.15204301865492292
[2025-06-11 20:19:17,605] INFO [deepethogram.feature_extractor.inference.extract:437] macro F1: 0.1788440494039226
[2025-06-11 20:20:47,798] INFO [deepethogram.feature_extractor.inference.extract:437] macro F1: 0.15834963077856828
