[2025-06-03 09:01:20,527] INFO [__main__.feature_extractor_train:66] args: C:\Users\TeamGranon\anaconda3\envs\deg_env\lib\site-packages\deepethogram\feature_extractor\train.py project.path=D:\LBN\Maternal_auto_classification_TS7_deepethogram feature_extractor.weights=D:\LBN\Maternal_auto_classification_TS7_deepethogram\models\250602_161815_feature_extractor_train\lightning_checkpoints\epoch=14-step=14999.ckpt flow_generator.weights=D:\LBN\Maternal_auto_classification_TS7_deepethogram\models\250602_134424_flow_generator_train\lightning_checkpoints\epoch=0-step=999.ckpt
[2025-06-03 09:01:20,527] INFO [__main__.feature_extractor_train:71] configuration used ~~~~~
[2025-06-03 09:01:20,533] INFO [__main__.feature_extractor_train:72] split:
  reload: true
  file: null
  train_val_test:
  - 0.9
  - 0.1
  - 0.0
compute:
  fp16: false
  num_workers: 3
  batch_size: 8
  min_batch_size: 8
  max_batch_size: 128
  distributed: false
  gpu_id: 0
  dali: false
  metrics_workers: 0
reload:
  overwrite_cfg: false
  latest: false
notes: null
log:
  level: info
augs:
  brightness: 0.25
  contrast: 0.1
  hue: 0.1
  saturation: 0.1
  color_p: 0.5
  grayscale: 0.5
  crop_size: null
  resize:
  - 224
  - 224
  dali: false
  random_resize: false
  pad: null
  LR: 0.5
  UD: 0.0
  degrees: 10
  normalization:
    'N': 616891852800
    mean:
    - 0.425280944716674
    - 0.43149049968550984
    - 0.3634010999177969
    std:
    - 0.2179858888556464
    - 0.2206349264361932
    - 0.21700557077024724
train:
  lr: 0.0001
  scheduler: plateau
  num_epochs: 20
  steps_per_epoch:
    train: 1000
    val: 1000
    test: null
  min_lr: 5.0e-07
  stopping_type: learning_rate
  milestones:
  - 50
  - 100
  - 150
  - 200
  - 250
  - 300
  weight_loss: true
  patience: 3
  early_stopping_begins: 0
  viz_metrics: true
  viz_examples: 10
  reduction_factor: 0.1
  loss_weight_exp: 1.0
  loss_gamma: 1.0
  label_smoothing: 0.05
  oversampling_exp: 0.0
  regularization:
    style: l2_sp
    alpha: 1.0e-05
    beta: 0.001
flow_generator:
  type: flow_generator
  flow_loss: MotionNet
  flow_max: 10
  input_images: 11
  flow_sparsity: false
  smooth_weight_multiplier: 1.0
  sparsity_weight: 0.0
  loss: MotionNet
  max: 5
  n_rgb: 11
  arch: TinyMotionNet
  weights: D:\LBN\Maternal_auto_classification_TS7_deepethogram\models\250602_134424_flow_generator_train\lightning_checkpoints\epoch=0-step=999.ckpt
feature_extractor:
  arch: resnet18
  fusion: average
  sampler: null
  final_bn: false
  sampling_ratio: null
  final_activation: sigmoid
  dropout_p: 0.25
  n_flows: 10
  n_rgb: 1
  curriculum: false
  inputs: both
  weights: D:\LBN\Maternal_auto_classification_TS7_deepethogram\models\250602_161815_feature_extractor_train\lightning_checkpoints\epoch=14-step=14999.ckpt
cmap: deepethogram
control_arrow_jump: 31
label_view_width: 31
postprocessor:
  min_bout_length: 10
  type: min_bout_per_behavior
prediction_opacity: 0.2
project:
  class_names:
  - background
  - Onnest
  - Offnest
  - ABN
  - Carryingpups
  - Selfgrooming
  - Eat_drink
  - Kicking
  - Groomingpups
  - Build
  config_file: project_config.yaml
  data_path: D:\LBN\Maternal_auto_classification_TS7_deepethogram\DATA
  labeler: null
  model_path: D:\LBN\Maternal_auto_classification_TS7_deepethogram\models
  name: Maternal_auto_classification
  path: D:\LBN\Maternal_auto_classification_TS7_deepethogram
  pretrained_path: D:\LBN\Maternal_auto_classification_TS7_deepethogram\models\pretrained_models
run:
  type: train
  model: feature_extractor
  dir: D:\LBN\Maternal_auto_classification_TS7_deepethogram\models\250603_090120_feature_extractor_train
sequence:
  filter_length: 15
unlabeled_alpha: 0.1
vertical_arrow_jump: 3

[2025-06-03 09:01:20,691] INFO [deepethogram.projects.get_weightfile_from_cfg:1079] loading specified weights: D:\LBN\Maternal_auto_classification_TS7_deepethogram\models\250602_134424_flow_generator_train\lightning_checkpoints\epoch=0-step=999.ckpt
[2025-06-03 09:01:20,691] INFO [__main__.feature_extractor_train:79] loading flow generator from file D:\LBN\Maternal_auto_classification_TS7_deepethogram\models\250602_134424_flow_generator_train\lightning_checkpoints\epoch=0-step=999.ckpt
[2025-06-03 09:01:20,691] INFO [deepethogram.utils.load_state:341] loading from checkpoint file D:\LBN\Maternal_auto_classification_TS7_deepethogram\models\250602_134424_flow_generator_train\lightning_checkpoints\epoch=0-step=999.ckpt...
[2025-06-03 09:01:37,596] INFO [deepethogram.data.utils.make_loss_weight:115] Class counts: [    63 500218 202848 146969  11166  66350 136701    458  31919  50920]
[2025-06-03 09:01:37,596] INFO [deepethogram.data.utils.make_loss_weight:116] Pos weight: [11153.65079365     0.40487348     2.4643822      3.78157298
    61.93596633     9.59145441     4.1407305   1533.37336245
    21.01644788    12.80092302]
[2025-06-03 09:01:37,596] INFO [deepethogram.data.utils.make_loss_weight:117] Pos weight, weighted: [11153.65           0.40487346     2.4643822      3.781573
    61.935966       9.5914545      4.1407304   1533.3734
    21.016447      12.800923  ]
[2025-06-03 09:01:37,596] INFO [deepethogram.data.utils.make_loss_weight:118] Softmax weight: [0.87056201 0.00010964 0.00027038 0.00037318 0.00491182 0.00082661
 0.00040121 0.1197498  0.00171827 0.00107709]
[2025-06-03 09:01:37,596] INFO [deepethogram.data.utils.make_loss_weight:119] Softmax weight transformed: [0.870562   0.00010964 0.00027038 0.00037318 0.00491182 0.00082661
 0.00040121 0.1197498  0.00171827 0.00107709]
[2025-06-03 09:01:37,717] INFO [deepethogram.projects.get_weightfile_from_cfg:1079] loading specified weights: D:\LBN\Maternal_auto_classification_TS7_deepethogram\models\250602_161815_feature_extractor_train\lightning_checkpoints\epoch=14-step=14999.ckpt
[2025-06-03 09:01:37,717] INFO [__main__.build_model_from_cfg:220] feature extractor weightfile: D:\LBN\Maternal_auto_classification_TS7_deepethogram\models\250602_161815_feature_extractor_train\lightning_checkpoints\epoch=14-step=14999.ckpt
[2025-06-03 09:01:37,772] INFO [deepethogram.feature_extractor.models.CNN.get_cnn:91] Custom bias: Parameter containing:
tensor([-9.3195,  0.9042, -0.9019, -1.3301, -4.1261, -2.2609, -1.4209, -7.3352,
        -3.0453, -2.5495], requires_grad=True)
[2025-06-03 09:01:37,772] INFO [deepethogram.utils.load_feature_extractor_components:630] loading component spatial from file D:\LBN\Maternal_auto_classification_TS7_deepethogram\models\250602_161815_feature_extractor_train\lightning_checkpoints\epoch=14-step=14999.ckpt
[2025-06-03 09:01:37,918] INFO [deepethogram.feature_extractor.models.CNN.get_cnn:91] Custom bias: Parameter containing:
tensor([-9.3195,  0.9042, -0.9019, -1.3301, -4.1261, -2.2609, -1.4209, -7.3352,
        -3.0453, -2.5495], requires_grad=True)
[2025-06-03 09:01:37,918] INFO [deepethogram.utils.load_feature_extractor_components:630] loading component flow from file D:\LBN\Maternal_auto_classification_TS7_deepethogram\models\250602_161815_feature_extractor_train\lightning_checkpoints\epoch=14-step=14999.ckpt
[2025-06-03 09:01:38,112] INFO [deepethogram.projects.get_weightfile_from_cfg:1079] loading specified weights: D:\LBN\Maternal_auto_classification_TS7_deepethogram\models\250602_134424_flow_generator_train\lightning_checkpoints\epoch=0-step=999.ckpt
[2025-06-03 09:01:38,112] INFO [deepethogram.utils.load_state:341] loading from checkpoint file D:\LBN\Maternal_auto_classification_TS7_deepethogram\models\250602_134424_flow_generator_train\lightning_checkpoints\epoch=0-step=999.ckpt...
[2025-06-03 09:01:38,113] INFO [deepethogram.utils.load_feature_extractor_components:630] loading component fusion from file D:\LBN\Maternal_auto_classification_TS7_deepethogram\models\250602_161815_feature_extractor_train\lightning_checkpoints\epoch=14-step=14999.ckpt
[2025-06-03 09:01:38,362] INFO [__main__.get_metrics:632] key metric: f1_class_mean_nobg
[2025-06-03 09:01:53,796] INFO [deepethogram.data.utils.make_loss_weight:115] Class counts: [    63 500218 202848 146969  11166  66350 136701    458  31919  50920]
[2025-06-03 09:01:53,796] INFO [deepethogram.data.utils.make_loss_weight:116] Pos weight: [11153.65079365     0.40487348     2.4643822      3.78157298
    61.93596633     9.59145441     4.1407305   1533.37336245
    21.01644788    12.80092302]
[2025-06-03 09:01:53,796] INFO [deepethogram.data.utils.make_loss_weight:117] Pos weight, weighted: [11153.65           0.40487346     2.4643822      3.781573
    61.935966       9.5914545      4.1407304   1533.3734
    21.016447      12.800923  ]
[2025-06-03 09:01:53,796] INFO [deepethogram.data.utils.make_loss_weight:118] Softmax weight: [0.87056201 0.00010964 0.00027038 0.00037318 0.00491182 0.00082661
 0.00040121 0.1197498  0.00171827 0.00107709]
[2025-06-03 09:01:53,796] INFO [deepethogram.data.utils.make_loss_weight:119] Softmax weight transformed: [0.870562   0.00010964 0.00027038 0.00037318 0.00491182 0.00082661
 0.00040121 0.1197498  0.00171827 0.00107709]
[2025-06-03 09:01:53,796] INFO [deepethogram.feature_extractor.losses.__init__:100] Focal loss: gamma 1.00 smoothing: 0.05
[2025-06-03 09:01:53,832] INFO [deepethogram.losses.get_regularization_loss:205] Regularization: L2_SP. Pretrained file: D:\LBN\Maternal_auto_classification_TS7_deepethogram\models\pretrained_models\200415_125824_hidden_two_stream_kinetics_degf\checkpoint.pt alpha: 1e-05 beta: 0.001
[2025-06-03 09:01:53,873] INFO [deepethogram.data.augs.get_gpu_transforms:246] GPU transforms: {'train': Sequential(
  (0): ToFloat()
  (1): VideoSequential(
    (RandomHorizontalFlip_0): RandomHorizontalFlip(p=0.5, p_batch=1.0, same_on_batch=False)
    (RandomRotation_1): RandomRotation(degrees=10, p=0.5, p_batch=1.0, same_on_batch=False, resample=bilinear, align_corners=True)
    (ColorJitter_2): ColorJitter(brightness=0.25, contrast=0.1, saturation=0.1, hue=0.1, p=0.5, p_batch=1.0, same_on_batch=False)
    (RandomGrayscale_3): RandomGrayscale(p=0.5, p_batch=1.0, same_on_batch=False)
  )
  (2): NormalizeVideo()
  (3): StackClipInChannels()
), 'val': Sequential(
  (0): ToFloat()
  (1): NormalizeVideo()
  (2): StackClipInChannels()
), 'test': Sequential(
  (0): ToFloat()
  (1): NormalizeVideo()
  (2): StackClipInChannels()
), 'denormalize': Sequential(
  (0): UnstackClip()
  (1): DenormalizeVideo()
)}
[2025-06-03 09:01:53,873] INFO [deepethogram.base.__init__:95] scheduler mode: max
[2025-06-03 09:01:53,873] INFO [deepethogram.base.get_train_sampler:171] not using oversampling
[2025-06-03 09:01:54,144] INFO [deepethogram.base.configure_optimizers:227] learning rate: 0.0001
