[2025-06-11 15:56:02,553] INFO [deepethogram.gui.main.initialize_project:1021] loaded project configuration: split:
  reload: true
  file: null
  train_val_test:
  - 0.9
  - 0.1
  - 0.0
compute:
  fp16: false
  num_workers: 3
  batch_size: 8
  min_batch_size: 8
  max_batch_size: 128
  distributed: false
  gpu_id: 0
  dali: false
  metrics_workers: 0
reload:
  overwrite_cfg: false
  latest: false
notes: null
log:
  level: info
run:
  type: gui
  model: null
  dir: D:\LBN\Maternal_auto_classification_train_deepethogram\gui_logs\250611_155602
label_view_width: 31
control_arrow_jump: 31
vertical_arrow_jump: 3
cmap: deepethogram
unlabeled_alpha: 0.1
prediction_opacity: 0.2
postprocessor:
  type: min_bout_per_behavior
  min_bout_length: 10
augs:
  LR: 0.5
  UD: 0.0
  brightness: 0.25
  contrast: 0.1
  crop_size: null
  degrees: 10
  grayscale: 0.5
  hue: 0.1
  normalization:
    'N': 618077952000
    mean:
    - 0.42517412266678273
    - 0.43137161373889366
    - 0.36341115380866434
    std:
    - 0.21811947189196618
    - 0.22076338169887563
    - 0.21714027118257334
  pad: null
  random_resize: false
  resize:
  - 224
  - 224
  saturation: 0.1
project:
  class_names:
  - background
  - Onnest
  - Offnest
  - ABN
  - Carryingpups
  - Selfgrooming
  - Eat_drink
  - Kicking
  - Groomingpups
  - Build
  config_file: project_config.yaml
  data_path: D:\LBN\Maternal_auto_classification_train_deepethogram\DATA
  labeler: null
  model_path: D:\LBN\Maternal_auto_classification_train_deepethogram\models
  name: Maternal_auto_classification
  path: D:\LBN\Maternal_auto_classification_train_deepethogram
  pretrained_path: D:\LBN\Maternal_auto_classification_train_deepethogram\models\pretrained_models
sequence:
  filter_length: 15
train:
  loss_weight_exp: 1.0

[2025-06-11 15:56:02,561] INFO [deepethogram.gui.main.initialize_project:1022] cwd: D:\LBN\Maternal_auto_classification_train_deepethogram\gui_logs\250611_155602
