[2025-06-02 09:12:04,592] INFO [deepethogram.gui.main.initialize_project:1021] loaded project configuration: split:
  reload: true
  file: null
  train_val_test:
  - 0.8
  - 0.2
  - 0.0
compute:
  fp16: false
  num_workers: 3
  batch_size: 8
  min_batch_size: 8
  max_batch_size: 128
  distributed: false
  gpu_id: 0
  dali: false
  metrics_workers: 0
reload:
  overwrite_cfg: false
  latest: false
notes: null
log:
  level: info
run:
  type: gui
  model: null
  dir: D:\LBN\Maternal_auto_classification_TS7_deepethogram\gui_logs\250602_091204
label_view_width: 31
control_arrow_jump: 31
vertical_arrow_jump: 3
cmap: deepethogram
unlabeled_alpha: 0.1
prediction_opacity: 0.2
postprocessor:
  type: min_bout_per_behavior
  min_bout_length: 1
augs:
  LR: 0.5
  UD: 0.0
  brightness: 0.25
  contrast: 0.1
  crop_size: null
  degrees: 10
  grayscale: 0.5
  hue: 0.1
  normalization:
    'N': 616520678400
    mean:
    - 0.42528042916482434
    - 0.43148918419971427
    - 0.36336563403573496
    std:
    - 0.2179713606149203
    - 0.22062211203127996
    - 0.2169904221048689
  pad: null
  random_resize: false
  resize:
  - 224
  - 224
  saturation: 0.1
project:
  class_names:
  - background
  - Onnest
  - Offnest
  - ABN
  - Carryingpups
  - Selfgrooming
  - Eat_drink
  - Kicking
  - Groomingpups
  - Build
  config_file: project_config.yaml
  data_path: D:\LBN\Maternal_auto_classification_TS7_deepethogram\DATA
  labeler: null
  model_path: D:\LBN\Maternal_auto_classification_TS7_deepethogram\models
  name: Maternal_auto_classification
  path: D:\LBN\Maternal_auto_classification_TS7_deepethogram
  pretrained_path: D:\LBN\Maternal_auto_classification_TS7_deepethogram\models\pretrained_models
sequence:
  filter_length: 15
train:
  loss_weight_exp: 1.0

[2025-06-02 09:12:04,599] INFO [deepethogram.gui.main.initialize_project:1022] cwd: D:\LBN\Maternal_auto_classification_TS7_deepethogram\gui_logs\250602_091204
[2025-06-02 09:12:13,546] INFO [deepethogram.gui.main.project_loaded_buttons:175] Number finalized labels: 326
[2025-06-02 09:12:14,940] INFO [deepethogram.gui.main.initialize_video:226] Record for loaded video: {'flow': None, 'label': None, 'output': None, 'rgb': 'D:\\LBN\\Maternal_auto_classification_train_deepethogram\\DATA\\Cage2-LBN-2024-12-08_21-28-34\\Cage2-LBN-2024-12-08_21-28-34.mp4', 'keypoint': None, 'key': 'Cage2-LBN-2024-12-08_21-28-34'}
[2025-06-02 09:13:15,216] INFO [deepethogram.gui.main.log_idle:151] User has been idle for 60.0 seconds...
[2025-06-02 09:13:27,247] INFO [deepethogram.gui.main.user_did_something:138] User restarted labeling
[2025-06-02 09:18:30,410] INFO [deepethogram.gui.main.save:800] saving...
[2025-06-02 09:18:30,436] INFO [deepethogram.gui.main.finalize:771] finalizing labels for file D:\LBN\Maternal_auto_classification_TS7_deepethogram\DATA\Cage2-LBN-2024-12-08_21-28-34\Cage2-LBN-2024-12-08_21-28-34.mp4
[2025-06-02 09:18:30,523] INFO [deepethogram.gui.main.initialize_video:226] Record for loaded video: {'flow': None, 'label': None, 'output': None, 'rgb': 'D:\\LBN\\Maternal_auto_classification_train_deepethogram\\DATA\\Cage2-LBN-2024-12-08_21-58-35\\Cage2-LBN-2024-12-08_21-58-35.mp4', 'keypoint': None, 'key': 'Cage2-LBN-2024-12-08_21-58-35'}
[2025-06-02 09:21:36,687] INFO [deepethogram.gui.main.save:800] saving...
[2025-06-02 09:21:36,702] INFO [deepethogram.gui.main.finalize:771] finalizing labels for file D:\LBN\Maternal_auto_classification_TS7_deepethogram\DATA\Cage2-LBN-2024-12-08_21-58-35\Cage2-LBN-2024-12-08_21-58-35.mp4
[2025-06-02 09:21:36,843] INFO [deepethogram.gui.main.initialize_video:226] Record for loaded video: {'flow': None, 'label': None, 'output': None, 'rgb': 'D:\\LBN\\Maternal_auto_classification_train_deepethogram\\DATA\\Cage2-LBN-2024-12-08_22-18-35\\Cage2-LBN-2024-12-08_22-18-35.mp4', 'keypoint': None, 'key': 'Cage2-LBN-2024-12-08_22-18-35'}
[2025-06-02 09:21:43,741] INFO [deepethogram.gui.main.initialize_video:226] Record for loaded video: {'flow': None, 'label': 'D:/LBN/Maternal_auto_classification_train_deepethogram/DATA/Cage2-LBN-2024-12-08_21-28-34\\Cage2-LBN-2024-12-08_21-28-34_labels.csv', 'output': None, 'rgb': 'D:/LBN/Maternal_auto_classification_train_deepethogram/DATA/Cage2-LBN-2024-12-08_21-28-34\\Cage2-LBN-2024-12-08_21-28-34.mp4', 'keypoint': None, 'key': 'Cage2-LBN-2024-12-08_21-28-34'}
[2025-06-02 09:22:03,139] INFO [deepethogram.gui.main.save:800] saving...
[2025-06-02 09:22:03,148] INFO [deepethogram.gui.main.finalize:771] finalizing labels for file D:/LBN/Maternal_auto_classification_train_deepethogram/DATA/Cage2-LBN-2024-12-08_21-28-34/Cage2-LBN-2024-12-08_21-28-34.mp4
[2025-06-02 09:22:03,264] INFO [deepethogram.gui.main.initialize_video:226] Record for loaded video: {'flow': None, 'label': None, 'output': None, 'rgb': 'D:\\LBN\\Maternal_auto_classification_train_deepethogram\\DATA\\Cage2-LBN-2024-12-08_23-18-35\\Cage2-LBN-2024-12-08_23-18-35.mp4', 'keypoint': None, 'key': 'Cage2-LBN-2024-12-08_23-18-35'}
[2025-06-02 09:25:46,340] INFO [deepethogram.gui.main.save:800] saving...
[2025-06-02 09:25:46,352] INFO [deepethogram.gui.main.finalize:771] finalizing labels for file D:\LBN\Maternal_auto_classification_TS7_deepethogram\DATA\Cage2-LBN-2024-12-08_23-18-35\Cage2-LBN-2024-12-08_23-18-35.mp4
[2025-06-02 09:25:46,504] INFO [deepethogram.gui.main.initialize_video:226] Record for loaded video: {'flow': None, 'label': None, 'output': None, 'rgb': 'D:\\LBN\\Maternal_auto_classification_train_deepethogram\\DATA\\Cage2-LBN-2024-12-09_21-28-38\\Cage2-LBN-2024-12-09_21-28-38.mp4', 'keypoint': None, 'key': 'Cage2-LBN-2024-12-09_21-28-38'}
[2025-06-02 09:26:46,738] INFO [deepethogram.gui.main.log_idle:151] User has been idle for 60.0 seconds...
[2025-06-02 09:27:25,595] INFO [deepethogram.gui.main.user_did_something:138] User restarted labeling
[2025-06-02 09:31:50,479] INFO [deepethogram.gui.main.save:800] saving...
[2025-06-02 09:31:50,491] INFO [deepethogram.gui.main.finalize:771] finalizing labels for file D:\LBN\Maternal_auto_classification_TS7_deepethogram\DATA\Cage2-LBN-2024-12-09_21-28-38\Cage2-LBN-2024-12-09_21-28-38.mp4
[2025-06-02 09:31:50,580] INFO [deepethogram.gui.main.initialize_video:226] Record for loaded video: {'flow': None, 'label': None, 'output': None, 'rgb': 'D:\\LBN\\Maternal_auto_classification_train_deepethogram\\DATA\\Cage2-LBN-2024-12-09_21-38-38\\Cage2-LBN-2024-12-09_21-38-38.mp4', 'keypoint': None, 'key': 'Cage2-LBN-2024-12-09_21-38-38'}
[2025-06-02 09:33:38,419] INFO [deepethogram.gui.main.save:800] saving...
[2025-06-02 09:33:38,437] INFO [deepethogram.gui.main.finalize:771] finalizing labels for file D:\LBN\Maternal_auto_classification_TS7_deepethogram\DATA\Cage2-LBN-2024-12-09_21-38-38\Cage2-LBN-2024-12-09_21-38-38.mp4
[2025-06-02 09:33:38,574] INFO [deepethogram.gui.main.initialize_video:226] Record for loaded video: {'flow': None, 'label': None, 'output': None, 'rgb': 'D:\\LBN\\Maternal_auto_classification_train_deepethogram\\DATA\\Cage2-LBN-2024-12-10_05-38-39\\Cage2-LBN-2024-12-10_05-38-39.mp4', 'keypoint': None, 'key': 'Cage2-LBN-2024-12-10_05-38-39'}
[2025-06-02 09:35:23,089] INFO [deepethogram.gui.main.save:800] saving...
[2025-06-02 09:35:23,108] INFO [deepethogram.gui.main.finalize:771] finalizing labels for file D:\LBN\Maternal_auto_classification_TS7_deepethogram\DATA\Cage2-LBN-2024-12-10_05-38-39\Cage2-LBN-2024-12-10_05-38-39.mp4
[2025-06-02 09:35:23,200] INFO [deepethogram.gui.main.initialize_video:226] Record for loaded video: {'flow': None, 'label': None, 'output': None, 'rgb': 'D:\\LBN\\Maternal_auto_classification_train_deepethogram\\DATA\\Cage2-LBN-2024-12-10_05-48-39\\Cage2-LBN-2024-12-10_05-48-39.mp4', 'keypoint': None, 'key': 'Cage2-LBN-2024-12-10_05-48-39'}
[2025-06-02 09:37:30,710] INFO [deepethogram.gui.main.save:800] saving...
[2025-06-02 09:37:30,710] INFO [deepethogram.gui.main.finalize:771] finalizing labels for file D:\LBN\Maternal_auto_classification_TS7_deepethogram\DATA\Cage2-LBN-2024-12-10_05-48-39\Cage2-LBN-2024-12-10_05-48-39.mp4
[2025-06-02 09:37:30,865] INFO [deepethogram.gui.main.initialize_video:226] Record for loaded video: {'flow': None, 'label': None, 'output': None, 'rgb': 'D:\\LBN\\Maternal_auto_classification_train_deepethogram\\DATA\\Cage2-LBN-2024-12-10_05-58-39\\Cage2-LBN-2024-12-10_05-58-39.mp4', 'keypoint': None, 'key': 'Cage2-LBN-2024-12-10_05-58-39'}
[2025-06-02 09:39:38,536] INFO [deepethogram.gui.main.save:800] saving...
[2025-06-02 09:39:38,551] INFO [deepethogram.gui.main.finalize:771] finalizing labels for file D:\LBN\Maternal_auto_classification_TS7_deepethogram\DATA\Cage2-LBN-2024-12-10_05-58-39\Cage2-LBN-2024-12-10_05-58-39.mp4
[2025-06-02 09:39:38,688] INFO [deepethogram.gui.main.initialize_video:226] Record for loaded video: {'flow': None, 'label': None, 'output': None, 'rgb': 'D:\\LBN\\Maternal_auto_classification_train_deepethogram\\DATA\\Cage2-LBN-2024-12-10_06-28-39\\Cage2-LBN-2024-12-10_06-28-39.mp4', 'keypoint': None, 'key': 'Cage2-LBN-2024-12-10_06-28-39'}
[2025-06-02 09:42:01,514] INFO [deepethogram.gui.main.log_idle:151] User has been idle for 60.0 seconds...
[2025-06-02 09:42:10,063] INFO [deepethogram.gui.main.user_did_something:138] User restarted labeling
[2025-06-02 09:46:34,301] INFO [deepethogram.gui.main.save:800] saving...
[2025-06-02 09:46:34,301] INFO [deepethogram.gui.main.finalize:771] finalizing labels for file D:\LBN\Maternal_auto_classification_TS7_deepethogram\DATA\Cage2-LBN-2024-12-10_06-28-39\Cage2-LBN-2024-12-10_06-28-39.mp4
[2025-06-02 09:46:34,387] INFO [deepethogram.gui.main.initialize_video:226] Record for loaded video: {'flow': None, 'label': None, 'output': None, 'rgb': 'D:\\LBN\\Maternal_auto_classification_train_deepethogram\\DATA\\Cage2-LBN-2024-12-10_20-28-40\\Cage2-LBN-2024-12-10_20-28-40.mp4', 'keypoint': None, 'key': 'Cage2-LBN-2024-12-10_20-28-40'}
[2025-06-02 09:48:37,789] INFO [deepethogram.gui.main.save:800] saving...
[2025-06-02 09:48:37,827] INFO [deepethogram.gui.main.finalize:771] finalizing labels for file D:\LBN\Maternal_auto_classification_TS7_deepethogram\DATA\Cage2-LBN-2024-12-10_20-28-40\Cage2-LBN-2024-12-10_20-28-40.mp4
[2025-06-02 09:48:37,977] INFO [deepethogram.gui.main.initialize_video:226] Record for loaded video: {'flow': None, 'label': None, 'output': None, 'rgb': 'D:\\LBN\\Maternal_auto_classification_train_deepethogram\\DATA\\Cage2-LBN-2024-12-10_22-58-40\\Cage2-LBN-2024-12-10_22-58-40.mp4', 'keypoint': None, 'key': 'Cage2-LBN-2024-12-10_22-58-40'}
[2025-06-02 09:50:59,320] INFO [deepethogram.gui.main.save:800] saving...
[2025-06-02 09:50:59,330] INFO [deepethogram.gui.main.finalize:771] finalizing labels for file D:\LBN\Maternal_auto_classification_TS7_deepethogram\DATA\Cage2-LBN-2024-12-10_22-58-40\Cage2-LBN-2024-12-10_22-58-40.mp4
[2025-06-02 09:50:59,462] INFO [deepethogram.gui.main.initialize_video:226] Record for loaded video: {'flow': None, 'label': None, 'output': None, 'rgb': 'D:\\LBN\\Maternal_auto_classification_train_deepethogram\\DATA\\Cage2-LBN-2024-12-11_20-42-14\\Cage2-LBN-2024-12-11_20-42-14.mp4', 'keypoint': None, 'key': 'Cage2-LBN-2024-12-11_20-42-14'}
[2025-06-02 09:51:59,718] INFO [deepethogram.gui.main.log_idle:151] User has been idle for 60.0 seconds...
[2025-06-02 09:55:46,471] INFO [deepethogram.gui.main.user_did_something:138] User restarted labeling
[2025-06-02 10:01:02,351] INFO [deepethogram.gui.main.save:800] saving...
[2025-06-02 10:01:02,367] INFO [deepethogram.gui.main.finalize:771] finalizing labels for file D:\LBN\Maternal_auto_classification_TS7_deepethogram\DATA\Cage2-LBN-2024-12-11_20-42-14\Cage2-LBN-2024-12-11_20-42-14.mp4
[2025-06-02 10:01:02,473] INFO [deepethogram.gui.main.initialize_video:226] Record for loaded video: {'flow': None, 'label': None, 'output': None, 'rgb': 'D:\\LBN\\Maternal_auto_classification_train_deepethogram\\DATA\\Cage2-LBN-2024-12-11_21-02-14\\Cage2-LBN-2024-12-11_21-02-14.mp4', 'keypoint': None, 'key': 'Cage2-LBN-2024-12-11_21-02-14'}
[2025-06-02 10:04:10,982] INFO [deepethogram.gui.main.log_idle:151] User has been idle for 60.0 seconds...
[2025-06-02 10:08:27,748] INFO [deepethogram.gui.main.user_did_something:138] User restarted labeling
[2025-06-02 10:14:34,585] INFO [deepethogram.gui.main.save:800] saving...
[2025-06-02 10:14:34,600] INFO [deepethogram.gui.main.finalize:771] finalizing labels for file D:\LBN\Maternal_auto_classification_TS7_deepethogram\DATA\Cage2-LBN-2024-12-11_21-02-14\Cage2-LBN-2024-12-11_21-02-14.mp4
[2025-06-02 10:14:34,696] INFO [deepethogram.gui.main.initialize_video:226] Record for loaded video: {'flow': None, 'label': None, 'output': None, 'rgb': 'D:\\LBN\\Maternal_auto_classification_train_deepethogram\\DATA\\Cage2-LBN-2024-12-11_22-12-14\\Cage2-LBN-2024-12-11_22-12-14.mp4', 'keypoint': None, 'key': 'Cage2-LBN-2024-12-11_22-12-14'}
[2025-06-02 10:16:51,332] INFO [deepethogram.gui.main.save:800] saving...
[2025-06-02 10:16:51,343] INFO [deepethogram.gui.main.finalize:771] finalizing labels for file D:\LBN\Maternal_auto_classification_TS7_deepethogram\DATA\Cage2-LBN-2024-12-11_22-12-14\Cage2-LBN-2024-12-11_22-12-14.mp4
[2025-06-02 10:16:51,427] INFO [deepethogram.gui.main.initialize_video:226] Record for loaded video: {'flow': None, 'label': None, 'output': None, 'rgb': 'D:\\LBN\\Maternal_auto_classification_train_deepethogram\\DATA\\Cage2-LBN-2024-12-11_22-52-14\\Cage2-LBN-2024-12-11_22-52-14.mp4', 'keypoint': None, 'key': 'Cage2-LBN-2024-12-11_22-52-14'}
[2025-06-02 10:18:50,002] INFO [deepethogram.gui.main.save:800] saving...
[2025-06-02 10:18:50,024] INFO [deepethogram.gui.main.finalize:771] finalizing labels for file D:\LBN\Maternal_auto_classification_TS7_deepethogram\DATA\Cage2-LBN-2024-12-11_22-52-14\Cage2-LBN-2024-12-11_22-52-14.mp4
[2025-06-02 10:18:50,154] INFO [deepethogram.gui.main.initialize_video:226] Record for loaded video: {'flow': None, 'label': None, 'output': None, 'rgb': 'D:\\LBN\\Maternal_auto_classification_train_deepethogram\\DATA\\Cage2-LBN-2024-12-11_23-42-14\\Cage2-LBN-2024-12-11_23-42-14.mp4', 'keypoint': None, 'key': 'Cage2-LBN-2024-12-11_23-42-14'}
[2025-06-02 10:21:20,186] INFO [deepethogram.gui.main.save:800] saving...
[2025-06-02 10:21:20,186] INFO [deepethogram.gui.main.finalize:771] finalizing labels for file D:\LBN\Maternal_auto_classification_TS7_deepethogram\DATA\Cage2-LBN-2024-12-11_23-42-14\Cage2-LBN-2024-12-11_23-42-14.mp4
[2025-06-02 10:21:20,331] INFO [deepethogram.gui.main.initialize_video:226] Record for loaded video: {'flow': None, 'label': None, 'output': None, 'rgb': 'D:\\LBN\\Maternal_auto_classification_train_deepethogram\\DATA\\Cage2-LBN-2024-12-12_20-12-15\\Cage2-LBN-2024-12-12_20-12-15.mp4', 'keypoint': None, 'key': 'Cage2-LBN-2024-12-12_20-12-15'}
[2025-06-02 10:24:59,573] INFO [deepethogram.gui.main.save:800] saving...
[2025-06-02 10:24:59,592] INFO [deepethogram.gui.main.finalize:771] finalizing labels for file D:\LBN\Maternal_auto_classification_TS7_deepethogram\DATA\Cage2-LBN-2024-12-12_20-12-15\Cage2-LBN-2024-12-12_20-12-15.mp4
[2025-06-02 10:24:59,687] INFO [deepethogram.gui.main.initialize_video:226] Record for loaded video: {'flow': None, 'label': None, 'output': None, 'rgb': 'D:\\LBN\\Maternal_auto_classification_train_deepethogram\\DATA\\Cage2-LBN-2024-12-12_21-42-15\\Cage2-LBN-2024-12-12_21-42-15.mp4', 'keypoint': None, 'key': 'Cage2-LBN-2024-12-12_21-42-15'}
[2025-06-02 10:27:03,276] INFO [deepethogram.gui.main.save:800] saving...
[2025-06-02 10:27:03,283] INFO [deepethogram.gui.main.finalize:771] finalizing labels for file D:\LBN\Maternal_auto_classification_TS7_deepethogram\DATA\Cage2-LBN-2024-12-12_21-42-15\Cage2-LBN-2024-12-12_21-42-15.mp4
[2025-06-02 10:27:03,369] INFO [deepethogram.gui.main.initialize_video:226] Record for loaded video: {'flow': None, 'label': None, 'output': None, 'rgb': 'D:\\LBN\\Maternal_auto_classification_train_deepethogram\\DATA\\Cage2-LBN-2024-12-12_22-52-15\\Cage2-LBN-2024-12-12_22-52-15.mp4', 'keypoint': None, 'key': 'Cage2-LBN-2024-12-12_22-52-15'}
[2025-06-02 10:30:00,114] INFO [deepethogram.gui.main.save:800] saving...
[2025-06-02 10:30:00,114] INFO [deepethogram.gui.main.finalize:771] finalizing labels for file D:\LBN\Maternal_auto_classification_TS7_deepethogram\DATA\Cage2-LBN-2024-12-12_22-52-15\Cage2-LBN-2024-12-12_22-52-15.mp4
[2025-06-02 10:30:00,209] INFO [deepethogram.gui.main.initialize_video:226] Record for loaded video: {'flow': None, 'label': None, 'output': None, 'rgb': 'D:\\LBN\\Maternal_auto_classification_train_deepethogram\\DATA\\Cage3-LBN-2024-12-08_21-38-35\\Cage3-LBN-2024-12-08_21-38-35.mp4', 'keypoint': None, 'key': 'Cage3-LBN-2024-12-08_21-38-35'}
[2025-06-02 10:32:54,110] INFO [deepethogram.gui.main.save:800] saving...
[2025-06-02 10:32:54,127] INFO [deepethogram.gui.main.finalize:771] finalizing labels for file D:\LBN\Maternal_auto_classification_TS7_deepethogram\DATA\Cage3-LBN-2024-12-08_21-38-35\Cage3-LBN-2024-12-08_21-38-35.mp4
[2025-06-02 10:32:54,258] INFO [deepethogram.gui.main.initialize_video:226] Record for loaded video: {'flow': None, 'label': None, 'output': None, 'rgb': 'D:\\LBN\\Maternal_auto_classification_train_deepethogram\\DATA\\Cage3-LBN-2024-12-08_22-28-35\\Cage3-LBN-2024-12-08_22-28-35.mp4', 'keypoint': None, 'key': 'Cage3-LBN-2024-12-08_22-28-35'}
[2025-06-02 10:40:04,447] INFO [deepethogram.gui.main.save:800] saving...
[2025-06-02 10:40:04,449] INFO [deepethogram.gui.main.finalize:771] finalizing labels for file D:\LBN\Maternal_auto_classification_TS7_deepethogram\DATA\Cage3-LBN-2024-12-08_22-28-35\Cage3-LBN-2024-12-08_22-28-35.mp4
[2025-06-02 10:40:04,558] INFO [deepethogram.gui.main.initialize_video:226] Record for loaded video: {'flow': None, 'label': None, 'output': None, 'rgb': 'D:\\LBN\\Maternal_auto_classification_train_deepethogram\\DATA\\Cage3-LBN-2024-12-09_07-28-36\\Cage3-LBN-2024-12-09_07-28-36.mp4', 'keypoint': None, 'key': 'Cage3-LBN-2024-12-09_07-28-36'}
[2025-06-02 10:41:57,507] INFO [deepethogram.gui.main.save:800] saving...
[2025-06-02 10:41:57,523] INFO [deepethogram.gui.main.finalize:771] finalizing labels for file D:\LBN\Maternal_auto_classification_TS7_deepethogram\DATA\Cage3-LBN-2024-12-09_07-28-36\Cage3-LBN-2024-12-09_07-28-36.mp4
[2025-06-02 10:41:57,673] INFO [deepethogram.gui.main.initialize_video:226] Record for loaded video: {'flow': None, 'label': None, 'output': None, 'rgb': 'D:\\LBN\\Maternal_auto_classification_train_deepethogram\\DATA\\Cage3-LBN-2024-12-10_20-08-42\\Cage3-LBN-2024-12-10_20-08-42.mp4', 'keypoint': None, 'key': 'Cage3-LBN-2024-12-10_20-08-42'}
[2025-06-02 10:46:08,613] INFO [deepethogram.gui.main.save:800] saving...
[2025-06-02 10:46:08,635] INFO [deepethogram.gui.main.finalize:771] finalizing labels for file D:\LBN\Maternal_auto_classification_TS7_deepethogram\DATA\Cage3-LBN-2024-12-10_20-08-42\Cage3-LBN-2024-12-10_20-08-42.mp4
[2025-06-02 10:46:08,739] INFO [deepethogram.gui.main.initialize_video:226] Record for loaded video: {'flow': None, 'label': None, 'output': None, 'rgb': 'D:\\LBN\\Maternal_auto_classification_train_deepethogram\\DATA\\Cage3-LBN-2024-12-10_21-08-42\\Cage3-LBN-2024-12-10_21-08-42.mp4', 'keypoint': None, 'key': 'Cage3-LBN-2024-12-10_21-08-42'}
[2025-06-02 10:48:36,610] INFO [deepethogram.gui.main.save:800] saving...
[2025-06-02 10:48:36,629] INFO [deepethogram.gui.main.finalize:771] finalizing labels for file D:\LBN\Maternal_auto_classification_TS7_deepethogram\DATA\Cage3-LBN-2024-12-10_21-08-42\Cage3-LBN-2024-12-10_21-08-42.mp4
[2025-06-02 10:48:36,689] INFO [deepethogram.gui.main.initialize_video:226] Record for loaded video: {'flow': None, 'label': None, 'output': None, 'rgb': 'D:\\LBN\\Maternal_auto_classification_train_deepethogram\\DATA\\Cage3-LBN-2024-12-10_21-28-42\\Cage3-LBN-2024-12-10_21-28-42.mp4', 'keypoint': None, 'key': 'Cage3-LBN-2024-12-10_21-28-42'}
[2025-06-02 10:54:52,720] INFO [deepethogram.gui.main.log_idle:151] User has been idle for 60.0 seconds...
[2025-06-02 10:54:54,807] INFO [deepethogram.gui.main.user_did_something:138] User restarted labeling
[2025-06-02 10:57:21,679] INFO [deepethogram.gui.main.save:800] saving...
[2025-06-02 10:57:21,695] INFO [deepethogram.gui.main.finalize:771] finalizing labels for file D:\LBN\Maternal_auto_classification_TS7_deepethogram\DATA\Cage3-LBN-2024-12-10_21-28-42\Cage3-LBN-2024-12-10_21-28-42.mp4
[2025-06-02 10:57:21,790] INFO [deepethogram.gui.main.initialize_video:226] Record for loaded video: {'flow': None, 'label': None, 'output': None, 'rgb': 'D:\\LBN\\Maternal_auto_classification_train_deepethogram\\DATA\\Cage3-LBN-2024-12-10_22-38-42\\Cage3-LBN-2024-12-10_22-38-42.mp4', 'keypoint': None, 'key': 'Cage3-LBN-2024-12-10_22-38-42'}
[2025-06-02 10:59:25,802] INFO [deepethogram.gui.main.save:800] saving...
[2025-06-02 10:59:25,840] INFO [deepethogram.gui.main.finalize:771] finalizing labels for file D:\LBN\Maternal_auto_classification_TS7_deepethogram\DATA\Cage3-LBN-2024-12-10_22-38-42\Cage3-LBN-2024-12-10_22-38-42.mp4
[2025-06-02 10:59:25,986] INFO [deepethogram.gui.main.initialize_video:226] Record for loaded video: {'flow': None, 'label': None, 'output': None, 'rgb': 'D:\\LBN\\Maternal_auto_classification_train_deepethogram\\DATA\\Cage3-LBN-2024-12-10_22-58-42\\Cage3-LBN-2024-12-10_22-58-42.mp4', 'keypoint': None, 'key': 'Cage3-LBN-2024-12-10_22-58-42'}
[2025-06-02 11:01:12,269] INFO [deepethogram.gui.main.save:800] saving...
[2025-06-02 11:01:12,279] INFO [deepethogram.gui.main.finalize:771] finalizing labels for file D:\LBN\Maternal_auto_classification_TS7_deepethogram\DATA\Cage3-LBN-2024-12-10_22-58-42\Cage3-LBN-2024-12-10_22-58-42.mp4
[2025-06-02 11:01:12,380] INFO [deepethogram.gui.main.initialize_video:226] Record for loaded video: {'flow': None, 'label': None, 'output': None, 'rgb': 'D:\\LBN\\Maternal_auto_classification_train_deepethogram\\DATA\\Cage3-LBN-2024-12-11_04-38-42\\Cage3-LBN-2024-12-11_04-38-42.mp4', 'keypoint': None, 'key': 'Cage3-LBN-2024-12-11_04-38-42'}
[2025-06-02 11:06:23,068] INFO [deepethogram.gui.main.log_idle:151] User has been idle for 60.0 seconds...
[2025-06-02 11:07:59,778] INFO [deepethogram.gui.main.user_did_something:138] User restarted labeling
[2025-06-02 11:08:39,028] INFO [deepethogram.gui.main.save:800] saving...
[2025-06-02 11:08:39,043] INFO [deepethogram.gui.main.finalize:771] finalizing labels for file D:\LBN\Maternal_auto_classification_TS7_deepethogram\DATA\Cage3-LBN-2024-12-11_04-38-42\Cage3-LBN-2024-12-11_04-38-42.mp4
[2025-06-02 11:08:39,154] INFO [deepethogram.gui.main.initialize_video:226] Record for loaded video: {'flow': None, 'label': None, 'output': None, 'rgb': 'D:\\LBN\\Maternal_auto_classification_train_deepethogram\\DATA\\Cage3-LBN-2024-12-11_07-28-42\\Cage3-LBN-2024-12-11_07-28-42.mp4', 'keypoint': None, 'key': 'Cage3-LBN-2024-12-11_07-28-42'}
[2025-06-02 11:11:30,627] INFO [deepethogram.gui.main.log_idle:151] User has been idle for 60.0 seconds...
[2025-06-02 11:12:59,992] INFO [deepethogram.gui.main.user_did_something:138] User restarted labeling
[2025-06-02 11:14:10,600] INFO [deepethogram.gui.main.save:800] saving...
[2025-06-02 11:14:10,614] INFO [deepethogram.gui.main.finalize:771] finalizing labels for file D:\LBN\Maternal_auto_classification_TS7_deepethogram\DATA\Cage3-LBN-2024-12-11_07-28-42\Cage3-LBN-2024-12-11_07-28-42.mp4
[2025-06-02 11:14:10,696] INFO [deepethogram.gui.main.initialize_video:226] Record for loaded video: {'flow': None, 'label': None, 'output': None, 'rgb': 'D:\\LBN\\Maternal_auto_classification_train_deepethogram\\DATA\\Cage3-LBN-2024-12-11_22-42-15\\Cage3-LBN-2024-12-11_22-42-15.mp4', 'keypoint': None, 'key': 'Cage3-LBN-2024-12-11_22-42-15'}
[2025-06-02 11:20:48,173] INFO [deepethogram.gui.main.save:800] saving...
[2025-06-02 11:20:48,192] INFO [deepethogram.gui.main.finalize:771] finalizing labels for file D:\LBN\Maternal_auto_classification_TS7_deepethogram\DATA\Cage3-LBN-2024-12-11_22-42-15\Cage3-LBN-2024-12-11_22-42-15.mp4
[2025-06-02 11:20:48,317] INFO [deepethogram.gui.main.initialize_video:226] Record for loaded video: {'flow': None, 'label': None, 'output': None, 'rgb': 'D:\\LBN\\Maternal_auto_classification_train_deepethogram\\DATA\\Cage3-LBN-2024-12-12_04-12-15\\Cage3-LBN-2024-12-12_04-12-15.mp4', 'keypoint': None, 'key': 'Cage3-LBN-2024-12-12_04-12-15'}
[2025-06-02 11:25:35,874] INFO [deepethogram.gui.main.save:800] saving...
[2025-06-02 11:25:35,883] INFO [deepethogram.gui.main.finalize:771] finalizing labels for file D:\LBN\Maternal_auto_classification_TS7_deepethogram\DATA\Cage3-LBN-2024-12-12_04-12-15\Cage3-LBN-2024-12-12_04-12-15.mp4
[2025-06-02 11:25:36,022] INFO [deepethogram.gui.main.initialize_video:226] Record for loaded video: {'flow': None, 'label': None, 'output': None, 'rgb': 'D:\\LBN\\Maternal_auto_classification_train_deepethogram\\DATA\\Cage3-LBN-2024-12-12_04-52-15\\Cage3-LBN-2024-12-12_04-52-15.mp4', 'keypoint': None, 'key': 'Cage3-LBN-2024-12-12_04-52-15'}
[2025-06-02 11:28:24,898] INFO [deepethogram.gui.main.log_idle:151] User has been idle for 60.0 seconds...
[2025-06-02 11:30:24,846] INFO [deepethogram.gui.main.user_did_something:138] User restarted labeling
[2025-06-02 11:37:19,390] INFO [deepethogram.gui.main.log_idle:151] User has been idle for 60.0 seconds...
[2025-06-02 11:37:57,735] INFO [deepethogram.gui.main.save:800] saving...
[2025-06-02 11:37:57,754] INFO [deepethogram.gui.main.finalize:771] finalizing labels for file D:\LBN\Maternal_auto_classification_TS7_deepethogram\DATA\Cage3-LBN-2024-12-12_04-52-15\Cage3-LBN-2024-12-12_04-52-15.mp4
[2025-06-02 11:37:57,757] INFO [deepethogram.gui.main.user_did_something:138] User restarted labeling
[2025-06-02 11:37:57,845] INFO [deepethogram.gui.main.initialize_video:226] Record for loaded video: {'flow': None, 'label': None, 'output': None, 'rgb': 'D:\\LBN\\Maternal_auto_classification_train_deepethogram\\DATA\\Cage3-LBN-2024-12-12_05-42-15\\Cage3-LBN-2024-12-12_05-42-15.mp4', 'keypoint': None, 'key': 'Cage3-LBN-2024-12-12_05-42-15'}
[2025-06-02 11:39:29,292] INFO [deepethogram.gui.main.log_idle:151] User has been idle for 60.0 seconds...
[2025-06-02 11:41:29,608] INFO [deepethogram.gui.main.user_did_something:138] User restarted labeling
[2025-06-02 11:42:34,278] INFO [deepethogram.gui.main.save:800] saving...
[2025-06-02 11:42:34,295] INFO [deepethogram.gui.main.finalize:771] finalizing labels for file D:\LBN\Maternal_auto_classification_TS7_deepethogram\DATA\Cage3-LBN-2024-12-12_05-42-15\Cage3-LBN-2024-12-12_05-42-15.mp4
[2025-06-02 11:42:34,431] INFO [deepethogram.gui.main.initialize_video:226] Record for loaded video: {'flow': None, 'label': None, 'output': None, 'rgb': 'D:\\LBN\\Maternal_auto_classification_train_deepethogram\\DATA\\Cage3-LBN-2024-12-13_20-03-40\\Cage3-LBN-2024-12-13_20-03-40.mp4', 'keypoint': None, 'key': 'Cage3-LBN-2024-12-13_20-03-40'}
[2025-06-02 11:44:31,073] INFO [deepethogram.gui.main.save:800] saving...
[2025-06-02 11:44:31,106] INFO [deepethogram.gui.main.finalize:771] finalizing labels for file D:\LBN\Maternal_auto_classification_TS7_deepethogram\DATA\Cage3-LBN-2024-12-13_20-03-40\Cage3-LBN-2024-12-13_20-03-40.mp4
[2025-06-02 11:44:31,185] INFO [deepethogram.gui.main.initialize_video:226] Record for loaded video: {'flow': None, 'label': None, 'output': None, 'rgb': 'D:\\LBN\\Maternal_auto_classification_train_deepethogram\\DATA\\Cage3-LBN-2024-12-13_22-03-41\\Cage3-LBN-2024-12-13_22-03-41.mp4', 'keypoint': None, 'key': 'Cage3-LBN-2024-12-13_22-03-41'}
[2025-06-02 11:45:12,089] INFO [deepethogram.gui.main.save:800] saving...
[2025-06-02 11:45:12,107] INFO [deepethogram.gui.main.finalize:771] finalizing labels for file D:\LBN\Maternal_auto_classification_TS7_deepethogram\DATA\Cage3-LBN-2024-12-13_22-03-41\Cage3-LBN-2024-12-13_22-03-41.mp4
[2025-06-02 11:45:12,248] INFO [deepethogram.gui.main.initialize_video:226] Record for loaded video: {'flow': None, 'label': None, 'output': None, 'rgb': 'D:\\LBN\\Maternal_auto_classification_train_deepethogram\\DATA\\Cage3-LBN-2024-12-13_22-13-41\\Cage3-LBN-2024-12-13_22-13-41.mp4', 'keypoint': None, 'key': 'Cage3-LBN-2024-12-13_22-13-41'}
[2025-06-02 11:45:52,760] INFO [deepethogram.gui.main.save:800] saving...
[2025-06-02 11:45:52,782] INFO [deepethogram.gui.main.finalize:771] finalizing labels for file D:\LBN\Maternal_auto_classification_TS7_deepethogram\DATA\Cage3-LBN-2024-12-13_22-13-41\Cage3-LBN-2024-12-13_22-13-41.mp4
[2025-06-02 11:45:52,871] INFO [deepethogram.gui.main.initialize_video:226] Record for loaded video: {'flow': None, 'label': None, 'output': None, 'rgb': 'D:\\LBN\\Maternal_auto_classification_train_deepethogram\\DATA\\Cage3-LBN-2024-12-14_06-23-41\\Cage3-LBN-2024-12-14_06-23-41.mp4', 'keypoint': None, 'key': 'Cage3-LBN-2024-12-14_06-23-41'}
[2025-06-02 11:51:52,864] INFO [deepethogram.gui.main.save:800] saving...
[2025-06-02 11:51:52,884] INFO [deepethogram.gui.main.finalize:771] finalizing labels for file D:\LBN\Maternal_auto_classification_TS7_deepethogram\DATA\Cage3-LBN-2024-12-14_06-23-41\Cage3-LBN-2024-12-14_06-23-41.mp4
[2025-06-02 11:52:58,254] INFO [deepethogram.gui.main.log_idle:151] User has been idle for 60.0 seconds...
[2025-06-02 11:53:18,836] INFO [deepethogram.gui.main.user_did_something:138] User restarted labeling
[2025-06-02 11:54:18,831] INFO [deepethogram.gui.main.log_idle:151] User has been idle for 60.0 seconds...
[2025-06-02 12:01:42,580] INFO [deepethogram.gui.main.user_did_something:138] User restarted labeling
[2025-06-02 12:02:42,586] INFO [deepethogram.gui.main.log_idle:151] User has been idle for 60.0 seconds...
[2025-06-02 12:25:45,525] INFO [deepethogram.gui.main.initialize_video:241] Copying D:/LBN/Cage2-LBN-2024-12-11_20-42-14_blur.mp4 to your DEG directory
[2025-06-02 12:25:45,541] INFO [deepethogram.zscore.zscore_video:151] zscoring file: D:\LBN\Maternal_auto_classification_TS7_deepethogram\DATA\Cage2-LBN-2024-12-11_20-42-14_blur\Cage2-LBN-2024-12-11_20-42-14_blur.mp4
[2025-06-02 12:26:08,656] INFO [deepethogram.zscore.get_video_statistics:116] final stats: mean: [0.43619898 0.44367741 0.43144563] std: [0.25482222 0.25464675 0.25469886] n: 369100800
[2025-06-02 12:26:09,196] INFO [deepethogram.gui.main.user_did_something:138] User restarted labeling
[2025-06-02 12:26:09,212] INFO [deepethogram.gui.main.initialize_video:241] Copying D:/LBN/Cage2-LBN-2024-12-11_20-42-14_bright_contrast.mp4 to your DEG directory
[2025-06-02 12:26:09,256] INFO [deepethogram.zscore.zscore_video:151] zscoring file: D:\LBN\Maternal_auto_classification_TS7_deepethogram\DATA\Cage2-LBN-2024-12-11_20-42-14_bright_contrast\Cage2-LBN-2024-12-11_20-42-14_bright_contrast.mp4
[2025-06-02 12:26:36,530] INFO [deepethogram.zscore.get_video_statistics:116] final stats: mean: [0.64021445 0.64771172 0.63562011] std: [0.2531756  0.25308509 0.25348752] n: 369100800
[2025-06-02 12:26:37,102] INFO [deepethogram.gui.main.initialize_video:241] Copying D:/LBN/Cage2-LBN-2024-12-11_20-42-14_combo123.mp4 to your DEG directory
[2025-06-02 12:26:37,124] INFO [deepethogram.zscore.zscore_video:151] zscoring file: D:\LBN\Maternal_auto_classification_TS7_deepethogram\DATA\Cage2-LBN-2024-12-11_20-42-14_combo123\Cage2-LBN-2024-12-11_20-42-14_combo123.mp4
[2025-06-02 12:27:04,243] INFO [deepethogram.zscore.get_video_statistics:116] final stats: mean: [0.65880727 0.66634134 0.65503717] std: [0.24357658 0.24348225 0.24363204] n: 369100800
[2025-06-02 12:27:04,821] INFO [deepethogram.gui.main.initialize_video:241] Copying D:/LBN/Cage2-LBN-2024-12-11_20-42-14_combo124.mp4 to your DEG directory
[2025-06-02 12:27:04,873] INFO [deepethogram.zscore.zscore_video:151] zscoring file: D:\LBN\Maternal_auto_classification_TS7_deepethogram\DATA\Cage2-LBN-2024-12-11_20-42-14_combo124\Cage2-LBN-2024-12-11_20-42-14_combo124.mp4
[2025-06-02 12:27:31,570] INFO [deepethogram.zscore.get_video_statistics:116] final stats: mean: [0.64030919 0.64782088 0.63567967] std: [0.25226615 0.25217616 0.25249262] n: 369100800
[2025-06-02 12:27:32,133] INFO [deepethogram.gui.main.initialize_video:241] Copying D:/LBN/Cage2-LBN-2024-12-11_20-42-14_combo234.mp4 to your DEG directory
[2025-06-02 12:27:32,156] INFO [deepethogram.zscore.zscore_video:151] zscoring file: D:\LBN\Maternal_auto_classification_TS7_deepethogram\DATA\Cage2-LBN-2024-12-11_20-42-14_combo234\Cage2-LBN-2024-12-11_20-42-14_combo234.mp4
[2025-06-02 12:27:58,462] INFO [deepethogram.zscore.get_video_statistics:116] final stats: mean: [0.44894317 0.45641628 0.44511147] std: [0.24556567 0.24537357 0.24560092] n: 369100800
[2025-06-02 12:27:59,040] INFO [deepethogram.gui.main.initialize_video:241] Copying D:/LBN/Cage2-LBN-2024-12-11_20-42-14_flip.mp4 to your DEG directory
[2025-06-02 12:27:59,087] INFO [deepethogram.zscore.zscore_video:151] zscoring file: D:\LBN\Maternal_auto_classification_TS7_deepethogram\DATA\Cage2-LBN-2024-12-11_20-42-14_flip\Cage2-LBN-2024-12-11_20-42-14_flip.mp4
[2025-06-02 12:28:26,260] INFO [deepethogram.zscore.get_video_statistics:116] final stats: mean: [0.43620804 0.44368126 0.43149368] std: [0.25604249 0.25587529 0.25589029] n: 369100800
[2025-06-02 12:28:26,851] INFO [deepethogram.gui.main.initialize_video:241] Copying D:/LBN/Cage2-LBN-2024-12-11_20-42-14_zoom_crop.mp4 to your DEG directory
[2025-06-02 12:28:26,893] INFO [deepethogram.zscore.zscore_video:151] zscoring file: D:\LBN\Maternal_auto_classification_TS7_deepethogram\DATA\Cage2-LBN-2024-12-11_20-42-14_zoom_crop\Cage2-LBN-2024-12-11_20-42-14_zoom_crop.mp4
[2025-06-02 12:28:54,319] INFO [deepethogram.zscore.get_video_statistics:116] final stats: mean: [0.44894069 0.45641187 0.44509988] std: [0.24637952 0.24618132 0.2464101 ] n: 369100800
[2025-06-02 12:28:54,954] INFO [deepethogram.gui.main.initialize_video:241] Copying D:/LBN/Cage2-LBN-2024-12-11_21-02-14_blur.mp4 to your DEG directory
[2025-06-02 12:28:54,977] INFO [deepethogram.zscore.zscore_video:151] zscoring file: D:\LBN\Maternal_auto_classification_TS7_deepethogram\DATA\Cage2-LBN-2024-12-11_21-02-14_blur\Cage2-LBN-2024-12-11_21-02-14_blur.mp4
[2025-06-02 12:29:22,436] INFO [deepethogram.zscore.get_video_statistics:116] final stats: mean: [0.39176589 0.39931395 0.38703337] std: [0.24001962 0.23982725 0.23977284] n: 371174400
[2025-06-02 12:29:23,016] INFO [deepethogram.gui.main.initialize_video:241] Copying D:/LBN/Cage2-LBN-2024-12-11_21-02-14_bright_contrast.mp4 to your DEG directory
[2025-06-02 12:29:23,080] INFO [deepethogram.zscore.zscore_video:151] zscoring file: D:\LBN\Maternal_auto_classification_TS7_deepethogram\DATA\Cage2-LBN-2024-12-11_21-02-14_bright_contrast\Cage2-LBN-2024-12-11_21-02-14_bright_contrast.mp4
[2025-06-02 12:29:50,524] INFO [deepethogram.zscore.get_video_statistics:116] final stats: mean: [0.59939861 0.6069512  0.59481261] std: [0.25604141 0.25593339 0.25623398] n: 371174400
[2025-06-02 12:29:51,098] INFO [deepethogram.gui.main.initialize_video:241] Copying D:/LBN/Cage2-LBN-2024-12-11_21-02-14_combo123.mp4 to your DEG directory
[2025-06-02 12:29:51,142] INFO [deepethogram.zscore.zscore_video:151] zscoring file: D:\LBN\Maternal_auto_classification_TS7_deepethogram\DATA\Cage2-LBN-2024-12-11_21-02-14_combo123\Cage2-LBN-2024-12-11_21-02-14_combo123.mp4
[2025-06-02 12:30:17,693] INFO [deepethogram.zscore.get_video_statistics:116] final stats: mean: [0.61603091 0.62362948 0.61224876] std: [0.24661607 0.24650076 0.24669237] n: 371174400
[2025-06-02 12:30:18,272] INFO [deepethogram.gui.main.initialize_video:241] Copying D:/LBN/Cage2-LBN-2024-12-11_21-02-14_combo124.mp4 to your DEG directory
[2025-06-02 12:30:18,293] INFO [deepethogram.zscore.zscore_video:151] zscoring file: D:\LBN\Maternal_auto_classification_TS7_deepethogram\DATA\Cage2-LBN-2024-12-11_21-02-14_combo124\Cage2-LBN-2024-12-11_21-02-14_combo124.mp4
[2025-06-02 12:30:45,273] INFO [deepethogram.zscore.get_video_statistics:116] final stats: mean: [0.59948818 0.60705982 0.59486581] std: [0.25506924 0.25496112 0.2551996 ] n: 371174400
[2025-06-02 12:30:45,851] INFO [deepethogram.gui.main.initialize_video:241] Copying D:/LBN/Cage2-LBN-2024-12-11_21-02-14_combo234.mp4 to your DEG directory
[2025-06-02 12:30:45,878] INFO [deepethogram.zscore.zscore_video:151] zscoring file: D:\LBN\Maternal_auto_classification_TS7_deepethogram\DATA\Cage2-LBN-2024-12-11_21-02-14_combo234\Cage2-LBN-2024-12-11_21-02-14_combo234.mp4
[2025-06-02 12:31:12,996] INFO [deepethogram.zscore.get_video_statistics:116] final stats: mean: [0.40193887 0.40950058 0.39810134] std: [0.22931958 0.22911383 0.22937151] n: 371174400
[2025-06-02 12:31:13,594] INFO [deepethogram.gui.main.initialize_video:241] Copying D:/LBN/Cage2-LBN-2024-12-11_21-02-14_flip.mp4 to your DEG directory
[2025-06-02 12:31:13,648] INFO [deepethogram.zscore.zscore_video:151] zscoring file: D:\LBN\Maternal_auto_classification_TS7_deepethogram\DATA\Cage2-LBN-2024-12-11_21-02-14_flip\Cage2-LBN-2024-12-11_21-02-14_flip.mp4
[2025-06-02 12:31:41,474] INFO [deepethogram.zscore.get_video_statistics:116] final stats: mean: [0.39177794 0.39932228 0.38708305] std: [0.2413985  0.24121292 0.24109499] n: 371174400
[2025-06-02 12:31:42,083] INFO [deepethogram.gui.main.initialize_video:241] Copying D:/LBN/Cage2-LBN-2024-12-11_21-02-14_zoom_crop.mp4 to your DEG directory
[2025-06-02 12:31:42,120] INFO [deepethogram.zscore.zscore_video:151] zscoring file: D:\LBN\Maternal_auto_classification_TS7_deepethogram\DATA\Cage2-LBN-2024-12-11_21-02-14_zoom_crop\Cage2-LBN-2024-12-11_21-02-14_zoom_crop.mp4
[2025-06-02 12:32:09,567] INFO [deepethogram.zscore.get_video_statistics:116] final stats: mean: [0.40193212 0.40949305 0.39808887] std: [0.23026636 0.23005513 0.2303162 ] n: 371174400
[2025-06-02 12:32:10,167] INFO [deepethogram.gui.main.initialize_video:241] Copying D:/LBN/Cage2-LBN-2024-12-11_22-52-14_blur.mp4 to your DEG directory
[2025-06-02 12:32:10,199] INFO [deepethogram.zscore.zscore_video:151] zscoring file: D:\LBN\Maternal_auto_classification_TS7_deepethogram\DATA\Cage2-LBN-2024-12-11_22-52-14_blur\Cage2-LBN-2024-12-11_22-52-14_blur.mp4
[2025-06-02 12:32:37,192] INFO [deepethogram.zscore.get_video_statistics:116] final stats: mean: [0.41789722 0.42547842 0.4131419 ] std: [0.24014342 0.23998781 0.23993623] n: 371174400
[2025-06-02 12:32:37,754] INFO [deepethogram.gui.main.initialize_video:241] Copying D:/LBN/Cage2-LBN-2024-12-11_22-52-14_bright_contrast.mp4 to your DEG directory
[2025-06-02 12:32:37,817] INFO [deepethogram.zscore.zscore_video:151] zscoring file: D:\LBN\Maternal_auto_classification_TS7_deepethogram\DATA\Cage2-LBN-2024-12-11_22-52-14_bright_contrast\Cage2-LBN-2024-12-11_22-52-14_bright_contrast.mp4
[2025-06-02 12:33:04,339] INFO [deepethogram.zscore.get_video_statistics:116] final stats: mean: [0.62989793 0.6374787  0.62529116] std: [0.25417662 0.25407804 0.2544503 ] n: 371174400
[2025-06-02 12:33:04,894] INFO [deepethogram.gui.main.initialize_video:241] Copying D:/LBN/Cage2-LBN-2024-12-11_22-52-14_combo123.mp4 to your DEG directory
[2025-06-02 12:33:04,916] INFO [deepethogram.zscore.zscore_video:151] zscoring file: D:\LBN\Maternal_auto_classification_TS7_deepethogram\DATA\Cage2-LBN-2024-12-11_22-52-14_combo123\Cage2-LBN-2024-12-11_22-52-14_combo123.mp4
[2025-06-02 12:33:31,865] INFO [deepethogram.zscore.get_video_statistics:116] final stats: mean: [0.64749911 0.65512669 0.64372247] std: [0.24454231 0.24444612 0.2446082 ] n: 371174400
[2025-06-02 12:33:32,456] INFO [deepethogram.gui.main.initialize_video:241] Copying D:/LBN/Cage2-LBN-2024-12-11_22-52-14_combo124.mp4 to your DEG directory
[2025-06-02 12:33:32,505] INFO [deepethogram.zscore.zscore_video:151] zscoring file: D:\LBN\Maternal_auto_classification_TS7_deepethogram\DATA\Cage2-LBN-2024-12-11_22-52-14_combo124\Cage2-LBN-2024-12-11_22-52-14_combo124.mp4
[2025-06-02 12:33:59,972] INFO [deepethogram.zscore.get_video_statistics:116] final stats: mean: [0.63000266 0.63760363 0.62534823] std: [0.25315159 0.25306406 0.25334164] n: 371174400
[2025-06-02 12:34:00,566] INFO [deepethogram.gui.main.initialize_video:241] Copying D:/LBN/Cage2-LBN-2024-12-11_22-52-14_combo234.mp4 to your DEG directory
[2025-06-02 12:34:00,625] INFO [deepethogram.zscore.zscore_video:151] zscoring file: D:\LBN\Maternal_auto_classification_TS7_deepethogram\DATA\Cage2-LBN-2024-12-11_22-52-14_combo234\Cage2-LBN-2024-12-11_22-52-14_combo234.mp4
[2025-06-02 12:34:28,041] INFO [deepethogram.zscore.get_video_statistics:116] final stats: mean: [0.42809913 0.43568742 0.42427623] std: [0.227992   0.22781837 0.22804359] n: 371174400
[2025-06-02 12:34:28,614] INFO [deepethogram.gui.main.initialize_video:241] Copying D:/LBN/Cage2-LBN-2024-12-11_22-52-14_flip.mp4 to your DEG directory
[2025-06-02 12:34:28,660] INFO [deepethogram.zscore.zscore_video:151] zscoring file: D:\LBN\Maternal_auto_classification_TS7_deepethogram\DATA\Cage2-LBN-2024-12-11_22-52-14_flip\Cage2-LBN-2024-12-11_22-52-14_flip.mp4
[2025-06-02 12:34:56,087] INFO [deepethogram.zscore.get_video_statistics:116] final stats: mean: [0.41791796 0.4254925  0.41320265] std: [0.24166482 0.24151792 0.24142559] n: 371174400
[2025-06-02 12:34:56,690] INFO [deepethogram.gui.main.initialize_video:241] Copying D:/LBN/Cage2-LBN-2024-12-11_22-52-14_zoom_crop.mp4 to your DEG directory
[2025-06-02 12:34:56,723] INFO [deepethogram.zscore.zscore_video:151] zscoring file: D:\LBN\Maternal_auto_classification_TS7_deepethogram\DATA\Cage2-LBN-2024-12-11_22-52-14_zoom_crop\Cage2-LBN-2024-12-11_22-52-14_zoom_crop.mp4
[2025-06-02 12:35:23,549] INFO [deepethogram.zscore.get_video_statistics:116] final stats: mean: [0.42809694 0.43568339 0.42426811] std: [0.22907916 0.22889891 0.22912834] n: 371174400
[2025-06-02 12:35:24,113] INFO [deepethogram.gui.main.initialize_video:241] Copying D:/LBN/Cage3-LBN-2024-12-08_21-38-35_blur.mp4 to your DEG directory
[2025-06-02 12:35:24,160] INFO [deepethogram.zscore.zscore_video:151] zscoring file: D:\LBN\Maternal_auto_classification_TS7_deepethogram\DATA\Cage3-LBN-2024-12-08_21-38-35_blur\Cage3-LBN-2024-12-08_21-38-35_blur.mp4
[2025-06-02 12:35:50,708] INFO [deepethogram.zscore.get_video_statistics:116] final stats: mean: [0.37512621 0.38263758 0.37034651] std: [0.28078427 0.28062092 0.28073332] n: 371174400
[2025-06-02 12:35:51,292] INFO [deepethogram.gui.main.initialize_video:241] Copying D:/LBN/Cage3-LBN-2024-12-08_21-38-35_bright_contrast.mp4 to your DEG directory
[2025-06-02 12:35:51,349] INFO [deepethogram.zscore.zscore_video:151] zscoring file: D:\LBN\Maternal_auto_classification_TS7_deepethogram\DATA\Cage3-LBN-2024-12-08_21-38-35_bright_contrast\Cage3-LBN-2024-12-08_21-38-35_bright_contrast.mp4
[2025-06-02 12:36:18,501] INFO [deepethogram.zscore.get_video_statistics:116] final stats: mean: [0.56274999 0.57025198 0.55811276] std: [0.28698745 0.28686324 0.28708637] n: 371174400
[2025-06-02 12:36:19,126] INFO [deepethogram.gui.main.initialize_video:241] Copying D:/LBN/Cage3-LBN-2024-12-08_21-38-35_combo123.mp4 to your DEG directory
[2025-06-02 12:36:19,164] INFO [deepethogram.zscore.zscore_video:151] zscoring file: D:\LBN\Maternal_auto_classification_TS7_deepethogram\DATA\Cage3-LBN-2024-12-08_21-38-35_combo123\Cage3-LBN-2024-12-08_21-38-35_combo123.mp4
[2025-06-02 12:36:46,727] INFO [deepethogram.zscore.get_video_statistics:116] final stats: mean: [0.58722126 0.59477473 0.58346923] std: [0.2772125  0.27710983 0.27727904] n: 371174400
[2025-06-02 12:36:47,360] INFO [deepethogram.gui.main.initialize_video:241] Copying D:/LBN/Cage3-LBN-2024-12-08_21-38-35_combo124.mp4 to your DEG directory
[2025-06-02 12:36:47,382] INFO [deepethogram.zscore.zscore_video:151] zscoring file: D:\LBN\Maternal_auto_classification_TS7_deepethogram\DATA\Cage3-LBN-2024-12-08_21-38-35_combo124\Cage3-LBN-2024-12-08_21-38-35_combo124.mp4
[2025-06-02 12:37:14,850] INFO [deepethogram.zscore.get_video_statistics:116] final stats: mean: [0.56280235 0.57032449 0.55812452] std: [0.28572595 0.28560884 0.28587349] n: 371174400
[2025-06-02 12:37:15,454] INFO [deepethogram.gui.main.initialize_video:241] Copying D:/LBN/Cage3-LBN-2024-12-08_21-38-35_combo234.mp4 to your DEG directory
[2025-06-02 12:37:15,512] INFO [deepethogram.zscore.zscore_video:151] zscoring file: D:\LBN\Maternal_auto_classification_TS7_deepethogram\DATA\Cage3-LBN-2024-12-08_21-38-35_combo234\Cage3-LBN-2024-12-08_21-38-35_combo234.mp4
[2025-06-02 12:37:42,519] INFO [deepethogram.zscore.get_video_statistics:116] final stats: mean: [0.39488349 0.40239521 0.391073  ] std: [0.2748943  0.27471071 0.27494231] n: 371174400
[2025-06-02 12:37:43,110] INFO [deepethogram.gui.main.initialize_video:241] Copying D:/LBN/Cage3-LBN-2024-12-08_21-38-35_flip.mp4 to your DEG directory
[2025-06-02 12:37:43,159] INFO [deepethogram.zscore.zscore_video:151] zscoring file: D:\LBN\Maternal_auto_classification_TS7_deepethogram\DATA\Cage3-LBN-2024-12-08_21-38-35_flip\Cage3-LBN-2024-12-08_21-38-35_flip.mp4
[2025-06-02 12:38:09,773] INFO [deepethogram.zscore.get_video_statistics:116] final stats: mean: [0.37513399 0.38264136 0.37039827] std: [0.28215296 0.28199944 0.28188012] n: 371174400
[2025-06-02 12:38:10,329] INFO [deepethogram.gui.main.initialize_video:241] Copying D:/LBN/Cage3-LBN-2024-12-08_21-38-35_zoom_crop.mp4 to your DEG directory
[2025-06-02 12:38:10,366] INFO [deepethogram.zscore.zscore_video:151] zscoring file: D:\LBN\Maternal_auto_classification_TS7_deepethogram\DATA\Cage3-LBN-2024-12-08_21-38-35_zoom_crop\Cage3-LBN-2024-12-08_21-38-35_zoom_crop.mp4
[2025-06-02 12:38:37,187] INFO [deepethogram.zscore.get_video_statistics:116] final stats: mean: [0.39487563 0.40238775 0.39105664] std: [0.2758714  0.27568372 0.27591529] n: 371174400
[2025-06-02 12:38:37,797] INFO [deepethogram.gui.main.initialize_video:241] Copying D:/LBN/Cage3-LBN-2024-12-08_22-28-35_blur.mp4 to your DEG directory
[2025-06-02 12:38:37,845] INFO [deepethogram.zscore.zscore_video:151] zscoring file: D:\LBN\Maternal_auto_classification_TS7_deepethogram\DATA\Cage3-LBN-2024-12-08_22-28-35_blur\Cage3-LBN-2024-12-08_22-28-35_blur.mp4
[2025-06-02 12:39:05,361] INFO [deepethogram.zscore.get_video_statistics:116] final stats: mean: [0.3795895  0.38711447 0.37480568] std: [0.28605442 0.28589284 0.28601163] n: 371174400
[2025-06-02 12:39:05,984] INFO [deepethogram.gui.main.initialize_video:241] Copying D:/LBN/Cage3-LBN-2024-12-08_22-28-35_bright_contrast.mp4 to your DEG directory
[2025-06-02 12:39:06,022] INFO [deepethogram.zscore.zscore_video:151] zscoring file: D:\LBN\Maternal_auto_classification_TS7_deepethogram\DATA\Cage3-LBN-2024-12-08_22-28-35_bright_contrast\Cage3-LBN-2024-12-08_22-28-35_bright_contrast.mp4
[2025-06-02 12:39:33,786] INFO [deepethogram.zscore.get_video_statistics:116] final stats: mean: [0.56455741 0.57207585 0.55990814] std: [0.28864813 0.28852708 0.28874005] n: 371174400
[2025-06-02 12:39:34,390] INFO [deepethogram.gui.main.initialize_video:241] Copying D:/LBN/Cage3-LBN-2024-12-08_22-28-35_combo123.mp4 to your DEG directory
[2025-06-02 12:39:34,426] INFO [deepethogram.zscore.zscore_video:151] zscoring file: D:\LBN\Maternal_auto_classification_TS7_deepethogram\DATA\Cage3-LBN-2024-12-08_22-28-35_combo123\Cage3-LBN-2024-12-08_22-28-35_combo123.mp4
[2025-06-02 12:40:01,772] INFO [deepethogram.zscore.get_video_statistics:116] final stats: mean: [0.58968868 0.59726722 0.58594935] std: [0.27878222 0.27868121 0.27884508] n: 371174400
[2025-06-02 12:40:02,359] INFO [deepethogram.gui.main.initialize_video:241] Copying D:/LBN/Cage3-LBN-2024-12-08_22-28-35_combo124.mp4 to your DEG directory
[2025-06-02 12:40:02,406] INFO [deepethogram.zscore.zscore_video:151] zscoring file: D:\LBN\Maternal_auto_classification_TS7_deepethogram\DATA\Cage3-LBN-2024-12-08_22-28-35_combo124\Cage3-LBN-2024-12-08_22-28-35_combo124.mp4
[2025-06-02 12:40:29,364] INFO [deepethogram.zscore.get_video_statistics:116] final stats: mean: [0.56460796 0.57215227 0.55991136] std: [0.28726759 0.28715955 0.28740916] n: 371174400
[2025-06-02 12:40:29,920] INFO [deepethogram.gui.main.initialize_video:241] Copying D:/LBN/Cage3-LBN-2024-12-08_22-28-35_combo234.mp4 to your DEG directory
[2025-06-02 12:40:29,968] INFO [deepethogram.zscore.zscore_video:151] zscoring file: D:\LBN\Maternal_auto_classification_TS7_deepethogram\DATA\Cage3-LBN-2024-12-08_22-28-35_combo234\Cage3-LBN-2024-12-08_22-28-35_combo234.mp4
[2025-06-02 12:40:56,286] INFO [deepethogram.zscore.get_video_statistics:116] final stats: mean: [0.40046782 0.40798988 0.39666841] std: [0.2808372  0.28064782 0.28088432] n: 371174400
[2025-06-02 12:40:56,873] INFO [deepethogram.gui.main.initialize_video:241] Copying D:/LBN/Cage3-LBN-2024-12-08_22-28-35_flip.mp4 to your DEG directory
[2025-06-02 12:40:56,905] INFO [deepethogram.zscore.zscore_video:151] zscoring file: D:\LBN\Maternal_auto_classification_TS7_deepethogram\DATA\Cage3-LBN-2024-12-08_22-28-35_flip\Cage3-LBN-2024-12-08_22-28-35_flip.mp4
[2025-06-02 12:41:24,082] INFO [deepethogram.zscore.get_video_statistics:116] final stats: mean: [0.37959408 0.38711425 0.37485273] std: [0.28758514 0.28742799 0.28731711] n: 371174400
[2025-06-02 12:41:24,685] INFO [deepethogram.gui.main.initialize_video:241] Copying D:/LBN/Cage3-LBN-2024-12-08_22-28-35_zoom_crop.mp4 to your DEG directory
[2025-06-02 12:41:24,739] INFO [deepethogram.zscore.zscore_video:151] zscoring file: D:\LBN\Maternal_auto_classification_TS7_deepethogram\DATA\Cage3-LBN-2024-12-08_22-28-35_zoom_crop\Cage3-LBN-2024-12-08_22-28-35_zoom_crop.mp4
[2025-06-02 12:41:52,342] INFO [deepethogram.zscore.get_video_statistics:116] final stats: mean: [0.40046127 0.407982   0.39665182] std: [0.28195487 0.28176155 0.28199766] n: 371174400
[2025-06-02 12:41:52,966] INFO [deepethogram.gui.main.initialize_video:241] Copying D:/LBN/Cage3-LBN-2024-12-10_20-08-42_blur.mp4 to your DEG directory
[2025-06-02 12:41:53,019] INFO [deepethogram.zscore.zscore_video:151] zscoring file: D:\LBN\Maternal_auto_classification_TS7_deepethogram\DATA\Cage3-LBN-2024-12-10_20-08-42_blur\Cage3-LBN-2024-12-10_20-08-42_blur.mp4
[2025-06-02 12:42:20,436] INFO [deepethogram.zscore.get_video_statistics:116] final stats: mean: [0.42027275 0.4278501  0.41547422] std: [0.28139206 0.2812932  0.28144755] n: 371174400
[2025-06-02 12:42:21,059] INFO [deepethogram.gui.main.initialize_video:241] Copying D:/LBN/Cage3-LBN-2024-12-10_20-08-42_bright_contrast.mp4 to your DEG directory
[2025-06-02 12:42:21,092] INFO [deepethogram.zscore.zscore_video:151] zscoring file: D:\LBN\Maternal_auto_classification_TS7_deepethogram\DATA\Cage3-LBN-2024-12-10_20-08-42_bright_contrast\Cage3-LBN-2024-12-10_20-08-42_bright_contrast.mp4
[2025-06-02 12:42:48,356] INFO [deepethogram.zscore.get_video_statistics:116] final stats: mean: [0.61339399 0.62095959 0.60871298] std: [0.28208222 0.28201273 0.28230396] n: 371174400
[2025-06-02 12:42:48,968] INFO [deepethogram.gui.main.initialize_video:241] Copying D:/LBN/Cage3-LBN-2024-12-10_20-08-42_flip.mp4 to your DEG directory
[2025-06-02 12:42:49,030] INFO [deepethogram.zscore.zscore_video:151] zscoring file: D:\LBN\Maternal_auto_classification_TS7_deepethogram\DATA\Cage3-LBN-2024-12-10_20-08-42_flip\Cage3-LBN-2024-12-10_20-08-42_flip.mp4
[2025-06-02 12:43:14,137] INFO [deepethogram.zscore.get_video_statistics:116] final stats: mean: [0.42028477 0.42785396 0.41552769] std: [0.28265791 0.28256535 0.2825218 ] n: 371174400
[2025-06-02 12:43:14,715] INFO [deepethogram.gui.main.initialize_video:241] Copying D:/LBN/Cage3-LBN-2024-12-10_20-08-42_zoom_crop.mp4 to your DEG directory
[2025-06-02 12:43:14,771] INFO [deepethogram.zscore.zscore_video:151] zscoring file: D:\LBN\Maternal_auto_classification_TS7_deepethogram\DATA\Cage3-LBN-2024-12-10_20-08-42_zoom_crop\Cage3-LBN-2024-12-10_20-08-42_zoom_crop.mp4
[2025-06-02 12:43:39,371] INFO [deepethogram.zscore.get_video_statistics:116] final stats: mean: [0.44223345 0.44980789 0.43840214] std: [0.27264688 0.27252096 0.27267624] n: 371174400
[2025-06-02 12:44:39,940] INFO [deepethogram.gui.main.log_idle:151] User has been idle for 60.0 seconds...
[2025-06-02 13:07:07,591] INFO [deepethogram.gui.main.user_did_something:138] User restarted labeling
[2025-06-02 13:07:44,214] INFO [deepethogram.gui.main.initialize_video:241] Copying D:/LBN/Cage3-LBN-2024-12-10_21-28-42_blur.mp4 to your DEG directory
[2025-06-02 13:07:44,235] INFO [deepethogram.zscore.zscore_video:151] zscoring file: D:\LBN\Maternal_auto_classification_TS7_deepethogram\DATA\Cage3-LBN-2024-12-10_21-28-42_blur\Cage3-LBN-2024-12-10_21-28-42_blur.mp4
[2025-06-02 13:08:06,189] INFO [deepethogram.zscore.get_video_statistics:116] final stats: mean: [0.38960269 0.39712186 0.38486347] std: [0.27895918 0.27878711 0.27897005] n: 371174400
[2025-06-02 13:08:06,805] INFO [deepethogram.gui.main.initialize_video:241] Copying D:/LBN/Cage3-LBN-2024-12-10_21-28-42_bright_contrast.mp4 to your DEG directory
[2025-06-02 13:08:06,844] INFO [deepethogram.zscore.zscore_video:151] zscoring file: D:\LBN\Maternal_auto_classification_TS7_deepethogram\DATA\Cage3-LBN-2024-12-10_21-28-42_bright_contrast\Cage3-LBN-2024-12-10_21-28-42_bright_contrast.mp4
[2025-06-02 13:08:31,731] INFO [deepethogram.zscore.get_video_statistics:116] final stats: mean: [0.58044796 0.58796399 0.57584269] std: [0.28487889 0.28475449 0.2850499 ] n: 371174400
[2025-06-02 13:08:32,291] INFO [deepethogram.gui.main.initialize_video:241] Copying D:/LBN/Cage3-LBN-2024-12-10_21-28-42_combo123.mp4 to your DEG directory
[2025-06-02 13:08:32,322] INFO [deepethogram.zscore.zscore_video:151] zscoring file: D:\LBN\Maternal_auto_classification_TS7_deepethogram\DATA\Cage3-LBN-2024-12-10_21-28-42_combo123\Cage3-LBN-2024-12-10_21-28-42_combo123.mp4
[2025-06-02 13:08:57,167] INFO [deepethogram.zscore.get_video_statistics:116] final stats: mean: [0.60620363 0.613781   0.60246691] std: [0.27437228 0.27426532 0.27445608] n: 371174400
[2025-06-02 13:08:57,742] INFO [deepethogram.gui.main.initialize_video:241] Copying D:/LBN/Cage3-LBN-2024-12-10_21-28-42_combo124.mp4 to your DEG directory
[2025-06-02 13:08:57,761] INFO [deepethogram.zscore.zscore_video:151] zscoring file: D:\LBN\Maternal_auto_classification_TS7_deepethogram\DATA\Cage3-LBN-2024-12-10_21-28-42_combo124\Cage3-LBN-2024-12-10_21-28-42_combo124.mp4
[2025-06-02 13:09:21,689] INFO [deepethogram.zscore.get_video_statistics:116] final stats: mean: [0.5805046  0.5880498  0.57584672] std: [0.28382695 0.28371225 0.28402661] n: 371174400
[2025-06-02 13:09:22,246] INFO [deepethogram.gui.main.initialize_video:241] Copying D:/LBN/Cage3-LBN-2024-12-10_21-28-42_combo234.mp4 to your DEG directory
[2025-06-02 13:09:22,293] INFO [deepethogram.zscore.zscore_video:151] zscoring file: D:\LBN\Maternal_auto_classification_TS7_deepethogram\DATA\Cage3-LBN-2024-12-10_21-28-42_combo234\Cage3-LBN-2024-12-10_21-28-42_combo234.mp4
[2025-06-02 13:09:46,357] INFO [deepethogram.zscore.get_video_statistics:116] final stats: mean: [0.40990674 0.41742255 0.40610973] std: [0.27130061 0.27110083 0.27135801] n: 371174400
[2025-06-02 13:09:46,918] INFO [deepethogram.gui.main.initialize_video:241] Copying D:/LBN/Cage3-LBN-2024-12-10_21-28-42_flip.mp4 to your DEG directory
[2025-06-02 13:09:46,949] INFO [deepethogram.zscore.zscore_video:151] zscoring file: D:\LBN\Maternal_auto_classification_TS7_deepethogram\DATA\Cage3-LBN-2024-12-10_21-28-42_flip\Cage3-LBN-2024-12-10_21-28-42_flip.mp4
[2025-06-02 13:10:11,728] INFO [deepethogram.zscore.get_video_statistics:116] final stats: mean: [0.38962345 0.39713549 0.3849208 ] std: [0.28029771 0.28013372 0.28009848] n: 371174400
[2025-06-02 13:10:12,290] INFO [deepethogram.gui.main.initialize_video:241] Copying D:/LBN/Cage3-LBN-2024-12-10_21-28-42_zoom_crop.mp4 to your DEG directory
[2025-06-02 13:10:12,343] INFO [deepethogram.zscore.zscore_video:151] zscoring file: D:\LBN\Maternal_auto_classification_TS7_deepethogram\DATA\Cage3-LBN-2024-12-10_21-28-42_zoom_crop\Cage3-LBN-2024-12-10_21-28-42_zoom_crop.mp4
[2025-06-02 13:10:37,010] INFO [deepethogram.zscore.get_video_statistics:116] final stats: mean: [0.409898   0.41741314 0.40609166] std: [0.27227467 0.27206907 0.27232763] n: 371174400
[2025-06-02 13:10:37,589] INFO [deepethogram.gui.main.initialize_video:241] Copying D:/LBN/Cage3-LBN-2024-12-11_04-38-42_blur.mp4 to your DEG directory
[2025-06-02 13:10:37,616] INFO [deepethogram.zscore.zscore_video:151] zscoring file: D:\LBN\Maternal_auto_classification_TS7_deepethogram\DATA\Cage3-LBN-2024-12-11_04-38-42_blur\Cage3-LBN-2024-12-11_04-38-42_blur.mp4
[2025-06-02 13:11:02,360] INFO [deepethogram.zscore.get_video_statistics:116] final stats: mean: [0.40820071 0.41576187 0.40344614] std: [0.28105526 0.28090861 0.28107558] n: 371174400
[2025-06-02 13:11:02,940] INFO [deepethogram.gui.main.initialize_video:241] Copying D:/LBN/Cage3-LBN-2024-12-11_04-38-42_bright_contrast.mp4 to your DEG directory
[2025-06-02 13:11:02,984] INFO [deepethogram.zscore.zscore_video:151] zscoring file: D:\LBN\Maternal_auto_classification_TS7_deepethogram\DATA\Cage3-LBN-2024-12-11_04-38-42_bright_contrast\Cage3-LBN-2024-12-11_04-38-42_bright_contrast.mp4
[2025-06-02 13:11:27,816] INFO [deepethogram.zscore.get_video_statistics:116] final stats: mean: [0.59814347 0.60572561 0.59349422] std: [0.27794161 0.2778634  0.27811855] n: 371174400
[2025-06-02 13:11:28,367] INFO [deepethogram.gui.main.initialize_video:241] Copying D:/LBN/Cage3-LBN-2024-12-11_04-38-42_combo123.mp4 to your DEG directory
[2025-06-02 13:11:28,421] INFO [deepethogram.zscore.zscore_video:151] zscoring file: D:\LBN\Maternal_auto_classification_TS7_deepethogram\DATA\Cage3-LBN-2024-12-11_04-38-42_combo123\Cage3-LBN-2024-12-11_04-38-42_combo123.mp4
[2025-06-02 13:11:52,660] INFO [deepethogram.zscore.get_video_statistics:116] final stats: mean: [0.62319532 0.63083878 0.61940712] std: [0.26547258 0.2653981  0.26552555] n: 371174400
[2025-06-02 13:11:53,226] INFO [deepethogram.gui.main.initialize_video:241] Copying D:/LBN/Cage3-LBN-2024-12-11_04-38-42_combo124.mp4 to your DEG directory
[2025-06-02 13:11:53,269] INFO [deepethogram.zscore.zscore_video:151] zscoring file: D:\LBN\Maternal_auto_classification_TS7_deepethogram\DATA\Cage3-LBN-2024-12-11_04-38-42_combo124\Cage3-LBN-2024-12-11_04-38-42_combo124.mp4
[2025-06-02 13:12:17,618] INFO [deepethogram.zscore.get_video_statistics:116] final stats: mean: [0.59820275 0.60580274 0.59351679] std: [0.2768984  0.27682229 0.27708069] n: 371174400
[2025-06-02 13:12:18,195] INFO [deepethogram.gui.main.initialize_video:241] Copying D:/LBN/Cage3-LBN-2024-12-11_04-38-42_combo234.mp4 to your DEG directory
[2025-06-02 13:12:18,240] INFO [deepethogram.zscore.zscore_video:151] zscoring file: D:\LBN\Maternal_auto_classification_TS7_deepethogram\DATA\Cage3-LBN-2024-12-11_04-38-42_combo234\Cage3-LBN-2024-12-11_04-38-42_combo234.mp4
[2025-06-02 13:12:42,726] INFO [deepethogram.zscore.get_video_statistics:116] final stats: mean: [0.4278748  0.43544405 0.42405135] std: [0.2720969  0.27192052 0.27214137] n: 371174400
[2025-06-02 13:12:43,320] INFO [deepethogram.gui.main.initialize_video:241] Copying D:/LBN/Cage3-LBN-2024-12-11_04-38-42_flip.mp4 to your DEG directory
[2025-06-02 13:12:43,362] INFO [deepethogram.zscore.zscore_video:151] zscoring file: D:\LBN\Maternal_auto_classification_TS7_deepethogram\DATA\Cage3-LBN-2024-12-11_04-38-42_flip\Cage3-LBN-2024-12-11_04-38-42_flip.mp4
[2025-06-02 13:13:07,939] INFO [deepethogram.zscore.get_video_statistics:116] final stats: mean: [0.40821927 0.4157737  0.40350278] std: [0.28225816 0.28211988 0.28209539] n: 371174400
[2025-06-02 13:13:08,508] INFO [deepethogram.gui.main.initialize_video:241] Copying D:/LBN/Cage3-LBN-2024-12-11_04-38-42_zoom_crop.mp4 to your DEG directory
[2025-06-02 13:13:08,560] INFO [deepethogram.zscore.zscore_video:151] zscoring file: D:\LBN\Maternal_auto_classification_TS7_deepethogram\DATA\Cage3-LBN-2024-12-11_04-38-42_zoom_crop\Cage3-LBN-2024-12-11_04-38-42_zoom_crop.mp4
[2025-06-02 13:13:33,496] INFO [deepethogram.zscore.get_video_statistics:116] final stats: mean: [0.42786822 0.43543647 0.42403725] std: [0.27295718 0.2727767  0.27299871] n: 371174400
[2025-06-02 13:13:34,085] INFO [deepethogram.gui.main.initialize_video:241] Copying D:/LBN/Cage3-LBN-2024-12-12_04-12-15_blur.mp4 to your DEG directory
[2025-06-02 13:13:34,106] INFO [deepethogram.zscore.zscore_video:151] zscoring file: D:\LBN\Maternal_auto_classification_TS7_deepethogram\DATA\Cage3-LBN-2024-12-12_04-12-15_blur\Cage3-LBN-2024-12-12_04-12-15_blur.mp4
[2025-06-02 13:13:58,751] INFO [deepethogram.zscore.get_video_statistics:116] final stats: mean: [0.36967315 0.37720107 0.36494789] std: [0.25664598 0.25647456 0.25656861] n: 371174400
[2025-06-02 13:13:59,348] INFO [deepethogram.gui.main.initialize_video:241] Copying D:/LBN/Cage3-LBN-2024-12-12_04-12-15_bright_contrast.mp4 to your DEG directory
[2025-06-02 13:13:59,379] INFO [deepethogram.zscore.zscore_video:151] zscoring file: D:\LBN\Maternal_auto_classification_TS7_deepethogram\DATA\Cage3-LBN-2024-12-12_04-12-15_bright_contrast\Cage3-LBN-2024-12-12_04-12-15_bright_contrast.mp4
[2025-06-02 13:14:24,097] INFO [deepethogram.zscore.get_video_statistics:116] final stats: mean: [0.56454691 0.57204961 0.55996597] std: [0.26453196 0.26439767 0.26465199] n: 371174400
[2025-06-02 13:14:24,678] INFO [deepethogram.gui.main.initialize_video:241] Copying D:/LBN/Cage3-LBN-2024-12-12_04-12-15_combo123.mp4 to your DEG directory
[2025-06-02 13:14:24,731] INFO [deepethogram.zscore.zscore_video:151] zscoring file: D:\LBN\Maternal_auto_classification_TS7_deepethogram\DATA\Cage3-LBN-2024-12-12_04-12-15_combo123\Cage3-LBN-2024-12-12_04-12-15_combo123.mp4
[2025-06-02 13:14:49,179] INFO [deepethogram.zscore.get_video_statistics:116] final stats: mean: [0.58344413 0.59100083 0.57970683] std: [0.25680449 0.25668422 0.25688763] n: 371174400
[2025-06-02 13:14:49,753] INFO [deepethogram.gui.main.initialize_video:241] Copying D:/LBN/Cage3-LBN-2024-12-12_04-12-15_combo124.mp4 to your DEG directory
[2025-06-02 13:14:49,793] INFO [deepethogram.zscore.zscore_video:151] zscoring file: D:\LBN\Maternal_auto_classification_TS7_deepethogram\DATA\Cage3-LBN-2024-12-12_04-12-15_combo124\Cage3-LBN-2024-12-12_04-12-15_combo124.mp4
[2025-06-02 13:15:14,546] INFO [deepethogram.zscore.get_video_statistics:116] final stats: mean: [0.56459429 0.57211916 0.55997004] std: [0.26338346 0.26325178 0.26352272] n: 371174400
[2025-06-02 13:15:15,161] INFO [deepethogram.gui.main.initialize_video:241] Copying D:/LBN/Cage3-LBN-2024-12-12_04-12-15_combo234.mp4 to your DEG directory
[2025-06-02 13:15:15,184] INFO [deepethogram.zscore.zscore_video:151] zscoring file: D:\LBN\Maternal_auto_classification_TS7_deepethogram\DATA\Cage3-LBN-2024-12-12_04-12-15_combo234\Cage3-LBN-2024-12-12_04-12-15_combo234.mp4
[2025-06-02 13:15:40,026] INFO [deepethogram.zscore.get_video_statistics:116] final stats: mean: [0.38492589 0.39246234 0.38111385] std: [0.25270515 0.25252571 0.25275708] n: 371174400
[2025-06-02 13:15:40,600] INFO [deepethogram.gui.main.initialize_video:241] Copying D:/LBN/Cage3-LBN-2024-12-12_04-12-15_flip.mp4 to your DEG directory
[2025-06-02 13:15:40,638] INFO [deepethogram.zscore.zscore_video:151] zscoring file: D:\LBN\Maternal_auto_classification_TS7_deepethogram\DATA\Cage3-LBN-2024-12-12_04-12-15_flip\Cage3-LBN-2024-12-12_04-12-15_flip.mp4
[2025-06-02 13:16:04,882] INFO [deepethogram.zscore.get_video_statistics:116] final stats: mean: [0.3696874  0.37721212 0.36500666] std: [0.25796359 0.25780511 0.25767456] n: 371174400
[2025-06-02 13:16:05,485] INFO [deepethogram.gui.main.initialize_video:241] Copying D:/LBN/Cage3-LBN-2024-12-12_04-12-15_zoom_crop.mp4 to your DEG directory
[2025-06-02 13:16:05,522] INFO [deepethogram.zscore.zscore_video:151] zscoring file: D:\LBN\Maternal_auto_classification_TS7_deepethogram\DATA\Cage3-LBN-2024-12-12_04-12-15_zoom_crop\Cage3-LBN-2024-12-12_04-12-15_zoom_crop.mp4
[2025-06-02 13:16:29,706] INFO [deepethogram.zscore.get_video_statistics:116] final stats: mean: [0.38492617 0.39246315 0.38110629] std: [0.25354122 0.25335936 0.25358707] n: 371174400
[2025-06-02 13:16:30,286] INFO [deepethogram.gui.main.initialize_video:241] Copying D:/LBN/Cage3-LBN-2024-12-12_04-52-15_blur.mp4 to your DEG directory
[2025-06-02 13:16:30,323] INFO [deepethogram.zscore.zscore_video:151] zscoring file: D:\LBN\Maternal_auto_classification_TS7_deepethogram\DATA\Cage3-LBN-2024-12-12_04-52-15_blur\Cage3-LBN-2024-12-12_04-52-15_blur.mp4
[2025-06-02 13:16:54,441] INFO [deepethogram.zscore.get_video_statistics:116] final stats: mean: [0.3999641  0.40768142 0.39515034] std: [0.25238001 0.25232961 0.25233301] n: 371174400
[2025-06-02 13:16:55,015] INFO [deepethogram.gui.main.initialize_video:241] Copying D:/LBN/Cage3-LBN-2024-12-12_04-52-15_bright_contrast.mp4 to your DEG directory
[2025-06-02 13:16:55,068] INFO [deepethogram.zscore.zscore_video:151] zscoring file: D:\LBN\Maternal_auto_classification_TS7_deepethogram\DATA\Cage3-LBN-2024-12-12_04-52-15_bright_contrast\Cage3-LBN-2024-12-12_04-52-15_bright_contrast.mp4
[2025-06-02 13:17:19,691] INFO [deepethogram.zscore.get_video_statistics:116] final stats: mean: [0.602251   0.60993998 0.59751103] std: [0.26038797 0.26033918 0.26056449] n: 371174400
[2025-06-02 13:17:20,295] INFO [deepethogram.gui.main.initialize_video:241] Copying D:/LBN/Cage3-LBN-2024-12-12_04-52-15_combo123.mp4 to your DEG directory
[2025-06-02 13:17:20,322] INFO [deepethogram.zscore.zscore_video:151] zscoring file: D:\LBN\Maternal_auto_classification_TS7_deepethogram\DATA\Cage3-LBN-2024-12-12_04-52-15_combo123\Cage3-LBN-2024-12-12_04-52-15_combo123.mp4
[2025-06-02 13:17:44,879] INFO [deepethogram.zscore.get_video_statistics:116] final stats: mean: [0.62213632 0.62988948 0.61828828] std: [0.25158716 0.25154197 0.25162113] n: 371174400
[2025-06-02 13:17:45,474] INFO [deepethogram.gui.main.initialize_video:241] Copying D:/LBN/Cage3-LBN-2024-12-12_04-52-15_combo124.mp4 to your DEG directory
[2025-06-02 13:17:45,509] INFO [deepethogram.zscore.zscore_video:151] zscoring file: D:\LBN\Maternal_auto_classification_TS7_deepethogram\DATA\Cage3-LBN-2024-12-12_04-52-15_combo124\Cage3-LBN-2024-12-12_04-52-15_combo124.mp4
[2025-06-02 13:18:09,401] INFO [deepethogram.zscore.get_video_statistics:116] final stats: mean: [0.60231283 0.61002068 0.59754003] std: [0.25935527 0.25931115 0.25952006] n: 371174400
[2025-06-02 13:18:09,988] INFO [deepethogram.gui.main.initialize_video:241] Copying D:/LBN/Cage3-LBN-2024-12-12_04-52-15_combo234.mp4 to your DEG directory
[2025-06-02 13:18:10,010] INFO [deepethogram.zscore.zscore_video:151] zscoring file: D:\LBN\Maternal_auto_classification_TS7_deepethogram\DATA\Cage3-LBN-2024-12-12_04-52-15_combo234\Cage3-LBN-2024-12-12_04-52-15_combo234.mp4
[2025-06-02 13:18:33,947] INFO [deepethogram.zscore.get_video_statistics:116] final stats: mean: [0.41492316 0.42266085 0.41106046] std: [0.24540127 0.24533279 0.24542986] n: 371174400
[2025-06-02 13:18:34,551] INFO [deepethogram.gui.main.initialize_video:241] Copying D:/LBN/Cage3-LBN-2024-12-12_04-52-15_flip.mp4 to your DEG directory
[2025-06-02 13:18:34,574] INFO [deepethogram.zscore.zscore_video:151] zscoring file: D:\LBN\Maternal_auto_classification_TS7_deepethogram\DATA\Cage3-LBN-2024-12-12_04-52-15_flip\Cage3-LBN-2024-12-12_04-52-15_flip.mp4
[2025-06-02 13:18:58,581] INFO [deepethogram.zscore.get_video_statistics:116] final stats: mean: [0.39997654 0.40768952 0.39520729] std: [0.25370405 0.25366228 0.25346716] n: 371174400
[2025-06-02 13:18:59,175] INFO [deepethogram.gui.main.initialize_video:241] Copying D:/LBN/Cage3-LBN-2024-12-12_04-52-15_zoom_crop.mp4 to your DEG directory
[2025-06-02 13:18:59,215] INFO [deepethogram.zscore.zscore_video:151] zscoring file: D:\LBN\Maternal_auto_classification_TS7_deepethogram\DATA\Cage3-LBN-2024-12-12_04-52-15_zoom_crop\Cage3-LBN-2024-12-12_04-52-15_zoom_crop.mp4
[2025-06-02 13:19:23,349] INFO [deepethogram.zscore.get_video_statistics:116] final stats: mean: [0.4149271  0.42266292 0.41106043] std: [0.24626118 0.24618807 0.24628787] n: 371174400
[2025-06-02 13:19:23,963] INFO [deepethogram.gui.main.initialize_video:241] Copying D:/LBN/Cage3-LBN-2024-12-14_06-23-41_blur.mp4 to your DEG directory
[2025-06-02 13:19:23,986] INFO [deepethogram.zscore.zscore_video:151] zscoring file: D:\LBN\Maternal_auto_classification_TS7_deepethogram\DATA\Cage3-LBN-2024-12-14_06-23-41_blur\Cage3-LBN-2024-12-14_06-23-41_blur.mp4
[2025-06-02 13:19:48,676] INFO [deepethogram.zscore.get_video_statistics:116] final stats: mean: [0.41466079 0.42220275 0.40986943] std: [0.25285813 0.25269394 0.25277317] n: 371174400
[2025-06-02 13:19:49,254] INFO [deepethogram.gui.main.initialize_video:241] Copying D:/LBN/Cage3-LBN-2024-12-14_06-23-41_bright_contrast.mp4 to your DEG directory
[2025-06-02 13:19:49,316] INFO [deepethogram.zscore.zscore_video:151] zscoring file: D:\LBN\Maternal_auto_classification_TS7_deepethogram\DATA\Cage3-LBN-2024-12-14_06-23-41_bright_contrast\Cage3-LBN-2024-12-14_06-23-41_bright_contrast.mp4
[2025-06-02 13:20:13,825] INFO [deepethogram.zscore.get_video_statistics:116] final stats: mean: [0.61698905 0.62453838 0.61231486] std: [0.25334159 0.2532357  0.25355389] n: 371174400
[2025-06-02 13:20:14,405] INFO [deepethogram.gui.main.initialize_video:241] Copying D:/LBN/Cage3-LBN-2024-12-14_06-23-41_combo123.mp4 to your DEG directory
[2025-06-02 13:20:14,442] INFO [deepethogram.zscore.zscore_video:151] zscoring file: D:\LBN\Maternal_auto_classification_TS7_deepethogram\DATA\Cage3-LBN-2024-12-14_06-23-41_combo123\Cage3-LBN-2024-12-14_06-23-41_combo123.mp4
[2025-06-02 13:20:38,528] INFO [deepethogram.zscore.get_video_statistics:116] final stats: mean: [0.63482413 0.64241889 0.63105197] std: [0.24234128 0.24225249 0.24240462] n: 371174400
[2025-06-02 13:20:39,126] INFO [deepethogram.gui.main.initialize_video:241] Copying D:/LBN/Cage3-LBN-2024-12-14_06-23-41_combo124.mp4 to your DEG directory
[2025-06-02 13:20:39,165] INFO [deepethogram.zscore.zscore_video:151] zscoring file: D:\LBN\Maternal_auto_classification_TS7_deepethogram\DATA\Cage3-LBN-2024-12-14_06-23-41_combo124\Cage3-LBN-2024-12-14_06-23-41_combo124.mp4
[2025-06-02 13:21:03,698] INFO [deepethogram.zscore.get_video_statistics:116] final stats: mean: [0.61704687 0.62461108 0.61234056] std: [0.25250582 0.25240188 0.25260775] n: 371174400
[2025-06-02 13:21:04,285] INFO [deepethogram.gui.main.initialize_video:241] Copying D:/LBN/Cage3-LBN-2024-12-14_06-23-41_combo234.mp4 to your DEG directory
[2025-06-02 13:21:04,314] INFO [deepethogram.zscore.zscore_video:151] zscoring file: D:\LBN\Maternal_auto_classification_TS7_deepethogram\DATA\Cage3-LBN-2024-12-14_06-23-41_combo234\Cage3-LBN-2024-12-14_06-23-41_combo234.mp4
[2025-06-02 13:21:29,079] INFO [deepethogram.zscore.get_video_statistics:116] final stats: mean: [0.42613754 0.43367653 0.42231684] std: [0.24139904 0.24120619 0.24145343] n: 371174400
[2025-06-02 13:21:29,689] INFO [deepethogram.gui.main.initialize_video:241] Copying D:/LBN/Cage3-LBN-2024-12-14_06-23-41_flip.mp4 to your DEG directory
[2025-06-02 13:21:29,753] INFO [deepethogram.zscore.zscore_video:151] zscoring file: D:\LBN\Maternal_auto_classification_TS7_deepethogram\DATA\Cage3-LBN-2024-12-14_06-23-41_flip\Cage3-LBN-2024-12-14_06-23-41_flip.mp4
[2025-06-02 13:21:54,226] INFO [deepethogram.zscore.get_video_statistics:116] final stats: mean: [0.4146742  0.42221193 0.40991907] std: [0.25390444 0.25374909 0.25372103] n: 371174400
[2025-06-02 13:21:54,815] INFO [deepethogram.gui.main.initialize_video:241] Copying D:/LBN/Cage3-LBN-2024-12-14_06-23-41_zoom_crop.mp4 to your DEG directory
[2025-06-02 13:21:54,859] INFO [deepethogram.zscore.zscore_video:151] zscoring file: D:\LBN\Maternal_auto_classification_TS7_deepethogram\DATA\Cage3-LBN-2024-12-14_06-23-41_zoom_crop\Cage3-LBN-2024-12-14_06-23-41_zoom_crop.mp4
[2025-06-02 13:22:19,208] INFO [deepethogram.zscore.get_video_statistics:116] final stats: mean: [0.42613728 0.43367552 0.42230993] std: [0.2421173  0.24191965 0.2421675 ] n: 371174400
[2025-06-02 13:22:19,800] INFO [deepethogram.gui.main.initialize_video:241] Copying D:/LBN/CageA-LBN-2024-07-06_05-33-20_blur.mp4 to your DEG directory
[2025-06-02 13:22:19,801] ERROR [deepethogram.gui.main.initialize_video:251] Error initializing video: Directory CageA-LBN-2024-07-06_05-33-20_blur already exists in your data dir! Please rename the video to a unique name
Traceback (most recent call last):
  File "C:\Users\TeamGranon\anaconda3\envs\deg_env\lib\site-packages\deepethogram\gui\main.py", line 242, in initialize_video
    new_loc = projects.add_video_to_project(OmegaConf.to_container(self.cfg), videofile)
  File "C:\Users\TeamGranon\anaconda3\envs\deg_env\lib\site-packages\deepethogram\projects.py", line 145, in add_video_to_project
    'Please rename the video to a unique name'.format(vidname))
ValueError: Directory CageA-LBN-2024-07-06_05-33-20_blur already exists in your data dir! Please rename the video to a unique name
[2025-06-02 13:22:19,807] INFO [deepethogram.gui.main.initialize_video:241] Copying D:/LBN/CageA-LBN-2024-07-06_05-33-20_bright_contrast.mp4 to your DEG directory
[2025-06-02 13:22:19,809] ERROR [deepethogram.gui.main.initialize_video:251] Error initializing video: Directory CageA-LBN-2024-07-06_05-33-20_bright_contrast already exists in your data dir! Please rename the video to a unique name
Traceback (most recent call last):
  File "C:\Users\TeamGranon\anaconda3\envs\deg_env\lib\site-packages\deepethogram\gui\main.py", line 242, in initialize_video
    new_loc = projects.add_video_to_project(OmegaConf.to_container(self.cfg), videofile)
  File "C:\Users\TeamGranon\anaconda3\envs\deg_env\lib\site-packages\deepethogram\projects.py", line 145, in add_video_to_project
    'Please rename the video to a unique name'.format(vidname))
ValueError: Directory CageA-LBN-2024-07-06_05-33-20_bright_contrast already exists in your data dir! Please rename the video to a unique name
[2025-06-02 13:22:19,815] INFO [deepethogram.gui.main.initialize_video:241] Copying D:/LBN/CageA-LBN-2024-07-06_05-33-20_combo123.mp4 to your DEG directory
[2025-06-02 13:22:19,816] ERROR [deepethogram.gui.main.initialize_video:251] Error initializing video: Directory CageA-LBN-2024-07-06_05-33-20_combo123 already exists in your data dir! Please rename the video to a unique name
Traceback (most recent call last):
  File "C:\Users\TeamGranon\anaconda3\envs\deg_env\lib\site-packages\deepethogram\gui\main.py", line 242, in initialize_video
    new_loc = projects.add_video_to_project(OmegaConf.to_container(self.cfg), videofile)
  File "C:\Users\TeamGranon\anaconda3\envs\deg_env\lib\site-packages\deepethogram\projects.py", line 145, in add_video_to_project
    'Please rename the video to a unique name'.format(vidname))
ValueError: Directory CageA-LBN-2024-07-06_05-33-20_combo123 already exists in your data dir! Please rename the video to a unique name
[2025-06-02 13:22:19,822] INFO [deepethogram.gui.main.initialize_video:241] Copying D:/LBN/CageA-LBN-2024-07-06_05-33-20_combo124.mp4 to your DEG directory
[2025-06-02 13:22:19,823] ERROR [deepethogram.gui.main.initialize_video:251] Error initializing video: Directory CageA-LBN-2024-07-06_05-33-20_combo124 already exists in your data dir! Please rename the video to a unique name
Traceback (most recent call last):
  File "C:\Users\TeamGranon\anaconda3\envs\deg_env\lib\site-packages\deepethogram\gui\main.py", line 242, in initialize_video
    new_loc = projects.add_video_to_project(OmegaConf.to_container(self.cfg), videofile)
  File "C:\Users\TeamGranon\anaconda3\envs\deg_env\lib\site-packages\deepethogram\projects.py", line 145, in add_video_to_project
    'Please rename the video to a unique name'.format(vidname))
ValueError: Directory CageA-LBN-2024-07-06_05-33-20_combo124 already exists in your data dir! Please rename the video to a unique name
[2025-06-02 13:22:19,829] INFO [deepethogram.gui.main.initialize_video:241] Copying D:/LBN/CageA-LBN-2024-07-06_05-33-20_combo234.mp4 to your DEG directory
[2025-06-02 13:22:19,830] ERROR [deepethogram.gui.main.initialize_video:251] Error initializing video: Directory CageA-LBN-2024-07-06_05-33-20_combo234 already exists in your data dir! Please rename the video to a unique name
Traceback (most recent call last):
  File "C:\Users\TeamGranon\anaconda3\envs\deg_env\lib\site-packages\deepethogram\gui\main.py", line 242, in initialize_video
    new_loc = projects.add_video_to_project(OmegaConf.to_container(self.cfg), videofile)
  File "C:\Users\TeamGranon\anaconda3\envs\deg_env\lib\site-packages\deepethogram\projects.py", line 145, in add_video_to_project
    'Please rename the video to a unique name'.format(vidname))
ValueError: Directory CageA-LBN-2024-07-06_05-33-20_combo234 already exists in your data dir! Please rename the video to a unique name
[2025-06-02 13:22:19,835] INFO [deepethogram.gui.main.initialize_video:241] Copying D:/LBN/CageA-LBN-2024-07-06_05-33-20_flip.mp4 to your DEG directory
[2025-06-02 13:22:19,837] ERROR [deepethogram.gui.main.initialize_video:251] Error initializing video: Directory CageA-LBN-2024-07-06_05-33-20_flip already exists in your data dir! Please rename the video to a unique name
Traceback (most recent call last):
  File "C:\Users\TeamGranon\anaconda3\envs\deg_env\lib\site-packages\deepethogram\gui\main.py", line 242, in initialize_video
    new_loc = projects.add_video_to_project(OmegaConf.to_container(self.cfg), videofile)
  File "C:\Users\TeamGranon\anaconda3\envs\deg_env\lib\site-packages\deepethogram\projects.py", line 145, in add_video_to_project
    'Please rename the video to a unique name'.format(vidname))
ValueError: Directory CageA-LBN-2024-07-06_05-33-20_flip already exists in your data dir! Please rename the video to a unique name
[2025-06-02 13:22:19,842] INFO [deepethogram.gui.main.initialize_video:241] Copying D:/LBN/CageA-LBN-2024-07-06_05-33-20_zoom_crop.mp4 to your DEG directory
[2025-06-02 13:22:19,843] ERROR [deepethogram.gui.main.initialize_video:251] Error initializing video: Directory CageA-LBN-2024-07-06_05-33-20_zoom_crop already exists in your data dir! Please rename the video to a unique name
Traceback (most recent call last):
  File "C:\Users\TeamGranon\anaconda3\envs\deg_env\lib\site-packages\deepethogram\gui\main.py", line 242, in initialize_video
    new_loc = projects.add_video_to_project(OmegaConf.to_container(self.cfg), videofile)
  File "C:\Users\TeamGranon\anaconda3\envs\deg_env\lib\site-packages\deepethogram\projects.py", line 145, in add_video_to_project
    'Please rename the video to a unique name'.format(vidname))
ValueError: Directory CageA-LBN-2024-07-06_05-33-20_zoom_crop already exists in your data dir! Please rename the video to a unique name
[2025-06-02 13:23:19,844] INFO [deepethogram.gui.main.log_idle:151] User has been idle for 60.0 seconds...
