[2025-06-19 14:10:37,321] INFO [__main__.sequence_inference:230] args: C:\Users\TeamGranon\anaconda3\envs\deg_solo\lib\site-packages\deepethogram\sequence\inference.py project.path=D:\LBN\Maternal_auto_classification_train_deepethogram inference.overwrite=True sequence.weights=D:\LBN\Maternal_auto_classification_train_deepethogram\models\250616_145332_sequence_train\lightning_checkpoints\epoch=24-step=16349.ckpt inference.directory_list=[D:\LBN\Maternal_auto_classification_train_deepethogram\DATA\Cage1-LBN-2024-08-30_20-04-40,D:\LBN\Maternal_auto_classification_train_deepethogram\DATA\Cage1-LBN-2024-08-30_20-44-40,D:\LBN\Maternal_auto_classification_train_deepethogram\DATA\Cage1-LBN-2024-08-30_20-54-40,D:\LBN\Maternal_auto_classification_train_deepethogram\DATA\Cage1-LBN-2024-08-30_21-04-40,D:\LBN\Maternal_auto_classification_train_deepethogram\DATA\Cage1-LBN-2024-08-30_21-14-40,D:\LBN\Maternal_auto_classification_train_deepethogram\DATA\Cage1-LBN-2024-08-30_21-24-40,D:\LBN\Maternal_auto_classification_train_deepethogram\DATA\Cage1-LBN-2024-08-30_21-54-40,D:\LBN\Maternal_auto_classification_train_deepethogram\DATA\Cage1-LBN-2024-08-30_22-04-40,D:\LBN\Maternal_auto_classification_train_deepethogram\DATA\Cage1-LBN-2024-08-30_22-24-40,D:\LBN\Maternal_auto_classification_train_deepethogram\DATA\Cage1-LBN-2024-08-30_22-34-40,D:\LBN\Maternal_auto_classification_train_deepethogram\DATA\Cage1-LBN-2024-08-30_22-44-40,D:\LBN\Maternal_auto_classification_train_deepethogram\DATA\Cage1-LBN-2024-08-30_23-04-40,D:\LBN\Maternal_auto_classification_train_deepethogram\DATA\Cage1-LBN-2024-08-30_23-14-40,D:\LBN\Maternal_auto_classification_train_deepethogram\DATA\Cage1-LBN-2024-08-30_23-34-40,D:\LBN\Maternal_auto_classification_train_deepethogram\DATA\Cage1-LBN-2024-08-30_23-44-40,D:\LBN\Maternal_auto_classification_train_deepethogram\DATA\Cage1-LBN-2024-08-30_23-54-40,D:\LBN\Maternal_auto_classification_train_deepethogram\DATA\Cage1-LBN-2024-08-31_00-04-40,D:\LBN\Maternal_auto_classification_train_deepethogram\DATA\Cage1-LBN-2024-08-31_04-04-40,D:\LBN\Maternal_auto_classification_train_deepethogram\DATA\Cage1-LBN-2024-08-31_04-14-40,D:\LBN\Maternal_auto_classification_train_deepethogram\DATA\Cage1-LBN-2024-08-31_04-24-40,D:\LBN\Maternal_auto_classification_train_deepethogram\DATA\Cage1-LBN-2024-08-31_04-34-40,D:\LBN\Maternal_auto_classification_train_deepethogram\DATA\Cage1-LBN-2024-08-31_04-54-40,D:\LBN\Maternal_auto_classification_train_deepethogram\DATA\Cage1-LBN-2024-08-31_05-14-40,D:\LBN\Maternal_auto_classification_train_deepethogram\DATA\Cage1-LBN-2024-08-31_05-34-40,D:\LBN\Maternal_auto_classification_train_deepethogram\DATA\Cage1-LBN-2024-08-31_05-44-40,D:\LBN\Maternal_auto_classification_train_deepethogram\DATA\Cage1-LBN-2024-08-31_05-54-40,D:\LBN\Maternal_auto_classification_train_deepethogram\DATA\Cage1-LBN-2024-08-31_06-04-40,D:\LBN\Maternal_auto_classification_train_deepethogram\DATA\Cage1-LBN-2024-08-31_06-14-40-stereotypie,D:\LBN\Maternal_auto_classification_train_deepethogram\DATA\Cage1-LBN-2024-08-31_06-24-40,D:\LBN\Maternal_auto_classification_train_deepethogram\DATA\Cage1-LBN-2024-08-31_06-34-40,D:\LBN\Maternal_auto_classification_train_deepethogram\DATA\Cage1-LBN-2024-08-31_06-44-40,D:\LBN\Maternal_auto_classification_train_deepethogram\DATA\Cage1-LBN-2024-08-31_06-54-40,D:\LBN\Maternal_auto_classification_train_deepethogram\DATA\Cage1-LBN-2024-08-31_07-04-40,D:\LBN\Maternal_auto_classification_train_deepethogram\DATA\Cage1-LBN-2024-08-31_07-24-40,D:\LBN\Maternal_auto_classification_train_deepethogram\DATA\Cage1-LBN-2024-08-31_07-34-40,D:\LBN\Maternal_auto_classification_train_deepethogram\DATA\Cage1-LBN-2024-08-31_07-44-40,D:\LBN\Maternal_auto_classification_train_deepethogram\DATA\Cage1-LBN-2024-08-31_07-54-40,D:\LBN\Maternal_auto_classification_train_deepethogram\DATA\Cage1-LBN-2024-08-31_20-15-28,D:\LBN\Maternal_auto_classification_train_deepethogram\DATA\Cage1-LBN-2024-08-31_20-25-28,D:\LBN\Maternal_auto_classification_train_deepethogram\DATA\Cage1-LBN-2024-08-31_20-35-28,D:\LBN\Maternal_auto_classification_train_deepethogram\DATA\Cage1-LBN-2024-08-31_20-45-28,D:\LBN\Maternal_auto_classification_train_deepethogram\DATA\Cage1-LBN-2024-08-31_20-55-28,D:\LBN\Maternal_auto_classification_train_deepethogram\DATA\Cage1-LBN-2024-08-31_21-15-28,D:\LBN\Maternal_auto_classification_train_deepethogram\DATA\Cage1-LBN-2024-08-31_21-35-28,D:\LBN\Maternal_auto_classification_train_deepethogram\DATA\Cage1-LBN-2024-08-31_21-45-28,D:\LBN\Maternal_auto_classification_train_deepethogram\DATA\Cage1-LBN-2024-08-31_21-55-28,D:\LBN\Maternal_auto_classification_train_deepethogram\DATA\Cage1-LBN-2024-08-31_22-05-28,D:\LBN\Maternal_auto_classification_train_deepethogram\DATA\Cage1-LBN-2024-08-31_22-15-28,D:\LBN\Maternal_auto_classification_train_deepethogram\DATA\Cage1-LBN-2024-08-31_22-25-28,D:\LBN\Maternal_auto_classification_train_deepethogram\DATA\Cage1-LBN-2024-08-31_22-45-28,D:\LBN\Maternal_auto_classification_train_deepethogram\DATA\Cage1-LBN-2024-08-31_22-55-28,D:\LBN\Maternal_auto_classification_train_deepethogram\DATA\Cage1-LBN-2024-08-31_23-05-28,D:\LBN\Maternal_auto_classification_train_deepethogram\DATA\Cage1-LBN-2024-08-31_23-15-28,D:\LBN\Maternal_auto_classification_train_deepethogram\DATA\Cage1-LBN-2024-08-31_23-25-28,D:\LBN\Maternal_auto_classification_train_deepethogram\DATA\Cage1-LBN-2024-08-31_23-35-28,D:\LBN\Maternal_auto_classification_train_deepethogram\DATA\Cage1-LBN-2024-08-31_23-45-28,D:\LBN\Maternal_auto_classification_train_deepethogram\DATA\Cage1-LBN-2024-08-31_23-55-28,D:\LBN\Maternal_auto_classification_train_deepethogram\DATA\Cage1-LBN-2024-09-01_00-05-28,D:\LBN\Maternal_auto_classification_train_deepethogram\DATA\Cage1-LBN-2024-09-01_00-15-28,D:\LBN\Maternal_auto_classification_train_deepethogram\DATA\Cage1-LBN-2024-09-01_04-15-28,D:\LBN\Maternal_auto_classification_train_deepethogram\DATA\Cage1-LBN-2024-09-01_04-25-28,D:\LBN\Maternal_auto_classification_train_deepethogram\DATA\Cage1-LBN-2024-09-01_04-35-28,D:\LBN\Maternal_auto_classification_train_deepethogram\DATA\Cage1-LBN-2024-09-01_04-45-28,D:\LBN\Maternal_auto_classification_train_deepethogram\DATA\Cage1-LBN-2024-09-01_04-55-28,D:\LBN\Maternal_auto_classification_train_deepethogram\DATA\Cage1-LBN-2024-09-01_05-05-28,D:\LBN\Maternal_auto_classification_train_deepethogram\DATA\Cage1-LBN-2024-09-01_05-15-28,D:\LBN\Maternal_auto_classification_train_deepethogram\DATA\Cage1-LBN-2024-09-01_05-25-28,D:\LBN\Maternal_auto_classification_train_deepethogram\DATA\Cage1-LBN-2024-09-01_05-35-28,D:\LBN\Maternal_auto_classification_train_deepethogram\DATA\Cage1-LBN-2024-09-01_05-45-28,D:\LBN\Maternal_auto_classification_train_deepethogram\DATA\Cage1-LBN-2024-09-01_05-55-28,D:\LBN\Maternal_auto_classification_train_deepethogram\DATA\Cage1-LBN-2024-09-01_06-05-28,D:\LBN\Maternal_auto_classification_train_deepethogram\DATA\Cage1-LBN-2024-09-01_06-15-28,D:\LBN\Maternal_auto_classification_train_deepethogram\DATA\Cage1-LBN-2024-09-01_06-25-28,D:\LBN\Maternal_auto_classification_train_deepethogram\DATA\Cage1-LBN-2024-09-01_06-35-28,D:\LBN\Maternal_auto_classification_train_deepethogram\DATA\Cage1-LBN-2024-09-01_06-45-28,D:\LBN\Maternal_auto_classification_train_deepethogram\DATA\Cage1-LBN-2024-09-01_06-55-28,D:\LBN\Maternal_auto_classification_train_deepethogram\DATA\Cage1-LBN-2024-09-01_07-05-28,D:\LBN\Maternal_auto_classification_train_deepethogram\DATA\Cage1-LBN-2024-09-01_07-15-28,D:\LBN\Maternal_auto_classification_train_deepethogram\DATA\Cage1-LBN-2024-09-01_07-25-28,D:\LBN\Maternal_auto_classification_train_deepethogram\DATA\Cage1-LBN-2024-09-01_07-35-28,D:\LBN\Maternal_auto_classification_train_deepethogram\DATA\Cage1-LBN-2024-09-01_07-45-28,D:\LBN\Maternal_auto_classification_train_deepethogram\DATA\Cage1-LBN-2024-09-01_07-55-28,D:\LBN\Maternal_auto_classification_train_deepethogram\DATA\Cage1-LBN-2024-09-01_20-15-28,D:\LBN\Maternal_auto_classification_train_deepethogram\DATA\Cage1-LBN-2024-09-01_20-25-28,D:\LBN\Maternal_auto_classification_train_deepethogram\DATA\Cage1-LBN-2024-09-01_20-35-28,D:\LBN\Maternal_auto_classification_train_deepethogram\DATA\Cage1-LBN-2024-09-01_20-45-28,D:\LBN\Maternal_auto_classification_train_deepethogram\DATA\Cage1-LBN-2024-09-01_20-55-28,D:\LBN\Maternal_auto_classification_train_deepethogram\DATA\Cage1-LBN-2024-09-01_21-05-28,D:\LBN\Maternal_auto_classification_train_deepethogram\DATA\Cage1-LBN-2024-09-01_21-15-28,D:\LBN\Maternal_auto_classification_train_deepethogram\DATA\Cage1-LBN-2024-09-01_21-25-28,D:\LBN\Maternal_auto_classification_train_deepethogram\DATA\Cage1-LBN-2024-09-01_21-35-28,D:\LBN\Maternal_auto_classification_train_deepethogram\DATA\Cage1-LBN-2024-09-01_21-45-28,D:\LBN\Maternal_auto_classification_train_deepethogram\DATA\Cage1-LBN-2024-09-01_21-55-28,D:\LBN\Maternal_auto_classification_train_deepethogram\DATA\Cage1-LBN-2024-09-01_22-05-28,D:\LBN\Maternal_auto_classification_train_deepethogram\DATA\Cage1-LBN-2024-09-01_22-15-28,D:\LBN\Maternal_auto_classification_train_deepethogram\DATA\Cage1-LBN-2024-09-01_22-25-28,D:\LBN\Maternal_auto_classification_train_deepethogram\DATA\Cage1-LBN-2024-09-01_22-35-28,D:\LBN\Maternal_auto_classification_train_deepethogram\DATA\Cage1-LBN-2024-09-01_22-45-28,D:\LBN\Maternal_auto_classification_train_deepethogram\DATA\Cage1-LBN-2024-09-01_22-55-29,D:\LBN\Maternal_auto_classification_train_deepethogram\DATA\Cage1-LBN-2024-09-01_23-05-29,D:\LBN\Maternal_auto_classification_train_deepethogram\DATA\Cage1-LBN-2024-09-01_23-15-29,D:\LBN\Maternal_auto_classification_train_deepethogram\DATA\Cage1-LBN-2024-09-01_23-25-29,D:\LBN\Maternal_auto_classification_train_deepethogram\DATA\Cage1-LBN-2024-09-01_23-35-29,D:\LBN\Maternal_auto_classification_train_deepethogram\DATA\Cage1-LBN-2024-09-01_23-45-29,D:\LBN\Maternal_auto_classification_train_deepethogram\DATA\Cage1-LBN-2024-09-01_23-55-29,D:\LBN\Maternal_auto_classification_train_deepethogram\DATA\Cage1-LBN-2024-09-02_00-05-29,D:\LBN\Maternal_auto_classification_train_deepethogram\DATA\Cage1-LBN-2024-09-02_00-15-29,D:\LBN\Maternal_auto_classification_train_deepethogram\DATA\Cage1-LBN-2024-09-02_20-12-56,D:\LBN\Maternal_auto_classification_train_deepethogram\DATA\Cage1-LBN-2024-09-02_20-22-56,D:\LBN\Maternal_auto_classification_train_deepethogram\DATA\Cage1-LBN-2024-09-02_20-32-56,D:\LBN\Maternal_auto_classification_train_deepethogram\DATA\Cage1-LBN-2024-09-02_20-42-56,D:\LBN\Maternal_auto_classification_train_deepethogram\DATA\Cage1-LBN-2024-09-02_20-52-56,D:\LBN\Maternal_auto_classification_train_deepethogram\DATA\Cage1-LBN-2024-09-02_21-02-56,D:\LBN\Maternal_auto_classification_train_deepethogram\DATA\Cage1-LBN-2024-09-02_21-12-56,D:\LBN\Maternal_auto_classification_train_deepethogram\DATA\Cage1-LBN-2024-09-02_21-22-56,D:\LBN\Maternal_auto_classification_train_deepethogram\DATA\Cage1-LBN-2024-09-02_21-32-56,D:\LBN\Maternal_auto_classification_train_deepethogram\DATA\Cage1-LBN-2024-09-02_21-42-56,D:\LBN\Maternal_auto_classification_train_deepethogram\DATA\Cage1-LBN-2024-09-02_21-52-56,D:\LBN\Maternal_auto_classification_train_deepethogram\DATA\Cage1-LBN-2024-09-02_22-02-56,D:\LBN\Maternal_auto_classification_train_deepethogram\DATA\Cage1-LBN-2024-09-02_22-12-56,D:\LBN\Maternal_auto_classification_train_deepethogram\DATA\Cage1-LBN-2024-09-02_22-22-56,D:\LBN\Maternal_auto_classification_train_deepethogram\DATA\Cage1-LBN-2024-09-02_22-32-56,D:\LBN\Maternal_auto_classification_train_deepethogram\DATA\Cage1-LBN-2024-09-02_22-42-56,D:\LBN\Maternal_auto_classification_train_deepethogram\DATA\Cage1-LBN-2024-09-02_22-52-56,D:\LBN\Maternal_auto_classification_train_deepethogram\DATA\Cage1-LBN-2024-09-02_23-02-56,D:\LBN\Maternal_auto_classification_train_deepethogram\DATA\Cage1-LBN-2024-09-02_23-12-56,D:\LBN\Maternal_auto_classification_train_deepethogram\DATA\Cage1-LBN-2024-09-02_23-22-56,D:\LBN\Maternal_auto_classification_train_deepethogram\DATA\Cage1-LBN-2024-09-02_23-32-56,D:\LBN\Maternal_auto_classification_train_deepethogram\DATA\Cage1-LBN-2024-09-02_23-42-56,D:\LBN\Maternal_auto_classification_train_deepethogram\DATA\Cage1-LBN-2024-09-02_23-52-56,D:\LBN\Maternal_auto_classification_train_deepethogram\DATA\Cage1-LBN-2024-09-03_00-02-56,D:\LBN\Maternal_auto_classification_train_deepethogram\DATA\Cage1-LBN-2024-09-03_00-12-56,D:\LBN\Maternal_auto_classification_train_deepethogram\DATA\Cage1-LBN-2024-09-03_04-12-56,D:\LBN\Maternal_auto_classification_train_deepethogram\DATA\Cage1-LBN-2024-09-03_04-22-56,D:\LBN\Maternal_auto_classification_train_deepethogram\DATA\Cage1-LBN-2024-09-03_04-32-56,D:\LBN\Maternal_auto_classification_train_deepethogram\DATA\Cage1-LBN-2024-09-03_04-42-56,D:\LBN\Maternal_auto_classification_train_deepethogram\DATA\Cage1-LBN-2024-09-03_04-52-56,D:\LBN\Maternal_auto_classification_train_deepethogram\DATA\Cage1-LBN-2024-09-03_05-02-56,D:\LBN\Maternal_auto_classification_train_deepethogram\DATA\Cage1-LBN-2024-09-03_05-12-56,D:\LBN\Maternal_auto_classification_train_deepethogram\DATA\Cage1-LBN-2024-09-03_05-22-56,D:\LBN\Maternal_auto_classification_train_deepethogram\DATA\Cage1-LBN-2024-09-03_05-32-56,D:\LBN\Maternal_auto_classification_train_deepethogram\DATA\Cage1-LBN-2024-09-03_05-42-56,D:\LBN\Maternal_auto_classification_train_deepethogram\DATA\Cage1-LBN-2024-09-03_05-52-56,D:\LBN\Maternal_auto_classification_train_deepethogram\DATA\Cage1-LBN-2024-09-03_06-02-56,D:\LBN\Maternal_auto_classification_train_deepethogram\DATA\Cage1-LBN-2024-09-03_06-12-56,D:\LBN\Maternal_auto_classification_train_deepethogram\DATA\Cage1-LBN-2024-09-03_06-22-56,D:\LBN\Maternal_auto_classification_train_deepethogram\DATA\Cage1-LBN-2024-09-03_06-32-56,D:\LBN\Maternal_auto_classification_train_deepethogram\DATA\Cage1-LBN-2024-09-03_06-42-56,D:\LBN\Maternal_auto_classification_train_deepethogram\DATA\Cage1-LBN-2024-09-03_06-52-56,D:\LBN\Maternal_auto_classification_train_deepethogram\DATA\Cage1-LBN-2024-09-03_07-02-56,D:\LBN\Maternal_auto_classification_train_deepethogram\DATA\Cage1-LBN-2024-09-03_07-12-56,D:\LBN\Maternal_auto_classification_train_deepethogram\DATA\Cage1-LBN-2024-09-03_07-22-56,D:\LBN\Maternal_auto_classification_train_deepethogram\DATA\Cage1-LBN-2024-09-03_07-32-56,D:\LBN\Maternal_auto_classification_train_deepethogram\DATA\Cage1-LBN-2024-09-03_07-42-56,D:\LBN\Maternal_auto_classification_train_deepethogram\DATA\Cage1-LBN-2024-09-03_07-52-56]
[2025-06-19 14:10:37,321] INFO [__main__.sequence_inference:232] configuration used: 
[2025-06-19 14:10:37,395] INFO [__main__.sequence_inference:233] split:
  reload: true
  file: null
  train_val_test:
  - 0.9
  - 0.1
  - 0.0
compute:
  fp16: false
  num_workers: 3
  batch_size: 8
  min_batch_size: 8
  max_batch_size: 128
  distributed: false
  gpu_id: 0
  dali: false
  metrics_workers: 0
reload:
  overwrite_cfg: false
  latest: false
notes: null
log:
  level: info
augs:
  brightness: 0.25
  contrast: 0.1
  hue: 0.1
  saturation: 0.1
  color_p: 0.5
  grayscale: 0.5
  crop_size: null
  resize:
  - 224
  - 224
  dali: false
  random_resize: false
  pad: null
  LR: 0.5
  UD: 0.0
  degrees: 10
  normalization:
    'N': 675269913600
    mean:
    - 0.4222093413583818
    - 0.4279406932145969
    - 0.36511059715897476
    std:
    - 0.2231115239390951
    - 0.22555331806847045
    - 0.22208480446455378
feature_extractor:
  arch: resnet18
  fusion: average
  sampler: null
  final_bn: false
  sampling_ratio: null
  final_activation: sigmoid
  dropout_p: 0.25
  n_flows: 10
  n_rgb: 1
  curriculum: false
  inputs: both
  weights: pretrained
train:
  steps_per_epoch:
    train: 1000
    val: 1000
    test: null
  num_epochs: 100
  regularization:
    style: l2
    alpha: 0.01
  patience: 5
  loss_weight_exp: 1.0
sequence:
  arch: tgmj
  latent_name: null
  output_name: null
  sequence_length: 180
  dropout_p: 0.5
  num_layers: 3
  hidden_size: 64
  nonoverlapping: true
  filter_length: 15
  input_dropout: 0.5
  n_filters: 8
  tgm_reduction: max
  c_in: 1
  c_out: 8
  soft_attn: true
  num_features: 128
  bidirectional: false
  rnn_style: lstm
  hidden_dropout: 0.0
  weights: D:\LBN\Maternal_auto_classification_train_deepethogram\models\250616_145332_sequence_train\lightning_checkpoints\epoch=24-step=16349.ckpt
  nonlinear_classification: true
  final_bn: true
  input_type: features
inference:
  directory_list:
  - D:\LBN\Maternal_auto_classification_train_deepethogram\DATA\Cage1-LBN-2024-08-30_20-04-40
  - D:\LBN\Maternal_auto_classification_train_deepethogram\DATA\Cage1-LBN-2024-08-30_20-44-40
  - D:\LBN\Maternal_auto_classification_train_deepethogram\DATA\Cage1-LBN-2024-08-30_20-54-40
  - D:\LBN\Maternal_auto_classification_train_deepethogram\DATA\Cage1-LBN-2024-08-30_21-04-40
  - D:\LBN\Maternal_auto_classification_train_deepethogram\DATA\Cage1-LBN-2024-08-30_21-14-40
  - D:\LBN\Maternal_auto_classification_train_deepethogram\DATA\Cage1-LBN-2024-08-30_21-24-40
  - D:\LBN\Maternal_auto_classification_train_deepethogram\DATA\Cage1-LBN-2024-08-30_21-54-40
  - D:\LBN\Maternal_auto_classification_train_deepethogram\DATA\Cage1-LBN-2024-08-30_22-04-40
  - D:\LBN\Maternal_auto_classification_train_deepethogram\DATA\Cage1-LBN-2024-08-30_22-24-40
  - D:\LBN\Maternal_auto_classification_train_deepethogram\DATA\Cage1-LBN-2024-08-30_22-34-40
  - D:\LBN\Maternal_auto_classification_train_deepethogram\DATA\Cage1-LBN-2024-08-30_22-44-40
  - D:\LBN\Maternal_auto_classification_train_deepethogram\DATA\Cage1-LBN-2024-08-30_23-04-40
  - D:\LBN\Maternal_auto_classification_train_deepethogram\DATA\Cage1-LBN-2024-08-30_23-14-40
  - D:\LBN\Maternal_auto_classification_train_deepethogram\DATA\Cage1-LBN-2024-08-30_23-34-40
  - D:\LBN\Maternal_auto_classification_train_deepethogram\DATA\Cage1-LBN-2024-08-30_23-44-40
  - D:\LBN\Maternal_auto_classification_train_deepethogram\DATA\Cage1-LBN-2024-08-30_23-54-40
  - D:\LBN\Maternal_auto_classification_train_deepethogram\DATA\Cage1-LBN-2024-08-31_00-04-40
  - D:\LBN\Maternal_auto_classification_train_deepethogram\DATA\Cage1-LBN-2024-08-31_04-04-40
  - D:\LBN\Maternal_auto_classification_train_deepethogram\DATA\Cage1-LBN-2024-08-31_04-14-40
  - D:\LBN\Maternal_auto_classification_train_deepethogram\DATA\Cage1-LBN-2024-08-31_04-24-40
  - D:\LBN\Maternal_auto_classification_train_deepethogram\DATA\Cage1-LBN-2024-08-31_04-34-40
  - D:\LBN\Maternal_auto_classification_train_deepethogram\DATA\Cage1-LBN-2024-08-31_04-54-40
  - D:\LBN\Maternal_auto_classification_train_deepethogram\DATA\Cage1-LBN-2024-08-31_05-14-40
  - D:\LBN\Maternal_auto_classification_train_deepethogram\DATA\Cage1-LBN-2024-08-31_05-34-40
  - D:\LBN\Maternal_auto_classification_train_deepethogram\DATA\Cage1-LBN-2024-08-31_05-44-40
  - D:\LBN\Maternal_auto_classification_train_deepethogram\DATA\Cage1-LBN-2024-08-31_05-54-40
  - D:\LBN\Maternal_auto_classification_train_deepethogram\DATA\Cage1-LBN-2024-08-31_06-04-40
  - D:\LBN\Maternal_auto_classification_train_deepethogram\DATA\Cage1-LBN-2024-08-31_06-14-40-stereotypie
  - D:\LBN\Maternal_auto_classification_train_deepethogram\DATA\Cage1-LBN-2024-08-31_06-24-40
  - D:\LBN\Maternal_auto_classification_train_deepethogram\DATA\Cage1-LBN-2024-08-31_06-34-40
  - D:\LBN\Maternal_auto_classification_train_deepethogram\DATA\Cage1-LBN-2024-08-31_06-44-40
  - D:\LBN\Maternal_auto_classification_train_deepethogram\DATA\Cage1-LBN-2024-08-31_06-54-40
  - D:\LBN\Maternal_auto_classification_train_deepethogram\DATA\Cage1-LBN-2024-08-31_07-04-40
  - D:\LBN\Maternal_auto_classification_train_deepethogram\DATA\Cage1-LBN-2024-08-31_07-24-40
  - D:\LBN\Maternal_auto_classification_train_deepethogram\DATA\Cage1-LBN-2024-08-31_07-34-40
  - D:\LBN\Maternal_auto_classification_train_deepethogram\DATA\Cage1-LBN-2024-08-31_07-44-40
  - D:\LBN\Maternal_auto_classification_train_deepethogram\DATA\Cage1-LBN-2024-08-31_07-54-40
  - D:\LBN\Maternal_auto_classification_train_deepethogram\DATA\Cage1-LBN-2024-08-31_20-15-28
  - D:\LBN\Maternal_auto_classification_train_deepethogram\DATA\Cage1-LBN-2024-08-31_20-25-28
  - D:\LBN\Maternal_auto_classification_train_deepethogram\DATA\Cage1-LBN-2024-08-31_20-35-28
  - D:\LBN\Maternal_auto_classification_train_deepethogram\DATA\Cage1-LBN-2024-08-31_20-45-28
  - D:\LBN\Maternal_auto_classification_train_deepethogram\DATA\Cage1-LBN-2024-08-31_20-55-28
  - D:\LBN\Maternal_auto_classification_train_deepethogram\DATA\Cage1-LBN-2024-08-31_21-15-28
  - D:\LBN\Maternal_auto_classification_train_deepethogram\DATA\Cage1-LBN-2024-08-31_21-35-28
  - D:\LBN\Maternal_auto_classification_train_deepethogram\DATA\Cage1-LBN-2024-08-31_21-45-28
  - D:\LBN\Maternal_auto_classification_train_deepethogram\DATA\Cage1-LBN-2024-08-31_21-55-28
  - D:\LBN\Maternal_auto_classification_train_deepethogram\DATA\Cage1-LBN-2024-08-31_22-05-28
  - D:\LBN\Maternal_auto_classification_train_deepethogram\DATA\Cage1-LBN-2024-08-31_22-15-28
  - D:\LBN\Maternal_auto_classification_train_deepethogram\DATA\Cage1-LBN-2024-08-31_22-25-28
  - D:\LBN\Maternal_auto_classification_train_deepethogram\DATA\Cage1-LBN-2024-08-31_22-45-28
  - D:\LBN\Maternal_auto_classification_train_deepethogram\DATA\Cage1-LBN-2024-08-31_22-55-28
  - D:\LBN\Maternal_auto_classification_train_deepethogram\DATA\Cage1-LBN-2024-08-31_23-05-28
  - D:\LBN\Maternal_auto_classification_train_deepethogram\DATA\Cage1-LBN-2024-08-31_23-15-28
  - D:\LBN\Maternal_auto_classification_train_deepethogram\DATA\Cage1-LBN-2024-08-31_23-25-28
  - D:\LBN\Maternal_auto_classification_train_deepethogram\DATA\Cage1-LBN-2024-08-31_23-35-28
  - D:\LBN\Maternal_auto_classification_train_deepethogram\DATA\Cage1-LBN-2024-08-31_23-45-28
  - D:\LBN\Maternal_auto_classification_train_deepethogram\DATA\Cage1-LBN-2024-08-31_23-55-28
  - D:\LBN\Maternal_auto_classification_train_deepethogram\DATA\Cage1-LBN-2024-09-01_00-05-28
  - D:\LBN\Maternal_auto_classification_train_deepethogram\DATA\Cage1-LBN-2024-09-01_00-15-28
  - D:\LBN\Maternal_auto_classification_train_deepethogram\DATA\Cage1-LBN-2024-09-01_04-15-28
  - D:\LBN\Maternal_auto_classification_train_deepethogram\DATA\Cage1-LBN-2024-09-01_04-25-28
  - D:\LBN\Maternal_auto_classification_train_deepethogram\DATA\Cage1-LBN-2024-09-01_04-35-28
  - D:\LBN\Maternal_auto_classification_train_deepethogram\DATA\Cage1-LBN-2024-09-01_04-45-28
  - D:\LBN\Maternal_auto_classification_train_deepethogram\DATA\Cage1-LBN-2024-09-01_04-55-28
  - D:\LBN\Maternal_auto_classification_train_deepethogram\DATA\Cage1-LBN-2024-09-01_05-05-28
  - D:\LBN\Maternal_auto_classification_train_deepethogram\DATA\Cage1-LBN-2024-09-01_05-15-28
  - D:\LBN\Maternal_auto_classification_train_deepethogram\DATA\Cage1-LBN-2024-09-01_05-25-28
  - D:\LBN\Maternal_auto_classification_train_deepethogram\DATA\Cage1-LBN-2024-09-01_05-35-28
  - D:\LBN\Maternal_auto_classification_train_deepethogram\DATA\Cage1-LBN-2024-09-01_05-45-28
  - D:\LBN\Maternal_auto_classification_train_deepethogram\DATA\Cage1-LBN-2024-09-01_05-55-28
  - D:\LBN\Maternal_auto_classification_train_deepethogram\DATA\Cage1-LBN-2024-09-01_06-05-28
  - D:\LBN\Maternal_auto_classification_train_deepethogram\DATA\Cage1-LBN-2024-09-01_06-15-28
  - D:\LBN\Maternal_auto_classification_train_deepethogram\DATA\Cage1-LBN-2024-09-01_06-25-28
  - D:\LBN\Maternal_auto_classification_train_deepethogram\DATA\Cage1-LBN-2024-09-01_06-35-28
  - D:\LBN\Maternal_auto_classification_train_deepethogram\DATA\Cage1-LBN-2024-09-01_06-45-28
  - D:\LBN\Maternal_auto_classification_train_deepethogram\DATA\Cage1-LBN-2024-09-01_06-55-28
  - D:\LBN\Maternal_auto_classification_train_deepethogram\DATA\Cage1-LBN-2024-09-01_07-05-28
  - D:\LBN\Maternal_auto_classification_train_deepethogram\DATA\Cage1-LBN-2024-09-01_07-15-28
  - D:\LBN\Maternal_auto_classification_train_deepethogram\DATA\Cage1-LBN-2024-09-01_07-25-28
  - D:\LBN\Maternal_auto_classification_train_deepethogram\DATA\Cage1-LBN-2024-09-01_07-35-28
  - D:\LBN\Maternal_auto_classification_train_deepethogram\DATA\Cage1-LBN-2024-09-01_07-45-28
  - D:\LBN\Maternal_auto_classification_train_deepethogram\DATA\Cage1-LBN-2024-09-01_07-55-28
  - D:\LBN\Maternal_auto_classification_train_deepethogram\DATA\Cage1-LBN-2024-09-01_20-15-28
  - D:\LBN\Maternal_auto_classification_train_deepethogram\DATA\Cage1-LBN-2024-09-01_20-25-28
  - D:\LBN\Maternal_auto_classification_train_deepethogram\DATA\Cage1-LBN-2024-09-01_20-35-28
  - D:\LBN\Maternal_auto_classification_train_deepethogram\DATA\Cage1-LBN-2024-09-01_20-45-28
  - D:\LBN\Maternal_auto_classification_train_deepethogram\DATA\Cage1-LBN-2024-09-01_20-55-28
  - D:\LBN\Maternal_auto_classification_train_deepethogram\DATA\Cage1-LBN-2024-09-01_21-05-28
  - D:\LBN\Maternal_auto_classification_train_deepethogram\DATA\Cage1-LBN-2024-09-01_21-15-28
  - D:\LBN\Maternal_auto_classification_train_deepethogram\DATA\Cage1-LBN-2024-09-01_21-25-28
  - D:\LBN\Maternal_auto_classification_train_deepethogram\DATA\Cage1-LBN-2024-09-01_21-35-28
  - D:\LBN\Maternal_auto_classification_train_deepethogram\DATA\Cage1-LBN-2024-09-01_21-45-28
  - D:\LBN\Maternal_auto_classification_train_deepethogram\DATA\Cage1-LBN-2024-09-01_21-55-28
  - D:\LBN\Maternal_auto_classification_train_deepethogram\DATA\Cage1-LBN-2024-09-01_22-05-28
  - D:\LBN\Maternal_auto_classification_train_deepethogram\DATA\Cage1-LBN-2024-09-01_22-15-28
  - D:\LBN\Maternal_auto_classification_train_deepethogram\DATA\Cage1-LBN-2024-09-01_22-25-28
  - D:\LBN\Maternal_auto_classification_train_deepethogram\DATA\Cage1-LBN-2024-09-01_22-35-28
  - D:\LBN\Maternal_auto_classification_train_deepethogram\DATA\Cage1-LBN-2024-09-01_22-45-28
  - D:\LBN\Maternal_auto_classification_train_deepethogram\DATA\Cage1-LBN-2024-09-01_22-55-29
  - D:\LBN\Maternal_auto_classification_train_deepethogram\DATA\Cage1-LBN-2024-09-01_23-05-29
  - D:\LBN\Maternal_auto_classification_train_deepethogram\DATA\Cage1-LBN-2024-09-01_23-15-29
  - D:\LBN\Maternal_auto_classification_train_deepethogram\DATA\Cage1-LBN-2024-09-01_23-25-29
  - D:\LBN\Maternal_auto_classification_train_deepethogram\DATA\Cage1-LBN-2024-09-01_23-35-29
  - D:\LBN\Maternal_auto_classification_train_deepethogram\DATA\Cage1-LBN-2024-09-01_23-45-29
  - D:\LBN\Maternal_auto_classification_train_deepethogram\DATA\Cage1-LBN-2024-09-01_23-55-29
  - D:\LBN\Maternal_auto_classification_train_deepethogram\DATA\Cage1-LBN-2024-09-02_00-05-29
  - D:\LBN\Maternal_auto_classification_train_deepethogram\DATA\Cage1-LBN-2024-09-02_00-15-29
  - D:\LBN\Maternal_auto_classification_train_deepethogram\DATA\Cage1-LBN-2024-09-02_20-12-56
  - D:\LBN\Maternal_auto_classification_train_deepethogram\DATA\Cage1-LBN-2024-09-02_20-22-56
  - D:\LBN\Maternal_auto_classification_train_deepethogram\DATA\Cage1-LBN-2024-09-02_20-32-56
  - D:\LBN\Maternal_auto_classification_train_deepethogram\DATA\Cage1-LBN-2024-09-02_20-42-56
  - D:\LBN\Maternal_auto_classification_train_deepethogram\DATA\Cage1-LBN-2024-09-02_20-52-56
  - D:\LBN\Maternal_auto_classification_train_deepethogram\DATA\Cage1-LBN-2024-09-02_21-02-56
  - D:\LBN\Maternal_auto_classification_train_deepethogram\DATA\Cage1-LBN-2024-09-02_21-12-56
  - D:\LBN\Maternal_auto_classification_train_deepethogram\DATA\Cage1-LBN-2024-09-02_21-22-56
  - D:\LBN\Maternal_auto_classification_train_deepethogram\DATA\Cage1-LBN-2024-09-02_21-32-56
  - D:\LBN\Maternal_auto_classification_train_deepethogram\DATA\Cage1-LBN-2024-09-02_21-42-56
  - D:\LBN\Maternal_auto_classification_train_deepethogram\DATA\Cage1-LBN-2024-09-02_21-52-56
  - D:\LBN\Maternal_auto_classification_train_deepethogram\DATA\Cage1-LBN-2024-09-02_22-02-56
  - D:\LBN\Maternal_auto_classification_train_deepethogram\DATA\Cage1-LBN-2024-09-02_22-12-56
  - D:\LBN\Maternal_auto_classification_train_deepethogram\DATA\Cage1-LBN-2024-09-02_22-22-56
  - D:\LBN\Maternal_auto_classification_train_deepethogram\DATA\Cage1-LBN-2024-09-02_22-32-56
  - D:\LBN\Maternal_auto_classification_train_deepethogram\DATA\Cage1-LBN-2024-09-02_22-42-56
  - D:\LBN\Maternal_auto_classification_train_deepethogram\DATA\Cage1-LBN-2024-09-02_22-52-56
  - D:\LBN\Maternal_auto_classification_train_deepethogram\DATA\Cage1-LBN-2024-09-02_23-02-56
  - D:\LBN\Maternal_auto_classification_train_deepethogram\DATA\Cage1-LBN-2024-09-02_23-12-56
  - D:\LBN\Maternal_auto_classification_train_deepethogram\DATA\Cage1-LBN-2024-09-02_23-22-56
  - D:\LBN\Maternal_auto_classification_train_deepethogram\DATA\Cage1-LBN-2024-09-02_23-32-56
  - D:\LBN\Maternal_auto_classification_train_deepethogram\DATA\Cage1-LBN-2024-09-02_23-42-56
  - D:\LBN\Maternal_auto_classification_train_deepethogram\DATA\Cage1-LBN-2024-09-02_23-52-56
  - D:\LBN\Maternal_auto_classification_train_deepethogram\DATA\Cage1-LBN-2024-09-03_00-02-56
  - D:\LBN\Maternal_auto_classification_train_deepethogram\DATA\Cage1-LBN-2024-09-03_00-12-56
  - D:\LBN\Maternal_auto_classification_train_deepethogram\DATA\Cage1-LBN-2024-09-03_04-12-56
  - D:\LBN\Maternal_auto_classification_train_deepethogram\DATA\Cage1-LBN-2024-09-03_04-22-56
  - D:\LBN\Maternal_auto_classification_train_deepethogram\DATA\Cage1-LBN-2024-09-03_04-32-56
  - D:\LBN\Maternal_auto_classification_train_deepethogram\DATA\Cage1-LBN-2024-09-03_04-42-56
  - D:\LBN\Maternal_auto_classification_train_deepethogram\DATA\Cage1-LBN-2024-09-03_04-52-56
  - D:\LBN\Maternal_auto_classification_train_deepethogram\DATA\Cage1-LBN-2024-09-03_05-02-56
  - D:\LBN\Maternal_auto_classification_train_deepethogram\DATA\Cage1-LBN-2024-09-03_05-12-56
  - D:\LBN\Maternal_auto_classification_train_deepethogram\DATA\Cage1-LBN-2024-09-03_05-22-56
  - D:\LBN\Maternal_auto_classification_train_deepethogram\DATA\Cage1-LBN-2024-09-03_05-32-56
  - D:\LBN\Maternal_auto_classification_train_deepethogram\DATA\Cage1-LBN-2024-09-03_05-42-56
  - D:\LBN\Maternal_auto_classification_train_deepethogram\DATA\Cage1-LBN-2024-09-03_05-52-56
  - D:\LBN\Maternal_auto_classification_train_deepethogram\DATA\Cage1-LBN-2024-09-03_06-02-56
  - D:\LBN\Maternal_auto_classification_train_deepethogram\DATA\Cage1-LBN-2024-09-03_06-12-56
  - D:\LBN\Maternal_auto_classification_train_deepethogram\DATA\Cage1-LBN-2024-09-03_06-22-56
  - D:\LBN\Maternal_auto_classification_train_deepethogram\DATA\Cage1-LBN-2024-09-03_06-32-56
  - D:\LBN\Maternal_auto_classification_train_deepethogram\DATA\Cage1-LBN-2024-09-03_06-42-56
  - D:\LBN\Maternal_auto_classification_train_deepethogram\DATA\Cage1-LBN-2024-09-03_06-52-56
  - D:\LBN\Maternal_auto_classification_train_deepethogram\DATA\Cage1-LBN-2024-09-03_07-02-56
  - D:\LBN\Maternal_auto_classification_train_deepethogram\DATA\Cage1-LBN-2024-09-03_07-12-56
  - D:\LBN\Maternal_auto_classification_train_deepethogram\DATA\Cage1-LBN-2024-09-03_07-22-56
  - D:\LBN\Maternal_auto_classification_train_deepethogram\DATA\Cage1-LBN-2024-09-03_07-32-56
  - D:\LBN\Maternal_auto_classification_train_deepethogram\DATA\Cage1-LBN-2024-09-03_07-42-56
  - D:\LBN\Maternal_auto_classification_train_deepethogram\DATA\Cage1-LBN-2024-09-03_07-52-56
  ignore_error: true
  overwrite: true
  use_loaded_model_cfg: true
cmap: deepethogram
control_arrow_jump: 31
label_view_width: 31
postprocessor:
  min_bout_length: 10
  type: min_bout_per_behavior
prediction_opacity: 0.2
project:
  class_names:
  - background
  - Onnest
  - Offnest
  - ABN
  - Carryingpups
  - Selfgrooming
  - Eat_drink
  - Kicking
  - Groomingpups
  - Build
  config_file: project_config.yaml
  data_path: D:\LBN\Maternal_auto_classification_train_deepethogram\DATA
  labeler: null
  model_path: D:\LBN\Maternal_auto_classification_train_deepethogram\models
  name: Maternal_auto_classification
  path: D:\LBN\Maternal_auto_classification_train_deepethogram
  pretrained_path: D:\LBN\Maternal_auto_classification_train_deepethogram\models\pretrained_models
run:
  type: inference
  model: sequence
  dir: D:\LBN\Maternal_auto_classification_train_deepethogram\models\250619_141037_sequence_inference
unlabeled_alpha: 0.1
vertical_arrow_jump: 3

[2025-06-19 14:10:38,681] INFO [deepethogram.projects.get_weightfile_from_cfg:1079] loading specified weights: D:\LBN\Maternal_auto_classification_train_deepethogram\models\250616_145332_sequence_train\lightning_checkpoints\epoch=24-step=16349.ckpt
[2025-06-19 14:10:38,723] INFO [__main__.sequence_inference:263] latent name used for running sequence inference: resnet18
[2025-06-19 14:10:38,868] INFO [__main__.sequence_inference:286] model: TGMJ(
  (input_dropout): Dropout(p=0.5, inplace=False)
  (output_dropout): Dropout(p=0.5, inplace=False)
  (tgm_layers): Sequential(
    (0): TGMLayer()
    (1): TGMLayer()
    (2): TGMLayer()
  )
  (h): Conv1d(1024, 128, kernel_size=(1,), stride=(1,))
  (h2): Conv1d(1024, 128, kernel_size=(1,), stride=(1,))
  (classify1): Sequential(
    (0): Conv1d(128, 10, kernel_size=(1,), stride=(1,), bias=False)
    (1): BatchNorm1d(10, eps=1e-05, momentum=0.1, affine=True, track_running_stats=True)
  )
  (classify2): Sequential(
    (0): Conv1d(128, 10, kernel_size=(1,), stride=(1,), bias=False)
    (1): BatchNorm1d(10, eps=1e-05, momentum=0.1, affine=True, track_running_stats=True)
  )
)
[2025-06-19 14:10:38,868] INFO [deepethogram.utils.load_state:341] loading from checkpoint file D:\LBN\Maternal_auto_classification_train_deepethogram\models\250616_145332_sequence_train\lightning_checkpoints\epoch=24-step=16349.ckpt...
[2025-06-19 14:10:38,922] INFO [__main__.sequence_inference:294] best epoch from loaded file: 24
[2025-06-19 14:10:38,948] INFO [__main__.sequence_inference:303] thresholds: [0.5        0.37192211 0.62817789 0.70857186 0.91960603 0.69349799
 0.68344874 0.5        0.44226683 0.47241457]
[2025-06-19 14:10:39,212] INFO [__main__.extract:196] running inference on D:\LBN\Maternal_auto_classification_train_deepethogram\DATA\Cage1-LBN-2024-08-30_20-04-40\Cage1-LBN-2024-08-30_20-04-40_outputs.h5. latent name: resnet18 output name: tgmj...
[2025-06-19 14:10:42,540] INFO [__main__.extract:196] running inference on D:\LBN\Maternal_auto_classification_train_deepethogram\DATA\Cage1-LBN-2024-08-30_20-44-40\Cage1-LBN-2024-08-30_20-44-40_outputs.h5. latent name: resnet18 output name: tgmj...
[2025-06-19 14:10:42,634] INFO [__main__.extract:196] running inference on D:\LBN\Maternal_auto_classification_train_deepethogram\DATA\Cage1-LBN-2024-08-30_20-54-40\Cage1-LBN-2024-08-30_20-54-40_outputs.h5. latent name: resnet18 output name: tgmj...
[2025-06-19 14:10:42,727] INFO [__main__.extract:196] running inference on D:\LBN\Maternal_auto_classification_train_deepethogram\DATA\Cage1-LBN-2024-08-30_21-04-40\Cage1-LBN-2024-08-30_21-04-40_outputs.h5. latent name: resnet18 output name: tgmj...
[2025-06-19 14:10:42,824] INFO [__main__.extract:196] running inference on D:\LBN\Maternal_auto_classification_train_deepethogram\DATA\Cage1-LBN-2024-08-30_21-14-40\Cage1-LBN-2024-08-30_21-14-40_outputs.h5. latent name: resnet18 output name: tgmj...
[2025-06-19 14:10:42,962] INFO [__main__.extract:196] running inference on D:\LBN\Maternal_auto_classification_train_deepethogram\DATA\Cage1-LBN-2024-08-30_21-24-40\Cage1-LBN-2024-08-30_21-24-40_outputs.h5. latent name: resnet18 output name: tgmj...
[2025-06-19 14:10:43,101] INFO [__main__.extract:196] running inference on D:\LBN\Maternal_auto_classification_train_deepethogram\DATA\Cage1-LBN-2024-08-30_21-54-40\Cage1-LBN-2024-08-30_21-54-40_outputs.h5. latent name: resnet18 output name: tgmj...
[2025-06-19 14:10:43,220] INFO [__main__.extract:196] running inference on D:\LBN\Maternal_auto_classification_train_deepethogram\DATA\Cage1-LBN-2024-08-30_22-04-40\Cage1-LBN-2024-08-30_22-04-40_outputs.h5. latent name: resnet18 output name: tgmj...
[2025-06-19 14:10:43,356] INFO [__main__.extract:196] running inference on D:\LBN\Maternal_auto_classification_train_deepethogram\DATA\Cage1-LBN-2024-08-30_22-24-40\Cage1-LBN-2024-08-30_22-24-40_outputs.h5. latent name: resnet18 output name: tgmj...
[2025-06-19 14:10:43,506] INFO [__main__.extract:196] running inference on D:\LBN\Maternal_auto_classification_train_deepethogram\DATA\Cage1-LBN-2024-08-30_22-34-40\Cage1-LBN-2024-08-30_22-34-40_outputs.h5. latent name: resnet18 output name: tgmj...
[2025-06-19 14:10:43,623] INFO [__main__.extract:196] running inference on D:\LBN\Maternal_auto_classification_train_deepethogram\DATA\Cage1-LBN-2024-08-30_22-44-40\Cage1-LBN-2024-08-30_22-44-40_outputs.h5. latent name: resnet18 output name: tgmj...
[2025-06-19 14:10:43,743] INFO [__main__.extract:196] running inference on D:\LBN\Maternal_auto_classification_train_deepethogram\DATA\Cage1-LBN-2024-08-30_23-04-40\Cage1-LBN-2024-08-30_23-04-40_outputs.h5. latent name: resnet18 output name: tgmj...
[2025-06-19 14:10:43,875] INFO [__main__.extract:196] running inference on D:\LBN\Maternal_auto_classification_train_deepethogram\DATA\Cage1-LBN-2024-08-30_23-14-40\Cage1-LBN-2024-08-30_23-14-40_outputs.h5. latent name: resnet18 output name: tgmj...
[2025-06-19 14:10:44,023] INFO [__main__.extract:196] running inference on D:\LBN\Maternal_auto_classification_train_deepethogram\DATA\Cage1-LBN-2024-08-30_23-34-40\Cage1-LBN-2024-08-30_23-34-40_outputs.h5. latent name: resnet18 output name: tgmj...
[2025-06-19 14:10:44,104] INFO [__main__.extract:196] running inference on D:\LBN\Maternal_auto_classification_train_deepethogram\DATA\Cage1-LBN-2024-08-30_23-44-40\Cage1-LBN-2024-08-30_23-44-40_outputs.h5. latent name: resnet18 output name: tgmj...
[2025-06-19 14:10:44,182] INFO [__main__.extract:196] running inference on D:\LBN\Maternal_auto_classification_train_deepethogram\DATA\Cage1-LBN-2024-08-30_23-54-40\Cage1-LBN-2024-08-30_23-54-40_outputs.h5. latent name: resnet18 output name: tgmj...
[2025-06-19 14:10:44,307] INFO [__main__.extract:196] running inference on D:\LBN\Maternal_auto_classification_train_deepethogram\DATA\Cage1-LBN-2024-08-31_00-04-40\Cage1-LBN-2024-08-31_00-04-40_outputs.h5. latent name: resnet18 output name: tgmj...
[2025-06-19 14:10:44,416] INFO [__main__.extract:196] running inference on D:\LBN\Maternal_auto_classification_train_deepethogram\DATA\Cage1-LBN-2024-08-31_04-04-40\Cage1-LBN-2024-08-31_04-04-40_outputs.h5. latent name: resnet18 output name: tgmj...
[2025-06-19 14:10:44,566] INFO [__main__.extract:196] running inference on D:\LBN\Maternal_auto_classification_train_deepethogram\DATA\Cage1-LBN-2024-08-31_04-14-40\Cage1-LBN-2024-08-31_04-14-40_outputs.h5. latent name: resnet18 output name: tgmj...
[2025-06-19 14:10:44,666] INFO [__main__.extract:196] running inference on D:\LBN\Maternal_auto_classification_train_deepethogram\DATA\Cage1-LBN-2024-08-31_04-24-40\Cage1-LBN-2024-08-31_04-24-40_outputs.h5. latent name: resnet18 output name: tgmj...
[2025-06-19 14:10:44,775] INFO [__main__.extract:196] running inference on D:\LBN\Maternal_auto_classification_train_deepethogram\DATA\Cage1-LBN-2024-08-31_04-34-40\Cage1-LBN-2024-08-31_04-34-40_outputs.h5. latent name: resnet18 output name: tgmj...
[2025-06-19 14:10:44,865] INFO [__main__.extract:196] running inference on D:\LBN\Maternal_auto_classification_train_deepethogram\DATA\Cage1-LBN-2024-08-31_04-54-40\Cage1-LBN-2024-08-31_04-54-40_outputs.h5. latent name: resnet18 output name: tgmj...
[2025-06-19 14:10:44,965] INFO [__main__.extract:196] running inference on D:\LBN\Maternal_auto_classification_train_deepethogram\DATA\Cage1-LBN-2024-08-31_05-14-40\Cage1-LBN-2024-08-31_05-14-40_outputs.h5. latent name: resnet18 output name: tgmj...
[2025-06-19 14:10:45,041] INFO [__main__.extract:196] running inference on D:\LBN\Maternal_auto_classification_train_deepethogram\DATA\Cage1-LBN-2024-08-31_05-34-40\Cage1-LBN-2024-08-31_05-34-40_outputs.h5. latent name: resnet18 output name: tgmj...
[2025-06-19 14:10:45,119] INFO [__main__.extract:196] running inference on D:\LBN\Maternal_auto_classification_train_deepethogram\DATA\Cage1-LBN-2024-08-31_05-44-40\Cage1-LBN-2024-08-31_05-44-40_outputs.h5. latent name: resnet18 output name: tgmj...
[2025-06-19 14:10:45,213] INFO [__main__.extract:196] running inference on D:\LBN\Maternal_auto_classification_train_deepethogram\DATA\Cage1-LBN-2024-08-31_05-54-40\Cage1-LBN-2024-08-31_05-54-40_outputs.h5. latent name: resnet18 output name: tgmj...
[2025-06-19 14:10:45,291] INFO [__main__.extract:196] running inference on D:\LBN\Maternal_auto_classification_train_deepethogram\DATA\Cage1-LBN-2024-08-31_06-04-40\Cage1-LBN-2024-08-31_06-04-40_outputs.h5. latent name: resnet18 output name: tgmj...
[2025-06-19 14:10:45,385] INFO [__main__.extract:196] running inference on D:\LBN\Maternal_auto_classification_train_deepethogram\DATA\Cage1-LBN-2024-08-31_06-14-40-stereotypie\Cage1-LBN-2024-08-31_06-14-40-stereotypie_outputs.h5. latent name: resnet18 output name: tgmj...
[2025-06-19 14:10:45,482] INFO [__main__.extract:196] running inference on D:\LBN\Maternal_auto_classification_train_deepethogram\DATA\Cage1-LBN-2024-08-31_06-24-40\Cage1-LBN-2024-08-31_06-24-40_outputs.h5. latent name: resnet18 output name: tgmj...
[2025-06-19 14:10:45,578] INFO [__main__.extract:196] running inference on D:\LBN\Maternal_auto_classification_train_deepethogram\DATA\Cage1-LBN-2024-08-31_06-34-40\Cage1-LBN-2024-08-31_06-34-40_outputs.h5. latent name: resnet18 output name: tgmj...
[2025-06-19 14:10:45,667] INFO [__main__.extract:196] running inference on D:\LBN\Maternal_auto_classification_train_deepethogram\DATA\Cage1-LBN-2024-08-31_06-44-40\Cage1-LBN-2024-08-31_06-44-40_outputs.h5. latent name: resnet18 output name: tgmj...
[2025-06-19 14:10:45,745] INFO [__main__.extract:196] running inference on D:\LBN\Maternal_auto_classification_train_deepethogram\DATA\Cage1-LBN-2024-08-31_06-54-40\Cage1-LBN-2024-08-31_06-54-40_outputs.h5. latent name: resnet18 output name: tgmj...
[2025-06-19 14:10:45,840] INFO [__main__.extract:196] running inference on D:\LBN\Maternal_auto_classification_train_deepethogram\DATA\Cage1-LBN-2024-08-31_07-04-40\Cage1-LBN-2024-08-31_07-04-40_outputs.h5. latent name: resnet18 output name: tgmj...
[2025-06-19 14:10:45,916] INFO [__main__.extract:196] running inference on D:\LBN\Maternal_auto_classification_train_deepethogram\DATA\Cage1-LBN-2024-08-31_07-24-40\Cage1-LBN-2024-08-31_07-24-40_outputs.h5. latent name: resnet18 output name: tgmj...
[2025-06-19 14:10:45,993] INFO [__main__.extract:196] running inference on D:\LBN\Maternal_auto_classification_train_deepethogram\DATA\Cage1-LBN-2024-08-31_07-34-40\Cage1-LBN-2024-08-31_07-34-40_outputs.h5. latent name: resnet18 output name: tgmj...
[2025-06-19 14:10:46,073] INFO [__main__.extract:196] running inference on D:\LBN\Maternal_auto_classification_train_deepethogram\DATA\Cage1-LBN-2024-08-31_07-44-40\Cage1-LBN-2024-08-31_07-44-40_outputs.h5. latent name: resnet18 output name: tgmj...
[2025-06-19 14:10:46,151] INFO [__main__.extract:196] running inference on D:\LBN\Maternal_auto_classification_train_deepethogram\DATA\Cage1-LBN-2024-08-31_07-54-40\Cage1-LBN-2024-08-31_07-54-40_outputs.h5. latent name: resnet18 output name: tgmj...
[2025-06-19 14:10:46,260] INFO [__main__.extract:196] running inference on D:\LBN\Maternal_auto_classification_train_deepethogram\DATA\Cage1-LBN-2024-08-31_20-15-28\Cage1-LBN-2024-08-31_20-15-28_outputs.h5. latent name: resnet18 output name: tgmj...
[2025-06-19 14:10:46,366] INFO [__main__.extract:196] running inference on D:\LBN\Maternal_auto_classification_train_deepethogram\DATA\Cage1-LBN-2024-08-31_20-25-28\Cage1-LBN-2024-08-31_20-25-28_outputs.h5. latent name: resnet18 output name: tgmj...
[2025-06-19 14:10:46,448] INFO [__main__.extract:196] running inference on D:\LBN\Maternal_auto_classification_train_deepethogram\DATA\Cage1-LBN-2024-08-31_20-35-28\Cage1-LBN-2024-08-31_20-35-28_outputs.h5. latent name: resnet18 output name: tgmj...
[2025-06-19 14:10:46,542] INFO [__main__.extract:196] running inference on D:\LBN\Maternal_auto_classification_train_deepethogram\DATA\Cage1-LBN-2024-08-31_20-45-28\Cage1-LBN-2024-08-31_20-45-28_outputs.h5. latent name: resnet18 output name: tgmj...
[2025-06-19 14:10:46,650] INFO [__main__.extract:196] running inference on D:\LBN\Maternal_auto_classification_train_deepethogram\DATA\Cage1-LBN-2024-08-31_20-55-28\Cage1-LBN-2024-08-31_20-55-28_outputs.h5. latent name: resnet18 output name: tgmj...
[2025-06-19 14:10:46,738] INFO [__main__.extract:196] running inference on D:\LBN\Maternal_auto_classification_train_deepethogram\DATA\Cage1-LBN-2024-08-31_21-15-28\Cage1-LBN-2024-08-31_21-15-28_outputs.h5. latent name: resnet18 output name: tgmj...
[2025-06-19 14:10:46,807] INFO [__main__.extract:196] running inference on D:\LBN\Maternal_auto_classification_train_deepethogram\DATA\Cage1-LBN-2024-08-31_21-35-28\Cage1-LBN-2024-08-31_21-35-28_outputs.h5. latent name: resnet18 output name: tgmj...
[2025-06-19 14:10:46,901] INFO [__main__.extract:196] running inference on D:\LBN\Maternal_auto_classification_train_deepethogram\DATA\Cage1-LBN-2024-08-31_21-45-28\Cage1-LBN-2024-08-31_21-45-28_outputs.h5. latent name: resnet18 output name: tgmj...
[2025-06-19 14:10:47,010] INFO [__main__.extract:196] running inference on D:\LBN\Maternal_auto_classification_train_deepethogram\DATA\Cage1-LBN-2024-08-31_21-55-28\Cage1-LBN-2024-08-31_21-55-28_outputs.h5. latent name: resnet18 output name: tgmj...
[2025-06-19 14:10:47,116] INFO [__main__.extract:196] running inference on D:\LBN\Maternal_auto_classification_train_deepethogram\DATA\Cage1-LBN-2024-08-31_22-05-28\Cage1-LBN-2024-08-31_22-05-28_outputs.h5. latent name: resnet18 output name: tgmj...
[2025-06-19 14:10:47,198] INFO [__main__.extract:196] running inference on D:\LBN\Maternal_auto_classification_train_deepethogram\DATA\Cage1-LBN-2024-08-31_22-15-28\Cage1-LBN-2024-08-31_22-15-28_outputs.h5. latent name: resnet18 output name: tgmj...
[2025-06-19 14:10:47,291] INFO [__main__.extract:196] running inference on D:\LBN\Maternal_auto_classification_train_deepethogram\DATA\Cage1-LBN-2024-08-31_22-25-28\Cage1-LBN-2024-08-31_22-25-28_outputs.h5. latent name: resnet18 output name: tgmj...
[2025-06-19 14:10:47,379] INFO [__main__.extract:196] running inference on D:\LBN\Maternal_auto_classification_train_deepethogram\DATA\Cage1-LBN-2024-08-31_22-45-28\Cage1-LBN-2024-08-31_22-45-28_outputs.h5. latent name: resnet18 output name: tgmj...
[2025-06-19 14:10:47,470] INFO [__main__.extract:196] running inference on D:\LBN\Maternal_auto_classification_train_deepethogram\DATA\Cage1-LBN-2024-08-31_22-55-28\Cage1-LBN-2024-08-31_22-55-28_outputs.h5. latent name: resnet18 output name: tgmj...
[2025-06-19 14:10:47,541] INFO [__main__.extract:196] running inference on D:\LBN\Maternal_auto_classification_train_deepethogram\DATA\Cage1-LBN-2024-08-31_23-05-28\Cage1-LBN-2024-08-31_23-05-28_outputs.h5. latent name: resnet18 output name: tgmj...
[2025-06-19 14:10:47,634] INFO [__main__.extract:196] running inference on D:\LBN\Maternal_auto_classification_train_deepethogram\DATA\Cage1-LBN-2024-08-31_23-15-28\Cage1-LBN-2024-08-31_23-15-28_outputs.h5. latent name: resnet18 output name: tgmj...
[2025-06-19 14:10:47,728] INFO [__main__.extract:196] running inference on D:\LBN\Maternal_auto_classification_train_deepethogram\DATA\Cage1-LBN-2024-08-31_23-25-28\Cage1-LBN-2024-08-31_23-25-28_outputs.h5. latent name: resnet18 output name: tgmj...
[2025-06-19 14:10:47,826] INFO [__main__.extract:196] running inference on D:\LBN\Maternal_auto_classification_train_deepethogram\DATA\Cage1-LBN-2024-08-31_23-35-28\Cage1-LBN-2024-08-31_23-35-28_outputs.h5. latent name: resnet18 output name: tgmj...
[2025-06-19 14:10:47,915] INFO [__main__.extract:196] running inference on D:\LBN\Maternal_auto_classification_train_deepethogram\DATA\Cage1-LBN-2024-08-31_23-45-28\Cage1-LBN-2024-08-31_23-45-28_outputs.h5. latent name: resnet18 output name: tgmj...
[2025-06-19 14:10:48,015] INFO [__main__.extract:196] running inference on D:\LBN\Maternal_auto_classification_train_deepethogram\DATA\Cage1-LBN-2024-08-31_23-55-28\Cage1-LBN-2024-08-31_23-55-28_outputs.h5. latent name: resnet18 output name: tgmj...
[2025-06-19 14:10:48,097] INFO [__main__.extract:196] running inference on D:\LBN\Maternal_auto_classification_train_deepethogram\DATA\Cage1-LBN-2024-09-01_00-05-28\Cage1-LBN-2024-09-01_00-05-28_outputs.h5. latent name: resnet18 output name: tgmj...
[2025-06-19 14:10:48,207] INFO [__main__.extract:196] running inference on D:\LBN\Maternal_auto_classification_train_deepethogram\DATA\Cage1-LBN-2024-09-01_00-15-28\Cage1-LBN-2024-09-01_00-15-28_outputs.h5. latent name: resnet18 output name: tgmj...
[2025-06-19 14:10:48,292] INFO [__main__.extract:196] running inference on D:\LBN\Maternal_auto_classification_train_deepethogram\DATA\Cage1-LBN-2024-09-01_04-15-28\Cage1-LBN-2024-09-01_04-15-28_outputs.h5. latent name: resnet18 output name: tgmj...
[2025-06-19 14:10:48,369] INFO [__main__.extract:196] running inference on D:\LBN\Maternal_auto_classification_train_deepethogram\DATA\Cage1-LBN-2024-09-01_04-25-28\Cage1-LBN-2024-09-01_04-25-28_outputs.h5. latent name: resnet18 output name: tgmj...
[2025-06-19 14:10:48,478] INFO [__main__.extract:196] running inference on D:\LBN\Maternal_auto_classification_train_deepethogram\DATA\Cage1-LBN-2024-09-01_04-35-28\Cage1-LBN-2024-09-01_04-35-28_outputs.h5. latent name: resnet18 output name: tgmj...
[2025-06-19 14:10:48,587] INFO [__main__.extract:196] running inference on D:\LBN\Maternal_auto_classification_train_deepethogram\DATA\Cage1-LBN-2024-09-01_04-45-28\Cage1-LBN-2024-09-01_04-45-28_outputs.h5. latent name: resnet18 output name: tgmj...
[2025-06-19 14:10:48,698] INFO [__main__.extract:196] running inference on D:\LBN\Maternal_auto_classification_train_deepethogram\DATA\Cage1-LBN-2024-09-01_04-55-28\Cage1-LBN-2024-09-01_04-55-28_outputs.h5. latent name: resnet18 output name: tgmj...
[2025-06-19 14:10:48,795] INFO [__main__.extract:196] running inference on D:\LBN\Maternal_auto_classification_train_deepethogram\DATA\Cage1-LBN-2024-09-01_05-05-28\Cage1-LBN-2024-09-01_05-05-28_outputs.h5. latent name: resnet18 output name: tgmj...
[2025-06-19 14:10:48,899] INFO [__main__.extract:196] running inference on D:\LBN\Maternal_auto_classification_train_deepethogram\DATA\Cage1-LBN-2024-09-01_05-15-28\Cage1-LBN-2024-09-01_05-15-28_outputs.h5. latent name: resnet18 output name: tgmj...
[2025-06-19 14:10:49,001] INFO [__main__.extract:196] running inference on D:\LBN\Maternal_auto_classification_train_deepethogram\DATA\Cage1-LBN-2024-09-01_05-25-28\Cage1-LBN-2024-09-01_05-25-28_outputs.h5. latent name: resnet18 output name: tgmj...
[2025-06-19 14:10:49,087] INFO [__main__.extract:196] running inference on D:\LBN\Maternal_auto_classification_train_deepethogram\DATA\Cage1-LBN-2024-09-01_05-35-28\Cage1-LBN-2024-09-01_05-35-28_outputs.h5. latent name: resnet18 output name: tgmj...
[2025-06-19 14:10:49,180] INFO [__main__.extract:196] running inference on D:\LBN\Maternal_auto_classification_train_deepethogram\DATA\Cage1-LBN-2024-09-01_05-45-28\Cage1-LBN-2024-09-01_05-45-28_outputs.h5. latent name: resnet18 output name: tgmj...
[2025-06-19 14:10:49,260] INFO [__main__.extract:196] running inference on D:\LBN\Maternal_auto_classification_train_deepethogram\DATA\Cage1-LBN-2024-09-01_05-55-28\Cage1-LBN-2024-09-01_05-55-28_outputs.h5. latent name: resnet18 output name: tgmj...
[2025-06-19 14:10:49,348] INFO [__main__.extract:196] running inference on D:\LBN\Maternal_auto_classification_train_deepethogram\DATA\Cage1-LBN-2024-09-01_06-05-28\Cage1-LBN-2024-09-01_06-05-28_outputs.h5. latent name: resnet18 output name: tgmj...
[2025-06-19 14:10:49,462] INFO [__main__.extract:196] running inference on D:\LBN\Maternal_auto_classification_train_deepethogram\DATA\Cage1-LBN-2024-09-01_06-15-28\Cage1-LBN-2024-09-01_06-15-28_outputs.h5. latent name: resnet18 output name: tgmj...
[2025-06-19 14:10:49,556] INFO [__main__.extract:196] running inference on D:\LBN\Maternal_auto_classification_train_deepethogram\DATA\Cage1-LBN-2024-09-01_06-25-28\Cage1-LBN-2024-09-01_06-25-28_outputs.h5. latent name: resnet18 output name: tgmj...
[2025-06-19 14:10:49,650] INFO [__main__.extract:196] running inference on D:\LBN\Maternal_auto_classification_train_deepethogram\DATA\Cage1-LBN-2024-09-01_06-35-28\Cage1-LBN-2024-09-01_06-35-28_outputs.h5. latent name: resnet18 output name: tgmj...
[2025-06-19 14:10:49,768] INFO [__main__.extract:196] running inference on D:\LBN\Maternal_auto_classification_train_deepethogram\DATA\Cage1-LBN-2024-09-01_06-45-28\Cage1-LBN-2024-09-01_06-45-28_outputs.h5. latent name: resnet18 output name: tgmj...
[2025-06-19 14:10:49,855] INFO [__main__.extract:196] running inference on D:\LBN\Maternal_auto_classification_train_deepethogram\DATA\Cage1-LBN-2024-09-01_06-55-28\Cage1-LBN-2024-09-01_06-55-28_outputs.h5. latent name: resnet18 output name: tgmj...
[2025-06-19 14:10:49,947] INFO [__main__.extract:196] running inference on D:\LBN\Maternal_auto_classification_train_deepethogram\DATA\Cage1-LBN-2024-09-01_07-05-28\Cage1-LBN-2024-09-01_07-05-28_outputs.h5. latent name: resnet18 output name: tgmj...
[2025-06-19 14:10:50,040] INFO [__main__.extract:196] running inference on D:\LBN\Maternal_auto_classification_train_deepethogram\DATA\Cage1-LBN-2024-09-01_07-15-28\Cage1-LBN-2024-09-01_07-15-28_outputs.h5. latent name: resnet18 output name: tgmj...
[2025-06-19 14:10:50,132] INFO [__main__.extract:196] running inference on D:\LBN\Maternal_auto_classification_train_deepethogram\DATA\Cage1-LBN-2024-09-01_07-25-28\Cage1-LBN-2024-09-01_07-25-28_outputs.h5. latent name: resnet18 output name: tgmj...
[2025-06-19 14:10:50,228] INFO [__main__.extract:196] running inference on D:\LBN\Maternal_auto_classification_train_deepethogram\DATA\Cage1-LBN-2024-09-01_07-35-28\Cage1-LBN-2024-09-01_07-35-28_outputs.h5. latent name: resnet18 output name: tgmj...
[2025-06-19 14:10:50,337] INFO [__main__.extract:196] running inference on D:\LBN\Maternal_auto_classification_train_deepethogram\DATA\Cage1-LBN-2024-09-01_07-45-28\Cage1-LBN-2024-09-01_07-45-28_outputs.h5. latent name: resnet18 output name: tgmj...
[2025-06-19 14:10:50,432] INFO [__main__.extract:196] running inference on D:\LBN\Maternal_auto_classification_train_deepethogram\DATA\Cage1-LBN-2024-09-01_07-55-28\Cage1-LBN-2024-09-01_07-55-28_outputs.h5. latent name: resnet18 output name: tgmj...
[2025-06-19 14:10:50,552] INFO [__main__.extract:196] running inference on D:\LBN\Maternal_auto_classification_train_deepethogram\DATA\Cage1-LBN-2024-09-01_20-15-28\Cage1-LBN-2024-09-01_20-15-28_outputs.h5. latent name: resnet18 output name: tgmj...
[2025-06-19 14:10:50,652] INFO [__main__.extract:196] running inference on D:\LBN\Maternal_auto_classification_train_deepethogram\DATA\Cage1-LBN-2024-09-01_20-25-28\Cage1-LBN-2024-09-01_20-25-28_outputs.h5. latent name: resnet18 output name: tgmj...
[2025-06-19 14:10:50,743] INFO [__main__.extract:196] running inference on D:\LBN\Maternal_auto_classification_train_deepethogram\DATA\Cage1-LBN-2024-09-01_20-35-28\Cage1-LBN-2024-09-01_20-35-28_outputs.h5. latent name: resnet18 output name: tgmj...
[2025-06-19 14:10:50,822] INFO [__main__.extract:196] running inference on D:\LBN\Maternal_auto_classification_train_deepethogram\DATA\Cage1-LBN-2024-09-01_20-45-28\Cage1-LBN-2024-09-01_20-45-28_outputs.h5. latent name: resnet18 output name: tgmj...
[2025-06-19 14:10:50,919] INFO [__main__.extract:196] running inference on D:\LBN\Maternal_auto_classification_train_deepethogram\DATA\Cage1-LBN-2024-09-01_20-55-28\Cage1-LBN-2024-09-01_20-55-28_outputs.h5. latent name: resnet18 output name: tgmj...
[2025-06-19 14:10:51,020] INFO [__main__.extract:196] running inference on D:\LBN\Maternal_auto_classification_train_deepethogram\DATA\Cage1-LBN-2024-09-01_21-05-28\Cage1-LBN-2024-09-01_21-05-28_outputs.h5. latent name: resnet18 output name: tgmj...
[2025-06-19 14:10:51,118] INFO [__main__.extract:196] running inference on D:\LBN\Maternal_auto_classification_train_deepethogram\DATA\Cage1-LBN-2024-09-01_21-15-28\Cage1-LBN-2024-09-01_21-15-28_outputs.h5. latent name: resnet18 output name: tgmj...
[2025-06-19 14:10:51,228] INFO [__main__.extract:196] running inference on D:\LBN\Maternal_auto_classification_train_deepethogram\DATA\Cage1-LBN-2024-09-01_21-25-28\Cage1-LBN-2024-09-01_21-25-28_outputs.h5. latent name: resnet18 output name: tgmj...
[2025-06-19 14:10:51,331] INFO [__main__.extract:196] running inference on D:\LBN\Maternal_auto_classification_train_deepethogram\DATA\Cage1-LBN-2024-09-01_21-35-28\Cage1-LBN-2024-09-01_21-35-28_outputs.h5. latent name: resnet18 output name: tgmj...
[2025-06-19 14:10:51,417] INFO [__main__.extract:196] running inference on D:\LBN\Maternal_auto_classification_train_deepethogram\DATA\Cage1-LBN-2024-09-01_21-45-28\Cage1-LBN-2024-09-01_21-45-28_outputs.h5. latent name: resnet18 output name: tgmj...
[2025-06-19 14:10:51,530] INFO [__main__.extract:196] running inference on D:\LBN\Maternal_auto_classification_train_deepethogram\DATA\Cage1-LBN-2024-09-01_21-55-28\Cage1-LBN-2024-09-01_21-55-28_outputs.h5. latent name: resnet18 output name: tgmj...
[2025-06-19 14:10:51,619] INFO [__main__.extract:196] running inference on D:\LBN\Maternal_auto_classification_train_deepethogram\DATA\Cage1-LBN-2024-09-01_22-05-28\Cage1-LBN-2024-09-01_22-05-28_outputs.h5. latent name: resnet18 output name: tgmj...
[2025-06-19 14:10:51,697] INFO [__main__.extract:196] running inference on D:\LBN\Maternal_auto_classification_train_deepethogram\DATA\Cage1-LBN-2024-09-01_22-15-28\Cage1-LBN-2024-09-01_22-15-28_outputs.h5. latent name: resnet18 output name: tgmj...
[2025-06-19 14:10:51,791] INFO [__main__.extract:196] running inference on D:\LBN\Maternal_auto_classification_train_deepethogram\DATA\Cage1-LBN-2024-09-01_22-25-28\Cage1-LBN-2024-09-01_22-25-28_outputs.h5. latent name: resnet18 output name: tgmj...
[2025-06-19 14:10:51,899] INFO [__main__.extract:196] running inference on D:\LBN\Maternal_auto_classification_train_deepethogram\DATA\Cage1-LBN-2024-09-01_22-35-28\Cage1-LBN-2024-09-01_22-35-28_outputs.h5. latent name: resnet18 output name: tgmj...
[2025-06-19 14:10:51,996] INFO [__main__.extract:196] running inference on D:\LBN\Maternal_auto_classification_train_deepethogram\DATA\Cage1-LBN-2024-09-01_22-45-28\Cage1-LBN-2024-09-01_22-45-28_outputs.h5. latent name: resnet18 output name: tgmj...
[2025-06-19 14:10:52,107] INFO [__main__.extract:196] running inference on D:\LBN\Maternal_auto_classification_train_deepethogram\DATA\Cage1-LBN-2024-09-01_22-55-29\Cage1-LBN-2024-09-01_22-55-29_outputs.h5. latent name: resnet18 output name: tgmj...
[2025-06-19 14:10:52,197] INFO [__main__.extract:196] running inference on D:\LBN\Maternal_auto_classification_train_deepethogram\DATA\Cage1-LBN-2024-09-01_23-05-29\Cage1-LBN-2024-09-01_23-05-29_outputs.h5. latent name: resnet18 output name: tgmj...
[2025-06-19 14:10:52,314] INFO [__main__.extract:196] running inference on D:\LBN\Maternal_auto_classification_train_deepethogram\DATA\Cage1-LBN-2024-09-01_23-15-29\Cage1-LBN-2024-09-01_23-15-29_outputs.h5. latent name: resnet18 output name: tgmj...
[2025-06-19 14:10:52,400] INFO [__main__.extract:196] running inference on D:\LBN\Maternal_auto_classification_train_deepethogram\DATA\Cage1-LBN-2024-09-01_23-25-29\Cage1-LBN-2024-09-01_23-25-29_outputs.h5. latent name: resnet18 output name: tgmj...
[2025-06-19 14:10:52,501] INFO [__main__.extract:196] running inference on D:\LBN\Maternal_auto_classification_train_deepethogram\DATA\Cage1-LBN-2024-09-01_23-35-29\Cage1-LBN-2024-09-01_23-35-29_outputs.h5. latent name: resnet18 output name: tgmj...
[2025-06-19 14:10:52,572] INFO [__main__.extract:196] running inference on D:\LBN\Maternal_auto_classification_train_deepethogram\DATA\Cage1-LBN-2024-09-01_23-45-29\Cage1-LBN-2024-09-01_23-45-29_outputs.h5. latent name: resnet18 output name: tgmj...
[2025-06-19 14:10:52,660] INFO [__main__.extract:196] running inference on D:\LBN\Maternal_auto_classification_train_deepethogram\DATA\Cage1-LBN-2024-09-01_23-55-29\Cage1-LBN-2024-09-01_23-55-29_outputs.h5. latent name: resnet18 output name: tgmj...
[2025-06-19 14:10:52,760] INFO [__main__.extract:196] running inference on D:\LBN\Maternal_auto_classification_train_deepethogram\DATA\Cage1-LBN-2024-09-02_00-05-29\Cage1-LBN-2024-09-02_00-05-29_outputs.h5. latent name: resnet18 output name: tgmj...
[2025-06-19 14:10:52,862] INFO [__main__.extract:196] running inference on D:\LBN\Maternal_auto_classification_train_deepethogram\DATA\Cage1-LBN-2024-09-02_00-15-29\Cage1-LBN-2024-09-02_00-15-29_outputs.h5. latent name: resnet18 output name: tgmj...
[2025-06-19 14:10:52,979] INFO [__main__.extract:196] running inference on D:\LBN\Maternal_auto_classification_train_deepethogram\DATA\Cage1-LBN-2024-09-02_20-12-56\Cage1-LBN-2024-09-02_20-12-56_outputs.h5. latent name: resnet18 output name: tgmj...
[2025-06-19 14:10:53,080] INFO [__main__.extract:196] running inference on D:\LBN\Maternal_auto_classification_train_deepethogram\DATA\Cage1-LBN-2024-09-02_20-22-56\Cage1-LBN-2024-09-02_20-22-56_outputs.h5. latent name: resnet18 output name: tgmj...
[2025-06-19 14:10:53,180] INFO [__main__.extract:196] running inference on D:\LBN\Maternal_auto_classification_train_deepethogram\DATA\Cage1-LBN-2024-09-02_20-32-56\Cage1-LBN-2024-09-02_20-32-56_outputs.h5. latent name: resnet18 output name: tgmj...
[2025-06-19 14:10:53,291] INFO [__main__.extract:196] running inference on D:\LBN\Maternal_auto_classification_train_deepethogram\DATA\Cage1-LBN-2024-09-02_20-42-56\Cage1-LBN-2024-09-02_20-42-56_outputs.h5. latent name: resnet18 output name: tgmj...
[2025-06-19 14:10:53,369] INFO [__main__.extract:196] running inference on D:\LBN\Maternal_auto_classification_train_deepethogram\DATA\Cage1-LBN-2024-09-02_20-52-56\Cage1-LBN-2024-09-02_20-52-56_outputs.h5. latent name: resnet18 output name: tgmj...
[2025-06-19 14:10:53,468] INFO [__main__.extract:196] running inference on D:\LBN\Maternal_auto_classification_train_deepethogram\DATA\Cage1-LBN-2024-09-02_21-02-56\Cage1-LBN-2024-09-02_21-02-56_outputs.h5. latent name: resnet18 output name: tgmj...
[2025-06-19 14:10:53,557] INFO [__main__.extract:196] running inference on D:\LBN\Maternal_auto_classification_train_deepethogram\DATA\Cage1-LBN-2024-09-02_21-12-56\Cage1-LBN-2024-09-02_21-12-56_outputs.h5. latent name: resnet18 output name: tgmj...
[2025-06-19 14:10:53,658] INFO [__main__.extract:196] running inference on D:\LBN\Maternal_auto_classification_train_deepethogram\DATA\Cage1-LBN-2024-09-02_21-22-56\Cage1-LBN-2024-09-02_21-22-56_outputs.h5. latent name: resnet18 output name: tgmj...
[2025-06-19 14:10:53,760] INFO [__main__.extract:196] running inference on D:\LBN\Maternal_auto_classification_train_deepethogram\DATA\Cage1-LBN-2024-09-02_21-32-56\Cage1-LBN-2024-09-02_21-32-56_outputs.h5. latent name: resnet18 output name: tgmj...
[2025-06-19 14:10:53,876] INFO [__main__.extract:196] running inference on D:\LBN\Maternal_auto_classification_train_deepethogram\DATA\Cage1-LBN-2024-09-02_21-42-56\Cage1-LBN-2024-09-02_21-42-56_outputs.h5. latent name: resnet18 output name: tgmj...
[2025-06-19 14:10:53,962] INFO [__main__.extract:196] running inference on D:\LBN\Maternal_auto_classification_train_deepethogram\DATA\Cage1-LBN-2024-09-02_21-52-56\Cage1-LBN-2024-09-02_21-52-56_outputs.h5. latent name: resnet18 output name: tgmj...
[2025-06-19 14:10:54,079] INFO [__main__.extract:196] running inference on D:\LBN\Maternal_auto_classification_train_deepethogram\DATA\Cage1-LBN-2024-09-02_22-02-56\Cage1-LBN-2024-09-02_22-02-56_outputs.h5. latent name: resnet18 output name: tgmj...
[2025-06-19 14:10:54,170] INFO [__main__.extract:196] running inference on D:\LBN\Maternal_auto_classification_train_deepethogram\DATA\Cage1-LBN-2024-09-02_22-12-56\Cage1-LBN-2024-09-02_22-12-56_outputs.h5. latent name: resnet18 output name: tgmj...
[2025-06-19 14:10:54,258] INFO [__main__.extract:196] running inference on D:\LBN\Maternal_auto_classification_train_deepethogram\DATA\Cage1-LBN-2024-09-02_22-22-56\Cage1-LBN-2024-09-02_22-22-56_outputs.h5. latent name: resnet18 output name: tgmj...
[2025-06-19 14:10:54,337] INFO [__main__.extract:196] running inference on D:\LBN\Maternal_auto_classification_train_deepethogram\DATA\Cage1-LBN-2024-09-02_22-32-56\Cage1-LBN-2024-09-02_22-32-56_outputs.h5. latent name: resnet18 output name: tgmj...
[2025-06-19 14:10:54,444] INFO [__main__.extract:196] running inference on D:\LBN\Maternal_auto_classification_train_deepethogram\DATA\Cage1-LBN-2024-09-02_22-42-56\Cage1-LBN-2024-09-02_22-42-56_outputs.h5. latent name: resnet18 output name: tgmj...
[2025-06-19 14:10:54,525] INFO [__main__.extract:196] running inference on D:\LBN\Maternal_auto_classification_train_deepethogram\DATA\Cage1-LBN-2024-09-02_22-52-56\Cage1-LBN-2024-09-02_22-52-56_outputs.h5. latent name: resnet18 output name: tgmj...
[2025-06-19 14:10:54,647] INFO [__main__.extract:196] running inference on D:\LBN\Maternal_auto_classification_train_deepethogram\DATA\Cage1-LBN-2024-09-02_23-02-56\Cage1-LBN-2024-09-02_23-02-56_outputs.h5. latent name: resnet18 output name: tgmj...
[2025-06-19 14:10:54,744] INFO [__main__.extract:196] running inference on D:\LBN\Maternal_auto_classification_train_deepethogram\DATA\Cage1-LBN-2024-09-02_23-12-56\Cage1-LBN-2024-09-02_23-12-56_outputs.h5. latent name: resnet18 output name: tgmj...
[2025-06-19 14:10:54,821] INFO [__main__.extract:196] running inference on D:\LBN\Maternal_auto_classification_train_deepethogram\DATA\Cage1-LBN-2024-09-02_23-22-56\Cage1-LBN-2024-09-02_23-22-56_outputs.h5. latent name: resnet18 output name: tgmj...
[2025-06-19 14:10:54,931] INFO [__main__.extract:196] running inference on D:\LBN\Maternal_auto_classification_train_deepethogram\DATA\Cage1-LBN-2024-09-02_23-32-56\Cage1-LBN-2024-09-02_23-32-56_outputs.h5. latent name: resnet18 output name: tgmj...
[2025-06-19 14:10:55,032] INFO [__main__.extract:196] running inference on D:\LBN\Maternal_auto_classification_train_deepethogram\DATA\Cage1-LBN-2024-09-02_23-42-56\Cage1-LBN-2024-09-02_23-42-56_outputs.h5. latent name: resnet18 output name: tgmj...
[2025-06-19 14:10:55,118] INFO [__main__.extract:196] running inference on D:\LBN\Maternal_auto_classification_train_deepethogram\DATA\Cage1-LBN-2024-09-02_23-52-56\Cage1-LBN-2024-09-02_23-52-56_outputs.h5. latent name: resnet18 output name: tgmj...
[2025-06-19 14:10:55,207] INFO [__main__.extract:196] running inference on D:\LBN\Maternal_auto_classification_train_deepethogram\DATA\Cage1-LBN-2024-09-03_00-02-56\Cage1-LBN-2024-09-03_00-02-56_outputs.h5. latent name: resnet18 output name: tgmj...
[2025-06-19 14:10:55,306] INFO [__main__.extract:196] running inference on D:\LBN\Maternal_auto_classification_train_deepethogram\DATA\Cage1-LBN-2024-09-03_00-12-56\Cage1-LBN-2024-09-03_00-12-56_outputs.h5. latent name: resnet18 output name: tgmj...
[2025-06-19 14:10:55,412] INFO [__main__.extract:196] running inference on D:\LBN\Maternal_auto_classification_train_deepethogram\DATA\Cage1-LBN-2024-09-03_04-12-56\Cage1-LBN-2024-09-03_04-12-56_outputs.h5. latent name: resnet18 output name: tgmj...
[2025-06-19 14:10:55,519] INFO [__main__.extract:196] running inference on D:\LBN\Maternal_auto_classification_train_deepethogram\DATA\Cage1-LBN-2024-09-03_04-22-56\Cage1-LBN-2024-09-03_04-22-56_outputs.h5. latent name: resnet18 output name: tgmj...
[2025-06-19 14:10:55,618] INFO [__main__.extract:196] running inference on D:\LBN\Maternal_auto_classification_train_deepethogram\DATA\Cage1-LBN-2024-09-03_04-32-56\Cage1-LBN-2024-09-03_04-32-56_outputs.h5. latent name: resnet18 output name: tgmj...
[2025-06-19 14:10:55,728] INFO [__main__.extract:196] running inference on D:\LBN\Maternal_auto_classification_train_deepethogram\DATA\Cage1-LBN-2024-09-03_04-42-56\Cage1-LBN-2024-09-03_04-42-56_outputs.h5. latent name: resnet18 output name: tgmj...
[2025-06-19 14:10:55,821] INFO [__main__.extract:196] running inference on D:\LBN\Maternal_auto_classification_train_deepethogram\DATA\Cage1-LBN-2024-09-03_04-52-56\Cage1-LBN-2024-09-03_04-52-56_outputs.h5. latent name: resnet18 output name: tgmj...
[2025-06-19 14:10:55,901] INFO [__main__.extract:196] running inference on D:\LBN\Maternal_auto_classification_train_deepethogram\DATA\Cage1-LBN-2024-09-03_05-02-56\Cage1-LBN-2024-09-03_05-02-56_outputs.h5. latent name: resnet18 output name: tgmj...
[2025-06-19 14:10:55,993] INFO [__main__.extract:196] running inference on D:\LBN\Maternal_auto_classification_train_deepethogram\DATA\Cage1-LBN-2024-09-03_05-12-56\Cage1-LBN-2024-09-03_05-12-56_outputs.h5. latent name: resnet18 output name: tgmj...
[2025-06-19 14:10:56,088] INFO [__main__.extract:196] running inference on D:\LBN\Maternal_auto_classification_train_deepethogram\DATA\Cage1-LBN-2024-09-03_05-22-56\Cage1-LBN-2024-09-03_05-22-56_outputs.h5. latent name: resnet18 output name: tgmj...
[2025-06-19 14:10:56,186] INFO [__main__.extract:196] running inference on D:\LBN\Maternal_auto_classification_train_deepethogram\DATA\Cage1-LBN-2024-09-03_05-32-56\Cage1-LBN-2024-09-03_05-32-56_outputs.h5. latent name: resnet18 output name: tgmj...
[2025-06-19 14:10:56,289] INFO [__main__.extract:196] running inference on D:\LBN\Maternal_auto_classification_train_deepethogram\DATA\Cage1-LBN-2024-09-03_05-42-56\Cage1-LBN-2024-09-03_05-42-56_outputs.h5. latent name: resnet18 output name: tgmj...
[2025-06-19 14:10:56,396] INFO [__main__.extract:196] running inference on D:\LBN\Maternal_auto_classification_train_deepethogram\DATA\Cage1-LBN-2024-09-03_05-52-56\Cage1-LBN-2024-09-03_05-52-56_outputs.h5. latent name: resnet18 output name: tgmj...
[2025-06-19 14:10:56,488] INFO [__main__.extract:196] running inference on D:\LBN\Maternal_auto_classification_train_deepethogram\DATA\Cage1-LBN-2024-09-03_06-02-56\Cage1-LBN-2024-09-03_06-02-56_outputs.h5. latent name: resnet18 output name: tgmj...
[2025-06-19 14:10:56,584] INFO [__main__.extract:196] running inference on D:\LBN\Maternal_auto_classification_train_deepethogram\DATA\Cage1-LBN-2024-09-03_06-12-56\Cage1-LBN-2024-09-03_06-12-56_outputs.h5. latent name: resnet18 output name: tgmj...
[2025-06-19 14:10:56,681] INFO [__main__.extract:196] running inference on D:\LBN\Maternal_auto_classification_train_deepethogram\DATA\Cage1-LBN-2024-09-03_06-22-56\Cage1-LBN-2024-09-03_06-22-56_outputs.h5. latent name: resnet18 output name: tgmj...
[2025-06-19 14:10:56,759] INFO [__main__.extract:196] running inference on D:\LBN\Maternal_auto_classification_train_deepethogram\DATA\Cage1-LBN-2024-09-03_06-32-56\Cage1-LBN-2024-09-03_06-32-56_outputs.h5. latent name: resnet18 output name: tgmj...
[2025-06-19 14:10:56,853] INFO [__main__.extract:196] running inference on D:\LBN\Maternal_auto_classification_train_deepethogram\DATA\Cage1-LBN-2024-09-03_06-42-56\Cage1-LBN-2024-09-03_06-42-56_outputs.h5. latent name: resnet18 output name: tgmj...
[2025-06-19 14:10:56,956] INFO [__main__.extract:196] running inference on D:\LBN\Maternal_auto_classification_train_deepethogram\DATA\Cage1-LBN-2024-09-03_06-52-56\Cage1-LBN-2024-09-03_06-52-56_outputs.h5. latent name: resnet18 output name: tgmj...
[2025-06-19 14:10:57,056] INFO [__main__.extract:196] running inference on D:\LBN\Maternal_auto_classification_train_deepethogram\DATA\Cage1-LBN-2024-09-03_07-02-56\Cage1-LBN-2024-09-03_07-02-56_outputs.h5. latent name: resnet18 output name: tgmj...
[2025-06-19 14:10:57,158] INFO [__main__.extract:196] running inference on D:\LBN\Maternal_auto_classification_train_deepethogram\DATA\Cage1-LBN-2024-09-03_07-12-56\Cage1-LBN-2024-09-03_07-12-56_outputs.h5. latent name: resnet18 output name: tgmj...
[2025-06-19 14:10:57,260] INFO [__main__.extract:196] running inference on D:\LBN\Maternal_auto_classification_train_deepethogram\DATA\Cage1-LBN-2024-09-03_07-22-56\Cage1-LBN-2024-09-03_07-22-56_outputs.h5. latent name: resnet18 output name: tgmj...
[2025-06-19 14:10:57,364] INFO [__main__.extract:196] running inference on D:\LBN\Maternal_auto_classification_train_deepethogram\DATA\Cage1-LBN-2024-09-03_07-32-56\Cage1-LBN-2024-09-03_07-32-56_outputs.h5. latent name: resnet18 output name: tgmj...
[2025-06-19 14:10:57,462] INFO [__main__.extract:196] running inference on D:\LBN\Maternal_auto_classification_train_deepethogram\DATA\Cage1-LBN-2024-09-03_07-42-56\Cage1-LBN-2024-09-03_07-42-56_outputs.h5. latent name: resnet18 output name: tgmj...
[2025-06-19 14:10:57,540] INFO [__main__.extract:196] running inference on D:\LBN\Maternal_auto_classification_train_deepethogram\DATA\Cage1-LBN-2024-09-03_07-52-56\Cage1-LBN-2024-09-03_07-52-56_outputs.h5. latent name: resnet18 output name: tgmj...
