[2025-06-11 14:31:39,681] INFO [deepethogram.gui.main.initialize_project:1021] loaded project configuration: split:
  reload: true
  file: null
  train_val_test:
  - 0.9
  - 0.1
  - 0.0
compute:
  fp16: false
  num_workers: 3
  batch_size: 8
  min_batch_size: 8
  max_batch_size: 128
  distributed: false
  gpu_id: 0
  dali: false
  metrics_workers: 0
reload:
  overwrite_cfg: false
  latest: false
notes: null
log:
  level: info
run:
  type: gui
  model: null
  dir: D:\LBN\Maternal_auto_classification_TS7_deepethogram\gui_logs\250611_143139
label_view_width: 31
control_arrow_jump: 31
vertical_arrow_jump: 3
cmap: deepethogram
unlabeled_alpha: 0.1
prediction_opacity: 0.2
postprocessor:
  type: min_bout_per_behavior
  min_bout_length: 10
augs:
  LR: 0.5
  UD: 0.0
  brightness: 0.25
  contrast: 0.1
  crop_size: null
  degrees: 10
  grayscale: 0.5
  hue: 0.1
  normalization:
    'N': 1276852377600
    mean:
    - 0.40560616330988664
    - 0.40903226014977145
    - 0.3720154588275182
    std:
    - 0.24422178855813376
    - 0.24576464877583507
    - 0.24317006853183584
  pad: null
  random_resize: false
  resize:
  - 224
  - 224
  saturation: 0.1
project:
  class_names:
  - background
  - Onnest
  - Offnest
  - ABN
  - Carryingpups
  - Selfgrooming
  - Eat_drink
  - Kicking
  - Groomingpups
  - Build
  config_file: project_config.yaml
  data_path: D:\LBN\Maternal_auto_classification_TS7_deepethogram\DATA
  labeler: null
  model_path: D:\LBN\Maternal_auto_classification_TS7_deepethogram\models
  name: Maternal_auto_classification
  path: D:\LBN\Maternal_auto_classification_TS7_deepethogram
  pretrained_path: D:\LBN\Maternal_auto_classification_TS7_deepethogram\models\pretrained_models
sequence:
  filter_length: 15
train:
  loss_weight_exp: 1.0

[2025-06-11 14:31:39,683] INFO [deepethogram.gui.main.initialize_project:1022] cwd: D:\LBN\Maternal_auto_classification_TS7_deepethogram\gui_logs\250611_143139
[2025-06-11 14:31:41,660] INFO [deepethogram.gui.main.project_loaded_buttons:175] Number finalized labels: 0
[2025-06-11 14:31:52,217] INFO [deepethogram.gui.main.initialize_video:226] Record for loaded video: {'flow': None, 'label': None, 'output': 'D:\\LBN\\Maternal_auto_classification_TS7_deepethogram\\DATA\\Cage1-CONT-2024-12-08_20-08-34\\Cage1-CONT-2024-12-08_20-08-34_outputs.h5', 'rgb': 'D:\\LBN\\Maternal_auto_classification_TS7_deepethogram\\DATA\\Cage1-CONT-2024-12-08_20-08-34\\Cage1-CONT-2024-12-08_20-08-34.mp4', 'keypoint': None, 'key': 'Cage1-CONT-2024-12-08_20-08-34'}
[2025-06-11 14:31:52,273] INFO [deepethogram.projects.import_outputfile:791] Key used to load outputfile: tgmj
[2025-06-11 14:31:54,054] ERROR [deepethogram.gui.main.initialize_video:251] Error initializing video: 
Traceback (most recent call last):
  File "C:\Users\TeamGranon\anaconda3\envs\deg_env\lib\site-packages\deepethogram\gui\main.py", line 236, in initialize_video
    self.import_outputfile(outputfile, first_time=True)
  File "C:\Users\TeamGranon\anaconda3\envs\deg_env\lib\site-packages\deepethogram\gui\main.py", line 861, in import_outputfile
    self.postprocessor = get_postprocessor_from_cfg(self.cfg, thresholds)
  File "C:\Users\TeamGranon\anaconda3\envs\deg_env\lib\site-packages\deepethogram\postprocessing.py", line 341, in get_postprocessor_from_cfg
    return MinBoutLengthPerBehaviorPostprocessor(thresholds, percentiles)
  File "C:\Users\TeamGranon\anaconda3\envs\deg_env\lib\site-packages\deepethogram\postprocessing.py", line 259, in __init__
    assert len(thresholds) == len(bout_lengths)
AssertionError
[2025-06-11 14:33:36,379] INFO [deepethogram.gui.main.log_idle:151] User has been idle for 60.0 seconds...
[2025-06-11 14:36:34,737] INFO [deepethogram.gui.main.initialize_video:226] Record for loaded video: {'flow': None, 'label': None, 'output': 'D:/LBN/Maternal_auto_classification_TS7_deepethogram/DATA/Cage1-CONT-2024-12-08_20-08-34\\Cage1-CONT-2024-12-08_20-08-34_outputs.h5', 'rgb': 'D:/LBN/Maternal_auto_classification_TS7_deepethogram/DATA/Cage1-CONT-2024-12-08_20-08-34\\Cage1-CONT-2024-12-08_20-08-34.mp4', 'keypoint': None, 'key': 'Cage1-CONT-2024-12-08_20-08-34'}
[2025-06-11 14:36:34,757] INFO [deepethogram.projects.import_outputfile:791] Key used to load outputfile: tgmj
[2025-06-11 14:36:35,594] ERROR [deepethogram.gui.main.initialize_video:251] Error initializing video: 
Traceback (most recent call last):
  File "C:\Users\TeamGranon\anaconda3\envs\deg_env\lib\site-packages\deepethogram\gui\main.py", line 236, in initialize_video
    self.import_outputfile(outputfile, first_time=True)
  File "C:\Users\TeamGranon\anaconda3\envs\deg_env\lib\site-packages\deepethogram\gui\main.py", line 861, in import_outputfile
    self.postprocessor = get_postprocessor_from_cfg(self.cfg, thresholds)
  File "C:\Users\TeamGranon\anaconda3\envs\deg_env\lib\site-packages\deepethogram\postprocessing.py", line 341, in get_postprocessor_from_cfg
  File "C:\Users\TeamGranon\anaconda3\envs\deg_env\lib\site-packages\deepethogram\postprocessing.py", line 259, in __init__
    if bout_lengths is None or len(thresholds) != len(bout_lengths):
AssertionError
[2025-06-11 14:36:35,594] INFO [deepethogram.gui.main.user_did_something:138] User restarted labeling
