[2025-07-08 17:11:06,500] INFO [deepethogram.gui.main.initialize_project:1021] loaded project configuration: split:
  reload: true
  file: null
  train_val_test:
  - 0.9
  - 0.1
  - 0.0
compute:
  fp16: false
  num_workers: 3
  batch_size: 8
  min_batch_size: 8
  max_batch_size: 128
  distributed: false
  gpu_id: 0
  dali: false
  metrics_workers: 0
reload:
  overwrite_cfg: false
  latest: false
notes: null
log:
  level: info
run:
  type: gui
  model: null
  dir: D:\LBN\Maternal_auto_classification_TS7_deepethogram\gui_logs\250708_171106
label_view_width: 31
control_arrow_jump: 31
vertical_arrow_jump: 3
cmap: deepethogram
unlabeled_alpha: 0.1
prediction_opacity: 0.2
postprocessor:
  type: min_bout_per_behavior
  min_bout_length: 10
augs:
  LR: 0.5
  UD: 0.0
  brightness: 0.25
  contrast: 0.1
  crop_size: null
  degrees: 10
  grayscale: 0.5
  hue: 0.1
  normalization:
    'N': 2896296652800
    mean:
    - 0.4042230060839428
    - 0.40566474517086815
    - 0.38888880002474707
    std:
    - 0.2556097019838889
    - 0.2562678396227937
    - 0.2550055177406063
  pad: null
  random_resize: false
  resize:
  - 224
  - 224
  saturation: 0.1
project:
  class_names:
  - background
  - Onnest
  - Offnest
  - ABN
  - Carryingpups
  - Selfgrooming
  - Eat_drink
  - Kicking
  - Groomingpups
  - Build
  config_file: project_config.yaml
  data_path: D:\LBN\Maternal_auto_classification_TS7_deepethogram\DATA
  labeler: null
  model_path: D:\LBN\Maternal_auto_classification_TS7_deepethogram\models
  name: Maternal_auto_classification
  path: D:\LBN\Maternal_auto_classification_TS7_deepethogram
  pretrained_path: D:\LBN\Maternal_auto_classification_TS7_deepethogram\models\pretrained_models
sequence:
  filter_length: 15
train:
  loss_weight_exp: 1.0

[2025-07-08 17:11:06,520] INFO [deepethogram.gui.main.initialize_project:1022] cwd: D:\LBN\Maternal_auto_classification_TS7_deepethogram\gui_logs\250708_171106
[2025-07-08 17:11:11,167] INFO [deepethogram.gui.main.project_loaded_buttons:175] Number finalized labels: 0
[2025-07-08 17:11:43,387] INFO [deepethogram.gui.main.initialize_video:226] Record for loaded video: {'flow': None, 'label': None, 'output': 'D:\\LBN\\Maternal_auto_classification_TS7_deepethogram\\DATA\\Cage1-CONT-2024-12-08_20-08-34\\Cage1-CONT-2024-12-08_20-08-34_outputs.h5', 'rgb': 'D:\\LBN\\Maternal_auto_classification_TS7_deepethogram\\DATA\\Cage1-CONT-2024-12-08_20-08-34\\Cage1-CONT-2024-12-08_20-08-34.mp4', 'keypoint': None, 'key': 'Cage1-CONT-2024-12-08_20-08-34'}
[2025-07-08 17:11:43,455] INFO [deepethogram.projects.import_outputfile:791] Key used to load outputfile: tgmj
[2025-07-08 17:11:50,237] INFO [deepethogram.gui.main.import_outputfile:886] CHANGING LATENT NAME TO : tgmj
[2025-07-08 17:12:57,128] INFO [deepethogram.gui.main.log_idle:151] User has been idle for 60.0 seconds...
[2025-07-08 17:13:29,416] INFO [deepethogram.gui.main.initialize_video:226] Record for loaded video: {'flow': None, 'label': None, 'output': 'D:/LBN/Maternal_auto_classification_TS7_deepethogram/DATA/CageD-CONT-2024-07-11_20-22-15\\CageD-CONT-2024-07-11_20-22-15_outputs.h5', 'rgb': 'D:/LBN/Maternal_auto_classification_TS7_deepethogram/DATA/CageD-CONT-2024-07-11_20-22-15\\CageD-CONT-2024-07-11_20-22-15.mp4', 'keypoint': None, 'key': 'CageD-CONT-2024-07-11_20-22-15'}
[2025-07-08 17:13:29,450] INFO [deepethogram.projects.import_outputfile:791] Key used to load outputfile: tgmj
[2025-07-08 17:13:31,680] INFO [deepethogram.gui.main.import_outputfile:886] CHANGING LATENT NAME TO : tgmj
[2025-07-08 17:13:31,680] INFO [deepethogram.gui.main.user_did_something:138] User restarted labeling
[2025-07-08 17:14:24,389] INFO [deepethogram.gui.main.initialize_video:226] Record for loaded video: {'flow': None, 'label': None, 'output': 'D:/LBN/Maternal_auto_classification_TS7_deepethogram/DATA/CageK2-LBN-2024-09-03_23-51-58\\CageK2-LBN-2024-09-03_23-51-58_outputs.h5', 'rgb': 'D:/LBN/Maternal_auto_classification_TS7_deepethogram/DATA/CageK2-LBN-2024-09-03_23-51-58\\CageK2-LBN-2024-09-03_23-51-58.mp4', 'keypoint': None, 'key': 'CageK2-LBN-2024-09-03_23-51-58'}
[2025-07-08 17:14:24,432] INFO [deepethogram.projects.import_outputfile:791] Key used to load outputfile: tgmj
[2025-07-08 17:14:26,804] INFO [deepethogram.gui.main.import_outputfile:886] CHANGING LATENT NAME TO : tgmj
[2025-07-08 17:15:10,342] INFO [deepethogram.gui.main.initialize_video:226] Record for loaded video: {'flow': None, 'label': None, 'output': 'D:/LBN/Maternal_auto_classification_TS7_deepethogram/DATA/CageK1-CONT-2024-09-10_06-46-49\\CageK1-CONT-2024-09-10_06-46-49_outputs.h5', 'rgb': 'D:/LBN/Maternal_auto_classification_TS7_deepethogram/DATA/CageK1-CONT-2024-09-10_06-46-49\\CageK1-CONT-2024-09-10_06-46-49.mp4', 'keypoint': None, 'key': 'CageK1-CONT-2024-09-10_06-46-49'}
[2025-07-08 17:15:10,394] INFO [deepethogram.projects.import_outputfile:791] Key used to load outputfile: tgmj
[2025-07-08 17:15:12,795] INFO [deepethogram.gui.main.import_outputfile:886] CHANGING LATENT NAME TO : tgmj
[2025-07-08 17:15:33,341] INFO [deepethogram.gui.main.initialize_video:226] Record for loaded video: {'flow': None, 'label': None, 'output': 'D:/LBN/Maternal_auto_classification_TS7_deepethogram/DATA/CageK2-LBN-2024-09-04_07-01-58\\CageK2-LBN-2024-09-04_07-01-58_outputs.h5', 'rgb': 'D:/LBN/Maternal_auto_classification_TS7_deepethogram/DATA/CageK2-LBN-2024-09-04_07-01-58\\CageK2-LBN-2024-09-04_07-01-58.mp4', 'keypoint': None, 'key': 'CageK2-LBN-2024-09-04_07-01-58'}
[2025-07-08 17:15:33,379] INFO [deepethogram.projects.import_outputfile:791] Key used to load outputfile: tgmj
[2025-07-08 17:15:35,851] INFO [deepethogram.gui.main.import_outputfile:886] CHANGING LATENT NAME TO : tgmj
[2025-07-08 17:15:57,326] INFO [deepethogram.gui.main.initialize_video:226] Record for loaded video: {'flow': None, 'label': None, 'output': 'D:/LBN/Maternal_auto_classification_TS7_deepethogram/DATA/Cage7-LBN-2024-12-17_22-44-50\\Cage7-LBN-2024-12-17_22-44-50_outputs.h5', 'rgb': 'D:/LBN/Maternal_auto_classification_TS7_deepethogram/DATA/Cage7-LBN-2024-12-17_22-44-50\\Cage7-LBN-2024-12-17_22-44-50.mp4', 'keypoint': None, 'key': 'Cage7-LBN-2024-12-17_22-44-50'}
[2025-07-08 17:15:57,349] INFO [deepethogram.projects.import_outputfile:791] Key used to load outputfile: tgmj
[2025-07-08 17:15:59,748] INFO [deepethogram.gui.main.import_outputfile:886] CHANGING LATENT NAME TO : tgmj
[2025-07-08 17:16:03,591] INFO [deepethogram.projects.import_outputfile:791] Key used to load outputfile: resnet18
[2025-07-08 17:16:05,982] INFO [deepethogram.gui.main.import_outputfile:886] CHANGING LATENT NAME TO : resnet18
[2025-07-08 17:16:42,685] INFO [deepethogram.gui.main.initialize_video:226] Record for loaded video: {'flow': None, 'label': None, 'output': 'D:/LBN/Maternal_auto_classification_TS7_deepethogram/DATA/CageC-LBN-2024-07-10_05-02-17\\CageC-LBN-2024-07-10_05-02-17_outputs.h5', 'rgb': 'D:/LBN/Maternal_auto_classification_TS7_deepethogram/DATA/CageC-LBN-2024-07-10_05-02-17\\CageC-LBN-2024-07-10_05-02-17.mp4', 'keypoint': None, 'key': 'CageC-LBN-2024-07-10_05-02-17'}
[2025-07-08 17:16:42,707] INFO [deepethogram.projects.import_outputfile:791] Key used to load outputfile: tgmj
[2025-07-08 17:16:45,094] INFO [deepethogram.gui.main.import_outputfile:886] CHANGING LATENT NAME TO : tgmj
[2025-07-08 17:17:47,526] INFO [deepethogram.gui.main.log_idle:151] User has been idle for 60.0 seconds...
[2025-07-08 17:20:16,683] INFO [deepethogram.gui.main.user_did_something:138] User restarted labeling
[2025-07-08 17:21:55,370] INFO [deepethogram.gui.main.log_idle:151] User has been idle for 60.0 seconds...
