[2025-06-23 11:17:59,794] INFO [deepethogram.gui.main.initialize_project:1021] loaded project configuration: split:
  reload: true
  file: null
  train_val_test:
  - 0.9
  - 0.1
  - 0.0
compute:
  fp16: false
  num_workers: 3
  batch_size: 8
  min_batch_size: 8
  max_batch_size: 128
  distributed: false
  gpu_id: 0
  dali: false
  metrics_workers: 0
reload:
  overwrite_cfg: false
  latest: false
notes: null
log:
  level: info
run:
  type: gui
  model: null
  dir: D:\LBN\Maternal_auto_classification_train_deepethogram\gui_logs\250623_111759
label_view_width: 31
control_arrow_jump: 31
vertical_arrow_jump: 3
cmap: deepethogram
unlabeled_alpha: 0.1
prediction_opacity: 0.2
postprocessor:
  type: min_bout_per_behavior
  min_bout_length: 10
augs:
  LR: 0.5
  UD: 0.0
  brightness: 0.25
  contrast: 0.1
  crop_size: null
  degrees: 10
  grayscale: 0.5
  hue: 0.1
  normalization:
    'N': 694834329600
    mean:
    - 0.4213915600330549
    - 0.426960783932345
    - 0.365874038370559
    std:
    - 0.224414912593986
    - 0.2267886049471975
    - 0.22340896343317201
  pad: null
  random_resize: false
  resize:
  - 224
  - 224
  saturation: 0.1
project:
  class_names:
  - background
  - Onnest
  - Offnest
  - ABN
  - Carryingpups
  - Selfgrooming
  - Eat_drink
  - Kicking
  - Groomingpups
  - Build
  config_file: project_config.yaml
  data_path: D:\LBN\Maternal_auto_classification_train_deepethogram\DATA
  labeler: null
  model_path: D:\LBN\Maternal_auto_classification_train_deepethogram\models
  name: Maternal_auto_classification
  path: D:\LBN\Maternal_auto_classification_train_deepethogram
  pretrained_path: D:\LBN\Maternal_auto_classification_train_deepethogram\models\pretrained_models
sequence:
  filter_length: 15
train:
  loss_weight_exp: 1.0

[2025-06-23 11:17:59,796] INFO [deepethogram.gui.main.initialize_project:1022] cwd: D:\LBN\Maternal_auto_classification_train_deepethogram\gui_logs\250623_111759
[2025-06-23 11:18:02,600] INFO [deepethogram.gui.main.project_loaded_buttons:175] Number finalized labels: 679
[2025-06-23 11:18:12,241] INFO [deepethogram.gui.main.user_did_something:138] User restarted labeling
[2025-06-23 11:18:21,364] INFO [deepethogram.gui.main.get_selected_models:1136] {'flow_generator': {'no pretrained weights': None, '200221_115158_TinyMotionNet': 'D:\\LBN\\Maternal_auto_classification_train_deepethogram\\models\\pretrained_models\\200221_115158_TinyMotionNet\\checkpoint.pt', '250507_172617_flow_generator_train': 'D:\\LBN\\Maternal_auto_classification_train_deepethogram\\models\\250507_172617_flow_generator_train\\lightning_checkpoints\\epoch=0-step=999.ckpt', '250602_134424_flow_generator_train': 'D:\\LBN\\Maternal_auto_classification_train_deepethogram\\models\\250602_134424_flow_generator_train\\lightning_checkpoints\\epoch=0-step=999.ckpt'}, 'feature_extractor': {'no pretrained weights': None, '200415_125824_hidden_two_stream_kinetics_degf': 'D:\\LBN\\Maternal_auto_classification_train_deepethogram\\models\\pretrained_models\\200415_125824_hidden_two_stream_kinetics_degf\\checkpoint.pt', '250515_172551_feature_extractor_train': 'D:\\LBN\\Maternal_auto_classification_train_deepethogram\\models\\250515_172551_feature_extractor_train\\lightning_checkpoints\\epoch=16-step=16999.ckpt', '250602_161402_feature_extractor_train': 'D:\\LBN\\Maternal_auto_classification_train_deepethogram\\models\\250602_161402_feature_extractor_train\\checkpoint.pt', '250602_161815_feature_extractor_train': 'D:\\LBN\\Maternal_auto_classification_train_deepethogram\\models\\250602_161815_feature_extractor_train\\lightning_checkpoints\\epoch=14-step=14999.ckpt', '250603_092630_feature_extractor_train': 'D:\\LBN\\Maternal_auto_classification_train_deepethogram\\models\\250603_092630_feature_extractor_train\\lightning_checkpoints\\epoch=17-step=17999.ckpt', '250612_101251_feature_extractor_train': 'D:\\LBN\\Maternal_auto_classification_train_deepethogram\\models\\250612_101251_feature_extractor_train\\lightning_checkpoints\\epoch=7-step=7999.ckpt', '250619_164645_feature_extractor_train': 'D:\\LBN\\Maternal_auto_classification_train_deepethogram\\models\\250619_164645_feature_extractor_train\\lightning_checkpoints\\epoch=0-step=999.ckpt', '250620_091727_feature_extractor_train': 'D:\\LBN\\Maternal_auto_classification_train_deepethogram\\models\\250620_091727_feature_extractor_train\\lightning_checkpoints\\epoch=0-step=999.ckpt', '250620_095137_feature_extractor_train': 'D:\\LBN\\Maternal_auto_classification_train_deepethogram\\models\\250620_095137_feature_extractor_train\\lightning_checkpoints\\epoch=3-step=3999.ckpt', '250620_115626_feature_extractor_train': 'D:\\LBN\\Maternal_auto_classification_train_deepethogram\\models\\250620_115626_feature_extractor_train\\lightning_checkpoints\\epoch=18-step=18999.ckpt'}, 'sequence': {'': None, 'no pretrained weights': None, '250603_145653_sequence_train': 'D:\\LBN\\Maternal_auto_classification_train_deepethogram\\models\\250603_145653_sequence_train\\lightning_checkpoints\\epoch=28-step=9685.ckpt', '250616_145332_sequence_train': 'D:\\LBN\\Maternal_auto_classification_train_deepethogram\\models\\250616_145332_sequence_train\\lightning_checkpoints\\epoch=24-step=16349.ckpt'}}
[2025-06-23 11:18:21,364] INFO [deepethogram.gui.main.flow_train:343] flow_train called with args: ['python', '-m', 'deepethogram.flow_generator.train', 'project.path=D:\\LBN\\Maternal_auto_classification_train_deepethogram', 'reload.weights=D:\\LBN\\Maternal_auto_classification_train_deepethogram\\models\\250602_134424_flow_generator_train\\lightning_checkpoints\\epoch=0-step=999.ckpt']
[2025-06-23 11:19:25,027] INFO [deepethogram.gui.main.log_idle:151] User has been idle for 60.0 seconds...
[2025-06-23 13:55:37,521] INFO [deepethogram.gui.main.flow_train:353] Training finished. If you see error messages above, training did not complete successfully.
[2025-06-23 13:55:37,524] INFO [deepethogram.gui.main.flow_train:359] ~~~~~~~~~~~~~~~~~~~~~~~~~~~~~~~~~~~~~~~~~~~~~~~~~~~~~~~~~~~~~~~~~~~~~~~~~~~~~~~~~~~~~~~~~~~~~~~~~~~~
[2025-06-23 13:55:39,636] INFO [deepethogram.gui.main.project_loaded_buttons:175] Number finalized labels: 679
[2025-06-23 14:20:33,243] INFO [deepethogram.gui.main.get_selected_models:1136] {'flow_generator': {'no pretrained weights': None, '200221_115158_TinyMotionNet': 'D:\\LBN\\Maternal_auto_classification_train_deepethogram\\models\\pretrained_models\\200221_115158_TinyMotionNet\\checkpoint.pt', '250507_172617_flow_generator_train': 'D:\\LBN\\Maternal_auto_classification_train_deepethogram\\models\\250507_172617_flow_generator_train\\lightning_checkpoints\\epoch=0-step=999.ckpt', '250602_134424_flow_generator_train': 'D:\\LBN\\Maternal_auto_classification_train_deepethogram\\models\\250602_134424_flow_generator_train\\lightning_checkpoints\\epoch=0-step=999.ckpt', '250623_111824_flow_generator_train': 'D:\\LBN\\Maternal_auto_classification_train_deepethogram\\models\\250623_111824_flow_generator_train\\lightning_checkpoints\\epoch=8-step=8999.ckpt'}, 'feature_extractor': {'no pretrained weights': None, '200415_125824_hidden_two_stream_kinetics_degf': 'D:\\LBN\\Maternal_auto_classification_train_deepethogram\\models\\pretrained_models\\200415_125824_hidden_two_stream_kinetics_degf\\checkpoint.pt', '250515_172551_feature_extractor_train': 'D:\\LBN\\Maternal_auto_classification_train_deepethogram\\models\\250515_172551_feature_extractor_train\\lightning_checkpoints\\epoch=16-step=16999.ckpt', '250602_161402_feature_extractor_train': 'D:\\LBN\\Maternal_auto_classification_train_deepethogram\\models\\250602_161402_feature_extractor_train\\checkpoint.pt', '250602_161815_feature_extractor_train': 'D:\\LBN\\Maternal_auto_classification_train_deepethogram\\models\\250602_161815_feature_extractor_train\\lightning_checkpoints\\epoch=14-step=14999.ckpt', '250603_092630_feature_extractor_train': 'D:\\LBN\\Maternal_auto_classification_train_deepethogram\\models\\250603_092630_feature_extractor_train\\lightning_checkpoints\\epoch=17-step=17999.ckpt', '250612_101251_feature_extractor_train': 'D:\\LBN\\Maternal_auto_classification_train_deepethogram\\models\\250612_101251_feature_extractor_train\\lightning_checkpoints\\epoch=7-step=7999.ckpt', '250619_164645_feature_extractor_train': 'D:\\LBN\\Maternal_auto_classification_train_deepethogram\\models\\250619_164645_feature_extractor_train\\lightning_checkpoints\\epoch=0-step=999.ckpt', '250620_091727_feature_extractor_train': 'D:\\LBN\\Maternal_auto_classification_train_deepethogram\\models\\250620_091727_feature_extractor_train\\lightning_checkpoints\\epoch=0-step=999.ckpt', '250620_095137_feature_extractor_train': 'D:\\LBN\\Maternal_auto_classification_train_deepethogram\\models\\250620_095137_feature_extractor_train\\lightning_checkpoints\\epoch=3-step=3999.ckpt', '250620_115626_feature_extractor_train': 'D:\\LBN\\Maternal_auto_classification_train_deepethogram\\models\\250620_115626_feature_extractor_train\\lightning_checkpoints\\epoch=18-step=18999.ckpt'}, 'sequence': {'': None, 'no pretrained weights': None, '250603_145653_sequence_train': 'D:\\LBN\\Maternal_auto_classification_train_deepethogram\\models\\250603_145653_sequence_train\\lightning_checkpoints\\epoch=28-step=9685.ckpt', '250616_145332_sequence_train': 'D:\\LBN\\Maternal_auto_classification_train_deepethogram\\models\\250616_145332_sequence_train\\lightning_checkpoints\\epoch=24-step=16349.ckpt'}}
[2025-06-23 14:20:33,243] INFO [deepethogram.gui.main.get_selected_models:1136] {'flow_generator': {'no pretrained weights': None, '200221_115158_TinyMotionNet': 'D:\\LBN\\Maternal_auto_classification_train_deepethogram\\models\\pretrained_models\\200221_115158_TinyMotionNet\\checkpoint.pt', '250507_172617_flow_generator_train': 'D:\\LBN\\Maternal_auto_classification_train_deepethogram\\models\\250507_172617_flow_generator_train\\lightning_checkpoints\\epoch=0-step=999.ckpt', '250602_134424_flow_generator_train': 'D:\\LBN\\Maternal_auto_classification_train_deepethogram\\models\\250602_134424_flow_generator_train\\lightning_checkpoints\\epoch=0-step=999.ckpt', '250623_111824_flow_generator_train': 'D:\\LBN\\Maternal_auto_classification_train_deepethogram\\models\\250623_111824_flow_generator_train\\lightning_checkpoints\\epoch=8-step=8999.ckpt'}, 'feature_extractor': {'no pretrained weights': None, '200415_125824_hidden_two_stream_kinetics_degf': 'D:\\LBN\\Maternal_auto_classification_train_deepethogram\\models\\pretrained_models\\200415_125824_hidden_two_stream_kinetics_degf\\checkpoint.pt', '250515_172551_feature_extractor_train': 'D:\\LBN\\Maternal_auto_classification_train_deepethogram\\models\\250515_172551_feature_extractor_train\\lightning_checkpoints\\epoch=16-step=16999.ckpt', '250602_161402_feature_extractor_train': 'D:\\LBN\\Maternal_auto_classification_train_deepethogram\\models\\250602_161402_feature_extractor_train\\checkpoint.pt', '250602_161815_feature_extractor_train': 'D:\\LBN\\Maternal_auto_classification_train_deepethogram\\models\\250602_161815_feature_extractor_train\\lightning_checkpoints\\epoch=14-step=14999.ckpt', '250603_092630_feature_extractor_train': 'D:\\LBN\\Maternal_auto_classification_train_deepethogram\\models\\250603_092630_feature_extractor_train\\lightning_checkpoints\\epoch=17-step=17999.ckpt', '250612_101251_feature_extractor_train': 'D:\\LBN\\Maternal_auto_classification_train_deepethogram\\models\\250612_101251_feature_extractor_train\\lightning_checkpoints\\epoch=7-step=7999.ckpt', '250619_164645_feature_extractor_train': 'D:\\LBN\\Maternal_auto_classification_train_deepethogram\\models\\250619_164645_feature_extractor_train\\lightning_checkpoints\\epoch=0-step=999.ckpt', '250620_091727_feature_extractor_train': 'D:\\LBN\\Maternal_auto_classification_train_deepethogram\\models\\250620_091727_feature_extractor_train\\lightning_checkpoints\\epoch=0-step=999.ckpt', '250620_095137_feature_extractor_train': 'D:\\LBN\\Maternal_auto_classification_train_deepethogram\\models\\250620_095137_feature_extractor_train\\lightning_checkpoints\\epoch=3-step=3999.ckpt', '250620_115626_feature_extractor_train': 'D:\\LBN\\Maternal_auto_classification_train_deepethogram\\models\\250620_115626_feature_extractor_train\\lightning_checkpoints\\epoch=18-step=18999.ckpt'}, 'sequence': {'': None, 'no pretrained weights': None, '250603_145653_sequence_train': 'D:\\LBN\\Maternal_auto_classification_train_deepethogram\\models\\250603_145653_sequence_train\\lightning_checkpoints\\epoch=28-step=9685.ckpt', '250616_145332_sequence_train': 'D:\\LBN\\Maternal_auto_classification_train_deepethogram\\models\\250616_145332_sequence_train\\lightning_checkpoints\\epoch=24-step=16349.ckpt'}}
[2025-06-23 14:20:33,243] INFO [deepethogram.gui.main.get_selected_models:1136] {'flow_generator': {'no pretrained weights': None, '200221_115158_TinyMotionNet': 'D:\\LBN\\Maternal_auto_classification_train_deepethogram\\models\\pretrained_models\\200221_115158_TinyMotionNet\\checkpoint.pt', '250507_172617_flow_generator_train': 'D:\\LBN\\Maternal_auto_classification_train_deepethogram\\models\\250507_172617_flow_generator_train\\lightning_checkpoints\\epoch=0-step=999.ckpt', '250602_134424_flow_generator_train': 'D:\\LBN\\Maternal_auto_classification_train_deepethogram\\models\\250602_134424_flow_generator_train\\lightning_checkpoints\\epoch=0-step=999.ckpt', '250623_111824_flow_generator_train': 'D:\\LBN\\Maternal_auto_classification_train_deepethogram\\models\\250623_111824_flow_generator_train\\lightning_checkpoints\\epoch=8-step=8999.ckpt'}, 'feature_extractor': {'no pretrained weights': None, '200415_125824_hidden_two_stream_kinetics_degf': 'D:\\LBN\\Maternal_auto_classification_train_deepethogram\\models\\pretrained_models\\200415_125824_hidden_two_stream_kinetics_degf\\checkpoint.pt', '250515_172551_feature_extractor_train': 'D:\\LBN\\Maternal_auto_classification_train_deepethogram\\models\\250515_172551_feature_extractor_train\\lightning_checkpoints\\epoch=16-step=16999.ckpt', '250602_161402_feature_extractor_train': 'D:\\LBN\\Maternal_auto_classification_train_deepethogram\\models\\250602_161402_feature_extractor_train\\checkpoint.pt', '250602_161815_feature_extractor_train': 'D:\\LBN\\Maternal_auto_classification_train_deepethogram\\models\\250602_161815_feature_extractor_train\\lightning_checkpoints\\epoch=14-step=14999.ckpt', '250603_092630_feature_extractor_train': 'D:\\LBN\\Maternal_auto_classification_train_deepethogram\\models\\250603_092630_feature_extractor_train\\lightning_checkpoints\\epoch=17-step=17999.ckpt', '250612_101251_feature_extractor_train': 'D:\\LBN\\Maternal_auto_classification_train_deepethogram\\models\\250612_101251_feature_extractor_train\\lightning_checkpoints\\epoch=7-step=7999.ckpt', '250619_164645_feature_extractor_train': 'D:\\LBN\\Maternal_auto_classification_train_deepethogram\\models\\250619_164645_feature_extractor_train\\lightning_checkpoints\\epoch=0-step=999.ckpt', '250620_091727_feature_extractor_train': 'D:\\LBN\\Maternal_auto_classification_train_deepethogram\\models\\250620_091727_feature_extractor_train\\lightning_checkpoints\\epoch=0-step=999.ckpt', '250620_095137_feature_extractor_train': 'D:\\LBN\\Maternal_auto_classification_train_deepethogram\\models\\250620_095137_feature_extractor_train\\lightning_checkpoints\\epoch=3-step=3999.ckpt', '250620_115626_feature_extractor_train': 'D:\\LBN\\Maternal_auto_classification_train_deepethogram\\models\\250620_115626_feature_extractor_train\\lightning_checkpoints\\epoch=18-step=18999.ckpt'}, 'sequence': {'': None, 'no pretrained weights': None, '250603_145653_sequence_train': 'D:\\LBN\\Maternal_auto_classification_train_deepethogram\\models\\250603_145653_sequence_train\\lightning_checkpoints\\epoch=28-step=9685.ckpt', '250616_145332_sequence_train': 'D:\\LBN\\Maternal_auto_classification_train_deepethogram\\models\\250616_145332_sequence_train\\lightning_checkpoints\\epoch=24-step=16349.ckpt'}}
[2025-06-23 14:20:33,243] INFO [deepethogram.gui.main.featureextractor_train:385] feature extractor train called with args: ['python', '-m', 'deepethogram.feature_extractor.train', 'project.path=D:\\LBN\\Maternal_auto_classification_train_deepethogram', 'feature_extractor.weights=D:\\LBN\\Maternal_auto_classification_train_deepethogram\\models\\250620_115626_feature_extractor_train\\lightning_checkpoints\\epoch=18-step=18999.ckpt', 'flow_generator.weights=D:\\LBN\\Maternal_auto_classification_train_deepethogram\\models\\250623_111824_flow_generator_train\\lightning_checkpoints\\epoch=8-step=8999.ckpt']
[2025-06-23 14:22:18,700] INFO [deepethogram.gui.main.user_did_something:138] User restarted labeling
[2025-06-23 14:23:19,338] INFO [deepethogram.gui.main.log_idle:151] User has been idle for 60.0 seconds...
[2025-06-23 16:23:09,318] INFO [deepethogram.gui.main.user_did_something:138] User restarted labeling
[2025-06-23 16:24:14,632] INFO [deepethogram.gui.main.log_idle:151] User has been idle for 60.0 seconds...
[2025-06-23 16:24:49,097] INFO [deepethogram.gui.main.user_did_something:138] User restarted labeling
[2025-06-23 16:25:49,101] INFO [deepethogram.gui.main.log_idle:151] User has been idle for 60.0 seconds...
[2025-06-23 17:22:22,767] INFO [deepethogram.gui.main.user_did_something:138] User restarted labeling
[2025-06-23 17:23:26,772] INFO [deepethogram.gui.main.log_idle:151] User has been idle for 60.0 seconds...
[2025-06-23 20:58:29,291] INFO [deepethogram.gui.main.featureextractor_train:395] Training finished. If you see error messages above, training did not complete successfully.
[2025-06-23 20:58:29,291] INFO [deepethogram.gui.main.featureextractor_train:400] ~~~~~~~~~~~~~~~~~~~~~~~~~~~~~~~~~~~~~~~~~~~~~~~~~~~~~~~~~~~~~~~~~~~~~~~~~~~~~~~~~~~~~~~~~~~~~~~~~~~~
[2025-06-23 20:58:31,369] INFO [deepethogram.gui.main.project_loaded_buttons:175] Number finalized labels: 679
