[2025-06-25 16:26:11,834] INFO [deepethogram.feature_extractor.train.feature_extractor_train:66] args: d:/LBN/Maternal_auto_classification_train_deepethogram/complexTraining_FE.py
[2025-06-25 16:26:11,834] INFO [deepethogram.feature_extractor.train.feature_extractor_train:71] configuration used ~~~~~
[2025-06-25 16:26:11,850] INFO [deepethogram.feature_extractor.train.feature_extractor_train:72] split:
  reload: true
  file: D:\LBN\Maternal_auto_classification_train_deepethogram\SPLITS\split_1.yaml
  train_val_test:
  - 0.9
  - 0.1
  - 0.0
compute:
  fp16: false
  num_workers: 3
  batch_size: 8
  min_batch_size: 8
  max_batch_size: 128
  distributed: false
  gpu_id: 0
  dali: false
  metrics_workers: 0
reload:
  overwrite_cfg: false
  latest: false
notes: null
log:
  level: info
augs:
  brightness: 0.25
  contrast: 0.1
  hue: 0.1
  saturation: 0.1
  color_p: 0.5
  grayscale: 0.5
  crop_size: null
  resize:
  - 224
  - 224
  dali: false
  random_resize: false
  pad: null
  LR: 0.5
  UD: 0.0
  degrees: 10
  normalization:
    'N': 694834329600
    mean:
    - 0.4213915600330549
    - 0.426960783932345
    - 0.365874038370559
    std:
    - 0.224414912593986
    - 0.2267886049471975
    - 0.22340896343317201
feature_extractor:
  arch: resnet50
  fusion: average
  sampler: null
  final_bn: false
  sampling_ratio: null
  final_activation: sigmoid
  dropout_p: 0.25
  n_flows: 10
  n_rgb: 1
  curriculum: false
  inputs: both
  weights: D:\LBN\Maternal_auto_classification_train_deepethogram\models\pretrained_models\200410_142156_hidden_two_stream_kinetics_degm
  n_flow: 10
train:
  steps_per_epoch:
    train: 1000
    val: 1000
    test: 20
  num_epochs: 100
  lr: 0.0001
  scheduler: plateau
  min_lr: 5.0e-07
  stopping_type: learning_rate
  milestones:
  - 50
  - 100
  - 150
  - 200
  - 250
  - 300
  weight_loss: true
  patience: 3
  early_stopping_begins: 0
  viz_metrics: true
  viz_examples: 10
  reduction_factor: 0.1
  loss_weight_exp: 1.0
  loss_gamma: 1.0
  label_smoothing: 0.05
  oversampling_exp: 0.0
  regularization:
    style: l2_sp
    alpha: 1.0e-05
    beta: 0.001
flow_generator:
  type: flow_generator
  flow_loss: MotionNet
  flow_max: 10
  input_images: 11
  flow_sparsity: false
  smooth_weight_multiplier: 1.0
  sparsity_weight: 0.0
  loss: MotionNet
  max: 5
  n_rgb: 11
  arch: MotionNet
  weights: D:\LBN\Maternal_auto_classification_train_deepethogram\models\250616_164900_flow_generator_train\lightning_checkpoints\epoch=1-step=1999.ckpt
  'n': 10
postprocessor:
  type: min_bout_per_behavior
  min_bout_length: 10
inference:
  directory_list: all
  ignore_error: true
  overwrite: false
  use_loaded_model_cfg: true
cmap: deepethogram
control_arrow_jump: 31
label_view_width: 31
prediction_opacity: 0.2
project:
  class_names:
  - background
  - Onnest
  - Offnest
  - ABN
  - Carryingpups
  - Selfgrooming
  - Eat_drink
  - Kicking
  - Groomingpups
  - Build
  config_file: project_config.yaml
  data_path: D:\LBN\Maternal_auto_classification_train_deepethogram\DATA
  labeler: null
  model_path: D:\LBN\Maternal_auto_classification_train_deepethogram\models
  name: Maternal_auto_classification
  path: D:\LBN\Maternal_auto_classification_train_deepethogram
  pretrained_path: D:\LBN\Maternal_auto_classification_train_deepethogram\models\pretrained_models
run:
  type: train
  model: feature_extractor
  dir: D:\LBN\Maternal_auto_classification_train_deepethogram\models\250625_162611_feature_extractor_train
sequence:
  filter_length: 15
unlabeled_alpha: 0.1
vertical_arrow_jump: 3

[2025-06-25 16:26:14,956] INFO [deepethogram.projects.get_weightfile_from_cfg:1079] loading specified weights: D:\LBN\Maternal_auto_classification_train_deepethogram\models\250616_164900_flow_generator_train\lightning_checkpoints\epoch=1-step=1999.ckpt
[2025-06-25 16:26:14,956] INFO [deepethogram.feature_extractor.train.feature_extractor_train:79] loading flow generator from file D:\LBN\Maternal_auto_classification_train_deepethogram\models\250616_164900_flow_generator_train\lightning_checkpoints\epoch=1-step=1999.ckpt
[2025-06-25 16:26:14,956] INFO [deepethogram.utils.load_state:341] loading from checkpoint file D:\LBN\Maternal_auto_classification_train_deepethogram\models\250616_164900_flow_generator_train\lightning_checkpoints\epoch=1-step=1999.ckpt...
[2025-06-25 16:26:16,318] WARNING [deepethogram.projects.filter_records_for_filetypes:663] No label file found in record: Cage8-CONT-2024-12-17_23-07-19
[2025-06-25 16:26:16,318] WARNING [deepethogram.projects.filter_records_for_filetypes:663] No label file found in record: Cage8-CONT-2024-12-19_20-00-00
[2025-06-25 16:26:16,318] WARNING [deepethogram.projects.filter_records_for_filetypes:663] No label file found in record: Cage8-CONT-2024-12-19_20-10-00
[2025-06-25 16:26:16,319] WARNING [deepethogram.projects.filter_records_for_filetypes:663] No label file found in record: Cage8-CONT-2024-12-19_20-50-00
[2025-06-25 16:26:16,319] WARNING [deepethogram.projects.filter_records_for_filetypes:663] No label file found in record: Cage8-CONT-2024-12-19_21-00-00
[2025-06-25 16:26:16,319] WARNING [deepethogram.projects.filter_records_for_filetypes:663] No label file found in record: Cage8-CONT-2024-12-19_22-10-01
[2025-06-25 16:26:16,319] WARNING [deepethogram.projects.filter_records_for_filetypes:663] No label file found in record: Cage8-CONT-2024-12-19_22-30-01
[2025-06-25 16:26:16,319] WARNING [deepethogram.projects.filter_records_for_filetypes:663] No label file found in record: Cage8-CONT-2024-12-19_23-00-01
[2025-06-25 16:26:16,320] WARNING [deepethogram.projects.filter_records_for_filetypes:663] No label file found in record: Cage8-CONT-2024-12-20_02-10-06
[2025-06-25 16:26:18,535] INFO [deepethogram.data.utils.update_split:451] file CONT-2024-05-06_20-20-34 assigned to split val
[2025-06-25 16:26:18,536] INFO [deepethogram.data.utils.update_split:451] file CONT-2024-05-06_20-30-34 assigned to split train
[2025-06-25 16:26:18,536] INFO [deepethogram.data.utils.update_split:451] file CONT-2024-05-06_21-00-34 assigned to split train
[2025-06-25 16:26:18,537] INFO [deepethogram.data.utils.update_split:451] file CONT-2024-05-06_22-00-34 assigned to split train
[2025-06-25 16:26:18,537] INFO [deepethogram.data.utils.update_split:451] file CONT-2024-05-06_23-40-35 assigned to split train
[2025-06-25 16:26:18,537] INFO [deepethogram.data.utils.update_split:451] file CONT-2024-05-07_04-00-35 assigned to split val
[2025-06-25 16:26:18,537] INFO [deepethogram.data.utils.update_split:451] file CONT-2024-05-07_04-50-35 assigned to split train
[2025-06-25 16:26:18,538] INFO [deepethogram.data.utils.update_split:451] file CONT-2024-05-07_05-30-35 assigned to split train
[2025-06-25 16:26:18,538] INFO [deepethogram.data.utils.update_split:451] file CONT-2024-05-07_07-10-35 assigned to split val
[2025-06-25 16:26:18,538] INFO [deepethogram.data.utils.update_split:451] file CONT-2024-05-07_07-20-35 assigned to split train
[2025-06-25 16:26:18,538] INFO [deepethogram.data.utils.update_split:451] file CONT-2024-05-07_22-06-20 assigned to split train
[2025-06-25 16:26:18,538] INFO [deepethogram.data.utils.update_split:451] file CONT-2024-05-07_22-46-20 assigned to split train
[2025-06-25 16:26:18,539] INFO [deepethogram.data.utils.update_split:451] file CONT-2024-05-07_23-06-20 assigned to split train
[2025-06-25 16:26:18,539] INFO [deepethogram.data.utils.update_split:451] file CONT-2024-05-07_23-36-20 assigned to split val
[2025-06-25 16:26:18,539] INFO [deepethogram.data.utils.update_split:451] file CONT-2024-05-08_04-06-21 assigned to split train
[2025-06-25 16:26:18,539] INFO [deepethogram.data.utils.update_split:451] file CONT-2024-05-08_04-16-21 assigned to split train
[2025-06-25 16:26:18,540] INFO [deepethogram.data.utils.update_split:451] file CONT-2024-05-08_05-06-21 assigned to split train
[2025-06-25 16:26:18,540] INFO [deepethogram.data.utils.update_split:451] file CONT-2024-05-08_06-36-21 assigned to split train
[2025-06-25 16:26:18,540] INFO [deepethogram.data.utils.update_split:451] file Cage1-CONT-2024-12-08_20-08-34 assigned to split train
[2025-06-25 16:26:18,540] INFO [deepethogram.data.utils.update_split:451] file Cage1-CONT-2024-12-08_20-18-34 assigned to split train
[2025-06-25 16:26:18,540] INFO [deepethogram.data.utils.update_split:451] file Cage1-CONT-2024-12-08_20-38-34 assigned to split val
[2025-06-25 16:26:18,541] INFO [deepethogram.data.utils.update_split:451] file Cage1-CONT-2024-12-08_20-58-34 assigned to split train
[2025-06-25 16:26:18,541] INFO [deepethogram.data.utils.update_split:451] file Cage1-CONT-2024-12-08_21-08-34 assigned to split train
[2025-06-25 16:26:18,541] INFO [deepethogram.data.utils.update_split:451] file Cage1-CONT-2024-12-08_21-38-34 assigned to split train
[2025-06-25 16:26:18,541] INFO [deepethogram.data.utils.update_split:451] file Cage1-CONT-2024-12-08_21-48-34 assigned to split train
[2025-06-25 16:26:18,541] INFO [deepethogram.data.utils.update_split:451] file Cage1-CONT-2024-12-08_22-28-34 assigned to split train
[2025-06-25 16:26:18,542] INFO [deepethogram.data.utils.update_split:451] file Cage1-CONT-2024-12-08_22-58-34 assigned to split train
[2025-06-25 16:26:18,542] INFO [deepethogram.data.utils.update_split:451] file Cage1-CONT-2024-12-09_04-28-34 assigned to split train
[2025-06-25 16:26:18,542] INFO [deepethogram.data.utils.update_split:451] file Cage1-CONT-2024-12-09_05-08-34 assigned to split train
[2025-06-25 16:26:18,542] INFO [deepethogram.data.utils.update_split:451] file Cage1-CONT-2024-12-09_05-18-34 assigned to split train
[2025-06-25 16:26:18,543] INFO [deepethogram.data.utils.update_split:451] file Cage1-CONT-2024-12-09_05-28-34 assigned to split train
[2025-06-25 16:26:18,543] INFO [deepethogram.data.utils.update_split:451] file Cage1-CONT-2024-12-09_05-48-34 assigned to split train
[2025-06-25 16:26:18,543] INFO [deepethogram.data.utils.update_split:451] file Cage1-CONT-2024-12-09_05-58-34 assigned to split val
[2025-06-25 16:26:18,543] INFO [deepethogram.data.utils.update_split:451] file Cage1-CONT-2024-12-10_04-48-38 assigned to split val
[2025-06-25 16:26:18,543] INFO [deepethogram.data.utils.update_split:451] file Cage1-CONT-2024-12-10_05-18-38 assigned to split train
[2025-06-25 16:26:18,544] INFO [deepethogram.data.utils.update_split:451] file Cage1-CONT-2024-12-16_06-11-52 assigned to split train
[2025-06-25 16:26:18,544] INFO [deepethogram.data.utils.update_split:451] file Cage1-LBN-2024-08-30_20-14-40 assigned to split train
[2025-06-25 16:26:18,544] INFO [deepethogram.data.utils.update_split:451] file Cage1-LBN-2024-08-30_20-24-40 assigned to split train
[2025-06-25 16:26:18,544] INFO [deepethogram.data.utils.update_split:451] file Cage1-LBN-2024-08-30_20-34-40 assigned to split train
[2025-06-25 16:26:18,544] INFO [deepethogram.data.utils.update_split:451] file Cage1-LBN-2024-08-30_21-04-40 assigned to split train
[2025-06-25 16:26:18,545] INFO [deepethogram.data.utils.update_split:451] file Cage1-LBN-2024-08-30_21-24-40 assigned to split train
[2025-06-25 16:26:18,545] INFO [deepethogram.data.utils.update_split:451] file Cage1-LBN-2024-08-30_21-44-40_blur assigned to split train
[2025-06-25 16:26:18,545] INFO [deepethogram.data.utils.update_split:451] file Cage1-LBN-2024-08-30_21-44-40_combo123 assigned to split val
[2025-06-25 16:26:18,545] INFO [deepethogram.data.utils.update_split:451] file Cage1-LBN-2024-08-30_21-44-40_zoom_crop assigned to split train
[2025-06-25 16:26:18,545] INFO [deepethogram.data.utils.update_split:451] file Cage1-LBN-2024-08-30_21-54-40 assigned to split train
[2025-06-25 16:26:18,546] INFO [deepethogram.data.utils.update_split:451] file Cage1-LBN-2024-08-30_22-04-40 assigned to split train
[2025-06-25 16:26:18,546] INFO [deepethogram.data.utils.update_split:451] file Cage1-LBN-2024-08-30_22-14-40_combo123 assigned to split train
[2025-06-25 16:26:18,546] INFO [deepethogram.data.utils.update_split:451] file Cage1-LBN-2024-08-30_22-14-40_combo124 assigned to split train
[2025-06-25 16:26:18,547] INFO [deepethogram.data.utils.update_split:451] file Cage1-LBN-2024-08-30_22-14-40_combo234 assigned to split train
[2025-06-25 16:26:18,547] INFO [deepethogram.data.utils.update_split:451] file Cage1-LBN-2024-08-30_22-24-40 assigned to split train
[2025-06-25 16:26:18,547] INFO [deepethogram.data.utils.update_split:451] file Cage1-LBN-2024-08-30_22-54-40 assigned to split train
[2025-06-25 16:26:18,547] INFO [deepethogram.data.utils.update_split:451] file Cage1-LBN-2024-08-30_23-14-40 assigned to split train
[2025-06-25 16:26:18,547] INFO [deepethogram.data.utils.update_split:451] file Cage1-LBN-2024-08-30_23-24-40 assigned to split train
[2025-06-25 16:26:18,548] INFO [deepethogram.data.utils.update_split:451] file Cage1-LBN-2024-08-30_23-34-40 assigned to split train
[2025-06-25 16:26:18,548] INFO [deepethogram.data.utils.update_split:451] file Cage1-LBN-2024-08-31_05-04-40 assigned to split train
[2025-06-25 16:26:18,548] INFO [deepethogram.data.utils.update_split:451] file Cage1-LBN-2024-08-31_05-14-40 assigned to split train
[2025-06-25 16:26:18,548] INFO [deepethogram.data.utils.update_split:451] file Cage1-LBN-2024-08-31_05-54-40 assigned to split train
[2025-06-25 16:26:18,548] INFO [deepethogram.data.utils.update_split:451] file Cage1-LBN-2024-08-31_06-14-40-stereotypie assigned to split train
[2025-06-25 16:26:18,549] INFO [deepethogram.data.utils.update_split:451] file Cage1-LBN-2024-08-31_06-24-40 assigned to split train
[2025-06-25 16:26:18,549] INFO [deepethogram.data.utils.update_split:451] file Cage1-LBN-2024-08-31_06-34-40 assigned to split train
[2025-06-25 16:26:18,549] INFO [deepethogram.data.utils.update_split:451] file Cage1-LBN-2024-08-31_07-24-40 assigned to split train
[2025-06-25 16:26:18,550] INFO [deepethogram.data.utils.update_split:451] file Cage1-LBN-2024-08-31_20-25-28 assigned to split train
[2025-06-25 16:26:18,550] INFO [deepethogram.data.utils.update_split:451] file Cage1-LBN-2024-08-31_20-35-28 assigned to split train
[2025-06-25 16:26:18,550] INFO [deepethogram.data.utils.update_split:451] file Cage1-LBN-2024-08-31_21-15-28 assigned to split train
[2025-06-25 16:26:18,550] INFO [deepethogram.data.utils.update_split:451] file Cage1-LBN-2024-08-31_21-55-28 assigned to split train
[2025-06-25 16:26:18,551] INFO [deepethogram.data.utils.update_split:451] file Cage1-LBN-2024-08-31_22-05-28 assigned to split train
[2025-06-25 16:26:18,551] INFO [deepethogram.data.utils.update_split:451] file Cage1-LBN-2024-08-31_22-15-28 assigned to split train
[2025-06-25 16:26:18,551] INFO [deepethogram.data.utils.update_split:451] file Cage1-LBN-2024-08-31_22-25-28 assigned to split train
[2025-06-25 16:26:18,552] INFO [deepethogram.data.utils.update_split:451] file Cage1-LBN-2024-08-31_22-55-28 assigned to split train
[2025-06-25 16:26:18,552] INFO [deepethogram.data.utils.update_split:451] file Cage1-LBN-2024-08-31_23-05-28 assigned to split train
[2025-06-25 16:26:18,552] INFO [deepethogram.data.utils.update_split:451] file Cage1-LBN-2024-08-31_23-25-28 assigned to split train
[2025-06-25 16:26:18,553] INFO [deepethogram.data.utils.update_split:451] file Cage1-LBN-2024-08-31_23-55-28 assigned to split train
[2025-06-25 16:26:18,553] INFO [deepethogram.data.utils.update_split:451] file Cage1-LBN-2024-09-01_04-45-28 assigned to split train
[2025-06-25 16:26:18,553] INFO [deepethogram.data.utils.update_split:451] file Cage1-LBN-2024-09-01_05-05-28 assigned to split train
[2025-06-25 16:26:18,554] INFO [deepethogram.data.utils.update_split:451] file Cage1-LBN-2024-09-01_05-15-28 assigned to split train
[2025-06-25 16:26:18,554] INFO [deepethogram.data.utils.update_split:451] file Cage1-LBN-2024-09-01_05-25-28 assigned to split train
[2025-06-25 16:26:18,556] INFO [deepethogram.data.utils.update_split:451] file Cage1-LBN-2024-09-01_05-35-28 assigned to split train
[2025-06-25 16:26:18,557] INFO [deepethogram.data.utils.update_split:451] file Cage1-LBN-2024-09-01_05-45-28 assigned to split train
[2025-06-25 16:26:18,558] INFO [deepethogram.data.utils.update_split:451] file Cage1-LBN-2024-09-01_06-05-28 assigned to split train
[2025-06-25 16:26:18,558] INFO [deepethogram.data.utils.update_split:451] file Cage1-LBN-2024-09-01_06-35-28 assigned to split train
[2025-06-25 16:26:18,559] INFO [deepethogram.data.utils.update_split:451] file Cage1-LBN-2024-09-01_06-45-28 assigned to split train
[2025-06-25 16:26:18,559] INFO [deepethogram.data.utils.update_split:451] file Cage1-LBN-2024-09-01_06-55-28 assigned to split train
[2025-06-25 16:26:18,559] INFO [deepethogram.data.utils.update_split:451] file Cage1-LBN-2024-09-01_07-05-28 assigned to split train
[2025-06-25 16:26:18,560] INFO [deepethogram.data.utils.update_split:451] file Cage1-LBN-2024-09-01_07-15-28 assigned to split train
[2025-06-25 16:26:18,560] INFO [deepethogram.data.utils.update_split:451] file Cage1-LBN-2024-09-01_20-45-28 assigned to split train
[2025-06-25 16:26:18,560] INFO [deepethogram.data.utils.update_split:451] file Cage1-LBN-2024-09-01_20-55-28 assigned to split train
[2025-06-25 16:26:18,561] INFO [deepethogram.data.utils.update_split:451] file Cage1-LBN-2024-09-03_22-21-56 assigned to split train
[2025-06-25 16:26:18,561] INFO [deepethogram.data.utils.update_split:451] file Cage2-LBN-2024-12-08_21-28-34 assigned to split val
[2025-06-25 16:26:18,561] INFO [deepethogram.data.utils.update_split:451] file Cage2-LBN-2024-12-08_21-58-35 assigned to split train
[2025-06-25 16:26:18,562] INFO [deepethogram.data.utils.update_split:451] file Cage2-LBN-2024-12-08_22-58-35 assigned to split train
[2025-06-25 16:26:18,563] INFO [deepethogram.data.utils.update_split:451] file Cage2-LBN-2024-12-08_22-58-35_bright_contrast assigned to split train
[2025-06-25 16:26:18,567] INFO [deepethogram.data.utils.update_split:451] file Cage2-LBN-2024-12-08_22-58-35_combo123 assigned to split train
[2025-06-25 16:26:18,567] INFO [deepethogram.data.utils.update_split:451] file Cage2-LBN-2024-12-08_22-58-35_flip assigned to split train
[2025-06-25 16:26:18,573] INFO [deepethogram.data.utils.update_split:451] file Cage2-LBN-2024-12-08_22-58-35_zoom_crop assigned to split train
[2025-06-25 16:26:18,575] INFO [deepethogram.data.utils.update_split:451] file Cage2-LBN-2024-12-08_23-18-35 assigned to split train
[2025-06-25 16:26:18,576] INFO [deepethogram.data.utils.update_split:451] file Cage2-LBN-2024-12-09_05-48-35 assigned to split train
[2025-06-25 16:26:18,577] INFO [deepethogram.data.utils.update_split:451] file Cage2-LBN-2024-12-09_07-08-35 assigned to split train
[2025-06-25 16:26:18,577] INFO [deepethogram.data.utils.update_split:451] file Cage2-LBN-2024-12-09_20-48-38 assigned to split train
[2025-06-25 16:26:18,577] INFO [deepethogram.data.utils.update_split:451] file Cage2-LBN-2024-12-09_21-28-38 assigned to split val
[2025-06-25 16:26:18,577] INFO [deepethogram.data.utils.update_split:451] file Cage2-LBN-2024-12-09_21-48-38 assigned to split train
[2025-06-25 16:26:18,578] INFO [deepethogram.data.utils.update_split:451] file Cage2-LBN-2024-12-10_05-38-39 assigned to split train
[2025-06-25 16:26:18,578] INFO [deepethogram.data.utils.update_split:451] file Cage2-LBN-2024-12-10_05-48-39 assigned to split train
[2025-06-25 16:26:18,578] INFO [deepethogram.data.utils.update_split:451] file Cage2-LBN-2024-12-10_05-58-39 assigned to split train
[2025-06-25 16:26:18,578] INFO [deepethogram.data.utils.update_split:451] file Cage2-LBN-2024-12-10_06-28-39 assigned to split train
[2025-06-25 16:26:18,580] INFO [deepethogram.data.utils.update_split:451] file Cage2-LBN-2024-12-10_22-58-40 assigned to split train
[2025-06-25 16:26:18,581] INFO [deepethogram.data.utils.update_split:451] file Cage2-LBN-2024-12-11_20-42-14_blur assigned to split val
[2025-06-25 16:26:18,582] INFO [deepethogram.data.utils.update_split:451] file Cage2-LBN-2024-12-11_20-42-14_bright_contrast assigned to split train
[2025-06-25 16:26:18,582] INFO [deepethogram.data.utils.update_split:451] file Cage2-LBN-2024-12-11_20-42-14_combo124 assigned to split train
[2025-06-25 16:26:18,583] INFO [deepethogram.data.utils.update_split:451] file Cage2-LBN-2024-12-11_20-42-14_flip assigned to split train
[2025-06-25 16:26:18,583] INFO [deepethogram.data.utils.update_split:451] file Cage2-LBN-2024-12-11_20-42-14_zoom_crop assigned to split train
[2025-06-25 16:26:18,583] INFO [deepethogram.data.utils.update_split:451] file Cage2-LBN-2024-12-11_21-02-14 assigned to split train
[2025-06-25 16:26:18,584] INFO [deepethogram.data.utils.update_split:451] file Cage2-LBN-2024-12-11_21-02-14_combo234 assigned to split train
[2025-06-25 16:26:18,584] INFO [deepethogram.data.utils.update_split:451] file Cage2-LBN-2024-12-11_21-02-14_flip assigned to split train
[2025-06-25 16:26:18,584] INFO [deepethogram.data.utils.update_split:451] file Cage2-LBN-2024-12-11_21-02-14_zoom_crop assigned to split train
[2025-06-25 16:26:18,585] INFO [deepethogram.data.utils.update_split:451] file Cage2-LBN-2024-12-11_22-12-14 assigned to split train
[2025-06-25 16:26:18,585] INFO [deepethogram.data.utils.update_split:451] file Cage2-LBN-2024-12-11_22-52-14 assigned to split train
[2025-06-25 16:26:18,586] INFO [deepethogram.data.utils.update_split:451] file Cage2-LBN-2024-12-11_22-52-14_blur assigned to split train
[2025-06-25 16:26:18,586] INFO [deepethogram.data.utils.update_split:451] file Cage2-LBN-2024-12-11_22-52-14_combo124 assigned to split train
[2025-06-25 16:26:18,586] INFO [deepethogram.data.utils.update_split:451] file Cage2-LBN-2024-12-11_22-52-14_combo234 assigned to split train
[2025-06-25 16:26:18,586] INFO [deepethogram.data.utils.update_split:451] file Cage2-LBN-2024-12-11_23-42-14 assigned to split train
[2025-06-25 16:26:18,586] INFO [deepethogram.data.utils.update_split:451] file Cage2-LBN-2024-12-12_20-12-15 assigned to split train
[2025-06-25 16:26:18,586] INFO [deepethogram.data.utils.update_split:451] file Cage3-LBN-2024-12-08_21-38-35 assigned to split train
[2025-06-25 16:26:18,587] INFO [deepethogram.data.utils.update_split:451] file Cage3-LBN-2024-12-08_21-38-35_combo123 assigned to split train
[2025-06-25 16:26:18,587] INFO [deepethogram.data.utils.update_split:451] file Cage3-LBN-2024-12-08_21-38-35_combo124 assigned to split train
[2025-06-25 16:26:18,588] INFO [deepethogram.data.utils.update_split:451] file Cage3-LBN-2024-12-08_21-38-35_combo234 assigned to split train
[2025-06-25 16:26:18,588] INFO [deepethogram.data.utils.update_split:451] file Cage3-LBN-2024-12-08_22-28-35 assigned to split train
[2025-06-25 16:26:18,588] INFO [deepethogram.data.utils.update_split:451] file Cage3-LBN-2024-12-08_22-28-35_blur assigned to split train
[2025-06-25 16:26:18,588] INFO [deepethogram.data.utils.update_split:451] file Cage3-LBN-2024-12-08_22-28-35_combo123 assigned to split train
[2025-06-25 16:26:18,589] INFO [deepethogram.data.utils.update_split:451] file Cage3-LBN-2024-12-08_22-28-35_combo234 assigned to split train
[2025-06-25 16:26:18,589] INFO [deepethogram.data.utils.update_split:451] file Cage3-LBN-2024-12-08_22-28-35_flip assigned to split train
[2025-06-25 16:26:18,589] INFO [deepethogram.data.utils.update_split:451] file Cage3-LBN-2024-12-09_07-28-36 assigned to split train
[2025-06-25 16:26:18,589] INFO [deepethogram.data.utils.update_split:451] file Cage3-LBN-2024-12-10_20-08-42_blur assigned to split train
[2025-06-25 16:26:18,590] INFO [deepethogram.data.utils.update_split:451] file Cage3-LBN-2024-12-10_20-08-42_bright_contrast assigned to split train
[2025-06-25 16:26:18,590] INFO [deepethogram.data.utils.update_split:451] file Cage3-LBN-2024-12-10_20-08-42_zoom_crop assigned to split train
[2025-06-25 16:26:18,590] INFO [deepethogram.data.utils.update_split:451] file Cage3-LBN-2024-12-10_21-08-42 assigned to split train
[2025-06-25 16:26:18,590] INFO [deepethogram.data.utils.update_split:451] file Cage3-LBN-2024-12-10_21-28-42 assigned to split train
[2025-06-25 16:26:18,591] INFO [deepethogram.data.utils.update_split:451] file Cage3-LBN-2024-12-10_21-28-42_combo124 assigned to split train
[2025-06-25 16:26:18,591] INFO [deepethogram.data.utils.update_split:451] file Cage3-LBN-2024-12-10_21-28-42_flip assigned to split val
[2025-06-25 16:26:18,591] INFO [deepethogram.data.utils.update_split:451] file Cage3-LBN-2024-12-10_21-28-42_zoom_crop assigned to split train
[2025-06-25 16:26:18,591] INFO [deepethogram.data.utils.update_split:451] file Cage3-LBN-2024-12-10_22-58-42 assigned to split train
[2025-06-25 16:26:18,592] INFO [deepethogram.data.utils.update_split:451] file Cage3-LBN-2024-12-11_04-38-42 assigned to split train
[2025-06-25 16:26:18,592] INFO [deepethogram.data.utils.update_split:451] file Cage3-LBN-2024-12-11_04-38-42_bright_contrast assigned to split train
[2025-06-25 16:26:18,592] INFO [deepethogram.data.utils.update_split:451] file Cage3-LBN-2024-12-11_04-38-42_combo124 assigned to split train
[2025-06-25 16:26:18,592] INFO [deepethogram.data.utils.update_split:451] file Cage3-LBN-2024-12-11_04-38-42_combo234 assigned to split val
[2025-06-25 16:26:18,592] INFO [deepethogram.data.utils.update_split:451] file Cage3-LBN-2024-12-11_04-38-42_zoom_crop assigned to split train
[2025-06-25 16:26:18,592] INFO [deepethogram.data.utils.update_split:451] file Cage3-LBN-2024-12-11_07-28-42 assigned to split train
[2025-06-25 16:26:18,594] INFO [deepethogram.data.utils.update_split:451] file Cage3-LBN-2024-12-11_22-42-15 assigned to split train
[2025-06-25 16:26:18,594] INFO [deepethogram.data.utils.update_split:451] file Cage3-LBN-2024-12-12_04-12-15 assigned to split train
[2025-06-25 16:26:18,594] INFO [deepethogram.data.utils.update_split:451] file Cage3-LBN-2024-12-12_04-12-15_bright_contrast assigned to split train
[2025-06-25 16:26:18,594] INFO [deepethogram.data.utils.update_split:451] file Cage3-LBN-2024-12-12_04-12-15_zoom_crop assigned to split train
[2025-06-25 16:26:18,594] INFO [deepethogram.data.utils.update_split:451] file Cage3-LBN-2024-12-12_04-52-15_blur assigned to split train
[2025-06-25 16:26:18,594] INFO [deepethogram.data.utils.update_split:451] file Cage3-LBN-2024-12-12_04-52-15_bright_contrast assigned to split train
[2025-06-25 16:26:18,595] INFO [deepethogram.data.utils.update_split:451] file Cage3-LBN-2024-12-12_04-52-15_combo123 assigned to split train
[2025-06-25 16:26:18,595] INFO [deepethogram.data.utils.update_split:451] file Cage3-LBN-2024-12-12_04-52-15_combo124 assigned to split train
[2025-06-25 16:26:18,595] INFO [deepethogram.data.utils.update_split:451] file Cage3-LBN-2024-12-12_04-52-15_zoom_crop assigned to split train
[2025-06-25 16:26:18,595] INFO [deepethogram.data.utils.update_split:451] file Cage3-LBN-2024-12-13_20-03-40 assigned to split val
[2025-06-25 16:26:18,596] INFO [deepethogram.data.utils.update_split:451] file Cage3-LBN-2024-12-13_22-03-41 assigned to split train
[2025-06-25 16:26:18,596] INFO [deepethogram.data.utils.update_split:451] file Cage3-LBN-2024-12-13_22-13-41 assigned to split train
[2025-06-25 16:26:18,596] INFO [deepethogram.data.utils.update_split:451] file Cage3-LBN-2024-12-14_06-23-41_blur assigned to split train
[2025-06-25 16:26:18,596] INFO [deepethogram.data.utils.update_split:451] file Cage3-LBN-2024-12-14_06-23-41_combo123 assigned to split train
[2025-06-25 16:26:18,597] INFO [deepethogram.data.utils.update_split:451] file Cage3-LBN-2024-12-14_06-23-41_combo124 assigned to split train
[2025-06-25 16:26:18,597] INFO [deepethogram.data.utils.update_split:451] file Cage3-LBN-2024-12-14_06-23-41_flip assigned to split train
[2025-06-25 16:26:18,597] INFO [deepethogram.data.utils.update_split:451] file Cage6-CONT-2024-12-12_20-32-17 assigned to split train
[2025-06-25 16:26:18,597] INFO [deepethogram.data.utils.update_split:451] file Cage6-CONT-2024-12-12_20-52-17 assigned to split train
[2025-06-25 16:26:18,598] INFO [deepethogram.data.utils.update_split:451] file Cage6-CONT-2024-12-12_21-02-17 assigned to split train
[2025-06-25 16:26:18,598] INFO [deepethogram.data.utils.update_split:451] file Cage6-CONT-2024-12-12_21-42-17 assigned to split train
[2025-06-25 16:26:18,598] INFO [deepethogram.data.utils.update_split:451] file Cage6-CONT-2024-12-12_22-22-17 assigned to split train
[2025-06-25 16:26:18,598] INFO [deepethogram.data.utils.update_split:451] file Cage6-CONT-2024-12-12_22-32-17 assigned to split train
[2025-06-25 16:26:18,598] INFO [deepethogram.data.utils.update_split:451] file Cage6-CONT-2024-12-12_22-42-17 assigned to split train
[2025-06-25 16:26:18,598] INFO [deepethogram.data.utils.update_split:451] file Cage6-CONT-2024-12-12_23-02-17 assigned to split val
[2025-06-25 16:26:18,598] INFO [deepethogram.data.utils.update_split:451] file Cage6-CONT-2024-12-12_23-12-17 assigned to split train
[2025-06-25 16:26:18,598] INFO [deepethogram.data.utils.update_split:451] file Cage6-CONT-2024-12-12_23-22-17 assigned to split train
[2025-06-25 16:26:18,598] INFO [deepethogram.data.utils.update_split:451] file Cage6-CONT-2024-12-12_23-32-17 assigned to split train
[2025-06-25 16:26:18,598] INFO [deepethogram.data.utils.update_split:451] file Cage6-CONT-2024-12-12_23-42-17 assigned to split train
[2025-06-25 16:26:18,598] INFO [deepethogram.data.utils.update_split:451] file Cage6-CONT-2024-12-13_00-02-17 assigned to split train
[2025-06-25 16:26:18,598] INFO [deepethogram.data.utils.update_split:451] file Cage6-CONT-2024-12-13_04-02-17 assigned to split train
[2025-06-25 16:26:18,598] INFO [deepethogram.data.utils.update_split:451] file Cage6-CONT-2024-12-13_04-12-17 assigned to split train
[2025-06-25 16:26:18,598] INFO [deepethogram.data.utils.update_split:451] file Cage6-CONT-2024-12-13_04-52-17 assigned to split train
[2025-06-25 16:26:18,598] INFO [deepethogram.data.utils.update_split:451] file Cage6-CONT-2024-12-13_05-02-17 assigned to split val
[2025-06-25 16:26:18,598] INFO [deepethogram.data.utils.update_split:451] file Cage6-CONT-2024-12-13_05-12-17 assigned to split train
[2025-06-25 16:26:18,598] INFO [deepethogram.data.utils.update_split:451] file Cage6-CONT-2024-12-13_05-42-17 assigned to split train
[2025-06-25 16:26:18,598] INFO [deepethogram.data.utils.update_split:451] file Cage6-CONT-2024-12-13_07-22-17 assigned to split train
[2025-06-25 16:26:18,598] INFO [deepethogram.data.utils.update_split:451] file Cage6-CONT-2024-12-13_20-33-41 assigned to split train
[2025-06-25 16:26:18,598] INFO [deepethogram.data.utils.update_split:451] file Cage6-CONT-2024-12-13_20-43-41 assigned to split train
[2025-06-25 16:26:18,598] INFO [deepethogram.data.utils.update_split:451] file Cage6-CONT-2024-12-15_20-01-54 assigned to split train
[2025-06-25 16:26:18,598] INFO [deepethogram.data.utils.update_split:451] file Cage6-CONT-2024-12-15_22-41-54 assigned to split train
[2025-06-25 16:26:18,598] INFO [deepethogram.data.utils.update_split:451] file Cage6-CONT-2024-12-15_23-01-54 assigned to split train
[2025-06-25 16:26:18,598] INFO [deepethogram.data.utils.update_split:451] file Cage6-CONT-2024-12-15_23-41-54 assigned to split train
[2025-06-25 16:26:18,604] INFO [deepethogram.data.utils.update_split:451] file Cage6-CONT-2024-12-16_06-01-55 assigned to split train
[2025-06-25 16:26:18,604] INFO [deepethogram.data.utils.update_split:451] file Cage6-CONT-2024-12-16_07-01-55 assigned to split train
[2025-06-25 16:26:18,604] INFO [deepethogram.data.utils.update_split:451] file Cage6-CONT-2024-12-16_21-24-36 assigned to split train
[2025-06-25 16:26:18,604] INFO [deepethogram.data.utils.update_split:451] file Cage6-CONT-2024-12-16_21-54-36 assigned to split train
[2025-06-25 16:26:18,604] INFO [deepethogram.data.utils.update_split:451] file Cage6-CONT-2024-12-16_23-24-36 assigned to split train
[2025-06-25 16:26:18,604] INFO [deepethogram.data.utils.update_split:451] file Cage6-CONT-2024-12-17_04-14-36 assigned to split train
[2025-06-25 16:26:18,605] INFO [deepethogram.data.utils.update_split:451] file Cage6-CONT-2024-12-17_06-24-36 assigned to split train
[2025-06-25 16:26:18,605] INFO [deepethogram.data.utils.update_split:451] file Cage6-CONT-2024-12-17_07-24-36 assigned to split train
[2025-06-25 16:26:18,605] INFO [deepethogram.data.utils.update_split:451] file Cage6-CONT-2024-12-17_20-24-46 assigned to split train
[2025-06-25 16:26:18,605] INFO [deepethogram.data.utils.update_split:451] file Cage6-CONT-2024-12-17_23-34-46 assigned to split train
[2025-06-25 16:26:18,605] INFO [deepethogram.data.utils.update_split:451] file Cage6-CONT-2024-12-18_22-54-46 assigned to split train
[2025-06-25 16:26:18,606] INFO [deepethogram.data.utils.update_split:451] file Cage6-CONT-2024-12-19_00-04-46 assigned to split train
[2025-06-25 16:26:18,606] INFO [deepethogram.data.utils.update_split:451] file Cage6-CONT-2024-12-19_05-14-46 assigned to split train
[2025-06-25 16:26:18,606] INFO [deepethogram.data.utils.update_split:451] file Cage6-CONT-2024-12-19_07-14-46 assigned to split train
[2025-06-25 16:26:18,606] INFO [deepethogram.data.utils.update_split:451] file Cage6-CONT-2024-12-19_20-45-14 assigned to split train
[2025-06-25 16:26:18,607] INFO [deepethogram.data.utils.update_split:451] file Cage6-CONT-2024-12-19_21-45-14 assigned to split train
[2025-06-25 16:26:18,607] INFO [deepethogram.data.utils.update_split:451] file Cage6-CONT-2024-12-20_01-05-14 assigned to split train
[2025-06-25 16:26:18,608] INFO [deepethogram.data.utils.update_split:451] file Cage6-CONT-2024-12-20_02-15-14 assigned to split train
[2025-06-25 16:26:18,608] INFO [deepethogram.data.utils.update_split:451] file Cage6-CONT-2024-12-20_03-25-14 assigned to split train
[2025-06-25 16:26:18,608] INFO [deepethogram.data.utils.update_split:451] file Cage6-CONT-2024-12-20_03-35-14 assigned to split train
[2025-06-25 16:26:18,608] INFO [deepethogram.data.utils.update_split:451] file Cage6-CONT-2024-12-20_03-55-14 assigned to split val
[2025-06-25 16:26:18,608] INFO [deepethogram.data.utils.update_split:451] file Cage6-CONT-2024-12-20_04-05-14 assigned to split train
[2025-06-25 16:26:18,608] INFO [deepethogram.data.utils.update_split:451] file Cage6-CONT-2024-12-20_04-25-14 assigned to split train
[2025-06-25 16:26:18,608] INFO [deepethogram.data.utils.update_split:451] file Cage6-CONT-2024-12-20_04-35-14 assigned to split train
[2025-06-25 16:26:18,608] INFO [deepethogram.data.utils.update_split:451] file Cage6-CONT-2024-12-20_04-45-14 assigned to split train
[2025-06-25 16:26:18,608] INFO [deepethogram.data.utils.update_split:451] file Cage6-CONT-2024-12-20_04-55-14 assigned to split train
[2025-06-25 16:26:18,608] INFO [deepethogram.data.utils.update_split:451] file Cage6-CONT-2024-12-20_05-05-14 assigned to split train
[2025-06-25 16:26:18,608] INFO [deepethogram.data.utils.update_split:451] file Cage6-CONT-2024-12-20_05-15-14 assigned to split train
[2025-06-25 16:26:18,608] INFO [deepethogram.data.utils.update_split:451] file Cage8-CONT-2024-12-13_04-07-32 assigned to split train
[2025-06-25 16:26:18,608] INFO [deepethogram.data.utils.update_split:451] file Cage8-CONT-2024-12-13_21-03-44 assigned to split train
[2025-06-25 16:26:18,608] INFO [deepethogram.data.utils.update_split:451] file Cage8-CONT-2024-12-15_22-13-49 assigned to split train
[2025-06-25 16:26:18,608] INFO [deepethogram.data.utils.update_split:451] file Cage8-CONT-2024-12-15_23-03-49 assigned to split train
[2025-06-25 16:26:18,608] INFO [deepethogram.data.utils.update_split:451] file Cage8-CONT-2024-12-16_20-03-51 assigned to split train
[2025-06-25 16:26:18,608] INFO [deepethogram.data.utils.update_split:451] file Cage8-CONT-2024-12-16_20-33-51 assigned to split train
[2025-06-25 16:26:18,612] INFO [deepethogram.data.utils.update_split:451] file Cage8-CONT-2024-12-16_21-03-51 assigned to split train
[2025-06-25 16:26:18,612] INFO [deepethogram.data.utils.update_split:451] file Cage8-CONT-2024-12-16_21-23-51 assigned to split train
[2025-06-25 16:26:18,612] INFO [deepethogram.data.utils.update_split:451] file Cage8-CONT-2024-12-16_21-33-51 assigned to split train
[2025-06-25 16:26:18,612] INFO [deepethogram.data.utils.update_split:451] file Cage8-CONT-2024-12-16_22-03-51 assigned to split train
[2025-06-25 16:26:18,612] INFO [deepethogram.data.utils.update_split:451] file Cage8-CONT-2024-12-16_22-13-51 assigned to split train
[2025-06-25 16:26:18,613] INFO [deepethogram.data.utils.update_split:451] file Cage8-CONT-2024-12-16_22-43-51 assigned to split train
[2025-06-25 16:26:18,613] INFO [deepethogram.data.utils.update_split:451] file Cage8-CONT-2024-12-16_23-13-51 assigned to split val
[2025-06-25 16:26:18,613] INFO [deepethogram.data.utils.update_split:451] file Cage8-CONT-2024-12-16_23-33-51 assigned to split train
[2025-06-25 16:26:18,614] INFO [deepethogram.data.utils.update_split:451] file Cage8-CONT-2024-12-16_23-43-51 assigned to split train
[2025-06-25 16:26:18,614] INFO [deepethogram.data.utils.update_split:451] file Cage8-CONT-2024-12-17_00-03-51 assigned to split val
[2025-06-25 16:26:18,614] INFO [deepethogram.data.utils.update_split:451] file Cage8-CONT-2024-12-17_07-03-52 assigned to split val
[2025-06-25 16:26:18,614] INFO [deepethogram.data.utils.update_split:451] file Cage8-CONT-2024-12-18_05-57-20 assigned to split train
[2025-06-25 16:26:18,615] INFO [deepethogram.data.utils.update_split:451] file Cage8-CONT-2024-12-19_05-37-23 assigned to split train
[2025-06-25 16:26:18,615] INFO [deepethogram.data.utils.update_split:451] file Cage8-CONT-2024-12-19_20-20-00 assigned to split train
[2025-06-25 16:26:18,615] INFO [deepethogram.data.utils.update_split:451] file Cage8-CONT-2024-12-20_02-00-06 assigned to split train
[2025-06-25 16:26:18,616] INFO [deepethogram.data.utils.update_split:451] file CageA-LBN-2024-07-05_20-03-20 assigned to split train
[2025-06-25 16:26:18,616] INFO [deepethogram.data.utils.update_split:451] file CageA-LBN-2024-07-05_20-33-20 assigned to split train
[2025-06-25 16:26:18,617] INFO [deepethogram.data.utils.update_split:451] file CageA-LBN-2024-07-05_20-53-20 assigned to split train
[2025-06-25 16:26:18,617] INFO [deepethogram.data.utils.update_split:451] file CageA-LBN-2024-07-05_21-23-20 assigned to split train
[2025-06-25 16:26:18,617] INFO [deepethogram.data.utils.update_split:451] file CageA-LBN-2024-07-05_21-33-20 assigned to split train
[2025-06-25 16:26:18,617] INFO [deepethogram.data.utils.update_split:451] file CageA-LBN-2024-07-05_21-43-20 assigned to split train
[2025-06-25 16:26:18,618] INFO [deepethogram.data.utils.update_split:451] file CageA-LBN-2024-07-05_22-23-20 assigned to split train
[2025-06-25 16:26:18,618] INFO [deepethogram.data.utils.update_split:451] file CageA-LBN-2024-07-05_22-33-20 assigned to split train
[2025-06-25 16:26:18,618] INFO [deepethogram.data.utils.update_split:451] file CageA-LBN-2024-07-05_22-53-20 assigned to split train
[2025-06-25 16:26:18,618] INFO [deepethogram.data.utils.update_split:451] file CageA-LBN-2024-07-05_23-23-20 assigned to split train
[2025-06-25 16:26:18,619] INFO [deepethogram.data.utils.update_split:451] file CageA-LBN-2024-07-05_23-33-20 assigned to split train
[2025-06-25 16:26:18,619] INFO [deepethogram.data.utils.update_split:451] file CageA-LBN-2024-07-05_23-53-20 assigned to split train
[2025-06-25 16:26:18,619] INFO [deepethogram.data.utils.update_split:451] file CageA-LBN-2024-07-06_04-33-20 assigned to split train
[2025-06-25 16:26:18,619] INFO [deepethogram.data.utils.update_split:451] file CageA-LBN-2024-07-06_04-43-20 assigned to split train
[2025-06-25 16:26:18,620] INFO [deepethogram.data.utils.update_split:451] file CageA-LBN-2024-07-06_04-53-20 assigned to split val
[2025-06-25 16:26:18,620] INFO [deepethogram.data.utils.update_split:451] file CageA-LBN-2024-07-06_05-03-20 assigned to split train
[2025-06-25 16:26:18,620] INFO [deepethogram.data.utils.update_split:451] file CageA-LBN-2024-07-06_05-33-20_blur assigned to split train
[2025-06-25 16:26:18,620] INFO [deepethogram.data.utils.update_split:451] file CageA-LBN-2024-07-06_05-33-20_combo123 assigned to split train
[2025-06-25 16:26:18,621] INFO [deepethogram.data.utils.update_split:451] file CageA-LBN-2024-07-06_05-33-20_combo124 assigned to split train
[2025-06-25 16:26:18,621] INFO [deepethogram.data.utils.update_split:451] file CageA-LBN-2024-07-06_05-43-20 assigned to split train
[2025-06-25 16:26:18,621] INFO [deepethogram.data.utils.update_split:451] file CageA-LBN-2024-07-06_06-13-21 assigned to split train
[2025-06-25 16:26:18,621] INFO [deepethogram.data.utils.update_split:451] file CageA-LBN-2024-07-06_06-23-21 assigned to split train
[2025-06-25 16:26:18,622] INFO [deepethogram.data.utils.update_split:451] file CageA-LBN-2024-07-06_06-43-21 assigned to split train
[2025-06-25 16:26:18,622] INFO [deepethogram.data.utils.update_split:451] file CageA-LBN-2024-07-06_06-53-21 assigned to split train
[2025-06-25 16:26:18,622] INFO [deepethogram.data.utils.update_split:451] file CageA-LBN-2024-07-06_07-13-21 assigned to split train
[2025-06-25 16:26:18,623] INFO [deepethogram.data.utils.update_split:451] file CageA-LBN-2024-07-06_07-23-21 assigned to split val
[2025-06-25 16:26:18,623] INFO [deepethogram.data.utils.update_split:451] file CageA-LBN-2024-07-06_07-33-21 assigned to split train
[2025-06-25 16:26:18,623] INFO [deepethogram.data.utils.update_split:451] file CageA-LBN-2024-07-06_22-24-42 assigned to split train
[2025-06-25 16:26:18,623] INFO [deepethogram.data.utils.update_split:451] file CageA-LBN-2024-07-06_23-04-42 assigned to split train
[2025-06-25 16:26:18,623] INFO [deepethogram.data.utils.update_split:451] file CageA-LBN-2024-07-07_05-44-43 assigned to split train
[2025-06-25 16:26:18,624] INFO [deepethogram.data.utils.update_split:451] file CageA-LBN-2024-07-07_06-54-43 assigned to split train
[2025-06-25 16:26:18,625] INFO [deepethogram.data.utils.update_split:451] file CageA-LBN-2024-07-07_20-24-49 assigned to split train
[2025-06-25 16:26:18,625] INFO [deepethogram.data.utils.update_split:451] file CageA-LBN-2024-07-07_22-54-49 assigned to split train
[2025-06-25 16:26:18,625] INFO [deepethogram.data.utils.update_split:451] file CageA-LBN-2024-07-07_23-54-50 assigned to split train
[2025-06-25 16:26:18,625] INFO [deepethogram.data.utils.update_split:451] file CageA-LBN-2024-07-07_23-54-50_blur assigned to split train
[2025-06-25 16:26:18,625] INFO [deepethogram.data.utils.update_split:451] file CageA-LBN-2024-07-07_23-54-50_combo123 assigned to split train
[2025-06-25 16:26:18,626] INFO [deepethogram.data.utils.update_split:451] file CageA-LBN-2024-07-07_23-54-50_combo124 assigned to split train
[2025-06-25 16:26:18,626] INFO [deepethogram.data.utils.update_split:451] file CageA-LBN-2024-07-07_23-54-50_combo234 assigned to split train
[2025-06-25 16:26:18,626] INFO [deepethogram.data.utils.update_split:451] file CageA-LBN-2024-07-07_23-54-50_zoom_crop assigned to split val
[2025-06-25 16:26:18,626] INFO [deepethogram.data.utils.update_split:451] file CageA-LBN-2024-07-08_05-34-50 assigned to split train
[2025-06-25 16:26:18,627] INFO [deepethogram.data.utils.update_split:451] file CageA-LBN-2024-07-08_23-14-52 assigned to split val
[2025-06-25 16:26:18,627] INFO [deepethogram.data.utils.update_split:451] file CageA-LBN-2024-07-09_05-04-53 assigned to split train
[2025-06-25 16:26:18,627] INFO [deepethogram.data.utils.update_split:451] file CageA-LBN-2024-07-09_05-24-53 assigned to split train
[2025-06-25 16:26:18,628] INFO [deepethogram.data.utils.update_split:451] file CageA-LBN-2024-07-09_21-16-36 assigned to split train
[2025-06-25 16:26:18,628] INFO [deepethogram.data.utils.update_split:451] file CageA-LBN-2024-07-09_22-26-36 assigned to split train
[2025-06-25 16:26:18,628] INFO [deepethogram.data.utils.update_split:451] file CageA-LBN-2024-07-09_23-06-36 assigned to split train
[2025-06-25 16:26:18,628] INFO [deepethogram.data.utils.update_split:451] file CageA-LBN-2024-07-10_05-26-37 assigned to split train
[2025-06-25 16:26:18,628] INFO [deepethogram.data.utils.update_split:451] file CageA-LBN-2024-07-10_06-16-37 assigned to split train
[2025-06-25 16:26:18,628] INFO [deepethogram.data.utils.update_split:451] file CageA-LBN-2024-07-10_21-36-38 assigned to split train
[2025-06-25 16:26:18,628] INFO [deepethogram.data.utils.update_split:451] file CageA-LBN-2024-07-10_22-46-39 assigned to split train
[2025-06-25 16:26:18,628] INFO [deepethogram.data.utils.update_split:451] file CageA-LBN-2024-07-12_04-06-42 assigned to split train
[2025-06-25 16:26:18,628] INFO [deepethogram.data.utils.update_split:451] file CageA-LBN-2024-07-12_04-26-42 assigned to split train
[2025-06-25 16:26:18,628] INFO [deepethogram.data.utils.update_split:451] file CageA-LBN-2024-07-12_04-56-42 assigned to split train
[2025-06-25 16:26:18,628] INFO [deepethogram.data.utils.update_split:451] file CageA-LBN-2024-07-12_05-06-42 assigned to split train
[2025-06-25 16:26:18,628] INFO [deepethogram.data.utils.update_split:451] file CageA-LBN-2024-07-12_05-16-42 assigned to split val
[2025-06-25 16:26:18,628] INFO [deepethogram.data.utils.update_split:451] file CageA-LBN-2024-07-12_05-26-42 assigned to split train
[2025-06-25 16:26:18,628] INFO [deepethogram.data.utils.update_split:451] file CageA-LBN-2024-07-12_05-46-42 assigned to split train
[2025-06-25 16:26:18,628] INFO [deepethogram.data.utils.update_split:451] file CageA-LBN-2024-07-12_05-56-42 assigned to split train
[2025-06-25 16:26:18,628] INFO [deepethogram.data.utils.update_split:451] file CageA-LBN-2024-07-12_06-06-42 assigned to split val
[2025-06-25 16:26:18,628] INFO [deepethogram.data.utils.update_split:451] file CageA-LBN-2024-07-12_06-36-42 assigned to split train
[2025-06-25 16:26:18,628] INFO [deepethogram.data.utils.update_split:451] file CageA-LBN-2024-07-12_06-46-42 assigned to split train
[2025-06-25 16:26:18,628] INFO [deepethogram.data.utils.update_split:451] file CageA-LBN-2024-07-12_06-56-42 assigned to split train
[2025-06-25 16:26:18,628] INFO [deepethogram.data.utils.update_split:451] file CageC-LBN-2024-07-06_20-04-40 assigned to split train
[2025-06-25 16:26:18,628] INFO [deepethogram.data.utils.update_split:451] file CageC-LBN-2024-07-06_20-44-40 assigned to split train
[2025-06-25 16:26:18,628] INFO [deepethogram.data.utils.update_split:451] file CageC-LBN-2024-07-06_20-54-40 assigned to split train
[2025-06-25 16:26:18,628] INFO [deepethogram.data.utils.update_split:451] file CageC-LBN-2024-07-06_21-14-40 assigned to split train
[2025-06-25 16:26:18,628] INFO [deepethogram.data.utils.update_split:451] file CageC-LBN-2024-07-06_21-24-40 assigned to split train
[2025-06-25 16:26:18,628] INFO [deepethogram.data.utils.update_split:451] file CageC-LBN-2024-07-06_22-04-40 assigned to split train
[2025-06-25 16:26:18,628] INFO [deepethogram.data.utils.update_split:451] file CageC-LBN-2024-07-06_22-14-40 assigned to split train
[2025-06-25 16:26:18,628] INFO [deepethogram.data.utils.update_split:451] file CageC-LBN-2024-07-06_22-34-40 assigned to split train
[2025-06-25 16:26:18,634] INFO [deepethogram.data.utils.update_split:451] file CageC-LBN-2024-07-06_22-44-40 assigned to split train
[2025-06-25 16:26:18,634] INFO [deepethogram.data.utils.update_split:451] file CageC-LBN-2024-07-06_23-14-40 assigned to split train
[2025-06-25 16:26:18,634] INFO [deepethogram.data.utils.update_split:451] file CageC-LBN-2024-07-06_23-24-41 assigned to split train
[2025-06-25 16:26:18,634] INFO [deepethogram.data.utils.update_split:451] file CageC-LBN-2024-07-06_23-34-41 assigned to split train
[2025-06-25 16:26:18,634] INFO [deepethogram.data.utils.update_split:451] file CageC-LBN-2024-07-06_23-34-41_blur assigned to split train
[2025-06-25 16:26:18,635] INFO [deepethogram.data.utils.update_split:451] file CageC-LBN-2024-07-06_23-34-41_bright_contrast assigned to split val
[2025-06-25 16:26:18,635] INFO [deepethogram.data.utils.update_split:451] file CageC-LBN-2024-07-06_23-34-41_combo124 assigned to split train
[2025-06-25 16:26:18,635] INFO [deepethogram.data.utils.update_split:451] file CageC-LBN-2024-07-06_23-34-41_zoom_crop assigned to split train
[2025-06-25 16:26:18,635] INFO [deepethogram.data.utils.update_split:451] file CageC-LBN-2024-07-06_23-44-41 assigned to split train
[2025-06-25 16:26:18,635] INFO [deepethogram.data.utils.update_split:451] file CageC-LBN-2024-07-06_23-54-41 assigned to split train
[2025-06-25 16:26:18,636] INFO [deepethogram.data.utils.update_split:451] file CageD-CONT-2024-07-06_20-24-39 assigned to split train
[2025-06-25 16:26:18,636] INFO [deepethogram.data.utils.update_split:451] file CageD-CONT-2024-07-06_20-34-39 assigned to split train
[2025-06-25 16:26:18,636] INFO [deepethogram.data.utils.update_split:451] file CageD-CONT-2024-07-06_20-44-39 assigned to split train
[2025-06-25 16:26:18,636] INFO [deepethogram.data.utils.update_split:451] file CageD-CONT-2024-07-06_21-04-39 assigned to split train
[2025-06-25 16:26:18,637] INFO [deepethogram.data.utils.update_split:451] file CageD-CONT-2024-07-06_21-24-39 assigned to split train
[2025-06-25 16:26:18,637] INFO [deepethogram.data.utils.update_split:451] file CageD-CONT-2024-07-06_21-44-39 assigned to split train
[2025-06-25 16:26:18,637] INFO [deepethogram.data.utils.update_split:451] file CageD-CONT-2024-07-06_21-54-40 assigned to split train
[2025-06-25 16:26:18,637] INFO [deepethogram.data.utils.update_split:451] file CageD-CONT-2024-07-06_22-04-40 assigned to split train
[2025-06-25 16:26:18,638] INFO [deepethogram.data.utils.update_split:451] file CageD-CONT-2024-07-06_22-14-40 assigned to split train
[2025-06-25 16:26:18,638] INFO [deepethogram.data.utils.update_split:451] file CageD-CONT-2024-07-06_22-24-40 assigned to split val
[2025-06-25 16:26:18,638] INFO [deepethogram.data.utils.update_split:451] file CageD-CONT-2024-07-06_22-34-40 assigned to split train
[2025-06-25 16:26:18,638] INFO [deepethogram.data.utils.update_split:451] file CageD-CONT-2024-07-06_22-44-40 assigned to split train
[2025-06-25 16:26:18,638] INFO [deepethogram.data.utils.update_split:451] file CageD-CONT-2024-07-06_23-14-40 assigned to split train
[2025-06-25 16:26:18,638] INFO [deepethogram.data.utils.update_split:451] file CageD-CONT-2024-07-06_23-24-40 assigned to split val
[2025-06-25 16:26:18,638] INFO [deepethogram.data.utils.update_split:451] file CageD-CONT-2024-07-06_23-44-40 assigned to split val
[2025-06-25 16:26:18,638] INFO [deepethogram.data.utils.update_split:451] file CageD-CONT-2024-07-07_04-04-40 assigned to split train
[2025-06-25 16:26:18,638] INFO [deepethogram.data.utils.update_split:451] file CageD-CONT-2024-07-07_04-34-40 assigned to split train
[2025-06-25 16:26:18,638] INFO [deepethogram.data.utils.update_split:451] file CageD-CONT-2024-07-07_04-44-40 assigned to split train
[2025-06-25 16:26:18,638] INFO [deepethogram.data.utils.update_split:451] file CageD-CONT-2024-07-07_04-54-40 assigned to split train
[2025-06-25 16:26:18,638] INFO [deepethogram.data.utils.update_split:451] file CageD-CONT-2024-07-07_05-04-40 assigned to split train
[2025-06-25 16:26:18,638] INFO [deepethogram.data.utils.update_split:451] file CageD-CONT-2024-07-07_05-34-40 assigned to split train
[2025-06-25 16:26:18,638] INFO [deepethogram.data.utils.update_split:451] file CageD-CONT-2024-07-07_06-34-40 assigned to split train
[2025-06-25 16:26:18,638] INFO [deepethogram.data.utils.update_split:451] file CageD-CONT-2024-07-07_06-54-40 assigned to split train
[2025-06-25 16:26:18,638] INFO [deepethogram.data.utils.update_split:451] file CageD-CONT-2024-07-07_07-24-40 assigned to split train
[2025-06-25 16:26:18,638] INFO [deepethogram.data.utils.update_split:451] file CageD-CONT-2024-07-09_20-32-15 assigned to split train
[2025-06-25 16:26:18,638] INFO [deepethogram.data.utils.update_split:451] file CageD-CONT-2024-07-09_22-02-16 assigned to split train
[2025-06-25 16:26:18,638] INFO [deepethogram.data.utils.update_split:451] file CageD-CONT-2024-07-09_22-42-16 assigned to split train
[2025-06-25 16:26:18,638] INFO [deepethogram.data.utils.update_split:451] file CageD-CONT-2024-07-10_21-32-14 assigned to split train
[2025-06-25 16:26:18,638] INFO [deepethogram.data.utils.update_split:451] file CageD-CONT-2024-07-12_06-12-15 assigned to split train
[2025-06-25 16:26:18,638] INFO [deepethogram.data.utils.update_split:451] file CageD-CONT-2024-07-13_06-22-20 assigned to split train
[2025-06-25 16:26:18,638] INFO [deepethogram.data.utils.update_split:451] file CageK1-CONT-2024-09-05_06-12-39 assigned to split train
[2025-06-25 16:26:18,638] INFO [deepethogram.data.utils.update_split:451] file CageK1-CONT-2024-09-05_06-22-39 assigned to split train
[2025-06-25 16:26:18,638] INFO [deepethogram.data.utils.update_split:451] file CageK1-CONT-2024-09-05_06-32-39 assigned to split train
[2025-06-25 16:26:18,638] INFO [deepethogram.data.utils.update_split:451] file CageK1-CONT-2024-09-05_06-42-39 assigned to split train
[2025-06-25 16:26:18,643] INFO [deepethogram.data.utils.update_split:451] file CageK1-CONT-2024-09-05_06-52-39 assigned to split val
[2025-06-25 16:26:18,643] INFO [deepethogram.data.utils.update_split:451] file CageK1-CONT-2024-09-05_07-02-39 assigned to split train
[2025-06-25 16:26:18,643] INFO [deepethogram.data.utils.update_split:451] file CageK1-CONT-2024-09-05_07-12-39 assigned to split train
[2025-06-25 16:26:18,643] INFO [deepethogram.data.utils.update_split:451] file CageK1-CONT-2024-09-05_07-22-39 assigned to split train
[2025-06-25 16:26:18,643] INFO [deepethogram.data.utils.update_split:451] file CageK1-CONT-2024-09-05_20-07-43 assigned to split train
[2025-06-25 16:26:18,643] INFO [deepethogram.data.utils.update_split:451] file CageK1-CONT-2024-09-05_20-37-43 assigned to split train
[2025-06-25 16:26:18,644] INFO [deepethogram.data.utils.update_split:451] file CageK1-CONT-2024-09-05_20-47-43 assigned to split train
[2025-06-25 16:26:18,644] INFO [deepethogram.data.utils.update_split:451] file CageK1-CONT-2024-09-05_20-57-43 assigned to split train
[2025-06-25 16:26:18,645] INFO [deepethogram.data.utils.update_split:451] file CageK1-CONT-2024-09-05_21-17-43 assigned to split train
[2025-06-25 16:26:18,645] INFO [deepethogram.data.utils.update_split:451] file CageK1-CONT-2024-09-05_21-27-43 assigned to split train
[2025-06-25 16:26:18,645] INFO [deepethogram.data.utils.update_split:451] file CageK1-CONT-2024-09-05_21-37-43 assigned to split train
[2025-06-25 16:26:18,645] INFO [deepethogram.data.utils.update_split:451] file CageK1-CONT-2024-09-06_06-17-43 assigned to split train
[2025-06-25 16:26:18,645] INFO [deepethogram.data.utils.update_split:451] file CageK1-CONT-2024-09-06_20-16-43 assigned to split train
[2025-06-25 16:26:18,645] INFO [deepethogram.data.utils.update_split:451] file CageK1-CONT-2024-09-06_20-26-43 assigned to split train
[2025-06-25 16:26:18,645] INFO [deepethogram.data.utils.update_split:451] file CageK1-CONT-2024-09-07_22-06-44 assigned to split train
[2025-06-25 16:26:18,646] INFO [deepethogram.data.utils.update_split:451] file CageK1-CONT-2024-09-09_20-16-49 assigned to split train
[2025-06-25 16:26:18,646] INFO [deepethogram.data.utils.update_split:451] file CageK1-CONT-2024-09-09_22-46-49 assigned to split train
[2025-06-25 16:26:18,646] INFO [deepethogram.data.utils.update_split:451] file CageK1-CONT-2024-09-10_00-06-49 assigned to split train
[2025-06-25 16:26:18,646] INFO [deepethogram.data.utils.update_split:451] file CageK1-CONT-2024-09-10_06-06-49 assigned to split val
[2025-06-25 16:26:18,646] INFO [deepethogram.data.utils.update_split:451] file CageK2-LBN-2024-09-16_21-25-50 assigned to split train
[2025-06-25 16:26:18,646] INFO [deepethogram.data.utils.update_split:451] file CageK2-LBN-2024-09-16_21-55-50_blur assigned to split val
[2025-06-25 16:26:18,647] INFO [deepethogram.data.utils.update_split:451] file CageK2-LBN-2024-09-16_21-55-50_bright_contrast assigned to split train
[2025-06-25 16:26:18,647] INFO [deepethogram.data.utils.update_split:451] file CageK2-LBN-2024-09-16_21-55-50_combo123 assigned to split train
[2025-06-25 16:26:18,647] INFO [deepethogram.data.utils.update_split:451] file CageK2-LBN-2024-09-16_21-55-50_zoom_crop assigned to split train
[2025-06-25 16:26:18,647] INFO [deepethogram.data.utils.update_split:451] file CageK2-LBN-2024-09-17_05-55-50_bright_contrast assigned to split train
[2025-06-25 16:26:18,647] INFO [deepethogram.data.utils.update_split:451] file CageK2-LBN-2024-09-17_05-55-50_combo123 assigned to split train
[2025-06-25 16:26:18,648] INFO [deepethogram.data.utils.update_split:451] file CageK2-LBN-2024-09-17_05-55-50_combo234 assigned to split train
[2025-06-25 16:27:16,799] INFO [deepethogram.data.utils.make_loss_weight:115] Class counts: [     0 674322 392288 243320  11032  76779 245673    409  35929  56626]
[2025-06-25 16:27:16,799] INFO [deepethogram.data.utils.make_loss_weight:116] Pos weight: [          inf    0.58101026    1.71767171    3.38151406   95.63796229
   12.88543742    3.33954891 2605.62591687   28.6726878    17.82721718]
[2025-06-25 16:27:16,799] INFO [deepethogram.data.utils.make_loss_weight:117] Pos weight, weighted: [   0.           0.5810103    1.7176718    3.381514    95.63796
   12.885437     3.3395488 2605.626       28.672688    17.827217 ]
[2025-06-25 16:27:16,799] INFO [deepethogram.data.utils.make_loss_weight:118] Softmax weight: [0.         0.00056898 0.00097805 0.00157684 0.03477851 0.00499715
 0.00156174 0.93808437 0.01067874 0.00677562]
[2025-06-25 16:27:16,799] INFO [deepethogram.data.utils.make_loss_weight:119] Softmax weight transformed: [0.         0.00056898 0.00097805 0.00157684 0.03477851 0.00499715
 0.00156174 0.93808436 0.01067874 0.00677562]
