[2025-05-28 16:49:01,391] INFO [deepethogram.gui.main.initialize_project:1021] loaded project configuration: split:
  reload: true
  file: null
  train_val_test:
  - 0.8
  - 0.2
  - 0.0
compute:
  fp16: false
  num_workers: 3
  batch_size: 8
  min_batch_size: 8
  max_batch_size: 128
  distributed: false
  gpu_id: 0
  dali: false
  metrics_workers: 0
reload:
  overwrite_cfg: false
  latest: false
notes: null
log:
  level: info
run:
  type: gui
  model: null
  dir: D:\LBN\Maternal_auto_classification_TS7_deepethogram\gui_logs\250528_164901
label_view_width: 31
control_arrow_jump: 31
vertical_arrow_jump: 3
cmap: deepethogram
unlabeled_alpha: 0.1
prediction_opacity: 0.2
postprocessor:
  type: min_bout_per_behavior
  min_bout_length: 1
augs:
  LR: 0.5
  UD: 0.0
  brightness: 0.25
  contrast: 0.1
  crop_size: null
  degrees: 10
  grayscale: 0.5
  hue: 0.1
  normalization:
    'N': 602063539200
    mean:
    - 0.4255179427333451
    - 0.4318805265255125
    - 0.36213819065404623
    std:
    - 0.21698254372191034
    - 0.2196990802354153
    - 0.21598310667194642
  pad: null
  random_resize: false
  resize:
  - 224
  - 224
  saturation: 0.1
project:
  class_names:
  - background
  - Onnest
  - Offnest
  - ABN
  - Carryingpups
  - Selfgrooming
  - Eat_drink
  - Kicking
  - Groomingpups
  - Build
  config_file: project_config.yaml
  data_path: D:\LBN\Maternal_auto_classification_TS7_deepethogram\DATA
  labeler: null
  model_path: D:\LBN\Maternal_auto_classification_TS7_deepethogram\models
  name: Maternal_auto_classification
  path: D:\LBN\Maternal_auto_classification_TS7_deepethogram
  pretrained_path: D:\LBN\Maternal_auto_classification_TS7_deepethogram\models\pretrained_models
sequence:
  filter_length: 15
train:
  loss_weight_exp: 1.0

[2025-05-28 16:49:01,397] INFO [deepethogram.gui.main.initialize_project:1022] cwd: D:\LBN\Maternal_auto_classification_TS7_deepethogram\gui_logs\250528_164901
[2025-05-28 16:49:02,316] INFO [deepethogram.gui.main.project_loaded_buttons:175] Number finalized labels: 326
[2025-05-28 16:49:03,418] INFO [deepethogram.gui.main.initialize_video:226] Record for loaded video: {'flow': None, 'label': 'D:\\LBN\\Maternal_auto_classification_train_deepethogram\\DATA\\CageK2-LBN-2024-09-18_20-55-56\\CageK2-LBN-2024-09-18_20-55-56_labels.csv', 'output': 'D:\\LBN\\Maternal_auto_classification_train_deepethogram\\DATA\\CageK2-LBN-2024-09-18_20-55-56\\CageK2-LBN-2024-09-18_20-55-56_outputs.h5', 'rgb': 'D:\\LBN\\Maternal_auto_classification_train_deepethogram\\DATA\\CageK2-LBN-2024-09-18_20-55-56\\CageK2-LBN-2024-09-18_20-55-56.mp4', 'keypoint': None, 'key': 'CageK2-LBN-2024-09-18_20-55-56'}
[2025-05-28 16:49:03,454] INFO [deepethogram.projects.import_outputfile:791] Key used to load outputfile: resnet18
[2025-05-28 16:49:04,226] INFO [deepethogram.gui.main.import_outputfile:886] CHANGING LATENT NAME TO : resnet18
[2025-05-28 16:49:22,386] INFO [deepethogram.gui.main.initialize_video:241] Copying D:/TS7/Cage 2 - LBN - 2024-12-08_20-38-34.avi to your DEG directory
[2025-05-28 16:49:29,210] INFO [deepethogram.zscore.zscore_video:151] zscoring file: D:\LBN\Maternal_auto_classification_TS7_deepethogram\DATA\Cage 2 - LBN - 2024-12-08_20-38-34\Cage 2 - LBN - 2024-12-08_20-38-34.avi
[2025-05-28 16:50:24,057] WARNING [deepethogram.zscore.get_video_statistics:104] Error reading frame 1780 from video D:\LBN\Maternal_auto_classification_TS7_deepethogram\DATA\Cage 2 - LBN - 2024-12-08_20-38-34\Cage 2 - LBN - 2024-12-08_20-38-34.avi
[2025-05-28 16:50:24,057] INFO [deepethogram.zscore.get_video_statistics:116] final stats: mean: [0.41590418 0.41591057 0.41491441] std: [0.26411334 0.26414165 0.26386663] n: 369100800
[2025-05-28 16:50:24,526] INFO [deepethogram.gui.main.initialize_video:241] Copying D:/TS7/Cage 2 - LBN - 2024-12-08_21-28-34.avi to your DEG directory
[2025-05-28 16:50:30,243] ERROR [deepethogram.gui.main.initialize_video:251] Error initializing video: 
Traceback (most recent call last):
  File "C:\Users\TeamGranon\anaconda3\envs\deg_solo\lib\site-packages\deepethogram\gui\main.py", line 242, in initialize_video
    new_loc = projects.add_video_to_project(OmegaConf.to_container(self.cfg), videofile)
  File "C:\Users\TeamGranon\anaconda3\envs\deg_solo\lib\site-packages\deepethogram\projects.py", line 152, in add_video_to_project
    shutil.copy(path_to_video, new_path)
  File "C:\Users\TeamGranon\anaconda3\envs\deg_solo\lib\shutil.py", line 248, in copy
    copyfile(src, dst, follow_symlinks=follow_symlinks)
  File "C:\Users\TeamGranon\anaconda3\envs\deg_solo\lib\shutil.py", line 122, in copyfile
    copyfileobj(fsrc, fdst)
  File "C:\Users\TeamGranon\anaconda3\envs\deg_solo\lib\shutil.py", line 79, in copyfileobj
    buf = fsrc.read(length)
KeyboardInterrupt
[2025-05-28 16:50:30,251] INFO [deepethogram.gui.main.initialize_video:241] Copying D:/TS7/Cage 2 - LBN - 2024-12-08_21-58-35.avi to your DEG directory
[2025-05-28 16:50:40,580] INFO [deepethogram.zscore.zscore_video:151] zscoring file: D:\LBN\Maternal_auto_classification_TS7_deepethogram\DATA\Cage 2 - LBN - 2024-12-08_21-58-35\Cage 2 - LBN - 2024-12-08_21-58-35.avi
