[2025-06-19 14:26:01,888] INFO [deepethogram.gui.main.initialize_project:1021] loaded project configuration: split:
  reload: true
  file: null
  train_val_test:
  - 0.9
  - 0.1
  - 0.0
compute:
  fp16: false
  num_workers: 3
  batch_size: 8
  min_batch_size: 8
  max_batch_size: 128
  distributed: false
  gpu_id: 0
  dali: false
  metrics_workers: 0
reload:
  overwrite_cfg: false
  latest: false
notes: null
log:
  level: info
run:
  type: gui
  model: null
  dir: D:\LBN\Maternal_auto_classification_train_deepethogram\gui_logs\250619_142601
label_view_width: 31
control_arrow_jump: 31
vertical_arrow_jump: 3
cmap: deepethogram
unlabeled_alpha: 0.1
prediction_opacity: 0.2
postprocessor:
  type: min_bout_per_behavior
  min_bout_length: 10
augs:
  LR: 0.5
  UD: 0.0
  brightness: 0.25
  contrast: 0.1
  crop_size: null
  degrees: 10
  grayscale: 0.5
  hue: 0.1
  normalization:
    'N': 675269913600
    mean:
    - 0.4222093413583818
    - 0.4279406932145969
    - 0.36511059715897476
    std:
    - 0.2231115239390951
    - 0.22555331806847045
    - 0.22208480446455378
  pad: null
  random_resize: false
  resize:
  - 224
  - 224
  saturation: 0.1
project:
  class_names:
  - background
  - Onnest
  - Offnest
  - ABN
  - Carryingpups
  - Selfgrooming
  - Eat_drink
  - Kicking
  - Groomingpups
  - Build
  config_file: project_config.yaml
  data_path: D:\LBN\Maternal_auto_classification_train_deepethogram\DATA
  labeler: null
  model_path: D:\LBN\Maternal_auto_classification_train_deepethogram\models
  name: Maternal_auto_classification
  path: D:\LBN\Maternal_auto_classification_train_deepethogram
  pretrained_path: D:\LBN\Maternal_auto_classification_train_deepethogram\models\pretrained_models
sequence:
  filter_length: 15
train:
  loss_weight_exp: 1.0

[2025-06-19 14:26:01,900] INFO [deepethogram.gui.main.initialize_project:1022] cwd: D:\LBN\Maternal_auto_classification_train_deepethogram\gui_logs\250619_142601
[2025-06-19 14:26:04,103] INFO [deepethogram.gui.main.project_loaded_buttons:175] Number finalized labels: 611
[2025-06-19 14:26:13,429] INFO [deepethogram.gui.main.initialize_video:226] Record for loaded video: {'flow': None, 'label': None, 'output': 'D:\\LBN\\Maternal_auto_classification_train_deepethogram\\DATA\\Cage1-LBN-2024-08-31_20-15-28\\Cage1-LBN-2024-08-31_20-15-28_outputs.h5', 'rgb': 'D:\\LBN\\Maternal_auto_classification_train_deepethogram\\DATA\\Cage1-LBN-2024-08-31_20-15-28\\Cage1-LBN-2024-08-31_20-15-28.mp4', 'keypoint': None, 'key': 'Cage1-LBN-2024-08-31_20-15-28'}
[2025-06-19 14:26:13,482] INFO [deepethogram.projects.import_outputfile:791] Key used to load outputfile: tgmj
[2025-06-19 14:26:16,122] INFO [deepethogram.gui.main.import_outputfile:886] CHANGING LATENT NAME TO : tgmj
[2025-06-19 14:27:59,008] INFO [deepethogram.gui.main.log_idle:151] User has been idle for 60.0 seconds...
[2025-06-19 14:28:04,726] INFO [deepethogram.gui.main.user_did_something:138] User restarted labeling
[2025-06-19 14:28:11,470] INFO [deepethogram.gui.main.save:800] saving...
[2025-06-19 14:28:11,478] INFO [deepethogram.gui.main.finalize:771] finalizing labels for file D:\LBN\Maternal_auto_classification_train_deepethogram\DATA\Cage1-LBN-2024-08-31_20-15-28\Cage1-LBN-2024-08-31_20-15-28.mp4
[2025-06-19 14:28:11,541] INFO [deepethogram.gui.main.initialize_video:226] Record for loaded video: {'flow': None, 'label': None, 'output': 'D:\\LBN\\Maternal_auto_classification_train_deepethogram\\DATA\\Cage1-LBN-2024-08-31_20-25-28\\Cage1-LBN-2024-08-31_20-25-28_outputs.h5', 'rgb': 'D:\\LBN\\Maternal_auto_classification_train_deepethogram\\DATA\\Cage1-LBN-2024-08-31_20-25-28\\Cage1-LBN-2024-08-31_20-25-28.mp4', 'keypoint': None, 'key': 'Cage1-LBN-2024-08-31_20-25-28'}
[2025-06-19 14:28:11,563] INFO [deepethogram.projects.import_outputfile:791] Key used to load outputfile: tgmj
[2025-06-19 14:28:12,866] INFO [deepethogram.gui.main.import_outputfile:886] CHANGING LATENT NAME TO : tgmj
[2025-06-19 14:28:56,317] INFO [deepethogram.gui.main.save:800] saving...
[2025-06-19 14:28:56,333] INFO [deepethogram.gui.main.finalize:771] finalizing labels for file D:\LBN\Maternal_auto_classification_train_deepethogram\DATA\Cage1-LBN-2024-08-31_20-25-28\Cage1-LBN-2024-08-31_20-25-28.mp4
[2025-06-19 14:28:56,383] INFO [deepethogram.gui.main.initialize_video:226] Record for loaded video: {'flow': None, 'label': None, 'output': 'D:\\LBN\\Maternal_auto_classification_train_deepethogram\\DATA\\Cage1-LBN-2024-08-31_20-35-28\\Cage1-LBN-2024-08-31_20-35-28_outputs.h5', 'rgb': 'D:\\LBN\\Maternal_auto_classification_train_deepethogram\\DATA\\Cage1-LBN-2024-08-31_20-35-28\\Cage1-LBN-2024-08-31_20-35-28.mp4', 'keypoint': None, 'key': 'Cage1-LBN-2024-08-31_20-35-28'}
[2025-06-19 14:28:56,413] INFO [deepethogram.projects.import_outputfile:791] Key used to load outputfile: tgmj
[2025-06-19 14:28:57,724] INFO [deepethogram.gui.main.import_outputfile:886] CHANGING LATENT NAME TO : tgmj
[2025-06-19 14:29:43,175] INFO [deepethogram.gui.main.save:800] saving...
[2025-06-19 14:29:43,195] INFO [deepethogram.gui.main.finalize:771] finalizing labels for file D:\LBN\Maternal_auto_classification_train_deepethogram\DATA\Cage1-LBN-2024-08-31_20-35-28\Cage1-LBN-2024-08-31_20-35-28.mp4
[2025-06-19 14:29:43,294] INFO [deepethogram.gui.main.initialize_video:226] Record for loaded video: {'flow': None, 'label': None, 'output': 'D:\\LBN\\Maternal_auto_classification_train_deepethogram\\DATA\\Cage1-LBN-2024-08-31_20-45-28\\Cage1-LBN-2024-08-31_20-45-28_outputs.h5', 'rgb': 'D:\\LBN\\Maternal_auto_classification_train_deepethogram\\DATA\\Cage1-LBN-2024-08-31_20-45-28\\Cage1-LBN-2024-08-31_20-45-28.mp4', 'keypoint': None, 'key': 'Cage1-LBN-2024-08-31_20-45-28'}
[2025-06-19 14:29:43,315] INFO [deepethogram.projects.import_outputfile:791] Key used to load outputfile: tgmj
[2025-06-19 14:29:44,628] INFO [deepethogram.gui.main.import_outputfile:886] CHANGING LATENT NAME TO : tgmj
[2025-06-19 14:30:56,250] INFO [deepethogram.gui.main.save:800] saving...
[2025-06-19 14:30:56,250] INFO [deepethogram.gui.main.finalize:771] finalizing labels for file D:\LBN\Maternal_auto_classification_train_deepethogram\DATA\Cage1-LBN-2024-08-31_20-45-28\Cage1-LBN-2024-08-31_20-45-28.mp4
[2025-06-19 14:30:56,313] INFO [deepethogram.gui.main.initialize_video:226] Record for loaded video: {'flow': None, 'label': None, 'output': 'D:\\LBN\\Maternal_auto_classification_train_deepethogram\\DATA\\Cage1-LBN-2024-08-31_20-55-28\\Cage1-LBN-2024-08-31_20-55-28_outputs.h5', 'rgb': 'D:\\LBN\\Maternal_auto_classification_train_deepethogram\\DATA\\Cage1-LBN-2024-08-31_20-55-28\\Cage1-LBN-2024-08-31_20-55-28.mp4', 'keypoint': None, 'key': 'Cage1-LBN-2024-08-31_20-55-28'}
[2025-06-19 14:30:56,344] INFO [deepethogram.projects.import_outputfile:791] Key used to load outputfile: tgmj
[2025-06-19 14:30:57,643] INFO [deepethogram.gui.main.import_outputfile:886] CHANGING LATENT NAME TO : tgmj
[2025-06-19 14:32:22,605] INFO [deepethogram.gui.main.save:800] saving...
[2025-06-19 14:32:22,616] INFO [deepethogram.gui.main.finalize:771] finalizing labels for file D:\LBN\Maternal_auto_classification_train_deepethogram\DATA\Cage1-LBN-2024-08-31_20-55-28\Cage1-LBN-2024-08-31_20-55-28.mp4
[2025-06-19 14:32:22,668] INFO [deepethogram.gui.main.initialize_video:226] Record for loaded video: {'flow': None, 'label': None, 'output': 'D:\\LBN\\Maternal_auto_classification_train_deepethogram\\DATA\\Cage1-LBN-2024-08-31_21-15-28\\Cage1-LBN-2024-08-31_21-15-28_outputs.h5', 'rgb': 'D:\\LBN\\Maternal_auto_classification_train_deepethogram\\DATA\\Cage1-LBN-2024-08-31_21-15-28\\Cage1-LBN-2024-08-31_21-15-28.mp4', 'keypoint': None, 'key': 'Cage1-LBN-2024-08-31_21-15-28'}
[2025-06-19 14:32:22,705] INFO [deepethogram.projects.import_outputfile:791] Key used to load outputfile: tgmj
[2025-06-19 14:32:24,015] INFO [deepethogram.gui.main.import_outputfile:886] CHANGING LATENT NAME TO : tgmj
[2025-06-19 14:33:46,289] INFO [deepethogram.gui.main.save:800] saving...
[2025-06-19 14:33:46,311] INFO [deepethogram.gui.main.finalize:771] finalizing labels for file D:\LBN\Maternal_auto_classification_train_deepethogram\DATA\Cage1-LBN-2024-08-31_21-15-28\Cage1-LBN-2024-08-31_21-15-28.mp4
[2025-06-19 14:33:46,410] INFO [deepethogram.gui.main.initialize_video:226] Record for loaded video: {'flow': None, 'label': None, 'output': 'D:\\LBN\\Maternal_auto_classification_train_deepethogram\\DATA\\Cage1-LBN-2024-08-31_21-35-28\\Cage1-LBN-2024-08-31_21-35-28_outputs.h5', 'rgb': 'D:\\LBN\\Maternal_auto_classification_train_deepethogram\\DATA\\Cage1-LBN-2024-08-31_21-35-28\\Cage1-LBN-2024-08-31_21-35-28.mp4', 'keypoint': None, 'key': 'Cage1-LBN-2024-08-31_21-35-28'}
[2025-06-19 14:33:46,431] INFO [deepethogram.projects.import_outputfile:791] Key used to load outputfile: tgmj
[2025-06-19 14:33:47,758] INFO [deepethogram.gui.main.import_outputfile:886] CHANGING LATENT NAME TO : tgmj
[2025-06-19 14:35:48,753] INFO [deepethogram.gui.main.save:800] saving...
[2025-06-19 14:35:48,769] INFO [deepethogram.gui.main.finalize:771] finalizing labels for file D:\LBN\Maternal_auto_classification_train_deepethogram\DATA\Cage1-LBN-2024-08-31_21-35-28\Cage1-LBN-2024-08-31_21-35-28.mp4
[2025-06-19 14:35:48,833] INFO [deepethogram.gui.main.initialize_video:226] Record for loaded video: {'flow': None, 'label': None, 'output': 'D:\\LBN\\Maternal_auto_classification_train_deepethogram\\DATA\\Cage1-LBN-2024-08-31_21-45-28\\Cage1-LBN-2024-08-31_21-45-28_outputs.h5', 'rgb': 'D:\\LBN\\Maternal_auto_classification_train_deepethogram\\DATA\\Cage1-LBN-2024-08-31_21-45-28\\Cage1-LBN-2024-08-31_21-45-28.mp4', 'keypoint': None, 'key': 'Cage1-LBN-2024-08-31_21-45-28'}
[2025-06-19 14:35:48,859] INFO [deepethogram.projects.import_outputfile:791] Key used to load outputfile: tgmj
[2025-06-19 14:35:50,143] INFO [deepethogram.gui.main.import_outputfile:886] CHANGING LATENT NAME TO : tgmj
[2025-06-19 14:36:01,955] INFO [deepethogram.gui.main.save:800] saving...
[2025-06-19 14:36:01,973] INFO [deepethogram.gui.main.finalize:771] finalizing labels for file D:\LBN\Maternal_auto_classification_train_deepethogram\DATA\Cage1-LBN-2024-08-31_21-45-28\Cage1-LBN-2024-08-31_21-45-28.mp4
[2025-06-19 14:36:02,066] INFO [deepethogram.gui.main.initialize_video:226] Record for loaded video: {'flow': None, 'label': None, 'output': 'D:\\LBN\\Maternal_auto_classification_train_deepethogram\\DATA\\Cage1-LBN-2024-08-31_21-55-28\\Cage1-LBN-2024-08-31_21-55-28_outputs.h5', 'rgb': 'D:\\LBN\\Maternal_auto_classification_train_deepethogram\\DATA\\Cage1-LBN-2024-08-31_21-55-28\\Cage1-LBN-2024-08-31_21-55-28.mp4', 'keypoint': None, 'key': 'Cage1-LBN-2024-08-31_21-55-28'}
[2025-06-19 14:36:02,098] INFO [deepethogram.projects.import_outputfile:791] Key used to load outputfile: tgmj
[2025-06-19 14:36:03,393] INFO [deepethogram.gui.main.import_outputfile:886] CHANGING LATENT NAME TO : tgmj
[2025-06-19 14:37:26,499] INFO [deepethogram.gui.main.save:800] saving...
[2025-06-19 14:37:26,506] INFO [deepethogram.gui.main.finalize:771] finalizing labels for file D:\LBN\Maternal_auto_classification_train_deepethogram\DATA\Cage1-LBN-2024-08-31_21-55-28\Cage1-LBN-2024-08-31_21-55-28.mp4
[2025-06-19 14:37:26,564] INFO [deepethogram.gui.main.initialize_video:226] Record for loaded video: {'flow': None, 'label': None, 'output': 'D:\\LBN\\Maternal_auto_classification_train_deepethogram\\DATA\\Cage1-LBN-2024-08-31_22-05-28\\Cage1-LBN-2024-08-31_22-05-28_outputs.h5', 'rgb': 'D:\\LBN\\Maternal_auto_classification_train_deepethogram\\DATA\\Cage1-LBN-2024-08-31_22-05-28\\Cage1-LBN-2024-08-31_22-05-28.mp4', 'keypoint': None, 'key': 'Cage1-LBN-2024-08-31_22-05-28'}
[2025-06-19 14:37:26,591] INFO [deepethogram.projects.import_outputfile:791] Key used to load outputfile: tgmj
[2025-06-19 14:37:27,921] INFO [deepethogram.gui.main.import_outputfile:886] CHANGING LATENT NAME TO : tgmj
[2025-06-19 14:38:39,856] INFO [deepethogram.gui.main.save:800] saving...
[2025-06-19 14:38:39,866] INFO [deepethogram.gui.main.finalize:771] finalizing labels for file D:\LBN\Maternal_auto_classification_train_deepethogram\DATA\Cage1-LBN-2024-08-31_22-05-28\Cage1-LBN-2024-08-31_22-05-28.mp4
[2025-06-19 14:38:39,920] INFO [deepethogram.gui.main.initialize_video:226] Record for loaded video: {'flow': None, 'label': None, 'output': 'D:\\LBN\\Maternal_auto_classification_train_deepethogram\\DATA\\Cage1-LBN-2024-08-31_22-15-28\\Cage1-LBN-2024-08-31_22-15-28_outputs.h5', 'rgb': 'D:\\LBN\\Maternal_auto_classification_train_deepethogram\\DATA\\Cage1-LBN-2024-08-31_22-15-28\\Cage1-LBN-2024-08-31_22-15-28.mp4', 'keypoint': None, 'key': 'Cage1-LBN-2024-08-31_22-15-28'}
[2025-06-19 14:38:39,946] INFO [deepethogram.projects.import_outputfile:791] Key used to load outputfile: tgmj
[2025-06-19 14:38:41,230] INFO [deepethogram.gui.main.import_outputfile:886] CHANGING LATENT NAME TO : tgmj
[2025-06-19 14:40:36,100] INFO [deepethogram.gui.main.save:800] saving...
[2025-06-19 14:40:36,139] INFO [deepethogram.gui.main.finalize:771] finalizing labels for file D:\LBN\Maternal_auto_classification_train_deepethogram\DATA\Cage1-LBN-2024-08-31_22-15-28\Cage1-LBN-2024-08-31_22-15-28.mp4
[2025-06-19 14:40:36,200] INFO [deepethogram.gui.main.initialize_video:226] Record for loaded video: {'flow': None, 'label': None, 'output': 'D:\\LBN\\Maternal_auto_classification_train_deepethogram\\DATA\\Cage1-LBN-2024-08-31_22-25-28\\Cage1-LBN-2024-08-31_22-25-28_outputs.h5', 'rgb': 'D:\\LBN\\Maternal_auto_classification_train_deepethogram\\DATA\\Cage1-LBN-2024-08-31_22-25-28\\Cage1-LBN-2024-08-31_22-25-28.mp4', 'keypoint': None, 'key': 'Cage1-LBN-2024-08-31_22-25-28'}
[2025-06-19 14:40:36,220] INFO [deepethogram.projects.import_outputfile:791] Key used to load outputfile: tgmj
[2025-06-19 14:40:37,550] INFO [deepethogram.gui.main.import_outputfile:886] CHANGING LATENT NAME TO : tgmj
[2025-06-19 14:43:18,422] INFO [deepethogram.gui.main.save:800] saving...
[2025-06-19 14:43:18,429] INFO [deepethogram.gui.main.finalize:771] finalizing labels for file D:\LBN\Maternal_auto_classification_train_deepethogram\DATA\Cage1-LBN-2024-08-31_22-25-28\Cage1-LBN-2024-08-31_22-25-28.mp4
[2025-06-19 14:43:18,487] INFO [deepethogram.gui.main.initialize_video:226] Record for loaded video: {'flow': None, 'label': None, 'output': 'D:\\LBN\\Maternal_auto_classification_train_deepethogram\\DATA\\Cage1-LBN-2024-08-31_22-45-28\\Cage1-LBN-2024-08-31_22-45-28_outputs.h5', 'rgb': 'D:\\LBN\\Maternal_auto_classification_train_deepethogram\\DATA\\Cage1-LBN-2024-08-31_22-45-28\\Cage1-LBN-2024-08-31_22-45-28.mp4', 'keypoint': None, 'key': 'Cage1-LBN-2024-08-31_22-45-28'}
[2025-06-19 14:43:18,507] INFO [deepethogram.projects.import_outputfile:791] Key used to load outputfile: tgmj
[2025-06-19 14:43:19,860] INFO [deepethogram.gui.main.import_outputfile:886] CHANGING LATENT NAME TO : tgmj
[2025-06-19 14:46:23,696] INFO [deepethogram.gui.main.save:800] saving...
[2025-06-19 14:46:23,706] INFO [deepethogram.gui.main.finalize:771] finalizing labels for file D:\LBN\Maternal_auto_classification_train_deepethogram\DATA\Cage1-LBN-2024-08-31_22-45-28\Cage1-LBN-2024-08-31_22-45-28.mp4
[2025-06-19 14:46:23,760] INFO [deepethogram.gui.main.initialize_video:226] Record for loaded video: {'flow': None, 'label': None, 'output': 'D:\\LBN\\Maternal_auto_classification_train_deepethogram\\DATA\\Cage1-LBN-2024-08-31_22-55-28\\Cage1-LBN-2024-08-31_22-55-28_outputs.h5', 'rgb': 'D:\\LBN\\Maternal_auto_classification_train_deepethogram\\DATA\\Cage1-LBN-2024-08-31_22-55-28\\Cage1-LBN-2024-08-31_22-55-28.mp4', 'keypoint': None, 'key': 'Cage1-LBN-2024-08-31_22-55-28'}
[2025-06-19 14:46:23,781] INFO [deepethogram.projects.import_outputfile:791] Key used to load outputfile: tgmj
[2025-06-19 14:46:25,111] INFO [deepethogram.gui.main.import_outputfile:886] CHANGING LATENT NAME TO : tgmj
[2025-06-19 14:46:37,227] INFO [deepethogram.gui.main.save:800] saving...
[2025-06-19 14:46:37,241] INFO [deepethogram.gui.main.finalize:771] finalizing labels for file D:\LBN\Maternal_auto_classification_train_deepethogram\DATA\Cage1-LBN-2024-08-31_22-55-28\Cage1-LBN-2024-08-31_22-55-28.mp4
[2025-06-19 14:46:37,306] INFO [deepethogram.gui.main.initialize_video:226] Record for loaded video: {'flow': None, 'label': None, 'output': 'D:\\LBN\\Maternal_auto_classification_train_deepethogram\\DATA\\Cage1-LBN-2024-08-31_23-05-28\\Cage1-LBN-2024-08-31_23-05-28_outputs.h5', 'rgb': 'D:\\LBN\\Maternal_auto_classification_train_deepethogram\\DATA\\Cage1-LBN-2024-08-31_23-05-28\\Cage1-LBN-2024-08-31_23-05-28.mp4', 'keypoint': None, 'key': 'Cage1-LBN-2024-08-31_23-05-28'}
[2025-06-19 14:46:37,330] INFO [deepethogram.projects.import_outputfile:791] Key used to load outputfile: tgmj
[2025-06-19 14:46:38,649] INFO [deepethogram.gui.main.import_outputfile:886] CHANGING LATENT NAME TO : tgmj
[2025-06-19 14:47:46,787] INFO [deepethogram.gui.main.save:800] saving...
[2025-06-19 14:47:46,794] INFO [deepethogram.gui.main.finalize:771] finalizing labels for file D:\LBN\Maternal_auto_classification_train_deepethogram\DATA\Cage1-LBN-2024-08-31_23-05-28\Cage1-LBN-2024-08-31_23-05-28.mp4
[2025-06-19 14:47:46,850] INFO [deepethogram.gui.main.initialize_video:226] Record for loaded video: {'flow': None, 'label': None, 'output': 'D:\\LBN\\Maternal_auto_classification_train_deepethogram\\DATA\\Cage1-LBN-2024-08-31_23-15-28\\Cage1-LBN-2024-08-31_23-15-28_outputs.h5', 'rgb': 'D:\\LBN\\Maternal_auto_classification_train_deepethogram\\DATA\\Cage1-LBN-2024-08-31_23-15-28\\Cage1-LBN-2024-08-31_23-15-28.mp4', 'keypoint': None, 'key': 'Cage1-LBN-2024-08-31_23-15-28'}
[2025-06-19 14:47:46,874] INFO [deepethogram.projects.import_outputfile:791] Key used to load outputfile: tgmj
[2025-06-19 14:47:48,187] INFO [deepethogram.gui.main.import_outputfile:886] CHANGING LATENT NAME TO : tgmj
[2025-06-19 14:49:46,673] INFO [deepethogram.gui.main.save:800] saving...
[2025-06-19 14:49:46,687] INFO [deepethogram.gui.main.finalize:771] finalizing labels for file D:\LBN\Maternal_auto_classification_train_deepethogram\DATA\Cage1-LBN-2024-08-31_23-15-28\Cage1-LBN-2024-08-31_23-15-28.mp4
[2025-06-19 14:49:46,737] INFO [deepethogram.gui.main.initialize_video:226] Record for loaded video: {'flow': None, 'label': None, 'output': 'D:\\LBN\\Maternal_auto_classification_train_deepethogram\\DATA\\Cage1-LBN-2024-08-31_23-25-28\\Cage1-LBN-2024-08-31_23-25-28_outputs.h5', 'rgb': 'D:\\LBN\\Maternal_auto_classification_train_deepethogram\\DATA\\Cage1-LBN-2024-08-31_23-25-28\\Cage1-LBN-2024-08-31_23-25-28.mp4', 'keypoint': None, 'key': 'Cage1-LBN-2024-08-31_23-25-28'}
[2025-06-19 14:49:46,768] INFO [deepethogram.projects.import_outputfile:791] Key used to load outputfile: tgmj
[2025-06-19 14:49:48,079] INFO [deepethogram.gui.main.import_outputfile:886] CHANGING LATENT NAME TO : tgmj
[2025-06-19 14:50:01,344] INFO [deepethogram.gui.main.save:800] saving...
[2025-06-19 14:50:01,359] INFO [deepethogram.gui.main.finalize:771] finalizing labels for file D:\LBN\Maternal_auto_classification_train_deepethogram\DATA\Cage1-LBN-2024-08-31_23-25-28\Cage1-LBN-2024-08-31_23-25-28.mp4
[2025-06-19 14:50:01,409] INFO [deepethogram.gui.main.initialize_video:226] Record for loaded video: {'flow': None, 'label': None, 'output': 'D:\\LBN\\Maternal_auto_classification_train_deepethogram\\DATA\\Cage1-LBN-2024-08-31_23-35-28\\Cage1-LBN-2024-08-31_23-35-28_outputs.h5', 'rgb': 'D:\\LBN\\Maternal_auto_classification_train_deepethogram\\DATA\\Cage1-LBN-2024-08-31_23-35-28\\Cage1-LBN-2024-08-31_23-35-28.mp4', 'keypoint': None, 'key': 'Cage1-LBN-2024-08-31_23-35-28'}
[2025-06-19 14:50:01,431] INFO [deepethogram.projects.import_outputfile:791] Key used to load outputfile: tgmj
[2025-06-19 14:50:02,776] INFO [deepethogram.gui.main.import_outputfile:886] CHANGING LATENT NAME TO : tgmj
[2025-06-19 14:50:10,578] INFO [deepethogram.gui.main.save:800] saving...
[2025-06-19 14:50:10,592] INFO [deepethogram.gui.main.finalize:771] finalizing labels for file D:\LBN\Maternal_auto_classification_train_deepethogram\DATA\Cage1-LBN-2024-08-31_23-35-28\Cage1-LBN-2024-08-31_23-35-28.mp4
[2025-06-19 14:50:10,643] INFO [deepethogram.gui.main.initialize_video:226] Record for loaded video: {'flow': None, 'label': None, 'output': 'D:\\LBN\\Maternal_auto_classification_train_deepethogram\\DATA\\Cage1-LBN-2024-08-31_23-45-28\\Cage1-LBN-2024-08-31_23-45-28_outputs.h5', 'rgb': 'D:\\LBN\\Maternal_auto_classification_train_deepethogram\\DATA\\Cage1-LBN-2024-08-31_23-45-28\\Cage1-LBN-2024-08-31_23-45-28.mp4', 'keypoint': None, 'key': 'Cage1-LBN-2024-08-31_23-45-28'}
[2025-06-19 14:50:10,673] INFO [deepethogram.projects.import_outputfile:791] Key used to load outputfile: tgmj
[2025-06-19 14:50:12,031] INFO [deepethogram.gui.main.import_outputfile:886] CHANGING LATENT NAME TO : tgmj
[2025-06-19 14:50:22,172] INFO [deepethogram.gui.main.save:800] saving...
[2025-06-19 14:50:22,190] INFO [deepethogram.gui.main.finalize:771] finalizing labels for file D:\LBN\Maternal_auto_classification_train_deepethogram\DATA\Cage1-LBN-2024-08-31_23-45-28\Cage1-LBN-2024-08-31_23-45-28.mp4
[2025-06-19 14:50:22,298] INFO [deepethogram.gui.main.initialize_video:226] Record for loaded video: {'flow': None, 'label': None, 'output': 'D:\\LBN\\Maternal_auto_classification_train_deepethogram\\DATA\\Cage1-LBN-2024-08-31_23-55-28\\Cage1-LBN-2024-08-31_23-55-28_outputs.h5', 'rgb': 'D:\\LBN\\Maternal_auto_classification_train_deepethogram\\DATA\\Cage1-LBN-2024-08-31_23-55-28\\Cage1-LBN-2024-08-31_23-55-28.mp4', 'keypoint': None, 'key': 'Cage1-LBN-2024-08-31_23-55-28'}
[2025-06-19 14:50:22,320] INFO [deepethogram.projects.import_outputfile:791] Key used to load outputfile: tgmj
[2025-06-19 14:50:23,656] INFO [deepethogram.gui.main.import_outputfile:886] CHANGING LATENT NAME TO : tgmj
[2025-06-19 14:50:26,328] INFO [deepethogram.projects.import_outputfile:791] Key used to load outputfile: resnet18
[2025-06-19 14:50:27,671] INFO [deepethogram.gui.main.import_outputfile:886] CHANGING LATENT NAME TO : resnet18
[2025-06-19 14:50:34,754] INFO [deepethogram.gui.main.save:800] saving...
[2025-06-19 14:50:34,760] INFO [deepethogram.gui.main.finalize:771] finalizing labels for file D:\LBN\Maternal_auto_classification_train_deepethogram\DATA\Cage1-LBN-2024-08-31_23-55-28\Cage1-LBN-2024-08-31_23-55-28.mp4
[2025-06-19 14:50:34,812] INFO [deepethogram.gui.main.initialize_video:226] Record for loaded video: {'flow': None, 'label': None, 'output': 'D:\\LBN\\Maternal_auto_classification_train_deepethogram\\DATA\\Cage1-LBN-2024-09-01_00-05-28\\Cage1-LBN-2024-09-01_00-05-28_outputs.h5', 'rgb': 'D:\\LBN\\Maternal_auto_classification_train_deepethogram\\DATA\\Cage1-LBN-2024-09-01_00-05-28\\Cage1-LBN-2024-09-01_00-05-28.mp4', 'keypoint': None, 'key': 'Cage1-LBN-2024-09-01_00-05-28'}
[2025-06-19 14:50:34,828] INFO [deepethogram.projects.import_outputfile:791] Key used to load outputfile: tgmj
[2025-06-19 14:50:36,187] INFO [deepethogram.gui.main.import_outputfile:886] CHANGING LATENT NAME TO : tgmj
[2025-06-19 14:51:04,732] INFO [deepethogram.gui.main.save:800] saving...
[2025-06-19 14:51:04,744] INFO [deepethogram.gui.main.finalize:771] finalizing labels for file D:\LBN\Maternal_auto_classification_train_deepethogram\DATA\Cage1-LBN-2024-09-01_00-05-28\Cage1-LBN-2024-09-01_00-05-28.mp4
[2025-06-19 14:51:04,796] INFO [deepethogram.gui.main.initialize_video:226] Record for loaded video: {'flow': None, 'label': None, 'output': 'D:\\LBN\\Maternal_auto_classification_train_deepethogram\\DATA\\Cage1-LBN-2024-09-01_00-15-28\\Cage1-LBN-2024-09-01_00-15-28_outputs.h5', 'rgb': 'D:\\LBN\\Maternal_auto_classification_train_deepethogram\\DATA\\Cage1-LBN-2024-09-01_00-15-28\\Cage1-LBN-2024-09-01_00-15-28.mp4', 'keypoint': None, 'key': 'Cage1-LBN-2024-09-01_00-15-28'}
[2025-06-19 14:51:04,826] INFO [deepethogram.projects.import_outputfile:791] Key used to load outputfile: tgmj
[2025-06-19 14:51:06,141] INFO [deepethogram.gui.main.import_outputfile:886] CHANGING LATENT NAME TO : tgmj
[2025-06-19 14:51:17,747] INFO [deepethogram.gui.main.save:800] saving...
[2025-06-19 14:51:17,760] INFO [deepethogram.gui.main.finalize:771] finalizing labels for file D:\LBN\Maternal_auto_classification_train_deepethogram\DATA\Cage1-LBN-2024-09-01_00-15-28\Cage1-LBN-2024-09-01_00-15-28.mp4
[2025-06-19 14:51:17,857] INFO [deepethogram.gui.main.initialize_video:226] Record for loaded video: {'flow': None, 'label': None, 'output': 'D:\\LBN\\Maternal_auto_classification_train_deepethogram\\DATA\\Cage1-LBN-2024-09-01_04-15-28\\Cage1-LBN-2024-09-01_04-15-28_outputs.h5', 'rgb': 'D:\\LBN\\Maternal_auto_classification_train_deepethogram\\DATA\\Cage1-LBN-2024-09-01_04-15-28\\Cage1-LBN-2024-09-01_04-15-28.mp4', 'keypoint': None, 'key': 'Cage1-LBN-2024-09-01_04-15-28'}
[2025-06-19 14:51:17,879] INFO [deepethogram.projects.import_outputfile:791] Key used to load outputfile: tgmj
[2025-06-19 14:51:19,216] INFO [deepethogram.gui.main.import_outputfile:886] CHANGING LATENT NAME TO : tgmj
[2025-06-19 14:51:35,059] INFO [deepethogram.gui.main.save:800] saving...
[2025-06-19 14:51:35,081] INFO [deepethogram.gui.main.finalize:771] finalizing labels for file D:\LBN\Maternal_auto_classification_train_deepethogram\DATA\Cage1-LBN-2024-09-01_04-15-28\Cage1-LBN-2024-09-01_04-15-28.mp4
[2025-06-19 14:51:35,149] INFO [deepethogram.gui.main.initialize_video:226] Record for loaded video: {'flow': None, 'label': None, 'output': 'D:\\LBN\\Maternal_auto_classification_train_deepethogram\\DATA\\Cage1-LBN-2024-09-01_04-25-28\\Cage1-LBN-2024-09-01_04-25-28_outputs.h5', 'rgb': 'D:\\LBN\\Maternal_auto_classification_train_deepethogram\\DATA\\Cage1-LBN-2024-09-01_04-25-28\\Cage1-LBN-2024-09-01_04-25-28.mp4', 'keypoint': None, 'key': 'Cage1-LBN-2024-09-01_04-25-28'}
[2025-06-19 14:51:35,171] INFO [deepethogram.projects.import_outputfile:791] Key used to load outputfile: tgmj
[2025-06-19 14:51:36,521] INFO [deepethogram.gui.main.import_outputfile:886] CHANGING LATENT NAME TO : tgmj
[2025-06-19 14:51:49,262] INFO [deepethogram.gui.main.save:800] saving...
[2025-06-19 14:51:49,278] INFO [deepethogram.gui.main.finalize:771] finalizing labels for file D:\LBN\Maternal_auto_classification_train_deepethogram\DATA\Cage1-LBN-2024-09-01_04-25-28\Cage1-LBN-2024-09-01_04-25-28.mp4
[2025-06-19 14:51:49,380] INFO [deepethogram.gui.main.initialize_video:226] Record for loaded video: {'flow': None, 'label': None, 'output': 'D:\\LBN\\Maternal_auto_classification_train_deepethogram\\DATA\\Cage1-LBN-2024-09-01_04-35-28\\Cage1-LBN-2024-09-01_04-35-28_outputs.h5', 'rgb': 'D:\\LBN\\Maternal_auto_classification_train_deepethogram\\DATA\\Cage1-LBN-2024-09-01_04-35-28\\Cage1-LBN-2024-09-01_04-35-28.mp4', 'keypoint': None, 'key': 'Cage1-LBN-2024-09-01_04-35-28'}
[2025-06-19 14:51:49,387] INFO [deepethogram.projects.import_outputfile:791] Key used to load outputfile: tgmj
[2025-06-19 14:51:50,730] INFO [deepethogram.gui.main.import_outputfile:886] CHANGING LATENT NAME TO : tgmj
[2025-06-19 14:53:20,462] INFO [deepethogram.gui.main.save:800] saving...
[2025-06-19 14:53:20,471] INFO [deepethogram.gui.main.finalize:771] finalizing labels for file D:\LBN\Maternal_auto_classification_train_deepethogram\DATA\Cage1-LBN-2024-09-01_04-35-28\Cage1-LBN-2024-09-01_04-35-28.mp4
[2025-06-19 14:53:20,527] INFO [deepethogram.gui.main.initialize_video:226] Record for loaded video: {'flow': None, 'label': None, 'output': 'D:\\LBN\\Maternal_auto_classification_train_deepethogram\\DATA\\Cage1-LBN-2024-09-01_04-45-28\\Cage1-LBN-2024-09-01_04-45-28_outputs.h5', 'rgb': 'D:\\LBN\\Maternal_auto_classification_train_deepethogram\\DATA\\Cage1-LBN-2024-09-01_04-45-28\\Cage1-LBN-2024-09-01_04-45-28.mp4', 'keypoint': None, 'key': 'Cage1-LBN-2024-09-01_04-45-28'}
[2025-06-19 14:53:20,549] INFO [deepethogram.projects.import_outputfile:791] Key used to load outputfile: tgmj
[2025-06-19 14:53:21,948] INFO [deepethogram.gui.main.import_outputfile:886] CHANGING LATENT NAME TO : tgmj
[2025-06-19 14:53:40,414] INFO [deepethogram.gui.main.save:800] saving...
[2025-06-19 14:53:40,431] INFO [deepethogram.gui.main.finalize:771] finalizing labels for file D:\LBN\Maternal_auto_classification_train_deepethogram\DATA\Cage1-LBN-2024-09-01_04-45-28\Cage1-LBN-2024-09-01_04-45-28.mp4
[2025-06-19 14:53:40,540] INFO [deepethogram.gui.main.initialize_video:226] Record for loaded video: {'flow': None, 'label': None, 'output': 'D:\\LBN\\Maternal_auto_classification_train_deepethogram\\DATA\\Cage1-LBN-2024-09-01_04-55-28\\Cage1-LBN-2024-09-01_04-55-28_outputs.h5', 'rgb': 'D:\\LBN\\Maternal_auto_classification_train_deepethogram\\DATA\\Cage1-LBN-2024-09-01_04-55-28\\Cage1-LBN-2024-09-01_04-55-28.mp4', 'keypoint': None, 'key': 'Cage1-LBN-2024-09-01_04-55-28'}
[2025-06-19 14:53:40,571] INFO [deepethogram.projects.import_outputfile:791] Key used to load outputfile: tgmj
[2025-06-19 14:53:41,884] INFO [deepethogram.gui.main.import_outputfile:886] CHANGING LATENT NAME TO : tgmj
[2025-06-19 14:56:37,642] INFO [deepethogram.gui.main.save:800] saving...
[2025-06-19 14:56:37,682] INFO [deepethogram.gui.main.finalize:771] finalizing labels for file D:\LBN\Maternal_auto_classification_train_deepethogram\DATA\Cage1-LBN-2024-09-01_04-55-28\Cage1-LBN-2024-09-01_04-55-28.mp4
[2025-06-19 14:56:37,738] INFO [deepethogram.gui.main.initialize_video:226] Record for loaded video: {'flow': None, 'label': None, 'output': 'D:\\LBN\\Maternal_auto_classification_train_deepethogram\\DATA\\Cage1-LBN-2024-09-01_05-05-28\\Cage1-LBN-2024-09-01_05-05-28_outputs.h5', 'rgb': 'D:\\LBN\\Maternal_auto_classification_train_deepethogram\\DATA\\Cage1-LBN-2024-09-01_05-05-28\\Cage1-LBN-2024-09-01_05-05-28.mp4', 'keypoint': None, 'key': 'Cage1-LBN-2024-09-01_05-05-28'}
[2025-06-19 14:56:37,772] INFO [deepethogram.projects.import_outputfile:791] Key used to load outputfile: tgmj
[2025-06-19 14:56:39,119] INFO [deepethogram.gui.main.import_outputfile:886] CHANGING LATENT NAME TO : tgmj
[2025-06-19 14:56:49,782] INFO [deepethogram.gui.main.save:800] saving...
[2025-06-19 14:56:49,803] INFO [deepethogram.gui.main.finalize:771] finalizing labels for file D:\LBN\Maternal_auto_classification_train_deepethogram\DATA\Cage1-LBN-2024-09-01_05-05-28\Cage1-LBN-2024-09-01_05-05-28.mp4
[2025-06-19 14:56:49,894] INFO [deepethogram.gui.main.initialize_video:226] Record for loaded video: {'flow': None, 'label': None, 'output': 'D:\\LBN\\Maternal_auto_classification_train_deepethogram\\DATA\\Cage1-LBN-2024-09-01_05-15-28\\Cage1-LBN-2024-09-01_05-15-28_outputs.h5', 'rgb': 'D:\\LBN\\Maternal_auto_classification_train_deepethogram\\DATA\\Cage1-LBN-2024-09-01_05-15-28\\Cage1-LBN-2024-09-01_05-15-28.mp4', 'keypoint': None, 'key': 'Cage1-LBN-2024-09-01_05-15-28'}
[2025-06-19 14:56:49,914] INFO [deepethogram.projects.import_outputfile:791] Key used to load outputfile: tgmj
[2025-06-19 14:56:51,284] INFO [deepethogram.gui.main.import_outputfile:886] CHANGING LATENT NAME TO : tgmj
[2025-06-19 14:57:30,952] INFO [deepethogram.gui.main.save:800] saving...
[2025-06-19 14:57:30,971] INFO [deepethogram.gui.main.finalize:771] finalizing labels for file D:\LBN\Maternal_auto_classification_train_deepethogram\DATA\Cage1-LBN-2024-09-01_05-15-28\Cage1-LBN-2024-09-01_05-15-28.mp4
[2025-06-19 14:57:31,032] INFO [deepethogram.gui.main.initialize_video:226] Record for loaded video: {'flow': None, 'label': None, 'output': 'D:\\LBN\\Maternal_auto_classification_train_deepethogram\\DATA\\Cage1-LBN-2024-09-01_05-25-28\\Cage1-LBN-2024-09-01_05-25-28_outputs.h5', 'rgb': 'D:\\LBN\\Maternal_auto_classification_train_deepethogram\\DATA\\Cage1-LBN-2024-09-01_05-25-28\\Cage1-LBN-2024-09-01_05-25-28.mp4', 'keypoint': None, 'key': 'Cage1-LBN-2024-09-01_05-25-28'}
[2025-06-19 14:57:31,054] INFO [deepethogram.projects.import_outputfile:791] Key used to load outputfile: tgmj
[2025-06-19 14:57:32,390] INFO [deepethogram.gui.main.import_outputfile:886] CHANGING LATENT NAME TO : tgmj
[2025-06-19 15:00:56,211] INFO [deepethogram.gui.main.save:800] saving...
[2025-06-19 15:00:56,224] INFO [deepethogram.gui.main.finalize:771] finalizing labels for file D:\LBN\Maternal_auto_classification_train_deepethogram\DATA\Cage1-LBN-2024-09-01_05-25-28\Cage1-LBN-2024-09-01_05-25-28.mp4
[2025-06-19 15:00:56,339] INFO [deepethogram.gui.main.initialize_video:226] Record for loaded video: {'flow': None, 'label': None, 'output': 'D:\\LBN\\Maternal_auto_classification_train_deepethogram\\DATA\\Cage1-LBN-2024-09-01_05-35-28\\Cage1-LBN-2024-09-01_05-35-28_outputs.h5', 'rgb': 'D:\\LBN\\Maternal_auto_classification_train_deepethogram\\DATA\\Cage1-LBN-2024-09-01_05-35-28\\Cage1-LBN-2024-09-01_05-35-28.mp4', 'keypoint': None, 'key': 'Cage1-LBN-2024-09-01_05-35-28'}
[2025-06-19 15:00:56,361] INFO [deepethogram.projects.import_outputfile:791] Key used to load outputfile: tgmj
[2025-06-19 15:00:57,696] INFO [deepethogram.gui.main.import_outputfile:886] CHANGING LATENT NAME TO : tgmj
[2025-06-19 15:01:13,132] INFO [deepethogram.gui.main.save:800] saving...
[2025-06-19 15:01:13,154] INFO [deepethogram.gui.main.finalize:771] finalizing labels for file D:\LBN\Maternal_auto_classification_train_deepethogram\DATA\Cage1-LBN-2024-09-01_05-35-28\Cage1-LBN-2024-09-01_05-35-28.mp4
[2025-06-19 15:01:13,259] INFO [deepethogram.gui.main.initialize_video:226] Record for loaded video: {'flow': None, 'label': None, 'output': 'D:\\LBN\\Maternal_auto_classification_train_deepethogram\\DATA\\Cage1-LBN-2024-09-01_05-45-28\\Cage1-LBN-2024-09-01_05-45-28_outputs.h5', 'rgb': 'D:\\LBN\\Maternal_auto_classification_train_deepethogram\\DATA\\Cage1-LBN-2024-09-01_05-45-28\\Cage1-LBN-2024-09-01_05-45-28.mp4', 'keypoint': None, 'key': 'Cage1-LBN-2024-09-01_05-45-28'}
[2025-06-19 15:01:13,280] INFO [deepethogram.projects.import_outputfile:791] Key used to load outputfile: tgmj
[2025-06-19 15:01:14,626] INFO [deepethogram.gui.main.import_outputfile:886] CHANGING LATENT NAME TO : tgmj
[2025-06-19 15:02:18,224] INFO [deepethogram.gui.main.save:800] saving...
[2025-06-19 15:02:18,232] INFO [deepethogram.gui.main.finalize:771] finalizing labels for file D:\LBN\Maternal_auto_classification_train_deepethogram\DATA\Cage1-LBN-2024-09-01_05-45-28\Cage1-LBN-2024-09-01_05-45-28.mp4
[2025-06-19 15:02:18,290] INFO [deepethogram.gui.main.initialize_video:226] Record for loaded video: {'flow': None, 'label': None, 'output': 'D:\\LBN\\Maternal_auto_classification_train_deepethogram\\DATA\\Cage1-LBN-2024-09-01_05-55-28\\Cage1-LBN-2024-09-01_05-55-28_outputs.h5', 'rgb': 'D:\\LBN\\Maternal_auto_classification_train_deepethogram\\DATA\\Cage1-LBN-2024-09-01_05-55-28\\Cage1-LBN-2024-09-01_05-55-28.mp4', 'keypoint': None, 'key': 'Cage1-LBN-2024-09-01_05-55-28'}
[2025-06-19 15:02:18,311] INFO [deepethogram.projects.import_outputfile:791] Key used to load outputfile: tgmj
[2025-06-19 15:02:19,674] INFO [deepethogram.gui.main.import_outputfile:886] CHANGING LATENT NAME TO : tgmj
[2025-06-19 15:04:25,172] INFO [deepethogram.gui.main.save:800] saving...
[2025-06-19 15:04:25,191] INFO [deepethogram.gui.main.finalize:771] finalizing labels for file D:\LBN\Maternal_auto_classification_train_deepethogram\DATA\Cage1-LBN-2024-09-01_05-55-28\Cage1-LBN-2024-09-01_05-55-28.mp4
[2025-06-19 15:04:25,247] INFO [deepethogram.gui.main.initialize_video:226] Record for loaded video: {'flow': None, 'label': None, 'output': 'D:\\LBN\\Maternal_auto_classification_train_deepethogram\\DATA\\Cage1-LBN-2024-09-01_06-05-28\\Cage1-LBN-2024-09-01_06-05-28_outputs.h5', 'rgb': 'D:\\LBN\\Maternal_auto_classification_train_deepethogram\\DATA\\Cage1-LBN-2024-09-01_06-05-28\\Cage1-LBN-2024-09-01_06-05-28.mp4', 'keypoint': None, 'key': 'Cage1-LBN-2024-09-01_06-05-28'}
[2025-06-19 15:04:25,274] INFO [deepethogram.projects.import_outputfile:791] Key used to load outputfile: tgmj
[2025-06-19 15:04:26,612] INFO [deepethogram.gui.main.import_outputfile:886] CHANGING LATENT NAME TO : tgmj
[2025-06-19 15:04:37,078] INFO [deepethogram.gui.main.save:800] saving...
[2025-06-19 15:04:37,095] INFO [deepethogram.gui.main.finalize:771] finalizing labels for file D:\LBN\Maternal_auto_classification_train_deepethogram\DATA\Cage1-LBN-2024-09-01_06-05-28\Cage1-LBN-2024-09-01_06-05-28.mp4
[2025-06-19 15:04:37,142] INFO [deepethogram.gui.main.initialize_video:226] Record for loaded video: {'flow': None, 'label': None, 'output': 'D:\\LBN\\Maternal_auto_classification_train_deepethogram\\DATA\\Cage1-LBN-2024-09-01_06-15-28\\Cage1-LBN-2024-09-01_06-15-28_outputs.h5', 'rgb': 'D:\\LBN\\Maternal_auto_classification_train_deepethogram\\DATA\\Cage1-LBN-2024-09-01_06-15-28\\Cage1-LBN-2024-09-01_06-15-28.mp4', 'keypoint': None, 'key': 'Cage1-LBN-2024-09-01_06-15-28'}
[2025-06-19 15:04:37,163] INFO [deepethogram.projects.import_outputfile:791] Key used to load outputfile: tgmj
[2025-06-19 15:04:38,497] INFO [deepethogram.gui.main.import_outputfile:886] CHANGING LATENT NAME TO : tgmj
[2025-06-19 15:04:46,734] INFO [deepethogram.gui.main.save:800] saving...
[2025-06-19 15:04:46,754] INFO [deepethogram.gui.main.finalize:771] finalizing labels for file D:\LBN\Maternal_auto_classification_train_deepethogram\DATA\Cage1-LBN-2024-09-01_06-15-28\Cage1-LBN-2024-09-01_06-15-28.mp4
[2025-06-19 15:04:46,860] INFO [deepethogram.gui.main.initialize_video:226] Record for loaded video: {'flow': None, 'label': None, 'output': 'D:\\LBN\\Maternal_auto_classification_train_deepethogram\\DATA\\Cage1-LBN-2024-09-01_06-25-28\\Cage1-LBN-2024-09-01_06-25-28_outputs.h5', 'rgb': 'D:\\LBN\\Maternal_auto_classification_train_deepethogram\\DATA\\Cage1-LBN-2024-09-01_06-25-28\\Cage1-LBN-2024-09-01_06-25-28.mp4', 'keypoint': None, 'key': 'Cage1-LBN-2024-09-01_06-25-28'}
[2025-06-19 15:04:46,882] INFO [deepethogram.projects.import_outputfile:791] Key used to load outputfile: tgmj
[2025-06-19 15:04:48,218] INFO [deepethogram.gui.main.import_outputfile:886] CHANGING LATENT NAME TO : tgmj
[2025-06-19 15:07:03,636] INFO [deepethogram.gui.main.save:800] saving...
[2025-06-19 15:07:03,636] INFO [deepethogram.gui.main.finalize:771] finalizing labels for file D:\LBN\Maternal_auto_classification_train_deepethogram\DATA\Cage1-LBN-2024-09-01_06-25-28\Cage1-LBN-2024-09-01_06-25-28.mp4
[2025-06-19 15:07:03,700] INFO [deepethogram.gui.main.initialize_video:226] Record for loaded video: {'flow': None, 'label': None, 'output': 'D:\\LBN\\Maternal_auto_classification_train_deepethogram\\DATA\\Cage1-LBN-2024-09-01_06-35-28\\Cage1-LBN-2024-09-01_06-35-28_outputs.h5', 'rgb': 'D:\\LBN\\Maternal_auto_classification_train_deepethogram\\DATA\\Cage1-LBN-2024-09-01_06-35-28\\Cage1-LBN-2024-09-01_06-35-28.mp4', 'keypoint': None, 'key': 'Cage1-LBN-2024-09-01_06-35-28'}
[2025-06-19 15:07:03,722] INFO [deepethogram.projects.import_outputfile:791] Key used to load outputfile: tgmj
[2025-06-19 15:07:05,057] INFO [deepethogram.gui.main.import_outputfile:886] CHANGING LATENT NAME TO : tgmj
[2025-06-19 15:07:15,447] INFO [deepethogram.gui.main.save:800] saving...
[2025-06-19 15:07:15,463] INFO [deepethogram.gui.main.finalize:771] finalizing labels for file D:\LBN\Maternal_auto_classification_train_deepethogram\DATA\Cage1-LBN-2024-09-01_06-35-28\Cage1-LBN-2024-09-01_06-35-28.mp4
[2025-06-19 15:07:15,575] INFO [deepethogram.gui.main.initialize_video:226] Record for loaded video: {'flow': None, 'label': None, 'output': 'D:\\LBN\\Maternal_auto_classification_train_deepethogram\\DATA\\Cage1-LBN-2024-09-01_06-45-28\\Cage1-LBN-2024-09-01_06-45-28_outputs.h5', 'rgb': 'D:\\LBN\\Maternal_auto_classification_train_deepethogram\\DATA\\Cage1-LBN-2024-09-01_06-45-28\\Cage1-LBN-2024-09-01_06-45-28.mp4', 'keypoint': None, 'key': 'Cage1-LBN-2024-09-01_06-45-28'}
[2025-06-19 15:07:15,648] INFO [deepethogram.projects.import_outputfile:791] Key used to load outputfile: tgmj
[2025-06-19 15:07:17,119] INFO [deepethogram.gui.main.import_outputfile:886] CHANGING LATENT NAME TO : tgmj
[2025-06-19 15:07:36,165] INFO [deepethogram.gui.main.save:800] saving...
[2025-06-19 15:07:36,166] INFO [deepethogram.gui.main.finalize:771] finalizing labels for file D:\LBN\Maternal_auto_classification_train_deepethogram\DATA\Cage1-LBN-2024-09-01_06-45-28\Cage1-LBN-2024-09-01_06-45-28.mp4
[2025-06-19 15:07:36,230] INFO [deepethogram.gui.main.initialize_video:226] Record for loaded video: {'flow': None, 'label': None, 'output': 'D:\\LBN\\Maternal_auto_classification_train_deepethogram\\DATA\\Cage1-LBN-2024-09-01_06-55-28\\Cage1-LBN-2024-09-01_06-55-28_outputs.h5', 'rgb': 'D:\\LBN\\Maternal_auto_classification_train_deepethogram\\DATA\\Cage1-LBN-2024-09-01_06-55-28\\Cage1-LBN-2024-09-01_06-55-28.mp4', 'keypoint': None, 'key': 'Cage1-LBN-2024-09-01_06-55-28'}
[2025-06-19 15:07:36,252] INFO [deepethogram.projects.import_outputfile:791] Key used to load outputfile: tgmj
[2025-06-19 15:07:37,730] INFO [deepethogram.gui.main.import_outputfile:886] CHANGING LATENT NAME TO : tgmj
[2025-06-19 15:07:45,040] INFO [deepethogram.gui.main.save:800] saving...
[2025-06-19 15:07:45,066] INFO [deepethogram.gui.main.finalize:771] finalizing labels for file D:\LBN\Maternal_auto_classification_train_deepethogram\DATA\Cage1-LBN-2024-09-01_06-55-28\Cage1-LBN-2024-09-01_06-55-28.mp4
[2025-06-19 15:07:45,119] INFO [deepethogram.gui.main.initialize_video:226] Record for loaded video: {'flow': None, 'label': None, 'output': 'D:\\LBN\\Maternal_auto_classification_train_deepethogram\\DATA\\Cage1-LBN-2024-09-01_07-05-28\\Cage1-LBN-2024-09-01_07-05-28_outputs.h5', 'rgb': 'D:\\LBN\\Maternal_auto_classification_train_deepethogram\\DATA\\Cage1-LBN-2024-09-01_07-05-28\\Cage1-LBN-2024-09-01_07-05-28.mp4', 'keypoint': None, 'key': 'Cage1-LBN-2024-09-01_07-05-28'}
[2025-06-19 15:07:45,156] INFO [deepethogram.projects.import_outputfile:791] Key used to load outputfile: tgmj
[2025-06-19 15:07:46,634] INFO [deepethogram.gui.main.import_outputfile:886] CHANGING LATENT NAME TO : tgmj
[2025-06-19 15:07:54,477] INFO [deepethogram.gui.main.save:800] saving...
[2025-06-19 15:07:54,477] INFO [deepethogram.gui.main.finalize:771] finalizing labels for file D:\LBN\Maternal_auto_classification_train_deepethogram\DATA\Cage1-LBN-2024-09-01_07-05-28\Cage1-LBN-2024-09-01_07-05-28.mp4
[2025-06-19 15:07:54,541] INFO [deepethogram.gui.main.initialize_video:226] Record for loaded video: {'flow': None, 'label': None, 'output': 'D:\\LBN\\Maternal_auto_classification_train_deepethogram\\DATA\\Cage1-LBN-2024-09-01_07-15-28\\Cage1-LBN-2024-09-01_07-15-28_outputs.h5', 'rgb': 'D:\\LBN\\Maternal_auto_classification_train_deepethogram\\DATA\\Cage1-LBN-2024-09-01_07-15-28\\Cage1-LBN-2024-09-01_07-15-28.mp4', 'keypoint': None, 'key': 'Cage1-LBN-2024-09-01_07-15-28'}
[2025-06-19 15:07:54,563] INFO [deepethogram.projects.import_outputfile:791] Key used to load outputfile: tgmj
[2025-06-19 15:07:56,055] INFO [deepethogram.gui.main.import_outputfile:886] CHANGING LATENT NAME TO : tgmj
[2025-06-19 15:08:02,883] INFO [deepethogram.gui.main.save:800] saving...
[2025-06-19 15:08:02,883] INFO [deepethogram.gui.main.finalize:771] finalizing labels for file D:\LBN\Maternal_auto_classification_train_deepethogram\DATA\Cage1-LBN-2024-09-01_07-15-28\Cage1-LBN-2024-09-01_07-15-28.mp4
[2025-06-19 15:08:02,978] INFO [deepethogram.gui.main.initialize_video:226] Record for loaded video: {'flow': None, 'label': None, 'output': 'D:\\LBN\\Maternal_auto_classification_train_deepethogram\\DATA\\Cage1-LBN-2024-09-01_07-25-28\\Cage1-LBN-2024-09-01_07-25-28_outputs.h5', 'rgb': 'D:\\LBN\\Maternal_auto_classification_train_deepethogram\\DATA\\Cage1-LBN-2024-09-01_07-25-28\\Cage1-LBN-2024-09-01_07-25-28.mp4', 'keypoint': None, 'key': 'Cage1-LBN-2024-09-01_07-25-28'}
[2025-06-19 15:08:03,000] INFO [deepethogram.projects.import_outputfile:791] Key used to load outputfile: tgmj
[2025-06-19 15:08:04,495] INFO [deepethogram.gui.main.import_outputfile:886] CHANGING LATENT NAME TO : tgmj
[2025-06-19 15:08:10,320] INFO [deepethogram.gui.main.save:800] saving...
[2025-06-19 15:08:10,336] INFO [deepethogram.gui.main.finalize:771] finalizing labels for file D:\LBN\Maternal_auto_classification_train_deepethogram\DATA\Cage1-LBN-2024-09-01_07-25-28\Cage1-LBN-2024-09-01_07-25-28.mp4
[2025-06-19 15:08:10,539] INFO [deepethogram.gui.main.initialize_video:226] Record for loaded video: {'flow': None, 'label': None, 'output': 'D:\\LBN\\Maternal_auto_classification_train_deepethogram\\DATA\\Cage1-LBN-2024-09-01_07-35-28\\Cage1-LBN-2024-09-01_07-35-28_outputs.h5', 'rgb': 'D:\\LBN\\Maternal_auto_classification_train_deepethogram\\DATA\\Cage1-LBN-2024-09-01_07-35-28\\Cage1-LBN-2024-09-01_07-35-28.mp4', 'keypoint': None, 'key': 'Cage1-LBN-2024-09-01_07-35-28'}
[2025-06-19 15:08:10,576] INFO [deepethogram.projects.import_outputfile:791] Key used to load outputfile: tgmj
[2025-06-19 15:08:12,070] INFO [deepethogram.gui.main.import_outputfile:886] CHANGING LATENT NAME TO : tgmj
