[2025-06-27 15:19:43,148] INFO [deepethogram.gui.main.initialize_project:1021] loaded project configuration: split:
  reload: true
  file: null
  train_val_test:
  - 0.9
  - 0.1
  - 0.0
compute:
  fp16: false
  num_workers: 3
  batch_size: 8
  min_batch_size: 8
  max_batch_size: 128
  distributed: false
  gpu_id: 0
  dali: false
  metrics_workers: 0
reload:
  overwrite_cfg: false
  latest: false
notes: null
log:
  level: info
run:
  type: gui
  model: null
  dir: D:\LBN\Maternal_auto_classification_train_deepethogram\gui_logs\250627_151943
label_view_width: 31
control_arrow_jump: 31
vertical_arrow_jump: 3
cmap: deepethogram
unlabeled_alpha: 0.1
prediction_opacity: 0.2
postprocessor:
  type: min_bout_per_behavior
  min_bout_length: 10
augs:
  LR: 0.5
  UD: 0.0
  brightness: 0.25
  contrast: 0.1
  crop_size: null
  degrees: 10
  grayscale: 0.5
  hue: 0.1
  normalization:
    'N': 694834329600
    mean:
    - 0.4213915600330549
    - 0.426960783932345
    - 0.365874038370559
    std:
    - 0.224414912593986
    - 0.2267886049471975
    - 0.22340896343317201
  pad: null
  random_resize: false
  resize:
  - 224
  - 224
  saturation: 0.1
project:
  class_names:
  - background
  - Onnest
  - Offnest
  - ABN
  - Carryingpups
  - Selfgrooming
  - Eat_drink
  - Kicking
  - Groomingpups
  - Build
  config_file: project_config.yaml
  data_path: D:\LBN\Maternal_auto_classification_train_deepethogram\DATA
  labeler: null
  model_path: D:\LBN\Maternal_auto_classification_train_deepethogram\models
  name: Maternal_auto_classification
  path: D:\LBN\Maternal_auto_classification_train_deepethogram
  pretrained_path: D:\LBN\Maternal_auto_classification_train_deepethogram\models\pretrained_models
sequence:
  filter_length: 15
train:
  loss_weight_exp: 1.0

[2025-06-27 15:19:43,163] INFO [deepethogram.gui.main.initialize_project:1022] cwd: D:\LBN\Maternal_auto_classification_train_deepethogram\gui_logs\250627_151943
[2025-06-27 15:19:44,930] INFO [deepethogram.gui.main.project_loaded_buttons:175] Number finalized labels: 700
[2025-06-27 15:19:52,667] INFO [deepethogram.gui.main.initialize_video:226] Record for loaded video: {'flow': None, 'label': None, 'output': 'D:\\LBN\\Maternal_auto_classification_train_deepethogram\\DATA\\Cage8-CONT-2024-12-17_23-07-19\\Cage8-CONT-2024-12-17_23-07-19_outputs.h5', 'rgb': 'D:\\LBN\\Maternal_auto_classification_train_deepethogram\\DATA\\Cage8-CONT-2024-12-17_23-07-19\\Cage8-CONT-2024-12-17_23-07-19.mp4', 'keypoint': None, 'key': 'Cage8-CONT-2024-12-17_23-07-19'}
[2025-06-27 15:19:52,688] INFO [deepethogram.projects.import_outputfile:791] Key used to load outputfile: resnet18
[2025-06-27 15:19:54,104] INFO [deepethogram.gui.main.import_outputfile:886] CHANGING LATENT NAME TO : resnet18
[2025-06-27 15:21:04,200] INFO [deepethogram.gui.main.log_idle:151] User has been idle for 60.0 seconds...
