[2025-06-06 15:16:28,130] INFO [deepethogram.gui.main.initialize_project:1021] loaded project configuration: split:
  reload: true
  file: null
  train_val_test:
  - 0.9
  - 0.1
  - 0.0
compute:
  fp16: false
  num_workers: 3
  batch_size: 8
  min_batch_size: 8
  max_batch_size: 128
  distributed: false
  gpu_id: 0
  dali: false
  metrics_workers: 0
reload:
  overwrite_cfg: false
  latest: false
notes: null
log:
  level: info
run:
  type: gui
  model: null
  dir: D:\LBN\Maternal_auto_classification_TS7_deepethogram\gui_logs\250606_151628
label_view_width: 31
control_arrow_jump: 31
vertical_arrow_jump: 3
cmap: deepethogram
unlabeled_alpha: 0.1
prediction_opacity: 0.2
postprocessor:
  type: min_bout_per_behavior
  min_bout_length: 10
augs:
  LR: 0.5
  UD: 0.0
  brightness: 0.25
  contrast: 0.1
  crop_size: null
  degrees: 10
  grayscale: 0.5
  hue: 0.1
  normalization:
    'N': 1276852377600
    mean:
    - 0.40560616330988664
    - 0.40903226014977145
    - 0.3720154588275182
    std:
    - 0.24422178855813376
    - 0.24576464877583507
    - 0.24317006853183584
  pad: null
  random_resize: false
  resize:
  - 224
  - 224
  saturation: 0.1
project:
  class_names:
  - background
  - Onnest
  - Offnest
  - ABN
  - Carryingpups
  - Selfgrooming
  - Eat_drink
  - Kicking
  - Groomingpups
  - Build
  config_file: project_config.yaml
  data_path: D:\LBN\Maternal_auto_classification_TS7_deepethogram\DATA
  labeler: null
  model_path: D:\LBN\Maternal_auto_classification_TS7_deepethogram\models
  name: Maternal_auto_classification
  path: D:\LBN\Maternal_auto_classification_TS7_deepethogram
  pretrained_path: D:\LBN\Maternal_auto_classification_TS7_deepethogram\models\pretrained_models
sequence:
  filter_length: 15
train:
  loss_weight_exp: 1.0

[2025-06-06 15:16:28,133] INFO [deepethogram.gui.main.initialize_project:1022] cwd: D:\LBN\Maternal_auto_classification_TS7_deepethogram\gui_logs\250606_151628
[2025-06-06 15:16:29,835] INFO [deepethogram.gui.main.project_loaded_buttons:175] Number finalized labels: 0
[2025-06-06 15:16:38,500] INFO [deepethogram.gui.main.initialize_video:226] Record for loaded video: {'flow': None, 'label': None, 'output': 'D:\\LBN\\Maternal_auto_classification_TS7_deepethogram\\DATA\\Cage1-CONT-2024-12-08_20-08-34\\Cage1-CONT-2024-12-08_20-08-34_outputs.h5', 'rgb': 'D:\\LBN\\Maternal_auto_classification_TS7_deepethogram\\DATA\\Cage1-CONT-2024-12-08_20-08-34\\Cage1-CONT-2024-12-08_20-08-34.mp4', 'keypoint': None, 'key': 'Cage1-CONT-2024-12-08_20-08-34'}
[2025-06-06 15:16:38,533] INFO [deepethogram.projects.import_outputfile:791] Key used to load outputfile: tgmj
[2025-06-06 15:16:39,393] INFO [deepethogram.gui.main.import_outputfile:886] CHANGING LATENT NAME TO : tgmj
[2025-06-06 15:17:07,376] INFO [deepethogram.gui.main.initialize_video:226] Record for loaded video: {'flow': None, 'label': None, 'output': 'D:/LBN/Maternal_auto_classification_TS7_deepethogram/DATA/Cage1-CONT-2024-12-08_22-08-34\\Cage1-CONT-2024-12-08_22-08-34_outputs.h5', 'rgb': 'D:/LBN/Maternal_auto_classification_TS7_deepethogram/DATA/Cage1-CONT-2024-12-08_22-08-34\\Cage1-CONT-2024-12-08_22-08-34.mp4', 'keypoint': None, 'key': 'Cage1-CONT-2024-12-08_22-08-34'}
[2025-06-06 15:17:07,403] INFO [deepethogram.projects.import_outputfile:791] Key used to load outputfile: tgmj
[2025-06-06 15:17:08,228] INFO [deepethogram.gui.main.import_outputfile:886] CHANGING LATENT NAME TO : tgmj
[2025-06-06 15:17:26,281] INFO [deepethogram.gui.main.initialize_video:226] Record for loaded video: {'flow': None, 'label': None, 'output': 'D:/LBN/Maternal_auto_classification_TS7_deepethogram/DATA/Cage1-CONT-2024-12-09_05-28-34\\Cage1-CONT-2024-12-09_05-28-34_outputs.h5', 'rgb': 'D:/LBN/Maternal_auto_classification_TS7_deepethogram/DATA/Cage1-CONT-2024-12-09_05-28-34\\Cage1-CONT-2024-12-09_05-28-34.mp4', 'keypoint': None, 'key': 'Cage1-CONT-2024-12-09_05-28-34'}
[2025-06-06 15:17:26,305] INFO [deepethogram.projects.import_outputfile:791] Key used to load outputfile: tgmj
[2025-06-06 15:17:27,147] INFO [deepethogram.gui.main.import_outputfile:886] CHANGING LATENT NAME TO : tgmj
[2025-06-06 15:17:40,020] INFO [deepethogram.projects.import_outputfile:791] Key used to load outputfile: resnet18
[2025-06-06 15:17:40,909] INFO [deepethogram.gui.main.import_outputfile:886] CHANGING LATENT NAME TO : resnet18
[2025-06-06 15:17:48,611] INFO [deepethogram.projects.import_outputfile:791] Key used to load outputfile: tgmj
[2025-06-06 15:17:49,501] INFO [deepethogram.gui.main.import_outputfile:886] CHANGING LATENT NAME TO : tgmj
[2025-06-06 15:17:59,018] INFO [deepethogram.gui.main.initialize_video:226] Record for loaded video: {'flow': None, 'label': None, 'output': 'D:/LBN/Maternal_auto_classification_TS7_deepethogram/DATA/Cage1-CONT-2024-12-09_05-48-34\\Cage1-CONT-2024-12-09_05-48-34_outputs.h5', 'rgb': 'D:/LBN/Maternal_auto_classification_TS7_deepethogram/DATA/Cage1-CONT-2024-12-09_05-48-34\\Cage1-CONT-2024-12-09_05-48-34.mp4', 'keypoint': None, 'key': 'Cage1-CONT-2024-12-09_05-48-34'}
[2025-06-06 15:17:59,049] INFO [deepethogram.projects.import_outputfile:791] Key used to load outputfile: tgmj
[2025-06-06 15:17:59,866] INFO [deepethogram.gui.main.import_outputfile:886] CHANGING LATENT NAME TO : tgmj
[2025-06-06 15:18:20,649] INFO [deepethogram.gui.main.initialize_video:226] Record for loaded video: {'flow': None, 'label': None, 'output': 'D:/LBN/Maternal_auto_classification_TS7_deepethogram/DATA/Cage8-CONT-2024-12-15_05-13-47\\Cage8-CONT-2024-12-15_05-13-47_outputs.h5', 'rgb': 'D:/LBN/Maternal_auto_classification_TS7_deepethogram/DATA/Cage8-CONT-2024-12-15_05-13-47\\Cage8-CONT-2024-12-15_05-13-47.mp4', 'keypoint': None, 'key': 'Cage8-CONT-2024-12-15_05-13-47'}
[2025-06-06 15:18:20,672] INFO [deepethogram.projects.import_outputfile:791] Key used to load outputfile: tgmj
[2025-06-06 15:18:21,511] INFO [deepethogram.gui.main.import_outputfile:886] CHANGING LATENT NAME TO : tgmj
[2025-06-06 15:18:42,522] INFO [deepethogram.gui.main.initialize_video:226] Record for loaded video: {'flow': None, 'label': None, 'output': 'D:/LBN/Maternal_auto_classification_TS7_deepethogram/DATA/Cage1-CONT-2024-12-10_20-38-39\\Cage1-CONT-2024-12-10_20-38-39_outputs.h5', 'rgb': 'D:/LBN/Maternal_auto_classification_TS7_deepethogram/DATA/Cage1-CONT-2024-12-10_20-38-39\\Cage1-CONT-2024-12-10_20-38-39.mp4', 'keypoint': None, 'key': 'Cage1-CONT-2024-12-10_20-38-39'}
[2025-06-06 15:18:42,556] INFO [deepethogram.projects.import_outputfile:791] Key used to load outputfile: tgmj
[2025-06-06 15:18:43,449] INFO [deepethogram.gui.main.import_outputfile:886] CHANGING LATENT NAME TO : tgmj
[2025-06-06 15:18:50,527] INFO [deepethogram.projects.import_outputfile:791] Key used to load outputfile: resnet18
[2025-06-06 15:18:51,370] INFO [deepethogram.gui.main.import_outputfile:886] CHANGING LATENT NAME TO : resnet18
[2025-06-06 15:19:06,110] INFO [deepethogram.gui.main.initialize_video:226] Record for loaded video: {'flow': None, 'label': None, 'output': 'D:/LBN/Maternal_auto_classification_TS7_deepethogram/DATA/Cage6-CONT-2024-12-18_06-54-46\\Cage6-CONT-2024-12-18_06-54-46_outputs.h5', 'rgb': 'D:/LBN/Maternal_auto_classification_TS7_deepethogram/DATA/Cage6-CONT-2024-12-18_06-54-46\\Cage6-CONT-2024-12-18_06-54-46.mp4', 'keypoint': None, 'key': 'Cage6-CONT-2024-12-18_06-54-46'}
[2025-06-06 15:19:06,132] INFO [deepethogram.projects.import_outputfile:791] Key used to load outputfile: tgmj
[2025-06-06 15:19:06,974] INFO [deepethogram.gui.main.import_outputfile:886] CHANGING LATENT NAME TO : tgmj
