[2025-06-16 16:37:29,691] INFO [deepethogram.gui.main.initialize_project:1021] loaded project configuration: split:
  reload: true
  file: null
  train_val_test:
  - 0.9
  - 0.1
  - 0.0
compute:
  fp16: false
  num_workers: 3
  batch_size: 8
  min_batch_size: 8
  max_batch_size: 128
  distributed: false
  gpu_id: 0
  dali: false
  metrics_workers: 0
reload:
  overwrite_cfg: false
  latest: false
notes: null
log:
  level: info
run:
  type: gui
  model: null
  dir: D:\LBN\Maternal_auto_classification_train_deepethogram\gui_logs\250616_163729
label_view_width: 31
control_arrow_jump: 31
vertical_arrow_jump: 3
cmap: deepethogram
unlabeled_alpha: 0.1
prediction_opacity: 0.2
postprocessor:
  type: min_bout_per_behavior
  min_bout_length: 10
augs:
  LR: 0.5
  UD: 0.0
  brightness: 0.25
  contrast: 0.1
  crop_size: null
  degrees: 10
  grayscale: 0.5
  hue: 0.1
  normalization:
    'N': 618077952000
    mean:
    - 0.42517412266678273
    - 0.43137161373889366
    - 0.36341115380866434
    std:
    - 0.21811947189196618
    - 0.22076338169887563
    - 0.21714027118257334
  pad: null
  random_resize: false
  resize:
  - 224
  - 224
  saturation: 0.1
project:
  class_names:
  - background
  - Onnest
  - Offnest
  - ABN
  - Carryingpups
  - Selfgrooming
  - Eat_drink
  - Kicking
  - Groomingpups
  - Build
  config_file: project_config.yaml
  data_path: D:\LBN\Maternal_auto_classification_train_deepethogram\DATA
  labeler: null
  model_path: D:\LBN\Maternal_auto_classification_train_deepethogram\models
  name: Maternal_auto_classification
  path: D:\LBN\Maternal_auto_classification_train_deepethogram
  pretrained_path: D:\LBN\Maternal_auto_classification_train_deepethogram\models\pretrained_models
sequence:
  filter_length: 15
train:
  loss_weight_exp: 1.0

[2025-06-16 16:37:29,693] INFO [deepethogram.gui.main.initialize_project:1022] cwd: D:\LBN\Maternal_auto_classification_train_deepethogram\gui_logs\250616_163729
[2025-06-16 16:37:31,098] INFO [deepethogram.gui.main.project_loaded_buttons:175] Number finalized labels: 577
[2025-06-16 16:37:35,019] INFO [deepethogram.gui.main.initialize_video:226] Record for loaded video: {'flow': None, 'label': 'D:\\LBN\\Maternal_auto_classification_train_deepethogram\\DATA\\CageK2-LBN-2024-09-18_20-55-56\\CageK2-LBN-2024-09-18_20-55-56_labels.csv', 'output': 'D:\\LBN\\Maternal_auto_classification_train_deepethogram\\DATA\\CageK2-LBN-2024-09-18_20-55-56\\CageK2-LBN-2024-09-18_20-55-56_outputs.h5', 'rgb': 'D:\\LBN\\Maternal_auto_classification_train_deepethogram\\DATA\\CageK2-LBN-2024-09-18_20-55-56\\CageK2-LBN-2024-09-18_20-55-56.mp4', 'keypoint': None, 'key': 'CageK2-LBN-2024-09-18_20-55-56'}
[2025-06-16 16:37:35,054] INFO [deepethogram.projects.import_outputfile:791] Key used to load outputfile: tgmj
[2025-06-16 16:37:36,240] INFO [deepethogram.gui.main.import_outputfile:886] CHANGING LATENT NAME TO : tgmj
[2025-06-16 16:37:36,240] INFO [deepethogram.gui.main.user_did_something:138] User restarted labeling
[2025-06-16 16:38:36,660] INFO [deepethogram.gui.main.log_idle:151] User has been idle for 60.0 seconds...
[2025-06-16 16:38:44,644] INFO [deepethogram.gui.main.initialize_video:226] Record for loaded video: {'flow': None, 'label': 'D:/LBN/Maternal_auto_classification_train_deepethogram/DATA/Cage8-CONT-2024-12-16_20-33-51\\Cage8-CONT-2024-12-16_20-33-51_labels.csv', 'output': 'D:/LBN/Maternal_auto_classification_train_deepethogram/DATA/Cage8-CONT-2024-12-16_20-33-51\\Cage8-CONT-2024-12-16_20-33-51_outputs.h5', 'rgb': 'D:/LBN/Maternal_auto_classification_train_deepethogram/DATA/Cage8-CONT-2024-12-16_20-33-51\\Cage8-CONT-2024-12-16_20-33-51.mp4', 'keypoint': None, 'key': 'Cage8-CONT-2024-12-16_20-33-51'}
[2025-06-16 16:38:44,681] INFO [deepethogram.projects.import_outputfile:791] Key used to load outputfile: tgmj
[2025-06-16 16:38:45,923] INFO [deepethogram.gui.main.import_outputfile:886] CHANGING LATENT NAME TO : tgmj
[2025-06-16 16:38:45,923] INFO [deepethogram.gui.main.user_did_something:138] User restarted labeling
[2025-06-16 16:39:55,522] INFO [deepethogram.gui.main.initialize_video:226] Record for loaded video: {'flow': None, 'label': 'D:/LBN/Maternal_auto_classification_train_deepethogram/DATA/Cage1-CONT-2024-12-08_20-08-34\\Cage1-CONT-2024-12-08_20-08-34_labels.csv', 'output': 'D:/LBN/Maternal_auto_classification_train_deepethogram/DATA/Cage1-CONT-2024-12-08_20-08-34\\Cage1-CONT-2024-12-08_20-08-34_outputs.h5', 'rgb': 'D:/LBN/Maternal_auto_classification_train_deepethogram/DATA/Cage1-CONT-2024-12-08_20-08-34\\Cage1-CONT-2024-12-08_20-08-34.mp4', 'keypoint': None, 'key': 'Cage1-CONT-2024-12-08_20-08-34'}
[2025-06-16 16:39:55,544] INFO [deepethogram.projects.import_outputfile:791] Key used to load outputfile: tgmj
[2025-06-16 16:39:56,691] INFO [deepethogram.gui.main.import_outputfile:886] CHANGING LATENT NAME TO : tgmj
[2025-06-16 16:40:08,704] INFO [deepethogram.gui.main.initialize_video:226] Record for loaded video: {'flow': None, 'label': 'D:/LBN/Maternal_auto_classification_train_deepethogram/DATA/Cage1-CONT-2024-12-08_23-38-34\\Cage1-CONT-2024-12-08_23-38-34_labels.csv', 'output': 'D:/LBN/Maternal_auto_classification_train_deepethogram/DATA/Cage1-CONT-2024-12-08_23-38-34\\Cage1-CONT-2024-12-08_23-38-34_outputs.h5', 'rgb': 'D:/LBN/Maternal_auto_classification_train_deepethogram/DATA/Cage1-CONT-2024-12-08_23-38-34\\Cage1-CONT-2024-12-08_23-38-34.mp4', 'keypoint': None, 'key': 'Cage1-CONT-2024-12-08_23-38-34'}
[2025-06-16 16:40:08,738] INFO [deepethogram.projects.import_outputfile:791] Key used to load outputfile: tgmj
[2025-06-16 16:40:09,892] INFO [deepethogram.gui.main.import_outputfile:886] CHANGING LATENT NAME TO : tgmj
[2025-06-16 16:40:20,891] INFO [deepethogram.gui.main.initialize_video:226] Record for loaded video: {'flow': None, 'label': 'D:/LBN/Maternal_auto_classification_train_deepethogram/DATA/Cage1-CONT-2024-12-09_04-38-34\\Cage1-CONT-2024-12-09_04-38-34_labels.csv', 'output': 'D:/LBN/Maternal_auto_classification_train_deepethogram/DATA/Cage1-CONT-2024-12-09_04-38-34\\Cage1-CONT-2024-12-09_04-38-34_outputs.h5', 'rgb': 'D:/LBN/Maternal_auto_classification_train_deepethogram/DATA/Cage1-CONT-2024-12-09_04-38-34\\Cage1-CONT-2024-12-09_04-38-34.mp4', 'keypoint': None, 'key': 'Cage1-CONT-2024-12-09_04-38-34'}
[2025-06-16 16:40:20,923] INFO [deepethogram.projects.import_outputfile:791] Key used to load outputfile: tgmj
[2025-06-16 16:40:22,079] INFO [deepethogram.gui.main.import_outputfile:886] CHANGING LATENT NAME TO : tgmj
[2025-06-16 16:40:36,829] INFO [deepethogram.gui.main.initialize_video:226] Record for loaded video: {'flow': None, 'label': 'D:/LBN/Maternal_auto_classification_train_deepethogram/DATA/Cage6-CONT-2024-12-13_07-22-17\\Cage6-CONT-2024-12-13_07-22-17_labels.csv', 'output': 'D:/LBN/Maternal_auto_classification_train_deepethogram/DATA/Cage6-CONT-2024-12-13_07-22-17\\Cage6-CONT-2024-12-13_07-22-17_outputs.h5', 'rgb': 'D:/LBN/Maternal_auto_classification_train_deepethogram/DATA/Cage6-CONT-2024-12-13_07-22-17\\Cage6-CONT-2024-12-13_07-22-17.mp4', 'keypoint': None, 'key': 'Cage6-CONT-2024-12-13_07-22-17'}
[2025-06-16 16:40:36,853] INFO [deepethogram.projects.import_outputfile:791] Key used to load outputfile: tgmj
[2025-06-16 16:40:37,985] INFO [deepethogram.gui.main.import_outputfile:886] CHANGING LATENT NAME TO : tgmj
[2025-06-16 16:40:48,813] INFO [deepethogram.gui.main.initialize_video:226] Record for loaded video: {'flow': None, 'label': 'D:/LBN/Maternal_auto_classification_train_deepethogram/DATA/Cage6-CONT-2024-12-17_23-34-46\\Cage6-CONT-2024-12-17_23-34-46_labels.csv', 'output': 'D:/LBN/Maternal_auto_classification_train_deepethogram/DATA/Cage6-CONT-2024-12-17_23-34-46\\Cage6-CONT-2024-12-17_23-34-46_outputs.h5', 'rgb': 'D:/LBN/Maternal_auto_classification_train_deepethogram/DATA/Cage6-CONT-2024-12-17_23-34-46\\Cage6-CONT-2024-12-17_23-34-46.mp4', 'keypoint': None, 'key': 'Cage6-CONT-2024-12-17_23-34-46'}
[2025-06-16 16:40:48,839] INFO [deepethogram.projects.import_outputfile:791] Key used to load outputfile: tgmj
[2025-06-16 16:40:49,985] INFO [deepethogram.gui.main.import_outputfile:886] CHANGING LATENT NAME TO : tgmj
[2025-06-16 16:40:59,563] INFO [deepethogram.gui.main.initialize_video:226] Record for loaded video: {'flow': None, 'label': 'D:/LBN/Maternal_auto_classification_train_deepethogram/DATA/Cage6-CONT-2024-12-20_02-45-14\\Cage6-CONT-2024-12-20_02-45-14_labels.csv', 'output': 'D:/LBN/Maternal_auto_classification_train_deepethogram/DATA/Cage6-CONT-2024-12-20_02-45-14\\Cage6-CONT-2024-12-20_02-45-14_outputs.h5', 'rgb': 'D:/LBN/Maternal_auto_classification_train_deepethogram/DATA/Cage6-CONT-2024-12-20_02-45-14\\Cage6-CONT-2024-12-20_02-45-14.mp4', 'keypoint': None, 'key': 'Cage6-CONT-2024-12-20_02-45-14'}
[2025-06-16 16:40:59,590] INFO [deepethogram.projects.import_outputfile:791] Key used to load outputfile: tgmj
[2025-06-16 16:41:00,751] INFO [deepethogram.gui.main.import_outputfile:886] CHANGING LATENT NAME TO : tgmj
[2025-06-16 16:41:12,234] INFO [deepethogram.gui.main.initialize_video:226] Record for loaded video: {'flow': None, 'label': 'D:/LBN/Maternal_auto_classification_train_deepethogram/DATA/Cage8-CONT-2024-12-15_22-53-49\\Cage8-CONT-2024-12-15_22-53-49_labels.csv', 'output': 'D:/LBN/Maternal_auto_classification_train_deepethogram/DATA/Cage8-CONT-2024-12-15_22-53-49\\Cage8-CONT-2024-12-15_22-53-49_outputs.h5', 'rgb': 'D:/LBN/Maternal_auto_classification_train_deepethogram/DATA/Cage8-CONT-2024-12-15_22-53-49\\Cage8-CONT-2024-12-15_22-53-49.mp4', 'keypoint': None, 'key': 'Cage8-CONT-2024-12-15_22-53-49'}
[2025-06-16 16:41:12,292] INFO [deepethogram.projects.import_outputfile:791] Key used to load outputfile: tgmj
[2025-06-16 16:41:13,438] INFO [deepethogram.gui.main.import_outputfile:886] CHANGING LATENT NAME TO : tgmj
[2025-06-16 16:41:24,047] INFO [deepethogram.gui.main.initialize_video:226] Record for loaded video: {'flow': None, 'label': 'D:/LBN/Maternal_auto_classification_train_deepethogram/DATA/Cage8-CONT-2024-12-16_20-33-51\\Cage8-CONT-2024-12-16_20-33-51_labels.csv', 'output': 'D:/LBN/Maternal_auto_classification_train_deepethogram/DATA/Cage8-CONT-2024-12-16_20-33-51\\Cage8-CONT-2024-12-16_20-33-51_outputs.h5', 'rgb': 'D:/LBN/Maternal_auto_classification_train_deepethogram/DATA/Cage8-CONT-2024-12-16_20-33-51\\Cage8-CONT-2024-12-16_20-33-51.mp4', 'keypoint': None, 'key': 'Cage8-CONT-2024-12-16_20-33-51'}
[2025-06-16 16:41:24,074] INFO [deepethogram.projects.import_outputfile:791] Key used to load outputfile: tgmj
[2025-06-16 16:41:25,234] INFO [deepethogram.gui.main.import_outputfile:886] CHANGING LATENT NAME TO : tgmj
[2025-06-16 16:41:43,041] INFO [deepethogram.gui.main.initialize_video:226] Record for loaded video: {'flow': None, 'label': 'D:/LBN/Maternal_auto_classification_train_deepethogram/DATA/Cage8-CONT-2024-12-17_04-03-51\\Cage8-CONT-2024-12-17_04-03-51_labels.csv', 'output': 'D:/LBN/Maternal_auto_classification_train_deepethogram/DATA/Cage8-CONT-2024-12-17_04-03-51\\Cage8-CONT-2024-12-17_04-03-51_outputs.h5', 'rgb': 'D:/LBN/Maternal_auto_classification_train_deepethogram/DATA/Cage8-CONT-2024-12-17_04-03-51\\Cage8-CONT-2024-12-17_04-03-51.mp4', 'keypoint': None, 'key': 'Cage8-CONT-2024-12-17_04-03-51'}
[2025-06-16 16:41:43,070] INFO [deepethogram.projects.import_outputfile:791] Key used to load outputfile: tgmj
[2025-06-16 16:41:44,218] INFO [deepethogram.gui.main.import_outputfile:886] CHANGING LATENT NAME TO : tgmj
[2025-06-16 16:41:57,984] INFO [deepethogram.gui.main.initialize_video:226] Record for loaded video: {'flow': None, 'label': 'D:/LBN/Maternal_auto_classification_train_deepethogram/DATA/CageD-CONT-2024-07-06_21-34-39\\CageD-CONT-2024-07-06_21-34-39_labels.csv', 'output': 'D:/LBN/Maternal_auto_classification_train_deepethogram/DATA/CageD-CONT-2024-07-06_21-34-39\\CageD-CONT-2024-07-06_21-34-39_outputs.h5', 'rgb': 'D:/LBN/Maternal_auto_classification_train_deepethogram/DATA/CageD-CONT-2024-07-06_21-34-39\\CageD-CONT-2024-07-06_21-34-39.mp4', 'keypoint': None, 'key': 'CageD-CONT-2024-07-06_21-34-39'}
[2025-06-16 16:41:58,010] INFO [deepethogram.projects.import_outputfile:791] Key used to load outputfile: tgmj
[2025-06-16 16:41:59,158] INFO [deepethogram.gui.main.import_outputfile:886] CHANGING LATENT NAME TO : tgmj
[2025-06-16 16:42:22,572] INFO [deepethogram.gui.main.initialize_video:226] Record for loaded video: {'flow': None, 'label': 'D:/LBN/Maternal_auto_classification_train_deepethogram/DATA/CageD-CONT-2024-07-06_23-04-40\\CageD-CONT-2024-07-06_23-04-40_labels.csv', 'output': 'D:/LBN/Maternal_auto_classification_train_deepethogram/DATA/CageD-CONT-2024-07-06_23-04-40\\CageD-CONT-2024-07-06_23-04-40_outputs.h5', 'rgb': 'D:/LBN/Maternal_auto_classification_train_deepethogram/DATA/CageD-CONT-2024-07-06_23-04-40\\CageD-CONT-2024-07-06_23-04-40.mp4', 'keypoint': None, 'key': 'CageD-CONT-2024-07-06_23-04-40'}
[2025-06-16 16:42:22,587] INFO [deepethogram.projects.import_outputfile:791] Key used to load outputfile: tgmj
[2025-06-16 16:42:23,749] INFO [deepethogram.gui.main.import_outputfile:886] CHANGING LATENT NAME TO : tgmj
[2025-06-16 16:42:34,280] INFO [deepethogram.gui.main.initialize_video:226] Record for loaded video: {'flow': None, 'label': 'D:/LBN/Maternal_auto_classification_train_deepethogram/DATA/CageD-CONT-2024-07-10_21-32-14\\CageD-CONT-2024-07-10_21-32-14_labels.csv', 'output': 'D:/LBN/Maternal_auto_classification_train_deepethogram/DATA/CageD-CONT-2024-07-10_21-32-14\\CageD-CONT-2024-07-10_21-32-14_outputs.h5', 'rgb': 'D:/LBN/Maternal_auto_classification_train_deepethogram/DATA/CageD-CONT-2024-07-10_21-32-14\\CageD-CONT-2024-07-10_21-32-14.mp4', 'keypoint': None, 'key': 'CageD-CONT-2024-07-10_21-32-14'}
[2025-06-16 16:42:34,305] INFO [deepethogram.projects.import_outputfile:791] Key used to load outputfile: tgmj
[2025-06-16 16:42:35,452] INFO [deepethogram.gui.main.import_outputfile:886] CHANGING LATENT NAME TO : tgmj
[2025-06-16 16:42:47,295] INFO [deepethogram.gui.main.initialize_video:226] Record for loaded video: {'flow': None, 'label': 'D:/LBN/Maternal_auto_classification_train_deepethogram/DATA/CageK1-CONT-2024-09-05_20-47-43\\CageK1-CONT-2024-09-05_20-47-43_labels.csv', 'output': 'D:/LBN/Maternal_auto_classification_train_deepethogram/DATA/CageK1-CONT-2024-09-05_20-47-43\\CageK1-CONT-2024-09-05_20-47-43_outputs.h5', 'rgb': 'D:/LBN/Maternal_auto_classification_train_deepethogram/DATA/CageK1-CONT-2024-09-05_20-47-43\\CageK1-CONT-2024-09-05_20-47-43.mp4', 'keypoint': None, 'key': 'CageK1-CONT-2024-09-05_20-47-43'}
[2025-06-16 16:42:47,317] INFO [deepethogram.projects.import_outputfile:791] Key used to load outputfile: tgmj
[2025-06-16 16:42:48,483] INFO [deepethogram.gui.main.import_outputfile:886] CHANGING LATENT NAME TO : tgmj
[2025-06-16 16:43:01,608] INFO [deepethogram.gui.main.initialize_video:226] Record for loaded video: {'flow': None, 'label': 'D:/LBN/Maternal_auto_classification_train_deepethogram/DATA/CageK1-CONT-2024-09-10_06-26-49\\CageK1-CONT-2024-09-10_06-26-49_labels.csv', 'output': 'D:/LBN/Maternal_auto_classification_train_deepethogram/DATA/CageK1-CONT-2024-09-10_06-26-49\\CageK1-CONT-2024-09-10_06-26-49_outputs.h5', 'rgb': 'D:/LBN/Maternal_auto_classification_train_deepethogram/DATA/CageK1-CONT-2024-09-10_06-26-49\\CageK1-CONT-2024-09-10_06-26-49.mp4', 'keypoint': None, 'key': 'CageK1-CONT-2024-09-10_06-26-49'}
[2025-06-16 16:43:01,634] INFO [deepethogram.projects.import_outputfile:791] Key used to load outputfile: tgmj
[2025-06-16 16:43:02,781] INFO [deepethogram.gui.main.import_outputfile:886] CHANGING LATENT NAME TO : tgmj
[2025-06-16 16:43:11,304] INFO [deepethogram.projects.import_outputfile:791] Key used to load outputfile: resnet18
[2025-06-16 16:43:12,468] INFO [deepethogram.gui.main.import_outputfile:886] CHANGING LATENT NAME TO : resnet18
[2025-06-16 16:43:31,717] INFO [deepethogram.gui.main.initialize_video:226] Record for loaded video: {'flow': None, 'label': 'D:/LBN/Maternal_auto_classification_train_deepethogram/DATA/Cage6-CONT-2024-12-12_23-02-17\\Cage6-CONT-2024-12-12_23-02-17_labels.csv', 'output': 'D:/LBN/Maternal_auto_classification_train_deepethogram/DATA/Cage6-CONT-2024-12-12_23-02-17\\Cage6-CONT-2024-12-12_23-02-17_outputs.h5', 'rgb': 'D:/LBN/Maternal_auto_classification_train_deepethogram/DATA/Cage6-CONT-2024-12-12_23-02-17\\Cage6-CONT-2024-12-12_23-02-17.mp4', 'keypoint': None, 'key': 'Cage6-CONT-2024-12-12_23-02-17'}
[2025-06-16 16:43:31,744] INFO [deepethogram.projects.import_outputfile:791] Key used to load outputfile: tgmj
[2025-06-16 16:43:32,904] INFO [deepethogram.gui.main.import_outputfile:886] CHANGING LATENT NAME TO : tgmj
[2025-06-16 16:43:49,342] INFO [deepethogram.projects.import_outputfile:791] Key used to load outputfile: resnet18
[2025-06-16 16:43:50,482] INFO [deepethogram.gui.main.import_outputfile:886] CHANGING LATENT NAME TO : resnet18
[2025-06-16 16:44:09,357] INFO [deepethogram.gui.main.initialize_video:226] Record for loaded video: {'flow': None, 'label': 'D:/LBN/Maternal_auto_classification_train_deepethogram/DATA/CageK1-CONT-2024-09-03_20-11-56\\CageK1-CONT-2024-09-03_20-11-56_labels.csv', 'output': 'D:/LBN/Maternal_auto_classification_train_deepethogram/DATA/CageK1-CONT-2024-09-03_20-11-56\\CageK1-CONT-2024-09-03_20-11-56_outputs.h5', 'rgb': 'D:/LBN/Maternal_auto_classification_train_deepethogram/DATA/CageK1-CONT-2024-09-03_20-11-56\\CageK1-CONT-2024-09-03_20-11-56.mp4', 'keypoint': None, 'key': 'CageK1-CONT-2024-09-03_20-11-56'}
[2025-06-16 16:44:09,382] INFO [deepethogram.projects.import_outputfile:791] Key used to load outputfile: tgmj
[2025-06-16 16:44:10,529] INFO [deepethogram.gui.main.import_outputfile:886] CHANGING LATENT NAME TO : tgmj
[2025-06-16 16:44:19,794] INFO [deepethogram.gui.main.initialize_video:226] Record for loaded video: {'flow': None, 'label': 'D:/LBN/Maternal_auto_classification_train_deepethogram/DATA/CageK1-CONT-2024-09-05_07-12-39\\CageK1-CONT-2024-09-05_07-12-39_labels.csv', 'output': 'D:/LBN/Maternal_auto_classification_train_deepethogram/DATA/CageK1-CONT-2024-09-05_07-12-39\\CageK1-CONT-2024-09-05_07-12-39_outputs.h5', 'rgb': 'D:/LBN/Maternal_auto_classification_train_deepethogram/DATA/CageK1-CONT-2024-09-05_07-12-39\\CageK1-CONT-2024-09-05_07-12-39.mp4', 'keypoint': None, 'key': 'CageK1-CONT-2024-09-05_07-12-39'}
[2025-06-16 16:44:19,822] INFO [deepethogram.projects.import_outputfile:791] Key used to load outputfile: tgmj
[2025-06-16 16:44:20,981] INFO [deepethogram.gui.main.import_outputfile:886] CHANGING LATENT NAME TO : tgmj
[2025-06-16 16:44:32,075] INFO [deepethogram.gui.main.initialize_video:226] Record for loaded video: {'flow': None, 'label': 'D:/LBN/Maternal_auto_classification_train_deepethogram/DATA/CageK1-CONT-2024-09-05_20-57-43\\CageK1-CONT-2024-09-05_20-57-43_labels.csv', 'output': 'D:/LBN/Maternal_auto_classification_train_deepethogram/DATA/CageK1-CONT-2024-09-05_20-57-43\\CageK1-CONT-2024-09-05_20-57-43_outputs.h5', 'rgb': 'D:/LBN/Maternal_auto_classification_train_deepethogram/DATA/CageK1-CONT-2024-09-05_20-57-43\\CageK1-CONT-2024-09-05_20-57-43.mp4', 'keypoint': None, 'key': 'CageK1-CONT-2024-09-05_20-57-43'}
[2025-06-16 16:44:32,105] INFO [deepethogram.projects.import_outputfile:791] Key used to load outputfile: tgmj
[2025-06-16 16:44:33,247] INFO [deepethogram.gui.main.import_outputfile:886] CHANGING LATENT NAME TO : tgmj
[2025-06-16 16:44:45,872] INFO [deepethogram.gui.main.initialize_video:226] Record for loaded video: {'flow': None, 'label': 'D:/LBN/Maternal_auto_classification_train_deepethogram/DATA/CageK1-CONT-2024-09-07_22-06-44\\CageK1-CONT-2024-09-07_22-06-44_labels.csv', 'output': 'D:/LBN/Maternal_auto_classification_train_deepethogram/DATA/CageK1-CONT-2024-09-07_22-06-44\\CageK1-CONT-2024-09-07_22-06-44_outputs.h5', 'rgb': 'D:/LBN/Maternal_auto_classification_train_deepethogram/DATA/CageK1-CONT-2024-09-07_22-06-44\\CageK1-CONT-2024-09-07_22-06-44.mp4', 'keypoint': None, 'key': 'CageK1-CONT-2024-09-07_22-06-44'}
[2025-06-16 16:44:45,901] INFO [deepethogram.projects.import_outputfile:791] Key used to load outputfile: tgmj
[2025-06-16 16:44:47,062] INFO [deepethogram.gui.main.import_outputfile:886] CHANGING LATENT NAME TO : tgmj
[2025-06-16 16:45:01,184] INFO [deepethogram.gui.main.initialize_video:226] Record for loaded video: {'flow': None, 'label': 'D:/LBN/Maternal_auto_classification_train_deepethogram/DATA/CageD-CONT-2024-07-06_22-14-40\\CageD-CONT-2024-07-06_22-14-40_labels.csv', 'output': 'D:/LBN/Maternal_auto_classification_train_deepethogram/DATA/CageD-CONT-2024-07-06_22-14-40\\CageD-CONT-2024-07-06_22-14-40_outputs.h5', 'rgb': 'D:/LBN/Maternal_auto_classification_train_deepethogram/DATA/CageD-CONT-2024-07-06_22-14-40\\CageD-CONT-2024-07-06_22-14-40.mp4', 'keypoint': None, 'key': 'CageD-CONT-2024-07-06_22-14-40'}
[2025-06-16 16:45:01,211] INFO [deepethogram.projects.import_outputfile:791] Key used to load outputfile: tgmj
[2025-06-16 16:45:02,341] INFO [deepethogram.gui.main.import_outputfile:886] CHANGING LATENT NAME TO : tgmj
[2025-06-16 16:45:13,570] INFO [deepethogram.gui.main.initialize_video:226] Record for loaded video: {'flow': None, 'label': 'D:/LBN/Maternal_auto_classification_train_deepethogram/DATA/Cage8-CONT-2024-12-16_23-43-51\\Cage8-CONT-2024-12-16_23-43-51_labels.csv', 'output': 'D:/LBN/Maternal_auto_classification_train_deepethogram/DATA/Cage8-CONT-2024-12-16_23-43-51\\Cage8-CONT-2024-12-16_23-43-51_outputs.h5', 'rgb': 'D:/LBN/Maternal_auto_classification_train_deepethogram/DATA/Cage8-CONT-2024-12-16_23-43-51\\Cage8-CONT-2024-12-16_23-43-51.mp4', 'keypoint': None, 'key': 'Cage8-CONT-2024-12-16_23-43-51'}
[2025-06-16 16:45:13,594] INFO [deepethogram.projects.import_outputfile:791] Key used to load outputfile: tgmj
[2025-06-16 16:45:14,730] INFO [deepethogram.gui.main.import_outputfile:886] CHANGING LATENT NAME TO : tgmj
[2025-06-16 16:45:26,001] INFO [deepethogram.gui.main.initialize_video:226] Record for loaded video: {'flow': None, 'label': 'D:/LBN/Maternal_auto_classification_train_deepethogram/DATA/Cage8-CONT-2024-12-16_20-23-51\\Cage8-CONT-2024-12-16_20-23-51_labels.csv', 'output': 'D:/LBN/Maternal_auto_classification_train_deepethogram/DATA/Cage8-CONT-2024-12-16_20-23-51\\Cage8-CONT-2024-12-16_20-23-51_outputs.h5', 'rgb': 'D:/LBN/Maternal_auto_classification_train_deepethogram/DATA/Cage8-CONT-2024-12-16_20-23-51\\Cage8-CONT-2024-12-16_20-23-51.mp4', 'keypoint': None, 'key': 'Cage8-CONT-2024-12-16_20-23-51'}
[2025-06-16 16:45:26,012] INFO [deepethogram.projects.import_outputfile:791] Key used to load outputfile: tgmj
[2025-06-16 16:45:27,168] INFO [deepethogram.gui.main.import_outputfile:886] CHANGING LATENT NAME TO : tgmj
[2025-06-16 16:45:36,434] INFO [deepethogram.gui.main.initialize_video:226] Record for loaded video: {'flow': None, 'label': 'D:/LBN/Maternal_auto_classification_train_deepethogram/DATA/Cage6-CONT-2024-12-20_03-35-14\\Cage6-CONT-2024-12-20_03-35-14_labels.csv', 'output': 'D:/LBN/Maternal_auto_classification_train_deepethogram/DATA/Cage6-CONT-2024-12-20_03-35-14\\Cage6-CONT-2024-12-20_03-35-14_outputs.h5', 'rgb': 'D:/LBN/Maternal_auto_classification_train_deepethogram/DATA/Cage6-CONT-2024-12-20_03-35-14\\Cage6-CONT-2024-12-20_03-35-14.mp4', 'keypoint': None, 'key': 'Cage6-CONT-2024-12-20_03-35-14'}
[2025-06-16 16:45:36,470] INFO [deepethogram.projects.import_outputfile:791] Key used to load outputfile: tgmj
[2025-06-16 16:45:37,621] INFO [deepethogram.gui.main.import_outputfile:886] CHANGING LATENT NAME TO : tgmj
[2025-06-16 16:45:49,183] INFO [deepethogram.gui.main.initialize_video:226] Record for loaded video: {'flow': None, 'label': 'D:/LBN/Maternal_auto_classification_train_deepethogram/DATA/Cage6-CONT-2024-12-16_06-01-55\\Cage6-CONT-2024-12-16_06-01-55_labels.csv', 'output': 'D:/LBN/Maternal_auto_classification_train_deepethogram/DATA/Cage6-CONT-2024-12-16_06-01-55\\Cage6-CONT-2024-12-16_06-01-55_outputs.h5', 'rgb': 'D:/LBN/Maternal_auto_classification_train_deepethogram/DATA/Cage6-CONT-2024-12-16_06-01-55\\Cage6-CONT-2024-12-16_06-01-55.mp4', 'keypoint': None, 'key': 'Cage6-CONT-2024-12-16_06-01-55'}
[2025-06-16 16:45:49,214] INFO [deepethogram.projects.import_outputfile:791] Key used to load outputfile: tgmj
[2025-06-16 16:45:50,355] INFO [deepethogram.gui.main.import_outputfile:886] CHANGING LATENT NAME TO : tgmj
[2025-06-16 16:47:05,862] INFO [deepethogram.gui.main.log_idle:151] User has been idle for 60.0 seconds...
[2025-06-17 09:16:16,703] INFO [deepethogram.gui.main.user_did_something:138] User restarted labeling
[2025-06-17 09:17:17,671] INFO [deepethogram.gui.main.log_idle:151] User has been idle for 60.0 seconds...
[2025-06-17 11:37:45,945] INFO [deepethogram.gui.main.initialize_video:226] Record for loaded video: {'flow': None, 'label': 'D:/LBN/Maternal_auto_classification_train_deepethogram/DATA/CageK1-CONT-2024-09-05_06-52-39\\CageK1-CONT-2024-09-05_06-52-39_labels.csv', 'output': 'D:/LBN/Maternal_auto_classification_train_deepethogram/DATA/CageK1-CONT-2024-09-05_06-52-39\\CageK1-CONT-2024-09-05_06-52-39_outputs.h5', 'rgb': 'D:/LBN/Maternal_auto_classification_train_deepethogram/DATA/CageK1-CONT-2024-09-05_06-52-39\\CageK1-CONT-2024-09-05_06-52-39.mp4', 'keypoint': None, 'key': 'CageK1-CONT-2024-09-05_06-52-39'}
[2025-06-17 11:37:46,023] INFO [deepethogram.projects.import_outputfile:791] Key used to load outputfile: tgmj
[2025-06-17 11:37:57,316] INFO [deepethogram.gui.main.import_outputfile:886] CHANGING LATENT NAME TO : tgmj
[2025-06-17 11:37:57,327] INFO [deepethogram.gui.main.user_did_something:138] User restarted labeling
[2025-06-17 11:39:03,007] INFO [deepethogram.gui.main.log_idle:151] User has been idle for 60.0 seconds...
[2025-06-17 12:08:23,571] INFO [deepethogram.gui.main.user_did_something:138] User restarted labeling
[2025-06-17 12:09:23,580] INFO [deepethogram.gui.main.log_idle:151] User has been idle for 60.0 seconds...
